[35m[Appium][39m Welcome to Appium v1.8.1
[35m[Appium][39m Non-default server args:
[35m[Appium][39m   port: 53388
[35m[Appium][39m   loglevel: info
[35m[Appium][39m   chromeDriverPort: 53389
[35m[Appium][39m   tmpDir: C:\Users\PRAMUD~1.PRA\AppData\Local\Temp\\Katalon\Appium\Temp1541142570435
[35m[Appium][39m Appium REST http interface listener started on 0.0.0.0:53388
[35m[HTTP][39m [37m-->[39m [37mGET[39m [37m/wd/hub/status[39m
[35m[HTTP][39m [90m{}[39m
[35m[HTTP][39m [37m<-- GET /wd/hub/status [39m[32m200[39m [90m16 ms - 83[39m
[35m[HTTP][39m [90m[39m
[35m[HTTP][39m [37m-->[39m [37mPOST[39m [37m/wd/hub/session[39m
[35m[HTTP][39m [90m{"desiredCapabilities":{"app":"C:\\Users\\pramudityo.pratanto\\Desktop\\Katalon Update\\appv2-development-universal-debug (1).apk","appWaitActivity":"id.co.homecredit.*","autoGrantPermissions":true,"automationName":"uiautomator2","deviceId":"","deviceName":"asus ASUS_X00TD (Android 8.1.0)","fullReset":false,"newCommandTimeout":1800,"noReset":true,"platform":"ANDROID","platformName":"Android","udid":"J5AXGF00V036ZZZ"},"capabilities":{"desiredCapabilities":{"app":"C:\\Users\\pramudityo.pratanto\\Desktop\\Katalon Update\\appv2-development-universal-debug (1).apk","appWaitActivity":"id.co.homecredit.*","autoGrantPermissions":true,"automationName":"uiautomator2","deviceId":"","deviceName":"asus ASUS_X00TD (Android 8.1.0)","fullReset":false,"newCommandTimeout":1800,"noReset":true,"platform":"ANDROID","platformName":"Android","udid":"J5AXGF00V036ZZZ"},"firstMatch":[{"platformName":"android"}]}}[39m
[35m[Appium][39m Could not parse W3C capabilities: 'deviceName' can't be blank. Falling back to JSONWP protocol.
[35m[Appium][39m The following capabilities were provided in the JSONWP desired capabilities that are missing in W3C capabilities: ["app","appWaitActivity","autoGrantPermissions","automationName","deviceId","deviceName","fullReset","newCommandTimeout","noReset","platform","platformName","udid"]. Falling back to JSONWP protocol.
[35m[Appium][39m Creating new AndroidUiautomator2Driver (v1.12.0) session
[35m[Appium][39m Capabilities:
[35m[Appium][39m   app: C:\Users\pramudityo.pratanto\Desktop\Katalon Update\appv2-development-universal-debug (1).apk
[35m[Appium][39m   appWaitActivity: id.co.homecredit.*
[35m[Appium][39m   autoGrantPermissions: true
[35m[Appium][39m   automationName: uiautomator2
[35m[Appium][39m   deviceId: 
[35m[Appium][39m   deviceName: asus ASUS_X00TD (Android 8.1.0)
[35m[Appium][39m   fullReset: false
[35m[Appium][39m   newCommandTimeout: 1800
[35m[Appium][39m   noReset: true
[35m[Appium][39m   platform: ANDROID
[35m[Appium][39m   platformName: Android
[35m[Appium][39m   udid: J5AXGF00V036ZZZ
[35m[BaseDriver][39m The following capabilities were provided, but are not recognized by appium: deviceId, platform.
[35m[BaseDriver][39m Session created with session id: a2f1ff77-4fec-4b81-b63b-8666027686e6
[35m[BaseDriver][39m Using local app 'C:\Users\pramudityo.pratanto\Desktop\Katalon Update\appv2-development-universal-debug (1).apk'
[35m[AndroidDriver][39m Java version is: 1.8.0_181
[35m[ADB][39m Checking whether adb is present
[35m[ADB][39m Found 2 'build-tools' folders under 'C:\Users\pramudityo.pratanto\.katalon\tools\android_sdk' (newest first):
[35m[ADB][39m     C:/Users/pramudityo.pratanto/.katalon/tools/android_sdk/build-tools/28.0.1
[35m[ADB][39m     C:/Users/pramudityo.pratanto/.katalon/tools/android_sdk/build-tools/25.0.3
[35m[ADB][39m Using adb.exe from C:\Users\pramudityo.pratanto\.katalon\tools\android_sdk\platform-tools\adb.exe
[35m[AndroidDriver][39m Retrieving device list
[35m[AndroidDriver][39m Using device: J5AXGF00V036ZZZ
[35m[ADB][39m Using the alternative activity name detection method because of: Could not find apkanalyzer.bat in C:\Users\pramudityo.pratanto\.katalon\tools\android_sdk\platform-tools\apkanalyzer.bat,C:\Users\pramudityo.pratanto\.katalon\tools\android_sdk\emulator\apkanalyzer.bat,C:\Users\pramudityo.pratanto\.katalon\tools\android_sdk\tools\apkanalyzer.bat,C:\Users\pramudityo.pratanto\.katalon\tools\android_sdk\tools\bin\apkanalyzer.bat,C:\Users\pramudityo.pratanto\.katalon\tools\android_sdk\build-tools\28.0.1\apkanalyzer.bat,C:\Users\pramudityo.pratanto\.katalon\tools\android_sdk\build-tools\25.0.3\apkanalyzer.bat. Do you have the Android SDK installed at 'C:\Users\pramudityo.pratanto\.katalon\tools\android_sdk'?
[35m[ADB][39m Checking whether aapt is present
[35m[ADB][39m Using aapt.exe from C:\Users\pramudityo.pratanto\.katalon\tools\android_sdk\build-tools\25.0.3\aapt.exe
[35m[ADB][39m Extracting package and launch activity from manifest
[35m[ADB][39m Package name: 'id.co.myhomecredit.dev'
[35m[ADB][39m Main activity name: 'id.co.homecredit.v2.launcherpage.LauncherActivity'
[35m[ADB][39m Getting device platform version
[35m[ADB][39m Using apksigner.bat from C:\Users\pramudityo.pratanto\.katalon\tools\android_sdk\build-tools\25.0.3\apksigner.bat
[35m[ADB][39m Checking whether zipalign is present
[35m[ADB][39m Using zipalign.exe from C:\Users\pramudityo.pratanto\.katalon\tools\android_sdk\build-tools\25.0.3\zipalign.exe
[35m[ADB][39m io.appium.uiautomator2.server was successfully uninstalled
[35m[ADB][39m io.appium.uiautomator2.server.test was successfully uninstalled
[35m[AndroidDriver][39m setDeviceLanguageCountry requires language or country.
[35m[AndroidDriver][39m Got language: 'null' and country: 'null'
[35m[ADB][39m Successfully extracted 1077 strings from 'C:\Users\pramudityo.pratanto\Desktop\Katalon Update\appv2-development-universal-debug (1).apk' resources for '(default)' configuration
[35m[UiAutomator2][39m Starting uiautomator2 server 1.12.0
[35m[UiAutomator2][39m Using UIAutomator2 server from 'C:\Users\pramudityo.pratanto\AppData\Roaming\npm\node_modules\appium\node_modules\appium-uiautomator2-server\apks\appium-uiautomator2-server-v1.12.0.apk' and test from 'C:\Users\pramudityo.pratanto\AppData\Roaming\npm\node_modules\appium\node_modules\appium-uiautomator2-server\apks\appium-uiautomator2-server-debug-androidTest.apk'
[35m[UiAutomator2][39m Running command: 'adb -s J5AXGF00V036ZZZ shell am instrument -w io.appium.uiautomator2.server.test/android.support.test.runner.AndroidJUnitRunner'
[35m[UiAutomator2][39m Waiting up to 20000ms for UiAutomator2 to be online...
[35m[AndroidDriver][39m Screen already unlocked, doing nothing
[35m[UiAutomator2][39m UiAutomator2 did not start the activity we were waiting for, 'id.co.myhomecredit.dev/id.co.homecredit.*'. Starting it ourselves
[35m[Appium][39m New AndroidUiautomator2Driver session created successfully, session a2f1ff77-4fec-4b81-b63b-8666027686e6 added to master session list
[35m[HTTP][39m [37m<-- POST /wd/hub/session [39m[32m200[39m [90m60128 ms - 1359[39m
[35m[HTTP][39m [90m[39m
[35m[HTTP][39m [37m-->[39m [37mGET[39m [37m/wd/hub/status[39m
[35m[HTTP][39m [90m{}[39m
[35m[HTTP][39m [37m<-- GET /wd/hub/status [39m[32m200[39m [90m16 ms - 55[39m
[35m[HTTP][39m [90m[39m
[35m[HTTP][39m [37m-->[39m [37mPOST[39m [37m/wd/hub/session/a2f1ff77-4fec-4b81-b63b-8666027686e6/timeouts[39m
[35m[HTTP][39m [90m{"type":"implicit","ms":60000}[39m
[35m[HTTP][39m [37m<-- POST /wd/hub/session/a2f1ff77-4fec-4b81-b63b-8666027686e6/timeouts [39m[33m400[39m [90m34 ms - 5756[39m
[35m[HTTP][39m [90m[39m
[35m[HTTP][39m [37m-->[39m [37mGET[39m [37m/wd/hub/session/a2f1ff77-4fec-4b81-b63b-8666027686e6/window/current/size[39m
[35m[HTTP][39m [90m{}[39m
[35m[W3C][39m Driver proxy active, passing request on via HTTP proxy
[35m[JSONWP Proxy][39m Replacing sessionId c2e53d55-4b57-4ea1-85bf-c4a1c6390cd2 with a2f1ff77-4fec-4b81-b63b-8666027686e6
[35m[HTTP][39m [37m<-- GET /wd/hub/session/a2f1ff77-4fec-4b81-b63b-8666027686e6/window/current/size [39m[32m200[39m [90m102 ms - 100[39m
[35m[HTTP][39m [90m[39m
[35m[HTTP][39m [37m-->[39m [37mPOST[39m [37m/wd/hub/session/a2f1ff77-4fec-4b81-b63b-8666027686e6/elements[39m
[35m[HTTP][39m [90m{"using":"-android uiautomator","value":"new UiSelector().className(\"android.widget.ImageView\").resourceId(\"id.co.myhomecredit.dev:id/promo_image\").instance(5)"}[39m
[35m[HTTP][39m [37m<-- POST /wd/hub/session/a2f1ff77-4fec-4b81-b63b-8666027686e6/elements [39m[32m200[39m [90m1901 ms - 175[39m
[35m[HTTP][39m [90m[39m
[35m[HTTP][39m [37m-->[39m [37mGET[39m [37m/wd/hub/session/a2f1ff77-4fec-4b81-b63b-8666027686e6[39m
[35m[HTTP][39m [90m{}[39m
[35m[HTTP][39m [37m<-- GET /wd/hub/session/a2f1ff77-4fec-4b81-b63b-8666027686e6 [39m[32m200[39m [90m59 ms - 1359[39m
[35m[HTTP][39m [90m[39m
[35m[HTTP][39m [37m-->[39m [37mGET[39m [37m/wd/hub/session/a2f1ff77-4fec-4b81-b63b-8666027686e6[39m
[35m[HTTP][39m [90m{}[39m
[35m[HTTP][39m [37m<-- GET /wd/hub/session/a2f1ff77-4fec-4b81-b63b-8666027686e6 [39m[32m200[39m [90m35 ms - 1359[39m
[35m[HTTP][39m [90m[39m
[35m[HTTP][39m [37m-->[39m [37mGET[39m [37m/wd/hub/session/a2f1ff77-4fec-4b81-b63b-8666027686e6[39m
[35m[HTTP][39m [90m{}[39m
[35m[HTTP][39m [37m<-- GET /wd/hub/session/a2f1ff77-4fec-4b81-b63b-8666027686e6 [39m[32m200[39m [90m32 ms - 1359[39m
[35m[HTTP][39m [90m[39m
[35m[HTTP][39m [37m-->[39m [37mGET[39m [37m/wd/hub/session/a2f1ff77-4fec-4b81-b63b-8666027686e6[39m
[35m[HTTP][39m [90m{}[39m
[35m[HTTP][39m [37m<-- GET /wd/hub/session/a2f1ff77-4fec-4b81-b63b-8666027686e6 [39m[32m200[39m [90m35 ms - 1359[39m
[35m[HTTP][39m [90m[39m
[35m[HTTP][39m [37m-->[39m [37mGET[39m [37m/wd/hub/session/a2f1ff77-4fec-4b81-b63b-8666027686e6[39m
[35m[HTTP][39m [90m{}[39m
[35m[HTTP][39m [37m<-- GET /wd/hub/session/a2f1ff77-4fec-4b81-b63b-8666027686e6 [39m[32m200[39m [90m49 ms - 1359[39m
[35m[HTTP][39m [90m[39m
[35m[HTTP][39m [37m-->[39m [37mGET[39m [37m/wd/hub/session/a2f1ff77-4fec-4b81-b63b-8666027686e6[39m
[35m[HTTP][39m [90m{}[39m
[35m[HTTP][39m [37m<-- GET /wd/hub/session/a2f1ff77-4fec-4b81-b63b-8666027686e6 [39m[32m200[39m [90m32 ms - 1359[39m
[35m[HTTP][39m [90m[39m
[35m[HTTP][39m [37m-->[39m [37mGET[39m [37m/wd/hub/session/a2f1ff77-4fec-4b81-b63b-8666027686e6[39m
[35m[HTTP][39m [90m{}[39m
[35m[HTTP][39m [37m<-- GET /wd/hub/session/a2f1ff77-4fec-4b81-b63b-8666027686e6 [39m[32m200[39m [90m31 ms - 1359[39m
[35m[HTTP][39m [90m[39m
[35m[HTTP][39m [37m-->[39m [37mGET[39m [37m/wd/hub/session/a2f1ff77-4fec-4b81-b63b-8666027686e6[39m
[35m[HTTP][39m [90m{}[39m
[35m[HTTP][39m [37m<-- GET /wd/hub/session/a2f1ff77-4fec-4b81-b63b-8666027686e6 [39m[32m200[39m [90m40 ms - 1359[39m
[35m[HTTP][39m [90m[39m
[35m[HTTP][39m [37m-->[39m [37mGET[39m [37m/wd/hub/session/a2f1ff77-4fec-4b81-b63b-8666027686e6/element/5a148fd0-e6da-4636-8879-626df27bcc0f/location[39m
[35m[HTTP][39m [90m{}[39m
[35m[W3C][39m Driver proxy active, passing request on via HTTP proxy
[35m[JSONWP Proxy][39m Replacing sessionId c2e53d55-4b57-4ea1-85bf-c4a1c6390cd2 with a2f1ff77-4fec-4b81-b63b-8666027686e6
[35m[HTTP][39m [37m<-- GET /wd/hub/session/a2f1ff77-4fec-4b81-b63b-8666027686e6/element/5a148fd0-e6da-4636-8879-626df27bcc0f/location [39m[32m200[39m [90m84 ms - 87[39m
[35m[HTTP][39m [90m[39m
[35m[HTTP][39m [37m-->[39m [37mPOST[39m [37m/wd/hub/session/a2f1ff77-4fec-4b81-b63b-8666027686e6/touch/perform[39m
[35m[HTTP][39m [90m{"actions":[{"action":"tap","options":{"element":"5a148fd0-e6da-4636-8879-626df27bcc0f","x":1,"y":1}}]}[39m
[35m[UiAutomator2][39m calling get location: 5a148fd0-e6da-4636-8879-626df27bcc0f
[35m[HTTP][39m [37m<-- POST /wd/hub/session/a2f1ff77-4fec-4b81-b63b-8666027686e6/touch/perform [39m[32m200[39m [90m1838 ms - 76[39m
[35m[HTTP][39m [90m[39m
[35m[HTTP][39m [37m-->[39m [37mGET[39m [37m/wd/hub/session/a2f1ff77-4fec-4b81-b63b-8666027686e6/window/current/size[39m
[35m[HTTP][39m [90m{}[39m
[35m[W3C][39m Driver proxy active, passing request on via HTTP proxy
[35m[JSONWP Proxy][39m Replacing sessionId c2e53d55-4b57-4ea1-85bf-c4a1c6390cd2 with a2f1ff77-4fec-4b81-b63b-8666027686e6
[35m[HTTP][39m [37m<-- GET /wd/hub/session/a2f1ff77-4fec-4b81-b63b-8666027686e6/window/current/size [39m[32m200[39m [90m39 ms - 100[39m
[35m[HTTP][39m [90m[39m
[35m[HTTP][39m [37m-->[39m [37mPOST[39m [37m/wd/hub/session/a2f1ff77-4fec-4b81-b63b-8666027686e6/elements[39m
[35m[HTTP][39m [90m{"using":"-android uiautomator","value":"new UiSelector().className(\"android.widget.TextView\").text(\"AJUKAN SEKARANG\").resourceId(\"id.co.myhomecredit.dev:id/tv_dona_start\").instance(6)"}[39m
[35m[HTTP][39m [37m<-- POST /wd/hub/session/a2f1ff77-4fec-4b81-b63b-8666027686e6/elements [39m[32m200[39m [90m154 ms - 124[39m
[35m[HTTP][39m [90m[39m
[35m[HTTP][39m [37m-->[39m [37mGET[39m [37m/wd/hub/session/a2f1ff77-4fec-4b81-b63b-8666027686e6[39m
[35m[HTTP][39m [90m{}[39m
[35m[HTTP][39m [37m<-- GET /wd/hub/session/a2f1ff77-4fec-4b81-b63b-8666027686e6 [39m[32m200[39m [90m43 ms - 1359[39m
[35m[HTTP][39m [90m[39m
[35m[HTTP][39m [37m-->[39m [37mGET[39m [37m/wd/hub/session/a2f1ff77-4fec-4b81-b63b-8666027686e6[39m
[35m[HTTP][39m [90m{}[39m
[35m[HTTP][39m [37m<-- GET /wd/hub/session/a2f1ff77-4fec-4b81-b63b-8666027686e6 [39m[32m200[39m [90m47 ms - 1359[39m
[35m[HTTP][39m [90m[39m
[35m[HTTP][39m [37m-->[39m [37mGET[39m [37m/wd/hub/session/a2f1ff77-4fec-4b81-b63b-8666027686e6[39m
[35m[HTTP][39m [90m{}[39m
[35m[HTTP][39m [37m<-- GET /wd/hub/session/a2f1ff77-4fec-4b81-b63b-8666027686e6 [39m[32m200[39m [90m42 ms - 1359[39m
[35m[HTTP][39m [90m[39m
[35m[HTTP][39m [37m-->[39m [37mGET[39m [37m/wd/hub/session/a2f1ff77-4fec-4b81-b63b-8666027686e6[39m
[35m[HTTP][39m [90m{}[39m
[35m[HTTP][39m [37m<-- GET /wd/hub/session/a2f1ff77-4fec-4b81-b63b-8666027686e6 [39m[32m200[39m [90m40 ms - 1359[39m
[35m[HTTP][39m [90m[39m
[35m[HTTP][39m [37m-->[39m [37mGET[39m [37m/wd/hub/session/a2f1ff77-4fec-4b81-b63b-8666027686e6/element/be1c8fd9-dc90-4a13-b175-0e165273ef7b/location[39m
[35m[HTTP][39m [90m{}[39m
[35m[W3C][39m Driver proxy active, passing request on via HTTP proxy
[35m[JSONWP Proxy][39m Replacing sessionId c2e53d55-4b57-4ea1-85bf-c4a1c6390cd2 with a2f1ff77-4fec-4b81-b63b-8666027686e6
[35m[HTTP][39m [37m<-- GET /wd/hub/session/a2f1ff77-4fec-4b81-b63b-8666027686e6/element/be1c8fd9-dc90-4a13-b175-0e165273ef7b/location [39m[32m200[39m [90m441 ms - 89[39m
[35m[HTTP][39m [90m[39m
[35m[HTTP][39m [37m-->[39m [37mPOST[39m [37m/wd/hub/session/a2f1ff77-4fec-4b81-b63b-8666027686e6/touch/perform[39m
[35m[HTTP][39m [90m{"actions":[{"action":"tap","options":{"element":"be1c8fd9-dc90-4a13-b175-0e165273ef7b","x":1,"y":1}}]}[39m
[35m[UiAutomator2][39m calling get location: be1c8fd9-dc90-4a13-b175-0e165273ef7b
[35m[HTTP][39m [37m<-- POST /wd/hub/session/a2f1ff77-4fec-4b81-b63b-8666027686e6/touch/perform [39m[32m200[39m [90m1996 ms - 76[39m
[35m[HTTP][39m [90m[39m
[35m[HTTP][39m [37m-->[39m [37mGET[39m [37m/wd/hub/session/a2f1ff77-4fec-4b81-b63b-8666027686e6/window/current/size[39m
[35m[HTTP][39m [90m{}[39m
[35m[W3C][39m Driver proxy active, passing request on via HTTP proxy
[35m[JSONWP Proxy][39m Replacing sessionId c2e53d55-4b57-4ea1-85bf-c4a1c6390cd2 with a2f1ff77-4fec-4b81-b63b-8666027686e6
[35m[HTTP][39m [37m<-- GET /wd/hub/session/a2f1ff77-4fec-4b81-b63b-8666027686e6/window/current/size [39m[32m200[39m [90m64 ms - 100[39m
[35m[HTTP][39m [90m[39m
[35m[HTTP][39m [37m-->[39m [37mPOST[39m [37m/wd/hub/session/a2f1ff77-4fec-4b81-b63b-8666027686e6/elements[39m
[35m[HTTP][39m [90m{"using":"-android uiautomator","value":"new UiSelector().className(\"android.widget.TextView\").text(\"LANJUTKAN\").resourceId(\"id.co.myhomecredit.dev:id/btn_next_opf\").instance(4)"}[39m
[35m[HTTP][39m [37m<-- POST /wd/hub/session/a2f1ff77-4fec-4b81-b63b-8666027686e6/elements [39m[32m200[39m [90m60 ms - 74[39m
[35m[HTTP][39m [90m[39m
[35m[HTTP][39m [37m-->[39m [37mPOST[39m [37m/wd/hub/session/a2f1ff77-4fec-4b81-b63b-8666027686e6/elements[39m
[35m[HTTP][39m [90m{"using":"-android uiautomator","value":"new UiSelector().className(\"android.widget.TextView\").text(\"LANJUTKAN\").resourceId(\"id.co.myhomecredit.dev:id/btn_next_opf\").instance(4)"}[39m
[35m[HTTP][39m [37m<-- POST /wd/hub/session/a2f1ff77-4fec-4b81-b63b-8666027686e6/elements [39m[32m200[39m [90m80 ms - 74[39m
[35m[HTTP][39m [90m[39m
[35m[HTTP][39m [37m-->[39m [37mPOST[39m [37m/wd/hub/session/a2f1ff77-4fec-4b81-b63b-8666027686e6/elements[39m
[35m[HTTP][39m [90m{"using":"-android uiautomator","value":"new UiSelector().className(\"android.widget.TextView\").text(\"LANJUTKAN\").resourceId(\"id.co.myhomecredit.dev:id/btn_next_opf\").instance(4)"}[39m
[35m[HTTP][39m [37m<-- POST /wd/hub/session/a2f1ff77-4fec-4b81-b63b-8666027686e6/elements [39m[32m200[39m [90m66 ms - 74[39m
[35m[HTTP][39m [90m[39m
[35m[HTTP][39m [37m-->[39m [37mPOST[39m [37m/wd/hub/session/a2f1ff77-4fec-4b81-b63b-8666027686e6/elements[39m
[35m[HTTP][39m [90m{"using":"-android uiautomator","value":"new UiSelector().className(\"android.widget.TextView\").text(\"LANJUTKAN\").resourceId(\"id.co.myhomecredit.dev:id/btn_next_opf\").instance(4)"}[39m
[35m[HTTP][39m [37m<-- POST /wd/hub/session/a2f1ff77-4fec-4b81-b63b-8666027686e6/elements [39m[32m200[39m [90m61 ms - 74[39m
[35m[HTTP][39m [90m[39m
[35m[HTTP][39m [37m-->[39m [37mPOST[39m [37m/wd/hub/session/a2f1ff77-4fec-4b81-b63b-8666027686e6/elements[39m
[35m[HTTP][39m [90m{"using":"-android uiautomator","value":"new UiSelector().className(\"android.widget.TextView\").text(\"LANJUTKAN\").resourceId(\"id.co.myhomecredit.dev:id/btn_next_opf\").instance(4)"}[39m
[35m[HTTP][39m [37m<-- POST /wd/hub/session/a2f1ff77-4fec-4b81-b63b-8666027686e6/elements [39m[32m200[39m [90m61 ms - 74[39m
[35m[HTTP][39m [90m[39m
[35m[HTTP][39m [37m-->[39m [37mPOST[39m [37m/wd/hub/session/a2f1ff77-4fec-4b81-b63b-8666027686e6/elements[39m
[35m[HTTP][39m [90m{"using":"-android uiautomator","value":"new UiSelector().className(\"android.widget.TextView\").text(\"LANJUTKAN\").resourceId(\"id.co.myhomecredit.dev:id/btn_next_opf\").instance(4)"}[39m
[35m[HTTP][39m [37m<-- POST /wd/hub/session/a2f1ff77-4fec-4b81-b63b-8666027686e6/elements [39m[32m200[39m [90m410 ms - 74[39m
[35m[HTTP][39m [90m[39m
[35m[HTTP][39m [37m-->[39m [37mPOST[39m [37m/wd/hub/session/a2f1ff77-4fec-4b81-b63b-8666027686e6/elements[39m
[35m[HTTP][39m [90m{"using":"-android uiautomator","value":"new UiSelector().className(\"android.widget.TextView\").text(\"LANJUTKAN\").resourceId(\"id.co.myhomecredit.dev:id/btn_next_opf\").instance(4)"}[39m
[35m[HTTP][39m [37m<-- POST /wd/hub/session/a2f1ff77-4fec-4b81-b63b-8666027686e6/elements [39m[32m200[39m [90m1202 ms - 124[39m
[35m[HTTP][39m [90m[39m
[35m[HTTP][39m [37m-->[39m [37mGET[39m [37m/wd/hub/session/a2f1ff77-4fec-4b81-b63b-8666027686e6[39m
[35m[HTTP][39m [90m{}[39m
[35m[HTTP][39m [37m<-- GET /wd/hub/session/a2f1ff77-4fec-4b81-b63b-8666027686e6 [39m[32m200[39m [90m41 ms - 1359[39m
[35m[HTTP][39m [90m[39m
[35m[HTTP][39m [37m-->[39m [37mGET[39m [37m/wd/hub/session/a2f1ff77-4fec-4b81-b63b-8666027686e6[39m
[35m[HTTP][39m [90m{}[39m
[35m[HTTP][39m [37m<-- GET /wd/hub/session/a2f1ff77-4fec-4b81-b63b-8666027686e6 [39m[32m200[39m [90m29 ms - 1359[39m
[35m[HTTP][39m [90m[39m
[35m[HTTP][39m [37m-->[39m [37mGET[39m [37m/wd/hub/session/a2f1ff77-4fec-4b81-b63b-8666027686e6[39m
[35m[HTTP][39m [90m{}[39m
[35m[HTTP][39m [37m<-- GET /wd/hub/session/a2f1ff77-4fec-4b81-b63b-8666027686e6 [39m[32m200[39m [90m27 ms - 1359[39m
[35m[HTTP][39m [90m[39m
[35m[HTTP][39m [37m-->[39m [37mGET[39m [37m/wd/hub/session/a2f1ff77-4fec-4b81-b63b-8666027686e6[39m
[35m[HTTP][39m [90m{}[39m
[35m[HTTP][39m [37m<-- GET /wd/hub/session/a2f1ff77-4fec-4b81-b63b-8666027686e6 [39m[32m200[39m [90m27 ms - 1359[39m
[35m[HTTP][39m [90m[39m
[35m[HTTP][39m [37m-->[39m [37mGET[39m [37m/wd/hub/session/a2f1ff77-4fec-4b81-b63b-8666027686e6/element/2d6f83e7-c5e8-4778-8667-e13993e0a163/location[39m
[35m[HTTP][39m [90m{}[39m
[35m[W3C][39m Driver proxy active, passing request on via HTTP proxy
[35m[JSONWP Proxy][39m Replacing sessionId c2e53d55-4b57-4ea1-85bf-c4a1c6390cd2 with a2f1ff77-4fec-4b81-b63b-8666027686e6
[35m[HTTP][39m [37m<-- GET /wd/hub/session/a2f1ff77-4fec-4b81-b63b-8666027686e6/element/2d6f83e7-c5e8-4778-8667-e13993e0a163/location [39m[32m200[39m [90m49 ms - 89[39m
[35m[HTTP][39m [90m[39m
[35m[HTTP][39m [37m-->[39m [37mPOST[39m [37m/wd/hub/session/a2f1ff77-4fec-4b81-b63b-8666027686e6/touch/perform[39m
[35m[HTTP][39m [90m{"actions":[{"action":"tap","options":{"element":"2d6f83e7-c5e8-4778-8667-e13993e0a163","x":1,"y":1}}]}[39m
[35m[UiAutomator2][39m calling get location: 2d6f83e7-c5e8-4778-8667-e13993e0a163
[35m[HTTP][39m [37m<-- POST /wd/hub/session/a2f1ff77-4fec-4b81-b63b-8666027686e6/touch/perform [39m[32m200[39m [90m1676 ms - 76[39m
[35m[HTTP][39m [90m[39m
[35m[HTTP][39m [37m-->[39m [37mGET[39m [37m/wd/hub/session/a2f1ff77-4fec-4b81-b63b-8666027686e6/window/current/size[39m
[35m[HTTP][39m [90m{}[39m
[35m[W3C][39m Driver proxy active, passing request on via HTTP proxy
[35m[JSONWP Proxy][39m Replacing sessionId c2e53d55-4b57-4ea1-85bf-c4a1c6390cd2 with a2f1ff77-4fec-4b81-b63b-8666027686e6
[35m[HTTP][39m [37m<-- GET /wd/hub/session/a2f1ff77-4fec-4b81-b63b-8666027686e6/window/current/size [39m[32m200[39m [90m39 ms - 100[39m
[35m[HTTP][39m [90m[39m
[35m[HTTP][39m [37m-->[39m [37mPOST[39m [37m/wd/hub/session/a2f1ff77-4fec-4b81-b63b-8666027686e6/elements[39m
[35m[HTTP][39m [90m{"using":"-android uiautomator","value":"new UiSelector().className(\"android.widget.TextView\").text(\"MULAI PENGAJUAN\").resourceId(\"id.co.myhomecredit.dev:id/btn_next_opf\").instance(7)"}[39m
[35m[HTTP][39m [37m<-- POST /wd/hub/session/a2f1ff77-4fec-4b81-b63b-8666027686e6/elements [39m[32m200[39m [90m98 ms - 124[39m
[35m[HTTP][39m [90m[39m
[35m[HTTP][39m [37m-->[39m [37mGET[39m [37m/wd/hub/session/a2f1ff77-4fec-4b81-b63b-8666027686e6[39m
[35m[HTTP][39m [90m{}[39m
[35m[HTTP][39m [37m<-- GET /wd/hub/session/a2f1ff77-4fec-4b81-b63b-8666027686e6 [39m[32m200[39m [90m27 ms - 1359[39m
[35m[HTTP][39m [90m[39m
[35m[HTTP][39m [37m-->[39m [37mGET[39m [37m/wd/hub/session/a2f1ff77-4fec-4b81-b63b-8666027686e6[39m
[35m[HTTP][39m [90m{}[39m
[35m[HTTP][39m [37m<-- GET /wd/hub/session/a2f1ff77-4fec-4b81-b63b-8666027686e6 [39m[32m200[39m [90m40 ms - 1359[39m
[35m[HTTP][39m [90m[39m
[35m[HTTP][39m [37m-->[39m [37mGET[39m [37m/wd/hub/session/a2f1ff77-4fec-4b81-b63b-8666027686e6[39m
[35m[HTTP][39m [90m{}[39m
[35m[HTTP][39m [37m<-- GET /wd/hub/session/a2f1ff77-4fec-4b81-b63b-8666027686e6 [39m[32m200[39m [90m29 ms - 1359[39m
[35m[HTTP][39m [90m[39m
[35m[HTTP][39m [37m-->[39m [37mGET[39m [37m/wd/hub/session/a2f1ff77-4fec-4b81-b63b-8666027686e6[39m
[35m[HTTP][39m [90m{}[39m
[35m[HTTP][39m [37m<-- GET /wd/hub/session/a2f1ff77-4fec-4b81-b63b-8666027686e6 [39m[32m200[39m [90m28 ms - 1359[39m
[35m[HTTP][39m [90m[39m
[35m[HTTP][39m [37m-->[39m [37mGET[39m [37m/wd/hub/session/a2f1ff77-4fec-4b81-b63b-8666027686e6/element/2e456217-652b-4daf-b70c-321a0f099d6d/location[39m
[35m[HTTP][39m [90m{}[39m
[35m[W3C][39m Driver proxy active, passing request on via HTTP proxy
[35m[JSONWP Proxy][39m Replacing sessionId c2e53d55-4b57-4ea1-85bf-c4a1c6390cd2 with a2f1ff77-4fec-4b81-b63b-8666027686e6
[35m[HTTP][39m [37m<-- GET /wd/hub/session/a2f1ff77-4fec-4b81-b63b-8666027686e6/element/2e456217-652b-4daf-b70c-321a0f099d6d/location [39m[32m200[39m [90m68 ms - 89[39m
[35m[HTTP][39m [90m[39m
[35m[HTTP][39m [37m-->[39m [37mPOST[39m [37m/wd/hub/session/a2f1ff77-4fec-4b81-b63b-8666027686e6/touch/perform[39m
[35m[HTTP][39m [90m{"actions":[{"action":"tap","options":{"element":"2e456217-652b-4daf-b70c-321a0f099d6d","x":1,"y":1}}]}[39m
[35m[UiAutomator2][39m calling get location: 2e456217-652b-4daf-b70c-321a0f099d6d
[35m[HTTP][39m [37m<-- POST /wd/hub/session/a2f1ff77-4fec-4b81-b63b-8666027686e6/touch/perform [39m[32m200[39m [90m1569 ms - 76[39m
[35m[HTTP][39m [90m[39m
[35m[HTTP][39m [37m-->[39m [37mGET[39m [37m/wd/hub/session/a2f1ff77-4fec-4b81-b63b-8666027686e6/window/current/size[39m
[35m[HTTP][39m [90m{}[39m
[35m[W3C][39m Driver proxy active, passing request on via HTTP proxy
[35m[JSONWP Proxy][39m Replacing sessionId c2e53d55-4b57-4ea1-85bf-c4a1c6390cd2 with a2f1ff77-4fec-4b81-b63b-8666027686e6
[35m[HTTP][39m [37m<-- GET /wd/hub/session/a2f1ff77-4fec-4b81-b63b-8666027686e6/window/current/size [39m[32m200[39m [90m44 ms - 100[39m
[35m[HTTP][39m [90m[39m
[35m[HTTP][39m [37m-->[39m [37mPOST[39m [37m/wd/hub/session/a2f1ff77-4fec-4b81-b63b-8666027686e6/elements[39m
[35m[HTTP][39m [90m{"using":"-android uiautomator","value":"new UiSelector().className(\"android.widget.ImageView\").resourceId(\"id.co.myhomecredit.dev:id/iv_opf_upload_ektp\").instance(1)"}[39m
[35m[HTTP][39m [37m<-- POST /wd/hub/session/a2f1ff77-4fec-4b81-b63b-8666027686e6/elements [39m[32m200[39m [90m57 ms - 74[39m
[35m[HTTP][39m [90m[39m
[35m[HTTP][39m [37m-->[39m [37mPOST[39m [37m/wd/hub/session/a2f1ff77-4fec-4b81-b63b-8666027686e6/elements[39m
[35m[HTTP][39m [90m{"using":"-android uiautomator","value":"new UiSelector().className(\"android.widget.ImageView\").resourceId(\"id.co.myhomecredit.dev:id/iv_opf_upload_ektp\").instance(1)"}[39m
[35m[HTTP][39m [37m<-- POST /wd/hub/session/a2f1ff77-4fec-4b81-b63b-8666027686e6/elements [39m[32m200[39m [90m74 ms - 74[39m
[35m[HTTP][39m [90m[39m
[35m[HTTP][39m [37m-->[39m [37mPOST[39m [37m/wd/hub/session/a2f1ff77-4fec-4b81-b63b-8666027686e6/elements[39m
[35m[HTTP][39m [90m{"using":"-android uiautomator","value":"new UiSelector().className(\"android.widget.ImageView\").resourceId(\"id.co.myhomecredit.dev:id/iv_opf_upload_ektp\").instance(1)"}[39m
[35m[HTTP][39m [37m<-- POST /wd/hub/session/a2f1ff77-4fec-4b81-b63b-8666027686e6/elements [39m[32m200[39m [90m67 ms - 74[39m
[35m[HTTP][39m [90m[39m
[35m[HTTP][39m [37m-->[39m [37mPOST[39m [37m/wd/hub/session/a2f1ff77-4fec-4b81-b63b-8666027686e6/elements[39m
[35m[HTTP][39m [90m{"using":"-android uiautomator","value":"new UiSelector().className(\"android.widget.ImageView\").resourceId(\"id.co.myhomecredit.dev:id/iv_opf_upload_ektp\").instance(1)"}[39m
[35m[HTTP][39m [37m<-- POST /wd/hub/session/a2f1ff77-4fec-4b81-b63b-8666027686e6/elements [39m[32m200[39m [90m52 ms - 74[39m
[35m[HTTP][39m [90m[39m
[35m[HTTP][39m [37m-->[39m [37mPOST[39m [37m/wd/hub/session/a2f1ff77-4fec-4b81-b63b-8666027686e6/elements[39m
[35m[HTTP][39m [90m{"using":"-android uiautomator","value":"new UiSelector().className(\"android.widget.ImageView\").resourceId(\"id.co.myhomecredit.dev:id/iv_opf_upload_ektp\").instance(1)"}[39m
[35m[HTTP][39m [37m<-- POST /wd/hub/session/a2f1ff77-4fec-4b81-b63b-8666027686e6/elements [39m[32m200[39m [90m62 ms - 74[39m
[35m[HTTP][39m [90m[39m
[35m[HTTP][39m [37m-->[39m [37mPOST[39m [37m/wd/hub/session/a2f1ff77-4fec-4b81-b63b-8666027686e6/elements[39m
[35m[HTTP][39m [90m{"using":"-android uiautomator","value":"new UiSelector().className(\"android.widget.ImageView\").resourceId(\"id.co.myhomecredit.dev:id/iv_opf_upload_ektp\").instance(1)"}[39m
[35m[HTTP][39m [37m<-- POST /wd/hub/session/a2f1ff77-4fec-4b81-b63b-8666027686e6/elements [39m[32m200[39m [90m57 ms - 74[39m
[35m[HTTP][39m [90m[39m
[35m[HTTP][39m [37m-->[39m [37mPOST[39m [37m/wd/hub/session/a2f1ff77-4fec-4b81-b63b-8666027686e6/elements[39m
[35m[HTTP][39m [90m{"using":"-android uiautomator","value":"new UiSelector().className(\"android.widget.ImageView\").resourceId(\"id.co.myhomecredit.dev:id/iv_opf_upload_ektp\").instance(1)"}[39m
[35m[HTTP][39m [37m<-- POST /wd/hub/session/a2f1ff77-4fec-4b81-b63b-8666027686e6/elements [39m[32m200[39m [90m355 ms - 74[39m
[35m[HTTP][39m [90m[39m
[35m[HTTP][39m [37m-->[39m [37mPOST[39m [37m/wd/hub/session/a2f1ff77-4fec-4b81-b63b-8666027686e6/elements[39m
[35m[HTTP][39m [90m{"using":"-android uiautomator","value":"new UiSelector().className(\"android.widget.ImageView\").resourceId(\"id.co.myhomecredit.dev:id/iv_opf_upload_ektp\").instance(1)"}[39m
[35m[HTTP][39m [37m<-- POST /wd/hub/session/a2f1ff77-4fec-4b81-b63b-8666027686e6/elements [39m[32m200[39m [90m498 ms - 74[39m
[35m[HTTP][39m [90m[39m
[35m[HTTP][39m [37m-->[39m [37mPOST[39m [37m/wd/hub/session/a2f1ff77-4fec-4b81-b63b-8666027686e6/elements[39m
[35m[HTTP][39m [90m{"using":"-android uiautomator","value":"new UiSelector().className(\"android.widget.ImageView\").resourceId(\"id.co.myhomecredit.dev:id/iv_opf_upload_ektp\").instance(1)"}[39m
[35m[HTTP][39m [37m<-- POST /wd/hub/session/a2f1ff77-4fec-4b81-b63b-8666027686e6/elements [39m[32m200[39m [90m57 ms - 74[39m
[35m[HTTP][39m [90m[39m
[35m[HTTP][39m [37m-->[39m [37mPOST[39m [37m/wd/hub/session/a2f1ff77-4fec-4b81-b63b-8666027686e6/elements[39m
[35m[HTTP][39m [90m{"using":"-android uiautomator","value":"new UiSelector().className(\"android.widget.ImageView\").resourceId(\"id.co.myhomecredit.dev:id/iv_opf_upload_ektp\").instance(1)"}[39m
[35m[HTTP][39m [37m<-- POST /wd/hub/session/a2f1ff77-4fec-4b81-b63b-8666027686e6/elements [39m[32m200[39m [90m66 ms - 74[39m
[35m[HTTP][39m [90m[39m
[35m[HTTP][39m [37m-->[39m [37mPOST[39m [37m/wd/hub/session/a2f1ff77-4fec-4b81-b63b-8666027686e6/elements[39m
[35m[HTTP][39m [90m{"using":"-android uiautomator","value":"new UiSelector().className(\"android.widget.ImageView\").resourceId(\"id.co.myhomecredit.dev:id/iv_opf_upload_ektp\").instance(1)"}[39m
[35m[HTTP][39m [37m<-- POST /wd/hub/session/a2f1ff77-4fec-4b81-b63b-8666027686e6/elements [39m[32m200[39m [90m646 ms - 124[39m
[35m[HTTP][39m [90m[39m
[35m[HTTP][39m [37m-->[39m [37mGET[39m [37m/wd/hub/session/a2f1ff77-4fec-4b81-b63b-8666027686e6[39m
[35m[HTTP][39m [90m{}[39m
[35m[HTTP][39m [37m<-- GET /wd/hub/session/a2f1ff77-4fec-4b81-b63b-8666027686e6 [39m[32m200[39m [90m48 ms - 1359[39m
[35m[HTTP][39m [90m[39m
[35m[HTTP][39m [37m-->[39m [37mGET[39m [37m/wd/hub/session/a2f1ff77-4fec-4b81-b63b-8666027686e6[39m
[35m[HTTP][39m [90m{}[39m
[35m[HTTP][39m [37m<-- GET /wd/hub/session/a2f1ff77-4fec-4b81-b63b-8666027686e6 [39m[32m200[39m [90m34 ms - 1359[39m
[35m[HTTP][39m [90m[39m
[35m[HTTP][39m [37m-->[39m [37mGET[39m [37m/wd/hub/session/a2f1ff77-4fec-4b81-b63b-8666027686e6[39m
[35m[HTTP][39m [90m{}[39m
[35m[HTTP][39m [37m<-- GET /wd/hub/session/a2f1ff77-4fec-4b81-b63b-8666027686e6 [39m[32m200[39m [90m39 ms - 1359[39m
[35m[HTTP][39m [90m[39m
[35m[HTTP][39m [37m-->[39m [37mGET[39m [37m/wd/hub/session/a2f1ff77-4fec-4b81-b63b-8666027686e6[39m
[35m[HTTP][39m [90m{}[39m
[35m[HTTP][39m [37m<-- GET /wd/hub/session/a2f1ff77-4fec-4b81-b63b-8666027686e6 [39m[32m200[39m [90m28 ms - 1359[39m
[35m[HTTP][39m [90m[39m
[35m[HTTP][39m [37m-->[39m [37mGET[39m [37m/wd/hub/session/a2f1ff77-4fec-4b81-b63b-8666027686e6/element/9cf69491-ab4a-4443-b6a4-72ebb0cdc23a/location[39m
[35m[HTTP][39m [90m{}[39m
[35m[W3C][39m Driver proxy active, passing request on via HTTP proxy
[35m[JSONWP Proxy][39m Replacing sessionId c2e53d55-4b57-4ea1-85bf-c4a1c6390cd2 with a2f1ff77-4fec-4b81-b63b-8666027686e6
[35m[HTTP][39m [37m<-- GET /wd/hub/session/a2f1ff77-4fec-4b81-b63b-8666027686e6/element/9cf69491-ab4a-4443-b6a4-72ebb0cdc23a/location [39m[32m200[39m [90m121 ms - 89[39m
[35m[HTTP][39m [90m[39m
[35m[HTTP][39m [37m-->[39m [37mPOST[39m [37m/wd/hub/session/a2f1ff77-4fec-4b81-b63b-8666027686e6/touch/perform[39m
[35m[HTTP][39m [90m{"actions":[{"action":"tap","options":{"element":"9cf69491-ab4a-4443-b6a4-72ebb0cdc23a","x":1,"y":1}}]}[39m
[35m[UiAutomator2][39m calling get location: 9cf69491-ab4a-4443-b6a4-72ebb0cdc23a
[35m[HTTP][39m [37m<-- POST /wd/hub/session/a2f1ff77-4fec-4b81-b63b-8666027686e6/touch/perform [39m[32m200[39m [90m1381 ms - 76[39m
[35m[HTTP][39m [90m[39m
[35m[HTTP][39m [37m-->[39m [37mGET[39m [37m/wd/hub/session/a2f1ff77-4fec-4b81-b63b-8666027686e6/window/current/size[39m
[35m[HTTP][39m [90m{}[39m
[35m[W3C][39m Driver proxy active, passing request on via HTTP proxy
[35m[JSONWP Proxy][39m Replacing sessionId c2e53d55-4b57-4ea1-85bf-c4a1c6390cd2 with a2f1ff77-4fec-4b81-b63b-8666027686e6
[35m[HTTP][39m [37m<-- GET /wd/hub/session/a2f1ff77-4fec-4b81-b63b-8666027686e6/window/current/size [39m[32m200[39m [90m35 ms - 100[39m
[35m[HTTP][39m [90m[39m
[35m[HTTP][39m [37m-->[39m [37mPOST[39m [37m/wd/hub/session/a2f1ff77-4fec-4b81-b63b-8666027686e6/elements[39m
[35m[HTTP][39m [90m{"using":"-android uiautomator","value":"new UiSelector().className(\"android.widget.TextView\").text(\"LANJUTKAN\").resourceId(\"id.co.myhomecredit.dev:id/btn_next_opf\").instance(9)"}[39m
[35m[HTTP][39m [37m<-- POST /wd/hub/session/a2f1ff77-4fec-4b81-b63b-8666027686e6/elements [39m[32m200[39m [90m51 ms - 124[39m
[35m[HTTP][39m [90m[39m
[35m[HTTP][39m [37m-->[39m [37mGET[39m [37m/wd/hub/session/a2f1ff77-4fec-4b81-b63b-8666027686e6[39m
[35m[HTTP][39m [90m{}[39m
[35m[HTTP][39m [37m<-- GET /wd/hub/session/a2f1ff77-4fec-4b81-b63b-8666027686e6 [39m[32m200[39m [90m21 ms - 1359[39m
[35m[HTTP][39m [90m[39m
[35m[HTTP][39m [37m-->[39m [37mGET[39m [37m/wd/hub/session/a2f1ff77-4fec-4b81-b63b-8666027686e6[39m
[35m[HTTP][39m [90m{}[39m
[35m[HTTP][39m [37m<-- GET /wd/hub/session/a2f1ff77-4fec-4b81-b63b-8666027686e6 [39m[32m200[39m [90m21 ms - 1359[39m
[35m[HTTP][39m [90m[39m
[35m[HTTP][39m [37m-->[39m [37mGET[39m [37m/wd/hub/session/a2f1ff77-4fec-4b81-b63b-8666027686e6[39m
[35m[HTTP][39m [90m{}[39m
[35m[HTTP][39m [37m<-- GET /wd/hub/session/a2f1ff77-4fec-4b81-b63b-8666027686e6 [39m[32m200[39m [90m19 ms - 1359[39m
[35m[HTTP][39m [90m[39m
[35m[HTTP][39m [37m-->[39m [37mGET[39m [37m/wd/hub/session/a2f1ff77-4fec-4b81-b63b-8666027686e6[39m
[35m[HTTP][39m [90m{}[39m
[35m[HTTP][39m [37m<-- GET /wd/hub/session/a2f1ff77-4fec-4b81-b63b-8666027686e6 [39m[32m200[39m [90m24 ms - 1359[39m
[35m[HTTP][39m [90m[39m
[35m[HTTP][39m [37m-->[39m [37mGET[39m [37m/wd/hub/session/a2f1ff77-4fec-4b81-b63b-8666027686e6/element/9184c043-694c-43cd-8529-9f5db5d6e62c/location[39m
[35m[HTTP][39m [90m{}[39m
[35m[W3C][39m Driver proxy active, passing request on via HTTP proxy
[35m[JSONWP Proxy][39m Replacing sessionId c2e53d55-4b57-4ea1-85bf-c4a1c6390cd2 with a2f1ff77-4fec-4b81-b63b-8666027686e6
[35m[HTTP][39m [37m<-- GET /wd/hub/session/a2f1ff77-4fec-4b81-b63b-8666027686e6/element/9184c043-694c-43cd-8529-9f5db5d6e62c/location [39m[32m200[39m [90m34 ms - 89[39m
[35m[HTTP][39m [90m[39m
[35m[HTTP][39m [37m-->[39m [37mPOST[39m [37m/wd/hub/session/a2f1ff77-4fec-4b81-b63b-8666027686e6/touch/perform[39m
[35m[HTTP][39m [90m{"actions":[{"action":"tap","options":{"element":"9184c043-694c-43cd-8529-9f5db5d6e62c","x":1,"y":1}}]}[39m
[35m[UiAutomator2][39m calling get location: 9184c043-694c-43cd-8529-9f5db5d6e62c
[35m[HTTP][39m [37m<-- POST /wd/hub/session/a2f1ff77-4fec-4b81-b63b-8666027686e6/touch/perform [39m[32m200[39m [90m10391 ms - 76[39m
[35m[HTTP][39m [90m[39m
[35m[HTTP][39m [37m-->[39m [37mGET[39m [37m/wd/hub/session/a2f1ff77-4fec-4b81-b63b-8666027686e6/window/current/size[39m
[35m[HTTP][39m [90m{}[39m
[35m[W3C][39m Driver proxy active, passing request on via HTTP proxy
[35m[JSONWP Proxy][39m Replacing sessionId c2e53d55-4b57-4ea1-85bf-c4a1c6390cd2 with a2f1ff77-4fec-4b81-b63b-8666027686e6
[35m[HTTP][39m [37m<-- GET /wd/hub/session/a2f1ff77-4fec-4b81-b63b-8666027686e6/window/current/size [39m[32m200[39m [90m47 ms - 100[39m
[35m[HTTP][39m [90m[39m
[35m[HTTP][39m [37m-->[39m [37mPOST[39m [37m/wd/hub/session/a2f1ff77-4fec-4b81-b63b-8666027686e6/elements[39m
[35m[HTTP][39m [90m{"using":"-android uiautomator","value":"new UiSelector().className(\"android.widget.TextView\").text(\"GANTI KAMERA\").resourceId(\"id.co.myhomecredit.dev:id/switch_normal\").instance(0)"}[39m
[35m[HTTP][39m [37m<-- POST /wd/hub/session/a2f1ff77-4fec-4b81-b63b-8666027686e6/elements [39m[32m200[39m [90m26846 ms - 124[39m
[35m[HTTP][39m [90m[39m
[35m[HTTP][39m [37m-->[39m [37mGET[39m [37m/wd/hub/session/a2f1ff77-4fec-4b81-b63b-8666027686e6[39m
[35m[HTTP][39m [90m{}[39m
[35m[HTTP][39m [37m<-- GET /wd/hub/session/a2f1ff77-4fec-4b81-b63b-8666027686e6 [39m[32m200[39m [90m35 ms - 1359[39m
[35m[HTTP][39m [90m[39m
[35m[HTTP][39m [37m-->[39m [37mGET[39m [37m/wd/hub/session/a2f1ff77-4fec-4b81-b63b-8666027686e6[39m
[35m[HTTP][39m [90m{}[39m
[35m[HTTP][39m [37m<-- GET /wd/hub/session/a2f1ff77-4fec-4b81-b63b-8666027686e6 [39m[32m200[39m [90m39 ms - 1359[39m
[35m[HTTP][39m [90m[39m
[35m[HTTP][39m [37m-->[39m [37mGET[39m [37m/wd/hub/session/a2f1ff77-4fec-4b81-b63b-8666027686e6[39m
[35m[HTTP][39m [90m{}[39m
[35m[HTTP][39m [37m<-- GET /wd/hub/session/a2f1ff77-4fec-4b81-b63b-8666027686e6 [39m[32m200[39m [90m37 ms - 1359[39m
[35m[HTTP][39m [90m[39m
[35m[HTTP][39m [37m-->[39m [37mGET[39m [37m/wd/hub/session/a2f1ff77-4fec-4b81-b63b-8666027686e6[39m
[35m[HTTP][39m [90m{}[39m
[35m[HTTP][39m [37m<-- GET /wd/hub/session/a2f1ff77-4fec-4b81-b63b-8666027686e6 [39m[32m200[39m [90m27 ms - 1359[39m
[35m[HTTP][39m [90m[39m
[35m[HTTP][39m [37m-->[39m [37mGET[39m [37m/wd/hub/session/a2f1ff77-4fec-4b81-b63b-8666027686e6/element/6037a0fd-155e-4157-9984-f420eea717e8/location[39m
[35m[HTTP][39m [90m{}[39m
[35m[W3C][39m Driver proxy active, passing request on via HTTP proxy
[35m[JSONWP Proxy][39m Replacing sessionId c2e53d55-4b57-4ea1-85bf-c4a1c6390cd2 with a2f1ff77-4fec-4b81-b63b-8666027686e6
[35m[HTTP][39m [37m<-- GET /wd/hub/session/a2f1ff77-4fec-4b81-b63b-8666027686e6/element/6037a0fd-155e-4157-9984-f420eea717e8/location [39m[32m200[39m [90m4305 ms - 89[39m
[35m[HTTP][39m [90m[39m
[35m[HTTP][39m [37m-->[39m [37mPOST[39m [37m/wd/hub/session/a2f1ff77-4fec-4b81-b63b-8666027686e6/touch/perform[39m
[35m[HTTP][39m [90m{"actions":[{"action":"tap","options":{"element":"6037a0fd-155e-4157-9984-f420eea717e8","x":1,"y":1}}]}[39m
[35m[UiAutomator2][39m calling get location: 6037a0fd-155e-4157-9984-f420eea717e8
[35m[HTTP][39m [37m<-- POST /wd/hub/session/a2f1ff77-4fec-4b81-b63b-8666027686e6/touch/perform [39m[32m200[39m [90m5604 ms - 76[39m
[35m[HTTP][39m [90m[39m
[35m[HTTP][39m [37m-->[39m [37mGET[39m [37m/wd/hub/session/a2f1ff77-4fec-4b81-b63b-8666027686e6/window/current/size[39m
[35m[HTTP][39m [90m{}[39m
[35m[W3C][39m Driver proxy active, passing request on via HTTP proxy
[35m[JSONWP Proxy][39m Replacing sessionId c2e53d55-4b57-4ea1-85bf-c4a1c6390cd2 with a2f1ff77-4fec-4b81-b63b-8666027686e6
[35m[HTTP][39m [37m<-- GET /wd/hub/session/a2f1ff77-4fec-4b81-b63b-8666027686e6/window/current/size [39m[32m200[39m [90m40 ms - 100[39m
[35m[HTTP][39m [90m[39m
[35m[HTTP][39m [37m-->[39m [37mPOST[39m [37m/wd/hub/session/a2f1ff77-4fec-4b81-b63b-8666027686e6/elements[39m
[35m[HTTP][39m [90m{"using":"-android uiautomator","value":"new UiSelector().className(\"android.widget.ImageView\").resourceId(\"org.codeaurora.snapcam:id/shutter_button\").instance(10)"}[39m
[35m[HTTP][39m [37m<-- POST /wd/hub/session/a2f1ff77-4fec-4b81-b63b-8666027686e6/elements [39m[32m200[39m [90m1595 ms - 124[39m
[35m[HTTP][39m [90m[39m
[35m[HTTP][39m [37m-->[39m [37mGET[39m [37m/wd/hub/session/a2f1ff77-4fec-4b81-b63b-8666027686e6[39m
[35m[HTTP][39m [90m{}[39m
[35m[HTTP][39m [37m<-- GET /wd/hub/session/a2f1ff77-4fec-4b81-b63b-8666027686e6 [39m[32m200[39m [90m40 ms - 1359[39m
[35m[HTTP][39m [90m[39m
[35m[HTTP][39m [37m-->[39m [37mGET[39m [37m/wd/hub/session/a2f1ff77-4fec-4b81-b63b-8666027686e6[39m
[35m[HTTP][39m [90m{}[39m
[35m[HTTP][39m [37m<-- GET /wd/hub/session/a2f1ff77-4fec-4b81-b63b-8666027686e6 [39m[32m200[39m [90m38 ms - 1359[39m
[35m[HTTP][39m [90m[39m
[35m[HTTP][39m [37m-->[39m [37mGET[39m [37m/wd/hub/session/a2f1ff77-4fec-4b81-b63b-8666027686e6[39m
[35m[HTTP][39m [90m{}[39m
[35m[HTTP][39m [37m<-- GET /wd/hub/session/a2f1ff77-4fec-4b81-b63b-8666027686e6 [39m[32m200[39m [90m37 ms - 1359[39m
[35m[HTTP][39m [90m[39m
[35m[HTTP][39m [37m-->[39m [37mGET[39m [37m/wd/hub/session/a2f1ff77-4fec-4b81-b63b-8666027686e6[39m
[35m[HTTP][39m [90m{}[39m
[35m[HTTP][39m [37m<-- GET /wd/hub/session/a2f1ff77-4fec-4b81-b63b-8666027686e6 [39m[32m200[39m [90m35 ms - 1359[39m
[35m[HTTP][39m [90m[39m
[35m[HTTP][39m [37m-->[39m [37mGET[39m [37m/wd/hub/session/a2f1ff77-4fec-4b81-b63b-8666027686e6/element/29444cdf-095a-4677-9522-5b6ca7a170e1/location[39m
[35m[HTTP][39m [90m{}[39m
[35m[W3C][39m Driver proxy active, passing request on via HTTP proxy
[35m[JSONWP Proxy][39m Replacing sessionId c2e53d55-4b57-4ea1-85bf-c4a1c6390cd2 with a2f1ff77-4fec-4b81-b63b-8666027686e6
[35m[HTTP][39m [37m<-- GET /wd/hub/session/a2f1ff77-4fec-4b81-b63b-8666027686e6/element/29444cdf-095a-4677-9522-5b6ca7a170e1/location [39m[32m200[39m [90m66 ms - 90[39m
[35m[HTTP][39m [90m[39m
[35m[HTTP][39m [37m-->[39m [37mPOST[39m [37m/wd/hub/session/a2f1ff77-4fec-4b81-b63b-8666027686e6/touch/perform[39m
[35m[HTTP][39m [90m{"actions":[{"action":"tap","options":{"element":"29444cdf-095a-4677-9522-5b6ca7a170e1","x":1,"y":1}}]}[39m
[35m[UiAutomator2][39m calling get location: 29444cdf-095a-4677-9522-5b6ca7a170e1
[35m[HTTP][39m [37m<-- POST /wd/hub/session/a2f1ff77-4fec-4b81-b63b-8666027686e6/touch/perform [39m[32m200[39m [90m814 ms - 76[39m
[35m[HTTP][39m [90m[39m
[35m[HTTP][39m [37m-->[39m [37mGET[39m [37m/wd/hub/session/a2f1ff77-4fec-4b81-b63b-8666027686e6/window/current/size[39m
[35m[HTTP][39m [90m{}[39m
[35m[W3C][39m Driver proxy active, passing request on via HTTP proxy
[35m[JSONWP Proxy][39m Replacing sessionId c2e53d55-4b57-4ea1-85bf-c4a1c6390cd2 with a2f1ff77-4fec-4b81-b63b-8666027686e6
[35m[HTTP][39m [37m<-- GET /wd/hub/session/a2f1ff77-4fec-4b81-b63b-8666027686e6/window/current/size [39m[32m200[39m [90m39 ms - 100[39m
[35m[HTTP][39m [90m[39m
[35m[HTTP][39m [37m-->[39m [37mPOST[39m [37m/wd/hub/session/a2f1ff77-4fec-4b81-b63b-8666027686e6/elements[39m
[35m[HTTP][39m [90m{"using":"-android uiautomator","value":"new UiSelector().className(\"android.widget.ImageView\").resourceId(\"org.codeaurora.snapcam:id/done_button\").instance(2)"}[39m
[35m[HTTP][39m [37m<-- POST /wd/hub/session/a2f1ff77-4fec-4b81-b63b-8666027686e6/elements [39m[32m200[39m [90m628 ms - 124[39m
[35m[HTTP][39m [90m[39m
[35m[HTTP][39m [37m-->[39m [37mGET[39m [37m/wd/hub/session/a2f1ff77-4fec-4b81-b63b-8666027686e6[39m
[35m[HTTP][39m [90m{}[39m
[35m[HTTP][39m [37m<-- GET /wd/hub/session/a2f1ff77-4fec-4b81-b63b-8666027686e6 [39m[32m200[39m [90m41 ms - 1359[39m
[35m[HTTP][39m [90m[39m
[35m[HTTP][39m [37m-->[39m [37mGET[39m [37m/wd/hub/session/a2f1ff77-4fec-4b81-b63b-8666027686e6[39m
[35m[HTTP][39m [90m{}[39m
[35m[HTTP][39m [37m<-- GET /wd/hub/session/a2f1ff77-4fec-4b81-b63b-8666027686e6 [39m[32m200[39m [90m32 ms - 1359[39m
[35m[HTTP][39m [90m[39m
[35m[HTTP][39m [37m-->[39m [37mGET[39m [37m/wd/hub/session/a2f1ff77-4fec-4b81-b63b-8666027686e6[39m
[35m[HTTP][39m [90m{}[39m
[35m[HTTP][39m [37m<-- GET /wd/hub/session/a2f1ff77-4fec-4b81-b63b-8666027686e6 [39m[32m200[39m [90m24 ms - 1359[39m
[35m[HTTP][39m [90m[39m
[35m[HTTP][39m [37m-->[39m [37mGET[39m [37m/wd/hub/session/a2f1ff77-4fec-4b81-b63b-8666027686e6[39m
[35m[HTTP][39m [90m{}[39m
[35m[HTTP][39m [37m<-- GET /wd/hub/session/a2f1ff77-4fec-4b81-b63b-8666027686e6 [39m[32m200[39m [90m29 ms - 1359[39m
[35m[HTTP][39m [90m[39m
[35m[HTTP][39m [37m-->[39m [37mGET[39m [37m/wd/hub/session/a2f1ff77-4fec-4b81-b63b-8666027686e6/element/c368f65a-5822-439d-859c-3d0f6ae48f3f/location[39m
[35m[HTTP][39m [90m{}[39m
[35m[W3C][39m Driver proxy active, passing request on via HTTP proxy
[35m[JSONWP Proxy][39m Replacing sessionId c2e53d55-4b57-4ea1-85bf-c4a1c6390cd2 with a2f1ff77-4fec-4b81-b63b-8666027686e6
[35m[HTTP][39m [37m<-- GET /wd/hub/session/a2f1ff77-4fec-4b81-b63b-8666027686e6/element/c368f65a-5822-439d-859c-3d0f6ae48f3f/location [39m[32m200[39m [90m41 ms - 90[39m
[35m[HTTP][39m [90m[39m
[35m[HTTP][39m [37m-->[39m [37mPOST[39m [37m/wd/hub/session/a2f1ff77-4fec-4b81-b63b-8666027686e6/touch/perform[39m
[35m[HTTP][39m [90m{"actions":[{"action":"tap","options":{"element":"c368f65a-5822-439d-859c-3d0f6ae48f3f","x":1,"y":1}}]}[39m
[35m[UiAutomator2][39m calling get location: c368f65a-5822-439d-859c-3d0f6ae48f3f
[35m[HTTP][39m [37m<-- POST /wd/hub/session/a2f1ff77-4fec-4b81-b63b-8666027686e6/touch/perform [39m[32m200[39m [90m2052 ms - 76[39m
[35m[HTTP][39m [90m[39m
[35m[HTTP][39m [37m-->[39m [37mGET[39m [37m/wd/hub/session/a2f1ff77-4fec-4b81-b63b-8666027686e6/window/current/size[39m
[35m[HTTP][39m [90m{}[39m
[35m[W3C][39m Driver proxy active, passing request on via HTTP proxy
[35m[JSONWP Proxy][39m Replacing sessionId c2e53d55-4b57-4ea1-85bf-c4a1c6390cd2 with a2f1ff77-4fec-4b81-b63b-8666027686e6
[35m[HTTP][39m [37m<-- GET /wd/hub/session/a2f1ff77-4fec-4b81-b63b-8666027686e6/window/current/size [39m[32m200[39m [90m54 ms - 100[39m
[35m[HTTP][39m [90m[39m
[35m[HTTP][39m [37m-->[39m [37mPOST[39m [37m/wd/hub/session/a2f1ff77-4fec-4b81-b63b-8666027686e6/elements[39m
[35m[HTTP][39m [90m{"using":"-android uiautomator","value":"new UiSelector().className(\"android.widget.TextView\").text(\"LANJUTKAN\").resourceId(\"id.co.myhomecredit.dev:id/btn_next_opf\").instance(2)"}[39m
[35m[HTTP][39m [37m<-- POST /wd/hub/session/a2f1ff77-4fec-4b81-b63b-8666027686e6/elements [39m[32m200[39m [90m106 ms - 124[39m
[35m[HTTP][39m [90m[39m
[35m[HTTP][39m [37m-->[39m [37mGET[39m [37m/wd/hub/session/a2f1ff77-4fec-4b81-b63b-8666027686e6[39m
[35m[HTTP][39m [90m{}[39m
[35m[HTTP][39m [37m<-- GET /wd/hub/session/a2f1ff77-4fec-4b81-b63b-8666027686e6 [39m[32m200[39m [90m30 ms - 1359[39m
[35m[HTTP][39m [90m[39m
[35m[HTTP][39m [37m-->[39m [37mGET[39m [37m/wd/hub/session/a2f1ff77-4fec-4b81-b63b-8666027686e6[39m
[35m[HTTP][39m [90m{}[39m
[35m[HTTP][39m [37m<-- GET /wd/hub/session/a2f1ff77-4fec-4b81-b63b-8666027686e6 [39m[32m200[39m [90m27 ms - 1359[39m
[35m[HTTP][39m [90m[39m
[35m[HTTP][39m [37m-->[39m [37mGET[39m [37m/wd/hub/session/a2f1ff77-4fec-4b81-b63b-8666027686e6[39m
[35m[HTTP][39m [90m{}[39m
[35m[HTTP][39m [37m<-- GET /wd/hub/session/a2f1ff77-4fec-4b81-b63b-8666027686e6 [39m[32m200[39m [90m39 ms - 1359[39m
[35m[HTTP][39m [90m[39m
[35m[HTTP][39m [37m-->[39m [37mGET[39m [37m/wd/hub/session/a2f1ff77-4fec-4b81-b63b-8666027686e6[39m
[35m[HTTP][39m [90m{}[39m
[35m[HTTP][39m [37m<-- GET /wd/hub/session/a2f1ff77-4fec-4b81-b63b-8666027686e6 [39m[32m200[39m [90m32 ms - 1359[39m
[35m[HTTP][39m [90m[39m
[35m[HTTP][39m [37m-->[39m [37mGET[39m [37m/wd/hub/session/a2f1ff77-4fec-4b81-b63b-8666027686e6/element/e0a35a91-f720-466b-9ee7-8015b7b99f77/location[39m
[35m[HTTP][39m [90m{}[39m
[35m[W3C][39m Driver proxy active, passing request on via HTTP proxy
[35m[JSONWP Proxy][39m Replacing sessionId c2e53d55-4b57-4ea1-85bf-c4a1c6390cd2 with a2f1ff77-4fec-4b81-b63b-8666027686e6
[35m[HTTP][39m [37m<-- GET /wd/hub/session/a2f1ff77-4fec-4b81-b63b-8666027686e6/element/e0a35a91-f720-466b-9ee7-8015b7b99f77/location [39m[32m200[39m [90m36 ms - 90[39m
[35m[HTTP][39m [90m[39m
[35m[HTTP][39m [37m-->[39m [37mPOST[39m [37m/wd/hub/session/a2f1ff77-4fec-4b81-b63b-8666027686e6/touch/perform[39m
[35m[HTTP][39m [90m{"actions":[{"action":"tap","options":{"element":"e0a35a91-f720-466b-9ee7-8015b7b99f77","x":1,"y":1}}]}[39m
[35m[UiAutomator2][39m calling get location: e0a35a91-f720-466b-9ee7-8015b7b99f77
[35m[HTTP][39m [37m<-- POST /wd/hub/session/a2f1ff77-4fec-4b81-b63b-8666027686e6/touch/perform [39m[32m200[39m [90m896 ms - 76[39m
[35m[HTTP][39m [90m[39m
[35m[HTTP][39m [37m-->[39m [37mGET[39m [37m/wd/hub/session/a2f1ff77-4fec-4b81-b63b-8666027686e6/window/current/size[39m
[35m[HTTP][39m [90m{}[39m
[35m[W3C][39m Driver proxy active, passing request on via HTTP proxy
[35m[JSONWP Proxy][39m Replacing sessionId c2e53d55-4b57-4ea1-85bf-c4a1c6390cd2 with a2f1ff77-4fec-4b81-b63b-8666027686e6
[35m[HTTP][39m [37m<-- GET /wd/hub/session/a2f1ff77-4fec-4b81-b63b-8666027686e6/window/current/size [39m[32m200[39m [90m57 ms - 100[39m
[35m[HTTP][39m [90m[39m
[35m[HTTP][39m [37m-->[39m [37mPOST[39m [37m/wd/hub/session/a2f1ff77-4fec-4b81-b63b-8666027686e6/elements[39m
[35m[HTTP][39m [90m{"using":"-android uiautomator","value":"new UiSelector().className(\"android.widget.ImageView\").resourceId(\"id.co.myhomecredit.dev:id/iv_opf_upload_selfie\").instance(2)"}[39m
[35m[HTTP][39m [37m<-- POST /wd/hub/session/a2f1ff77-4fec-4b81-b63b-8666027686e6/elements [39m[32m200[39m [90m71 ms - 124[39m
[35m[HTTP][39m [90m[39m
[35m[HTTP][39m [37m-->[39m [37mGET[39m [37m/wd/hub/session/a2f1ff77-4fec-4b81-b63b-8666027686e6[39m
[35m[HTTP][39m [90m{}[39m
[35m[HTTP][39m [37m<-- GET /wd/hub/session/a2f1ff77-4fec-4b81-b63b-8666027686e6 [39m[32m200[39m [90m30 ms - 1359[39m
[35m[HTTP][39m [90m[39m
[35m[HTTP][39m [37m-->[39m [37mGET[39m [37m/wd/hub/session/a2f1ff77-4fec-4b81-b63b-8666027686e6[39m
[35m[HTTP][39m [90m{}[39m
[35m[HTTP][39m [37m<-- GET /wd/hub/session/a2f1ff77-4fec-4b81-b63b-8666027686e6 [39m[32m200[39m [90m32 ms - 1359[39m
[35m[HTTP][39m [90m[39m
[35m[HTTP][39m [37m-->[39m [37mGET[39m [37m/wd/hub/session/a2f1ff77-4fec-4b81-b63b-8666027686e6[39m
[35m[HTTP][39m [90m{}[39m
[35m[HTTP][39m [37m<-- GET /wd/hub/session/a2f1ff77-4fec-4b81-b63b-8666027686e6 [39m[32m200[39m [90m28 ms - 1359[39m
[35m[HTTP][39m [90m[39m
[35m[HTTP][39m [37m-->[39m [37mGET[39m [37m/wd/hub/session/a2f1ff77-4fec-4b81-b63b-8666027686e6[39m
[35m[HTTP][39m [90m{}[39m
[35m[HTTP][39m [37m<-- GET /wd/hub/session/a2f1ff77-4fec-4b81-b63b-8666027686e6 [39m[32m200[39m [90m25 ms - 1359[39m
[35m[HTTP][39m [90m[39m
[35m[HTTP][39m [37m-->[39m [37mGET[39m [37m/wd/hub/session/a2f1ff77-4fec-4b81-b63b-8666027686e6/element/4b95b416-f874-4be0-bb12-5772ed70d174/location[39m
[35m[HTTP][39m [90m{}[39m
[35m[W3C][39m Driver proxy active, passing request on via HTTP proxy
[35m[JSONWP Proxy][39m Replacing sessionId c2e53d55-4b57-4ea1-85bf-c4a1c6390cd2 with a2f1ff77-4fec-4b81-b63b-8666027686e6
[35m[HTTP][39m [37m<-- GET /wd/hub/session/a2f1ff77-4fec-4b81-b63b-8666027686e6/element/4b95b416-f874-4be0-bb12-5772ed70d174/location [39m[32m200[39m [90m33 ms - 89[39m
[35m[HTTP][39m [90m[39m
[35m[HTTP][39m [37m-->[39m [37mPOST[39m [37m/wd/hub/session/a2f1ff77-4fec-4b81-b63b-8666027686e6/touch/perform[39m
[35m[HTTP][39m [90m{"actions":[{"action":"tap","options":{"element":"4b95b416-f874-4be0-bb12-5772ed70d174","x":1,"y":1}}]}[39m
[35m[UiAutomator2][39m calling get location: 4b95b416-f874-4be0-bb12-5772ed70d174
[35m[HTTP][39m [37m<-- POST /wd/hub/session/a2f1ff77-4fec-4b81-b63b-8666027686e6/touch/perform [39m[32m200[39m [90m1667 ms - 76[39m
[35m[HTTP][39m [90m[39m
[35m[HTTP][39m [37m-->[39m [37mGET[39m [37m/wd/hub/session/a2f1ff77-4fec-4b81-b63b-8666027686e6/context[39m
[35m[HTTP][39m [90m{}[39m
[35m[HTTP][39m [37m<-- GET /wd/hub/session/a2f1ff77-4fec-4b81-b63b-8666027686e6/context [39m[32m200[39m [90m2 ms - 84[39m
[35m[HTTP][39m [90m[39m
[35m[HTTP][39m [37m-->[39m [37mGET[39m [37m/wd/hub/session/a2f1ff77-4fec-4b81-b63b-8666027686e6/contexts[39m
[35m[HTTP][39m [90m{}[39m
[35m[HTTP][39m [37m<-- GET /wd/hub/session/a2f1ff77-4fec-4b81-b63b-8666027686e6/contexts [39m[32m200[39m [90m219 ms - 86[39m
[35m[HTTP][39m [90m[39m
[35m[HTTP][39m [37m-->[39m [37mPOST[39m [37m/wd/hub/session/a2f1ff77-4fec-4b81-b63b-8666027686e6/context[39m
[35m[HTTP][39m [90m{"name":"NATIVE_APP"}[39m
[35m[HTTP][39m [37m<-- POST /wd/hub/session/a2f1ff77-4fec-4b81-b63b-8666027686e6/context [39m[32m200[39m [90m148 ms - 76[39m
[35m[HTTP][39m [90m[39m
[35m[HTTP][39m [37m-->[39m [37mPOST[39m [37m/wd/hub/session/a2f1ff77-4fec-4b81-b63b-8666027686e6/element[39m
[35m[HTTP][39m [90m{"using":"-android uiautomator","value":"new UiScrollable(new UiSelector().scrollable(true).instance(0)).scrollIntoView(new UiSelector().textContains(\"LANJUTKAN\"))"}[39m
[35m[HTTP][39m [37m<-- POST /wd/hub/session/a2f1ff77-4fec-4b81-b63b-8666027686e6/element [39m[32m200[39m [90m2478 ms - 122[39m
[35m[HTTP][39m [90m[39m
[35m[HTTP][39m [37m-->[39m [37mGET[39m [37m/wd/hub/session/a2f1ff77-4fec-4b81-b63b-8666027686e6[39m
[35m[HTTP][39m [90m{}[39m
[35m[HTTP][39m [37m<-- GET /wd/hub/session/a2f1ff77-4fec-4b81-b63b-8666027686e6 [39m[32m200[39m [90m38 ms - 1359[39m
[35m[HTTP][39m [90m[39m
[35m[HTTP][39m [37m-->[39m [37mGET[39m [37m/wd/hub/session/a2f1ff77-4fec-4b81-b63b-8666027686e6[39m
[35m[HTTP][39m [90m{}[39m
[35m[HTTP][39m [37m<-- GET /wd/hub/session/a2f1ff77-4fec-4b81-b63b-8666027686e6 [39m[32m200[39m [90m42 ms - 1359[39m
[35m[HTTP][39m [90m[39m
[35m[HTTP][39m [37m-->[39m [37mGET[39m [37m/wd/hub/session/a2f1ff77-4fec-4b81-b63b-8666027686e6[39m
[35m[HTTP][39m [90m{}[39m
[35m[HTTP][39m [37m<-- GET /wd/hub/session/a2f1ff77-4fec-4b81-b63b-8666027686e6 [39m[32m200[39m [90m31 ms - 1359[39m
[35m[HTTP][39m [90m[39m
[35m[HTTP][39m [37m-->[39m [37mGET[39m [37m/wd/hub/session/a2f1ff77-4fec-4b81-b63b-8666027686e6[39m
[35m[HTTP][39m [90m{}[39m
[35m[HTTP][39m [37m<-- GET /wd/hub/session/a2f1ff77-4fec-4b81-b63b-8666027686e6 [39m[32m200[39m [90m31 ms - 1359[39m
[35m[HTTP][39m [90m[39m
[35m[HTTP][39m [37m-->[39m [37mPOST[39m [37m/wd/hub/session/a2f1ff77-4fec-4b81-b63b-8666027686e6/context[39m
[35m[HTTP][39m [90m{"name":"NATIVE_APP"}[39m
[35m[HTTP][39m [37m<-- POST /wd/hub/session/a2f1ff77-4fec-4b81-b63b-8666027686e6/context [39m[32m200[39m [90m158 ms - 76[39m
[35m[HTTP][39m [90m[39m
[35m[HTTP][39m [37m-->[39m [37mGET[39m [37m/wd/hub/session/a2f1ff77-4fec-4b81-b63b-8666027686e6/window/current/size[39m
[35m[HTTP][39m [90m{}[39m
[35m[W3C][39m Driver proxy active, passing request on via HTTP proxy
[35m[JSONWP Proxy][39m Replacing sessionId c2e53d55-4b57-4ea1-85bf-c4a1c6390cd2 with a2f1ff77-4fec-4b81-b63b-8666027686e6
[35m[HTTP][39m [37m<-- GET /wd/hub/session/a2f1ff77-4fec-4b81-b63b-8666027686e6/window/current/size [39m[32m200[39m [90m44 ms - 100[39m
[35m[HTTP][39m [90m[39m
[35m[HTTP][39m [37m-->[39m [37mPOST[39m [37m/wd/hub/session/a2f1ff77-4fec-4b81-b63b-8666027686e6/elements[39m
[35m[HTTP][39m [90m{"using":"-android uiautomator","value":"new UiSelector().className(\"android.widget.TextView\").text(\"LANJUTKAN\").resourceId(\"id.co.myhomecredit.dev:id/btn_next_opf\").instance(15)"}[39m
[35m[HTTP][39m [37m<-- POST /wd/hub/session/a2f1ff77-4fec-4b81-b63b-8666027686e6/elements [39m[32m200[39m [90m215 ms - 124[39m
[35m[HTTP][39m [90m[39m
[35m[HTTP][39m [37m-->[39m [37mGET[39m [37m/wd/hub/session/a2f1ff77-4fec-4b81-b63b-8666027686e6[39m
[35m[HTTP][39m [90m{}[39m
[35m[HTTP][39m [37m<-- GET /wd/hub/session/a2f1ff77-4fec-4b81-b63b-8666027686e6 [39m[32m200[39m [90m26 ms - 1359[39m
[35m[HTTP][39m [90m[39m
[35m[HTTP][39m [37m-->[39m [37mGET[39m [37m/wd/hub/session/a2f1ff77-4fec-4b81-b63b-8666027686e6[39m
[35m[HTTP][39m [90m{}[39m
[35m[HTTP][39m [37m<-- GET /wd/hub/session/a2f1ff77-4fec-4b81-b63b-8666027686e6 [39m[32m200[39m [90m47 ms - 1359[39m
[35m[HTTP][39m [90m[39m
[35m[HTTP][39m [37m-->[39m [37mGET[39m [37m/wd/hub/session/a2f1ff77-4fec-4b81-b63b-8666027686e6[39m
[35m[HTTP][39m [90m{}[39m
[35m[HTTP][39m [37m<-- GET /wd/hub/session/a2f1ff77-4fec-4b81-b63b-8666027686e6 [39m[32m200[39m [90m33 ms - 1359[39m
[35m[HTTP][39m [90m[39m
[35m[HTTP][39m [37m-->[39m [37mGET[39m [37m/wd/hub/session/a2f1ff77-4fec-4b81-b63b-8666027686e6[39m
[35m[HTTP][39m [90m{}[39m
[35m[HTTP][39m [37m<-- GET /wd/hub/session/a2f1ff77-4fec-4b81-b63b-8666027686e6 [39m[32m200[39m [90m30 ms - 1359[39m
[35m[HTTP][39m [90m[39m
[35m[HTTP][39m [37m-->[39m [37mGET[39m [37m/wd/hub/session/a2f1ff77-4fec-4b81-b63b-8666027686e6/element/45c57eb5-eac4-47c9-8f98-9fabd417d801/location[39m
[35m[HTTP][39m [90m{}[39m
[35m[W3C][39m Driver proxy active, passing request on via HTTP proxy
[35m[JSONWP Proxy][39m Replacing sessionId c2e53d55-4b57-4ea1-85bf-c4a1c6390cd2 with a2f1ff77-4fec-4b81-b63b-8666027686e6
[35m[HTTP][39m [37m<-- GET /wd/hub/session/a2f1ff77-4fec-4b81-b63b-8666027686e6/element/45c57eb5-eac4-47c9-8f98-9fabd417d801/location [39m[32m200[39m [90m45 ms - 90[39m
[35m[HTTP][39m [90m[39m
[35m[HTTP][39m [37m-->[39m [37mPOST[39m [37m/wd/hub/session/a2f1ff77-4fec-4b81-b63b-8666027686e6/touch/perform[39m
[35m[HTTP][39m [90m{"actions":[{"action":"tap","options":{"element":"45c57eb5-eac4-47c9-8f98-9fabd417d801","x":1,"y":1}}]}[39m
[35m[UiAutomator2][39m calling get location: 45c57eb5-eac4-47c9-8f98-9fabd417d801
[35m[HTTP][39m [37m<-- POST /wd/hub/session/a2f1ff77-4fec-4b81-b63b-8666027686e6/touch/perform [39m[32m200[39m [90m1571 ms - 76[39m
[35m[HTTP][39m [90m[39m
[35m[HTTP][39m [37m-->[39m [37mGET[39m [37m/wd/hub/session/a2f1ff77-4fec-4b81-b63b-8666027686e6/window/current/size[39m
[35m[HTTP][39m [90m{}[39m
[35m[W3C][39m Driver proxy active, passing request on via HTTP proxy
[35m[JSONWP Proxy][39m Replacing sessionId c2e53d55-4b57-4ea1-85bf-c4a1c6390cd2 with a2f1ff77-4fec-4b81-b63b-8666027686e6
[35m[HTTP][39m [37m<-- GET /wd/hub/session/a2f1ff77-4fec-4b81-b63b-8666027686e6/window/current/size [39m[32m200[39m [90m34 ms - 100[39m
[35m[HTTP][39m [90m[39m
[35m[HTTP][39m [37m-->[39m [37mPOST[39m [37m/wd/hub/session/a2f1ff77-4fec-4b81-b63b-8666027686e6/elements[39m
[35m[HTTP][39m [90m{"using":"-android uiautomator","value":"new UiSelector().className(\"android.widget.ImageButton\").resourceId(\"id.co.myhomecredit.dev:id/captureImage\").instance(1)"}[39m
[35m[HTTP][39m [37m<-- POST /wd/hub/session/a2f1ff77-4fec-4b81-b63b-8666027686e6/elements [39m[32m200[39m [90m43 ms - 74[39m
[35m[HTTP][39m [90m[39m
[35m[HTTP][39m [37m-->[39m [37mPOST[39m [37m/wd/hub/session/a2f1ff77-4fec-4b81-b63b-8666027686e6/elements[39m
[35m[HTTP][39m [90m{"using":"-android uiautomator","value":"new UiSelector().className(\"android.widget.ImageButton\").resourceId(\"id.co.myhomecredit.dev:id/captureImage\").instance(1)"}[39m
[35m[HTTP][39m [37m<-- POST /wd/hub/session/a2f1ff77-4fec-4b81-b63b-8666027686e6/elements [39m[32m200[39m [90m36 ms - 74[39m
[35m[HTTP][39m [90m[39m
[35m[HTTP][39m [37m-->[39m [37mPOST[39m [37m/wd/hub/session/a2f1ff77-4fec-4b81-b63b-8666027686e6/elements[39m
[35m[HTTP][39m [90m{"using":"-android uiautomator","value":"new UiSelector().className(\"android.widget.ImageButton\").resourceId(\"id.co.myhomecredit.dev:id/captureImage\").instance(1)"}[39m
[35m[HTTP][39m [37m<-- POST /wd/hub/session/a2f1ff77-4fec-4b81-b63b-8666027686e6/elements [39m[32m200[39m [90m42 ms - 74[39m
[35m[HTTP][39m [90m[39m
[35m[HTTP][39m [37m-->[39m [37mPOST[39m [37m/wd/hub/session/a2f1ff77-4fec-4b81-b63b-8666027686e6/elements[39m
[35m[HTTP][39m [90m{"using":"-android uiautomator","value":"new UiSelector().className(\"android.widget.ImageButton\").resourceId(\"id.co.myhomecredit.dev:id/captureImage\").instance(1)"}[39m
[35m[HTTP][39m [37m<-- POST /wd/hub/session/a2f1ff77-4fec-4b81-b63b-8666027686e6/elements [39m[32m200[39m [90m34 ms - 74[39m
[35m[HTTP][39m [90m[39m
[35m[HTTP][39m [37m-->[39m [37mPOST[39m [37m/wd/hub/session/a2f1ff77-4fec-4b81-b63b-8666027686e6/elements[39m
[35m[HTTP][39m [90m{"using":"-android uiautomator","value":"new UiSelector().className(\"android.widget.ImageButton\").resourceId(\"id.co.myhomecredit.dev:id/captureImage\").instance(1)"}[39m
[35m[HTTP][39m [37m<-- POST /wd/hub/session/a2f1ff77-4fec-4b81-b63b-8666027686e6/elements [39m[32m200[39m [90m30 ms - 74[39m
[35m[HTTP][39m [90m[39m
[35m[HTTP][39m [37m-->[39m [37mPOST[39m [37m/wd/hub/session/a2f1ff77-4fec-4b81-b63b-8666027686e6/elements[39m
[35m[HTTP][39m [90m{"using":"-android uiautomator","value":"new UiSelector().className(\"android.widget.ImageButton\").resourceId(\"id.co.myhomecredit.dev:id/captureImage\").instance(1)"}[39m
[35m[HTTP][39m [37m<-- POST /wd/hub/session/a2f1ff77-4fec-4b81-b63b-8666027686e6/elements [39m[32m200[39m [90m42 ms - 74[39m
[35m[HTTP][39m [90m[39m
[35m[HTTP][39m [37m-->[39m [37mPOST[39m [37m/wd/hub/session/a2f1ff77-4fec-4b81-b63b-8666027686e6/elements[39m
[35m[HTTP][39m [90m{"using":"-android uiautomator","value":"new UiSelector().className(\"android.widget.ImageButton\").resourceId(\"id.co.myhomecredit.dev:id/captureImage\").instance(1)"}[39m
[35m[HTTP][39m [37m<-- POST /wd/hub/session/a2f1ff77-4fec-4b81-b63b-8666027686e6/elements [39m[32m200[39m [90m100 ms - 74[39m
[35m[HTTP][39m [90m[39m
[35m[HTTP][39m [37m-->[39m [37mPOST[39m [37m/wd/hub/session/a2f1ff77-4fec-4b81-b63b-8666027686e6/elements[39m
[35m[HTTP][39m [90m{"using":"-android uiautomator","value":"new UiSelector().className(\"android.widget.ImageButton\").resourceId(\"id.co.myhomecredit.dev:id/captureImage\").instance(1)"}[39m
[35m[HTTP][39m [37m<-- POST /wd/hub/session/a2f1ff77-4fec-4b81-b63b-8666027686e6/elements [39m[32m200[39m [90m31 ms - 74[39m
[35m[HTTP][39m [90m[39m
[35m[HTTP][39m [37m-->[39m [37mPOST[39m [37m/wd/hub/session/a2f1ff77-4fec-4b81-b63b-8666027686e6/elements[39m
[35m[HTTP][39m [90m{"using":"-android uiautomator","value":"new UiSelector().className(\"android.widget.ImageButton\").resourceId(\"id.co.myhomecredit.dev:id/captureImage\").instance(1)"}[39m
[35m[HTTP][39m [37m<-- POST /wd/hub/session/a2f1ff77-4fec-4b81-b63b-8666027686e6/elements [39m[32m200[39m [90m29 ms - 74[39m
[35m[HTTP][39m [90m[39m
[35m[HTTP][39m [37m-->[39m [37mPOST[39m [37m/wd/hub/session/a2f1ff77-4fec-4b81-b63b-8666027686e6/elements[39m
[35m[HTTP][39m [90m{"using":"-android uiautomator","value":"new UiSelector().className(\"android.widget.ImageButton\").resourceId(\"id.co.myhomecredit.dev:id/captureImage\").instance(1)"}[39m
[35m[HTTP][39m [37m<-- POST /wd/hub/session/a2f1ff77-4fec-4b81-b63b-8666027686e6/elements [39m[32m200[39m [90m31 ms - 74[39m
[35m[HTTP][39m [90m[39m
[35m[HTTP][39m [37m-->[39m [37mPOST[39m [37m/wd/hub/session/a2f1ff77-4fec-4b81-b63b-8666027686e6/elements[39m
[35m[HTTP][39m [90m{"using":"-android uiautomator","value":"new UiSelector().className(\"android.widget.ImageButton\").resourceId(\"id.co.myhomecredit.dev:id/captureImage\").instance(1)"}[39m
[35m[HTTP][39m [37m<-- POST /wd/hub/session/a2f1ff77-4fec-4b81-b63b-8666027686e6/elements [39m[32m200[39m [90m43 ms - 74[39m
[35m[HTTP][39m [90m[39m
[35m[HTTP][39m [37m-->[39m [37mPOST[39m [37m/wd/hub/session/a2f1ff77-4fec-4b81-b63b-8666027686e6/elements[39m
[35m[HTTP][39m [90m{"using":"-android uiautomator","value":"new UiSelector().className(\"android.widget.ImageButton\").resourceId(\"id.co.myhomecredit.dev:id/captureImage\").instance(1)"}[39m
[35m[HTTP][39m [37m<-- POST /wd/hub/session/a2f1ff77-4fec-4b81-b63b-8666027686e6/elements [39m[32m200[39m [90m33 ms - 74[39m
[35m[HTTP][39m [90m[39m
[35m[HTTP][39m [37m-->[39m [37mPOST[39m [37m/wd/hub/session/a2f1ff77-4fec-4b81-b63b-8666027686e6/elements[39m
[35m[HTTP][39m [90m{"using":"-android uiautomator","value":"new UiSelector().className(\"android.widget.ImageButton\").resourceId(\"id.co.myhomecredit.dev:id/captureImage\").instance(1)"}[39m
[35m[HTTP][39m [37m<-- POST /wd/hub/session/a2f1ff77-4fec-4b81-b63b-8666027686e6/elements [39m[32m200[39m [90m31 ms - 74[39m
[35m[HTTP][39m [90m[39m
[35m[HTTP][39m [37m-->[39m [37mPOST[39m [37m/wd/hub/session/a2f1ff77-4fec-4b81-b63b-8666027686e6/elements[39m
[35m[HTTP][39m [90m{"using":"-android uiautomator","value":"new UiSelector().className(\"android.widget.ImageButton\").resourceId(\"id.co.myhomecredit.dev:id/captureImage\").instance(1)"}[39m
[35m[HTTP][39m [37m<-- POST /wd/hub/session/a2f1ff77-4fec-4b81-b63b-8666027686e6/elements [39m[32m200[39m [90m33 ms - 74[39m
[35m[HTTP][39m [90m[39m
[35m[HTTP][39m [37m-->[39m [37mPOST[39m [37m/wd/hub/session/a2f1ff77-4fec-4b81-b63b-8666027686e6/elements[39m
[35m[HTTP][39m [90m{"using":"-android uiautomator","value":"new UiSelector().className(\"android.widget.ImageButton\").resourceId(\"id.co.myhomecredit.dev:id/captureImage\").instance(1)"}[39m
[35m[HTTP][39m [37m<-- POST /wd/hub/session/a2f1ff77-4fec-4b81-b63b-8666027686e6/elements [39m[32m200[39m [90m40 ms - 74[39m
[35m[HTTP][39m [90m[39m
[35m[HTTP][39m [37m-->[39m [37mPOST[39m [37m/wd/hub/session/a2f1ff77-4fec-4b81-b63b-8666027686e6/elements[39m
[35m[HTTP][39m [90m{"using":"-android uiautomator","value":"new UiSelector().className(\"android.widget.ImageButton\").resourceId(\"id.co.myhomecredit.dev:id/captureImage\").instance(1)"}[39m
[35m[HTTP][39m [37m<-- POST /wd/hub/session/a2f1ff77-4fec-4b81-b63b-8666027686e6/elements [39m[32m200[39m [90m51 ms - 74[39m
[35m[HTTP][39m [90m[39m
[35m[HTTP][39m [37m-->[39m [37mPOST[39m [37m/wd/hub/session/a2f1ff77-4fec-4b81-b63b-8666027686e6/elements[39m
[35m[HTTP][39m [90m{"using":"-android uiautomator","value":"new UiSelector().className(\"android.widget.ImageButton\").resourceId(\"id.co.myhomecredit.dev:id/captureImage\").instance(1)"}[39m
[35m[HTTP][39m [37m<-- POST /wd/hub/session/a2f1ff77-4fec-4b81-b63b-8666027686e6/elements [39m[32m200[39m [90m61 ms - 74[39m
[35m[HTTP][39m [90m[39m
[35m[HTTP][39m [37m-->[39m [37mPOST[39m [37m/wd/hub/session/a2f1ff77-4fec-4b81-b63b-8666027686e6/elements[39m
[35m[HTTP][39m [90m{"using":"-android uiautomator","value":"new UiSelector().className(\"android.widget.ImageButton\").resourceId(\"id.co.myhomecredit.dev:id/captureImage\").instance(1)"}[39m
[35m[HTTP][39m [37m<-- POST /wd/hub/session/a2f1ff77-4fec-4b81-b63b-8666027686e6/elements [39m[32m200[39m [90m40 ms - 74[39m
[35m[HTTP][39m [90m[39m
[35m[HTTP][39m [37m-->[39m [37mPOST[39m [37m/wd/hub/session/a2f1ff77-4fec-4b81-b63b-8666027686e6/elements[39m
[35m[HTTP][39m [90m{"using":"-android uiautomator","value":"new UiSelector().className(\"android.widget.ImageButton\").resourceId(\"id.co.myhomecredit.dev:id/captureImage\").instance(1)"}[39m
[35m[HTTP][39m [37m<-- POST /wd/hub/session/a2f1ff77-4fec-4b81-b63b-8666027686e6/elements [39m[32m200[39m [90m49 ms - 74[39m
[35m[HTTP][39m [90m[39m
[35m[HTTP][39m [37m-->[39m [37mPOST[39m [37m/wd/hub/session/a2f1ff77-4fec-4b81-b63b-8666027686e6/elements[39m
[35m[HTTP][39m [90m{"using":"-android uiautomator","value":"new UiSelector().className(\"android.widget.ImageButton\").resourceId(\"id.co.myhomecredit.dev:id/captureImage\").instance(1)"}[39m
[35m[HTTP][39m [37m<-- POST /wd/hub/session/a2f1ff77-4fec-4b81-b63b-8666027686e6/elements [39m[32m200[39m [90m45 ms - 74[39m
[35m[HTTP][39m [90m[39m
[35m[HTTP][39m [37m-->[39m [37mPOST[39m [37m/wd/hub/session/a2f1ff77-4fec-4b81-b63b-8666027686e6/elements[39m
[35m[HTTP][39m [90m{"using":"-android uiautomator","value":"new UiSelector().className(\"android.widget.ImageButton\").resourceId(\"id.co.myhomecredit.dev:id/captureImage\").instance(1)"}[39m
[35m[HTTP][39m [37m<-- POST /wd/hub/session/a2f1ff77-4fec-4b81-b63b-8666027686e6/elements [39m[32m200[39m [90m50 ms - 74[39m
[35m[HTTP][39m [90m[39m
[35m[HTTP][39m [37m-->[39m [37mPOST[39m [37m/wd/hub/session/a2f1ff77-4fec-4b81-b63b-8666027686e6/elements[39m
[35m[HTTP][39m [90m{"using":"-android uiautomator","value":"new UiSelector().className(\"android.widget.ImageButton\").resourceId(\"id.co.myhomecredit.dev:id/captureImage\").instance(1)"}[39m
[35m[HTTP][39m [37m<-- POST /wd/hub/session/a2f1ff77-4fec-4b81-b63b-8666027686e6/elements [39m[32m200[39m [90m41 ms - 74[39m
[35m[HTTP][39m [90m[39m
[35m[HTTP][39m [37m-->[39m [37mPOST[39m [37m/wd/hub/session/a2f1ff77-4fec-4b81-b63b-8666027686e6/elements[39m
[35m[HTTP][39m [90m{"using":"-android uiautomator","value":"new UiSelector().className(\"android.widget.ImageButton\").resourceId(\"id.co.myhomecredit.dev:id/captureImage\").instance(1)"}[39m
[35m[HTTP][39m [37m<-- POST /wd/hub/session/a2f1ff77-4fec-4b81-b63b-8666027686e6/elements [39m[32m200[39m [90m61 ms - 74[39m
[35m[HTTP][39m [90m[39m
[35m[HTTP][39m [37m-->[39m [37mPOST[39m [37m/wd/hub/session/a2f1ff77-4fec-4b81-b63b-8666027686e6/elements[39m
[35m[HTTP][39m [90m{"using":"-android uiautomator","value":"new UiSelector().className(\"android.widget.ImageButton\").resourceId(\"id.co.myhomecredit.dev:id/captureImage\").instance(1)"}[39m
[35m[HTTP][39m [37m<-- POST /wd/hub/session/a2f1ff77-4fec-4b81-b63b-8666027686e6/elements [39m[32m200[39m [90m43 ms - 74[39m
[35m[HTTP][39m [90m[39m
[35m[HTTP][39m [37m-->[39m [37mPOST[39m [37m/wd/hub/session/a2f1ff77-4fec-4b81-b63b-8666027686e6/elements[39m
[35m[HTTP][39m [90m{"using":"-android uiautomator","value":"new UiSelector().className(\"android.widget.ImageButton\").resourceId(\"id.co.myhomecredit.dev:id/captureImage\").instance(1)"}[39m
[35m[HTTP][39m [37m<-- POST /wd/hub/session/a2f1ff77-4fec-4b81-b63b-8666027686e6/elements [39m[32m200[39m [90m65 ms - 74[39m
[35m[HTTP][39m [90m[39m
[35m[HTTP][39m [37m-->[39m [37mPOST[39m [37m/wd/hub/session/a2f1ff77-4fec-4b81-b63b-8666027686e6/elements[39m
[35m[HTTP][39m [90m{"using":"-android uiautomator","value":"new UiSelector().className(\"android.widget.ImageButton\").resourceId(\"id.co.myhomecredit.dev:id/captureImage\").instance(1)"}[39m
[35m[HTTP][39m [37m<-- POST /wd/hub/session/a2f1ff77-4fec-4b81-b63b-8666027686e6/elements [39m[32m200[39m [90m48 ms - 74[39m
[35m[HTTP][39m [90m[39m
[35m[HTTP][39m [37m-->[39m [37mPOST[39m [37m/wd/hub/session/a2f1ff77-4fec-4b81-b63b-8666027686e6/elements[39m
[35m[HTTP][39m [90m{"using":"-android uiautomator","value":"new UiSelector().className(\"android.widget.ImageButton\").resourceId(\"id.co.myhomecredit.dev:id/captureImage\").instance(1)"}[39m
[35m[HTTP][39m [37m<-- POST /wd/hub/session/a2f1ff77-4fec-4b81-b63b-8666027686e6/elements [39m[32m200[39m [90m43 ms - 74[39m
[35m[HTTP][39m [90m[39m
[35m[HTTP][39m [37m-->[39m [37mPOST[39m [37m/wd/hub/session/a2f1ff77-4fec-4b81-b63b-8666027686e6/elements[39m
[35m[HTTP][39m [90m{"using":"-android uiautomator","value":"new UiSelector().className(\"android.widget.ImageButton\").resourceId(\"id.co.myhomecredit.dev:id/captureImage\").instance(1)"}[39m
[35m[HTTP][39m [37m<-- POST /wd/hub/session/a2f1ff77-4fec-4b81-b63b-8666027686e6/elements [39m[32m200[39m [90m48 ms - 74[39m
[35m[HTTP][39m [90m[39m
[35m[HTTP][39m [37m-->[39m [37mPOST[39m [37m/wd/hub/session/a2f1ff77-4fec-4b81-b63b-8666027686e6/elements[39m
[35m[HTTP][39m [90m{"using":"-android uiautomator","value":"new UiSelector().className(\"android.widget.ImageButton\").resourceId(\"id.co.myhomecredit.dev:id/captureImage\").instance(1)"}[39m
[35m[HTTP][39m [37m<-- POST /wd/hub/session/a2f1ff77-4fec-4b81-b63b-8666027686e6/elements [39m[32m200[39m [90m45 ms - 74[39m
[35m[HTTP][39m [90m[39m
[35m[HTTP][39m [37m-->[39m [37mPOST[39m [37m/wd/hub/session/a2f1ff77-4fec-4b81-b63b-8666027686e6/elements[39m
[35m[HTTP][39m [90m{"using":"-android uiautomator","value":"new UiSelector().className(\"android.widget.ImageButton\").resourceId(\"id.co.myhomecredit.dev:id/captureImage\").instance(1)"}[39m
[35m[HTTP][39m [37m<-- POST /wd/hub/session/a2f1ff77-4fec-4b81-b63b-8666027686e6/elements [39m[32m200[39m [90m39 ms - 74[39m
[35m[HTTP][39m [90m[39m
[35m[HTTP][39m [37m-->[39m [37mPOST[39m [37m/wd/hub/session/a2f1ff77-4fec-4b81-b63b-8666027686e6/elements[39m
[35m[HTTP][39m [90m{"using":"-android uiautomator","value":"new UiSelector().className(\"android.widget.ImageButton\").resourceId(\"id.co.myhomecredit.dev:id/captureImage\").instance(1)"}[39m
[35m[HTTP][39m [37m<-- POST /wd/hub/session/a2f1ff77-4fec-4b81-b63b-8666027686e6/elements [39m[32m200[39m [90m40 ms - 74[39m
[35m[HTTP][39m [90m[39m
[35m[HTTP][39m [37m-->[39m [37mPOST[39m [37m/wd/hub/session/a2f1ff77-4fec-4b81-b63b-8666027686e6/elements[39m
[35m[HTTP][39m [90m{"using":"-android uiautomator","value":"new UiSelector().className(\"android.widget.ImageButton\").resourceId(\"id.co.myhomecredit.dev:id/captureImage\").instance(1)"}[39m
[35m[HTTP][39m [37m<-- POST /wd/hub/session/a2f1ff77-4fec-4b81-b63b-8666027686e6/elements [39m[32m200[39m [90m39 ms - 74[39m
[35m[HTTP][39m [90m[39m
[35m[HTTP][39m [37m-->[39m [37mPOST[39m [37m/wd/hub/session/a2f1ff77-4fec-4b81-b63b-8666027686e6/elements[39m
[35m[HTTP][39m [90m{"using":"-android uiautomator","value":"new UiSelector().className(\"android.widget.ImageButton\").resourceId(\"id.co.myhomecredit.dev:id/captureImage\").instance(1)"}[39m
[35m[HTTP][39m [37m<-- POST /wd/hub/session/a2f1ff77-4fec-4b81-b63b-8666027686e6/elements [39m[32m200[39m [90m42 ms - 74[39m
[35m[HTTP][39m [90m[39m
[35m[HTTP][39m [37m-->[39m [37mPOST[39m [37m/wd/hub/session/a2f1ff77-4fec-4b81-b63b-8666027686e6/elements[39m
[35m[HTTP][39m [90m{"using":"-android uiautomator","value":"new UiSelector().className(\"android.widget.ImageButton\").resourceId(\"id.co.myhomecredit.dev:id/captureImage\").instance(1)"}[39m
[35m[HTTP][39m [37m<-- POST /wd/hub/session/a2f1ff77-4fec-4b81-b63b-8666027686e6/elements [39m[32m200[39m [90m46 ms - 74[39m
[35m[HTTP][39m [90m[39m
[35m[HTTP][39m [37m-->[39m [37mPOST[39m [37m/wd/hub/session/a2f1ff77-4fec-4b81-b63b-8666027686e6/elements[39m
[35m[HTTP][39m [90m{"using":"-android uiautomator","value":"new UiSelector().className(\"android.widget.ImageButton\").resourceId(\"id.co.myhomecredit.dev:id/captureImage\").instance(1)"}[39m
[35m[HTTP][39m [37m<-- POST /wd/hub/session/a2f1ff77-4fec-4b81-b63b-8666027686e6/elements [39m[32m200[39m [90m50 ms - 74[39m
[35m[HTTP][39m [90m[39m
[35m[HTTP][39m [37m-->[39m [37mPOST[39m [37m/wd/hub/session/a2f1ff77-4fec-4b81-b63b-8666027686e6/elements[39m
[35m[HTTP][39m [90m{"using":"-android uiautomator","value":"new UiSelector().className(\"android.widget.ImageButton\").resourceId(\"id.co.myhomecredit.dev:id/captureImage\").instance(1)"}[39m
[35m[HTTP][39m [37m<-- POST /wd/hub/session/a2f1ff77-4fec-4b81-b63b-8666027686e6/elements [39m[32m200[39m [90m46 ms - 74[39m
[35m[HTTP][39m [90m[39m
[35m[HTTP][39m [37m-->[39m [37mPOST[39m [37m/wd/hub/session/a2f1ff77-4fec-4b81-b63b-8666027686e6/elements[39m
[35m[HTTP][39m [90m{"using":"-android uiautomator","value":"new UiSelector().className(\"android.widget.ImageButton\").resourceId(\"id.co.myhomecredit.dev:id/captureImage\").instance(1)"}[39m
[35m[HTTP][39m [37m<-- POST /wd/hub/session/a2f1ff77-4fec-4b81-b63b-8666027686e6/elements [39m[32m200[39m [90m42 ms - 74[39m
[35m[HTTP][39m [90m[39m
[35m[HTTP][39m [37m-->[39m [37mPOST[39m [37m/wd/hub/session/a2f1ff77-4fec-4b81-b63b-8666027686e6/elements[39m
[35m[HTTP][39m [90m{"using":"-android uiautomator","value":"new UiSelector().className(\"android.widget.ImageButton\").resourceId(\"id.co.myhomecredit.dev:id/captureImage\").instance(1)"}[39m
[35m[HTTP][39m [37m<-- POST /wd/hub/session/a2f1ff77-4fec-4b81-b63b-8666027686e6/elements [39m[32m200[39m [90m45 ms - 74[39m
[35m[HTTP][39m [90m[39m
[35m[HTTP][39m [37m-->[39m [37mPOST[39m [37m/wd/hub/session/a2f1ff77-4fec-4b81-b63b-8666027686e6/elements[39m
[35m[HTTP][39m [90m{"using":"-android uiautomator","value":"new UiSelector().className(\"android.widget.ImageButton\").resourceId(\"id.co.myhomecredit.dev:id/captureImage\").instance(1)"}[39m
[35m[HTTP][39m [37m<-- POST /wd/hub/session/a2f1ff77-4fec-4b81-b63b-8666027686e6/elements [39m[32m200[39m [90m50 ms - 74[39m
[35m[HTTP][39m [90m[39m
[35m[HTTP][39m [37m-->[39m [37mPOST[39m [37m/wd/hub/session/a2f1ff77-4fec-4b81-b63b-8666027686e6/elements[39m
[35m[HTTP][39m [90m{"using":"-android uiautomator","value":"new UiSelector().className(\"android.widget.ImageButton\").resourceId(\"id.co.myhomecredit.dev:id/captureImage\").instance(1)"}[39m
[35m[HTTP][39m [37m<-- POST /wd/hub/session/a2f1ff77-4fec-4b81-b63b-8666027686e6/elements [39m[32m200[39m [90m51 ms - 74[39m
[35m[HTTP][39m [90m[39m
[35m[HTTP][39m [37m-->[39m [37mPOST[39m [37m/wd/hub/session/a2f1ff77-4fec-4b81-b63b-8666027686e6/elements[39m
[35m[HTTP][39m [90m{"using":"-android uiautomator","value":"new UiSelector().className(\"android.widget.ImageButton\").resourceId(\"id.co.myhomecredit.dev:id/captureImage\").instance(1)"}[39m
[35m[HTTP][39m [37m<-- POST /wd/hub/session/a2f1ff77-4fec-4b81-b63b-8666027686e6/elements [39m[32m200[39m [90m40 ms - 74[39m
[35m[HTTP][39m [90m[39m
[35m[HTTP][39m [37m-->[39m [37mPOST[39m [37m/wd/hub/session/a2f1ff77-4fec-4b81-b63b-8666027686e6/elements[39m
[35m[HTTP][39m [90m{"using":"-android uiautomator","value":"new UiSelector().className(\"android.widget.ImageButton\").resourceId(\"id.co.myhomecredit.dev:id/captureImage\").instance(1)"}[39m
[35m[HTTP][39m [37m<-- POST /wd/hub/session/a2f1ff77-4fec-4b81-b63b-8666027686e6/elements [39m[32m200[39m [90m47 ms - 74[39m
[35m[HTTP][39m [90m[39m
[35m[HTTP][39m [37m-->[39m [37mPOST[39m [37m/wd/hub/session/a2f1ff77-4fec-4b81-b63b-8666027686e6/elements[39m
[35m[HTTP][39m [90m{"using":"-android uiautomator","value":"new UiSelector().className(\"android.widget.ImageButton\").resourceId(\"id.co.myhomecredit.dev:id/captureImage\").instance(1)"}[39m
[35m[HTTP][39m [37m<-- POST /wd/hub/session/a2f1ff77-4fec-4b81-b63b-8666027686e6/elements [39m[32m200[39m [90m46 ms - 74[39m
[35m[HTTP][39m [90m[39m
[35m[HTTP][39m [37m-->[39m [37mPOST[39m [37m/wd/hub/session/a2f1ff77-4fec-4b81-b63b-8666027686e6/elements[39m
[35m[HTTP][39m [90m{"using":"-android uiautomator","value":"new UiSelector().className(\"android.widget.ImageButton\").resourceId(\"id.co.myhomecredit.dev:id/captureImage\").instance(1)"}[39m
[35m[HTTP][39m [37m<-- POST /wd/hub/session/a2f1ff77-4fec-4b81-b63b-8666027686e6/elements [39m[32m200[39m [90m47 ms - 74[39m
[35m[HTTP][39m [90m[39m
[35m[HTTP][39m [37m-->[39m [37mPOST[39m [37m/wd/hub/session/a2f1ff77-4fec-4b81-b63b-8666027686e6/elements[39m
[35m[HTTP][39m [90m{"using":"-android uiautomator","value":"new UiSelector().className(\"android.widget.ImageButton\").resourceId(\"id.co.myhomecredit.dev:id/captureImage\").instance(1)"}[39m
[35m[HTTP][39m [37m<-- POST /wd/hub/session/a2f1ff77-4fec-4b81-b63b-8666027686e6/elements [39m[32m200[39m [90m41 ms - 74[39m
[35m[HTTP][39m [90m[39m
[35m[HTTP][39m [37m-->[39m [37mPOST[39m [37m/wd/hub/session/a2f1ff77-4fec-4b81-b63b-8666027686e6/elements[39m
[35m[HTTP][39m [90m{"using":"-android uiautomator","value":"new UiSelector().className(\"android.widget.ImageButton\").resourceId(\"id.co.myhomecredit.dev:id/captureImage\").instance(1)"}[39m
[35m[HTTP][39m [37m<-- POST /wd/hub/session/a2f1ff77-4fec-4b81-b63b-8666027686e6/elements [39m[32m200[39m [90m50 ms - 74[39m
[35m[HTTP][39m [90m[39m
[35m[HTTP][39m [37m-->[39m [37mPOST[39m [37m/wd/hub/session/a2f1ff77-4fec-4b81-b63b-8666027686e6/elements[39m
[35m[HTTP][39m [90m{"using":"-android uiautomator","value":"new UiSelector().className(\"android.widget.ImageButton\").resourceId(\"id.co.myhomecredit.dev:id/captureImage\").instance(1)"}[39m
[35m[HTTP][39m [37m<-- POST /wd/hub/session/a2f1ff77-4fec-4b81-b63b-8666027686e6/elements [39m[32m200[39m [90m50 ms - 74[39m
[35m[HTTP][39m [90m[39m
[35m[HTTP][39m [37m-->[39m [37mPOST[39m [37m/wd/hub/session/a2f1ff77-4fec-4b81-b63b-8666027686e6/elements[39m
[35m[HTTP][39m [90m{"using":"-android uiautomator","value":"new UiSelector().className(\"android.widget.ImageButton\").resourceId(\"id.co.myhomecredit.dev:id/captureImage\").instance(1)"}[39m
[35m[HTTP][39m [37m<-- POST /wd/hub/session/a2f1ff77-4fec-4b81-b63b-8666027686e6/elements [39m[32m200[39m [90m53 ms - 74[39m
[35m[HTTP][39m [90m[39m
[35m[HTTP][39m [37m-->[39m [37mPOST[39m [37m/wd/hub/session/a2f1ff77-4fec-4b81-b63b-8666027686e6/elements[39m
[35m[HTTP][39m [90m{"using":"-android uiautomator","value":"new UiSelector().className(\"android.widget.ImageButton\").resourceId(\"id.co.myhomecredit.dev:id/captureImage\").instance(1)"}[39m
[35m[HTTP][39m [37m<-- POST /wd/hub/session/a2f1ff77-4fec-4b81-b63b-8666027686e6/elements [39m[32m200[39m [90m45 ms - 74[39m
[35m[HTTP][39m [90m[39m
[35m[HTTP][39m [37m-->[39m [37mPOST[39m [37m/wd/hub/session/a2f1ff77-4fec-4b81-b63b-8666027686e6/elements[39m
[35m[HTTP][39m [90m{"using":"-android uiautomator","value":"new UiSelector().className(\"android.widget.ImageButton\").resourceId(\"id.co.myhomecredit.dev:id/captureImage\").instance(1)"}[39m
[35m[HTTP][39m [37m<-- POST /wd/hub/session/a2f1ff77-4fec-4b81-b63b-8666027686e6/elements [39m[32m200[39m [90m48 ms - 74[39m
[35m[HTTP][39m [90m[39m
[35m[HTTP][39m [37m-->[39m [37mPOST[39m [37m/wd/hub/session/a2f1ff77-4fec-4b81-b63b-8666027686e6/elements[39m
[35m[HTTP][39m [90m{"using":"-android uiautomator","value":"new UiSelector().className(\"android.widget.ImageButton\").resourceId(\"id.co.myhomecredit.dev:id/captureImage\").instance(1)"}[39m
[35m[HTTP][39m [37m<-- POST /wd/hub/session/a2f1ff77-4fec-4b81-b63b-8666027686e6/elements [39m[32m200[39m [90m35 ms - 74[39m
[35m[HTTP][39m [90m[39m
[35m[HTTP][39m [37m-->[39m [37mPOST[39m [37m/wd/hub/session/a2f1ff77-4fec-4b81-b63b-8666027686e6/elements[39m
[35m[HTTP][39m [90m{"using":"-android uiautomator","value":"new UiSelector().className(\"android.widget.ImageButton\").resourceId(\"id.co.myhomecredit.dev:id/captureImage\").instance(1)"}[39m
[35m[HTTP][39m [37m<-- POST /wd/hub/session/a2f1ff77-4fec-4b81-b63b-8666027686e6/elements [39m[32m200[39m [90m50 ms - 74[39m
[35m[HTTP][39m [90m[39m
[35m[HTTP][39m [37m-->[39m [37mPOST[39m [37m/wd/hub/session/a2f1ff77-4fec-4b81-b63b-8666027686e6/elements[39m
[35m[HTTP][39m [90m{"using":"-android uiautomator","value":"new UiSelector().className(\"android.widget.ImageButton\").resourceId(\"id.co.myhomecredit.dev:id/captureImage\").instance(1)"}[39m
[35m[HTTP][39m [37m<-- POST /wd/hub/session/a2f1ff77-4fec-4b81-b63b-8666027686e6/elements [39m[32m200[39m [90m52 ms - 74[39m
[35m[HTTP][39m [90m[39m
[35m[HTTP][39m [37m-->[39m [37mPOST[39m [37m/wd/hub/session/a2f1ff77-4fec-4b81-b63b-8666027686e6/elements[39m
[35m[HTTP][39m [90m{"using":"-android uiautomator","value":"new UiSelector().className(\"android.widget.ImageButton\").resourceId(\"id.co.myhomecredit.dev:id/captureImage\").instance(1)"}[39m
[35m[HTTP][39m [37m<-- POST /wd/hub/session/a2f1ff77-4fec-4b81-b63b-8666027686e6/elements [39m[32m200[39m [90m39 ms - 74[39m
[35m[HTTP][39m [90m[39m
[35m[HTTP][39m [37m-->[39m [37mPOST[39m [37m/wd/hub/session/a2f1ff77-4fec-4b81-b63b-8666027686e6/elements[39m
[35m[HTTP][39m [90m{"using":"-android uiautomator","value":"new UiSelector().className(\"android.widget.ImageButton\").resourceId(\"id.co.myhomecredit.dev:id/captureImage\").instance(1)"}[39m
[35m[HTTP][39m [37m<-- POST /wd/hub/session/a2f1ff77-4fec-4b81-b63b-8666027686e6/elements [39m[32m200[39m [90m49 ms - 74[39m
[35m[HTTP][39m [90m[39m
[35m[HTTP][39m [37m-->[39m [37mPOST[39m [37m/wd/hub/session/a2f1ff77-4fec-4b81-b63b-8666027686e6/elements[39m
[35m[HTTP][39m [90m{"using":"-android uiautomator","value":"new UiSelector().className(\"android.widget.ImageButton\").resourceId(\"id.co.myhomecredit.dev:id/captureImage\").instance(1)"}[39m
[35m[HTTP][39m [37m<-- POST /wd/hub/session/a2f1ff77-4fec-4b81-b63b-8666027686e6/elements [39m[32m200[39m [90m38 ms - 74[39m
[35m[HTTP][39m [90m[39m
[35m[HTTP][39m [37m-->[39m [37mPOST[39m [37m/wd/hub/session/a2f1ff77-4fec-4b81-b63b-8666027686e6/elements[39m
[35m[HTTP][39m [90m{"using":"-android uiautomator","value":"new UiSelector().className(\"android.widget.ImageButton\").resourceId(\"id.co.myhomecredit.dev:id/captureImage\").instance(1)"}[39m
[35m[HTTP][39m [37m<-- POST /wd/hub/session/a2f1ff77-4fec-4b81-b63b-8666027686e6/elements [39m[32m200[39m [90m40 ms - 74[39m
[35m[HTTP][39m [90m[39m
[35m[HTTP][39m [37m-->[39m [37mPOST[39m [37m/wd/hub/session/a2f1ff77-4fec-4b81-b63b-8666027686e6/elements[39m
[35m[HTTP][39m [90m{"using":"-android uiautomator","value":"new UiSelector().className(\"android.widget.ImageButton\").resourceId(\"id.co.myhomecredit.dev:id/captureImage\").instance(1)"}[39m
[35m[HTTP][39m [37m<-- POST /wd/hub/session/a2f1ff77-4fec-4b81-b63b-8666027686e6/elements [39m[32m200[39m [90m42 ms - 74[39m
[35m[HTTP][39m [90m[39m
[35m[HTTP][39m [37m-->[39m [37mPOST[39m [37m/wd/hub/session/a2f1ff77-4fec-4b81-b63b-8666027686e6/elements[39m
[35m[HTTP][39m [90m{"using":"-android uiautomator","value":"new UiSelector().className(\"android.widget.ImageButton\").resourceId(\"id.co.myhomecredit.dev:id/captureImage\").instance(1)"}[39m
[35m[HTTP][39m [37m<-- POST /wd/hub/session/a2f1ff77-4fec-4b81-b63b-8666027686e6/elements [39m[32m200[39m [90m57 ms - 74[39m
[35m[HTTP][39m [90m[39m
[35m[HTTP][39m [37m-->[39m [37mPOST[39m [37m/wd/hub/session/a2f1ff77-4fec-4b81-b63b-8666027686e6/elements[39m
[35m[HTTP][39m [90m{"using":"-android uiautomator","value":"new UiSelector().className(\"android.widget.ImageButton\").resourceId(\"id.co.myhomecredit.dev:id/captureImage\").instance(1)"}[39m
[35m[HTTP][39m [37m<-- POST /wd/hub/session/a2f1ff77-4fec-4b81-b63b-8666027686e6/elements [39m[32m200[39m [90m147 ms - 74[39m
[35m[HTTP][39m [90m[39m
[35m[HTTP][39m [37m-->[39m [37mGET[39m [37m/wd/hub/session/a2f1ff77-4fec-4b81-b63b-8666027686e6/context[39m
[35m[HTTP][39m [90m{}[39m
[35m[HTTP][39m [37m<-- GET /wd/hub/session/a2f1ff77-4fec-4b81-b63b-8666027686e6/context [39m[32m200[39m [90m7 ms - 84[39m
[35m[HTTP][39m [90m[39m
[35m[HTTP][39m [37m-->[39m [37mGET[39m [37m/wd/hub/session/a2f1ff77-4fec-4b81-b63b-8666027686e6/contexts[39m
[35m[HTTP][39m [90m{}[39m
[35m[HTTP][39m [37m<-- GET /wd/hub/session/a2f1ff77-4fec-4b81-b63b-8666027686e6/contexts [39m[32m200[39m [90m194 ms - 86[39m
[35m[HTTP][39m [90m[39m
[35m[HTTP][39m [37m-->[39m [37mPOST[39m [37m/wd/hub/session/a2f1ff77-4fec-4b81-b63b-8666027686e6/context[39m
[35m[HTTP][39m [90m{"name":"NATIVE_APP"}[39m
[35m[HTTP][39m [37m<-- POST /wd/hub/session/a2f1ff77-4fec-4b81-b63b-8666027686e6/context [39m[32m200[39m [90m159 ms - 76[39m
[35m[HTTP][39m [90m[39m
[35m[HTTP][39m [37m-->[39m [37mGET[39m [37m/wd/hub/session/a2f1ff77-4fec-4b81-b63b-8666027686e6/screenshot[39m
[35m[HTTP][39m [90m{}[39m
[35m[HTTP][39m [37m<-- GET /wd/hub/session/a2f1ff77-4fec-4b81-b63b-8666027686e6/screenshot [39m[32m200[39m [90m2593 ms - 2125948[39m
[35m[HTTP][39m [90m[39m
[35m[HTTP][39m [37m-->[39m [37mPOST[39m [37m/wd/hub/session/a2f1ff77-4fec-4b81-b63b-8666027686e6/context[39m
[35m[HTTP][39m [90m{"name":"NATIVE_APP"}[39m
[35m[HTTP][39m [37m<-- POST /wd/hub/session/a2f1ff77-4fec-4b81-b63b-8666027686e6/context [39m[32m200[39m [90m203 ms - 76[39m
[35m[HTTP][39m [90m[39m
[35m[HTTP][39m [37m-->[39m [37mGET[39m [37m/wd/hub/session/a2f1ff77-4fec-4b81-b63b-8666027686e6/context[39m
[35m[HTTP][39m [90m{}[39m
[35m[HTTP][39m [37m<-- GET /wd/hub/session/a2f1ff77-4fec-4b81-b63b-8666027686e6/context [39m[32m200[39m [90m2 ms - 84[39m
[35m[HTTP][39m [90m[39m
[35m[HTTP][39m [37m-->[39m [37mGET[39m [37m/wd/hub/session/a2f1ff77-4fec-4b81-b63b-8666027686e6/contexts[39m
[35m[HTTP][39m [90m{}[39m
[35m[HTTP][39m [37m<-- GET /wd/hub/session/a2f1ff77-4fec-4b81-b63b-8666027686e6/contexts [39m[32m200[39m [90m151 ms - 86[39m
[35m[HTTP][39m [90m[39m
[35m[HTTP][39m [37m-->[39m [37mPOST[39m [37m/wd/hub/session/a2f1ff77-4fec-4b81-b63b-8666027686e6/context[39m
[35m[HTTP][39m [90m{"name":"NATIVE_APP"}[39m
[35m[HTTP][39m [37m<-- POST /wd/hub/session/a2f1ff77-4fec-4b81-b63b-8666027686e6/context [39m[32m200[39m [90m187 ms - 76[39m
[35m[HTTP][39m [90m[39m
[35m[HTTP][39m [37m-->[39m [37mGET[39m [37m/wd/hub/session/a2f1ff77-4fec-4b81-b63b-8666027686e6/screenshot[39m
[35m[HTTP][39m [90m{}[39m
[35m[HTTP][39m [37m<-- GET /wd/hub/session/a2f1ff77-4fec-4b81-b63b-8666027686e6/screenshot [39m[32m200[39m [90m2330 ms - 2118272[39m
[35m[HTTP][39m [90m[39m
[35m[HTTP][39m [37m-->[39m [37mPOST[39m [37m/wd/hub/session/a2f1ff77-4fec-4b81-b63b-8666027686e6/context[39m
[35m[HTTP][39m [90m{"name":"NATIVE_APP"}[39m
[35m[HTTP][39m [37m<-- POST /wd/hub/session/a2f1ff77-4fec-4b81-b63b-8666027686e6/context [39m[32m200[39m [90m176 ms - 76[39m
[35m[HTTP][39m [90m[39m
[35m[HTTP][39m [37m-->[39m [37mDELETE[39m [37m/wd/hub/session/a2f1ff77-4fec-4b81-b63b-8666027686e6[39m
[35m[HTTP][39m [90m{}[39m
[35m[Appium][39m Removing session a2f1ff77-4fec-4b81-b63b-8666027686e6 from our master session list
[35m[HTTP][39m [37m<-- DELETE /wd/hub/session/a2f1ff77-4fec-4b81-b63b-8666027686e6 [39m[32m200[39m [90m490 ms - 76[39m
[35m[HTTP][39m [90m[39m
