[35m[Appium][39m Welcome to Appium v1.8.1
[35m[Appium][39m Non-default server args:
[35m[Appium][39m   port: 51921
[35m[Appium][39m   loglevel: info
[35m[Appium][39m   chromeDriverPort: 51922
[35m[Appium][39m   tmpDir: C:\Users\PRAMUD~1.PRA\AppData\Local\Temp\\Katalon\Appium\Temp1538455036668
[35m[Appium][39m Appium REST http interface listener started on 0.0.0.0:51921
[35m[HTTP][39m [37m-->[39m [37mGET[39m [37m/wd/hub/status[39m
[35m[HTTP][39m [90m{}[39m
[35m[HTTP][39m [37m<-- GET /wd/hub/status [39m[32m200[39m [90m32 ms - 83[39m
[35m[HTTP][39m [90m[39m
[35m[HTTP][39m [37m-->[39m [37mPOST[39m [37m/wd/hub/session[39m
[35m[HTTP][39m [90m{"desiredCapabilities":{"app":"C:\\Users\\pramudityo.pratanto\\Desktop\\Katalon Update\\appv2-development-universal-debug (1).apk","appWaitActivity":"id.co.homecredit.*","autoGrantPermissions":true,"automationName":"uiautomator2","deviceId":"","deviceName":"asus ASUS_X00TD (Android 8.1.0)","fullReset":false,"newCommandTimeout":1800,"noReset":true,"platform":"ANDROID","platformName":"Android","udid":"J5AXGF00V036ZZZ"},"capabilities":{"desiredCapabilities":{"app":"C:\\Users\\pramudityo.pratanto\\Desktop\\Katalon Update\\appv2-development-universal-debug (1).apk","appWaitActivity":"id.co.homecredit.*","autoGrantPermissions":true,"automationName":"uiautomator2","deviceId":"","deviceName":"asus ASUS_X00TD (Android 8.1.0)","fullReset":false,"newCommandTimeout":1800,"noReset":true,"platform":"ANDROID","platformName":"Android","udid":"J5AXGF00V036ZZZ"},"firstMatch":[{"platformName":"android"}]}}[39m
[35m[Appium][39m Could not parse W3C capabilities: 'deviceName' can't be blank. Falling back to JSONWP protocol.
[35m[Appium][39m The following capabilities were provided in the JSONWP desired capabilities that are missing in W3C capabilities: ["app","appWaitActivity","autoGrantPermissions","automationName","deviceId","deviceName","fullReset","newCommandTimeout","noReset","platform","platformName","udid"]. Falling back to JSONWP protocol.
[35m[Appium][39m Creating new AndroidUiautomator2Driver (v1.12.0) session
[35m[Appium][39m Capabilities:
[35m[Appium][39m   app: C:\Users\pramudityo.pratanto\Desktop\Katalon Update\appv2-development-universal-debug (1).apk
[35m[Appium][39m   appWaitActivity: id.co.homecredit.*
[35m[Appium][39m   autoGrantPermissions: true
[35m[Appium][39m   automationName: uiautomator2
[35m[Appium][39m   deviceId: 
[35m[Appium][39m   deviceName: asus ASUS_X00TD (Android 8.1.0)
[35m[Appium][39m   fullReset: false
[35m[Appium][39m   newCommandTimeout: 1800
[35m[Appium][39m   noReset: true
[35m[Appium][39m   platform: ANDROID
[35m[Appium][39m   platformName: Android
[35m[Appium][39m   udid: J5AXGF00V036ZZZ
[35m[BaseDriver][39m The following capabilities were provided, but are not recognized by appium: deviceId, platform.
[35m[BaseDriver][39m Session created with session id: 87a59b14-70ff-4ced-8685-27c497c1be87
[35m[BaseDriver][39m Using local app 'C:\Users\pramudityo.pratanto\Desktop\Katalon Update\appv2-development-universal-debug (1).apk'
[35m[AndroidDriver][39m Java version is: 1.8.0_181
[35m[ADB][39m Checking whether adb is present
[35m[ADB][39m Found 2 'build-tools' folders under 'C:\Users\pramudityo.pratanto\.katalon\tools\android_sdk' (newest first):
[35m[ADB][39m     C:/Users/pramudityo.pratanto/.katalon/tools/android_sdk/build-tools/28.0.1
[35m[ADB][39m     C:/Users/pramudityo.pratanto/.katalon/tools/android_sdk/build-tools/25.0.3
[35m[ADB][39m Using adb.exe from C:\Users\pramudityo.pratanto\.katalon\tools\android_sdk\platform-tools\adb.exe
[35m[AndroidDriver][39m Retrieving device list
[35m[AndroidDriver][39m Using device: J5AXGF00V036ZZZ
[35m[ADB][39m Using the alternative activity name detection method because of: Could not find apkanalyzer.bat in C:\Users\pramudityo.pratanto\.katalon\tools\android_sdk\platform-tools\apkanalyzer.bat,C:\Users\pramudityo.pratanto\.katalon\tools\android_sdk\emulator\apkanalyzer.bat,C:\Users\pramudityo.pratanto\.katalon\tools\android_sdk\tools\apkanalyzer.bat,C:\Users\pramudityo.pratanto\.katalon\tools\android_sdk\tools\bin\apkanalyzer.bat,C:\Users\pramudityo.pratanto\.katalon\tools\android_sdk\build-tools\28.0.1\apkanalyzer.bat,C:\Users\pramudityo.pratanto\.katalon\tools\android_sdk\build-tools\25.0.3\apkanalyzer.bat. Do you have the Android SDK installed at 'C:\Users\pramudityo.pratanto\.katalon\tools\android_sdk'?
[35m[ADB][39m Checking whether aapt is present
[35m[ADB][39m Using aapt.exe from C:\Users\pramudityo.pratanto\.katalon\tools\android_sdk\build-tools\25.0.3\aapt.exe
[35m[ADB][39m Extracting package and launch activity from manifest
[35m[ADB][39m Package name: 'id.co.myhomecredit.dev'
[35m[ADB][39m Main activity name: 'id.co.homecredit.v2.launcherpage.LauncherActivity'
[35m[ADB][39m Getting device platform version
[35m[ADB][39m Using apksigner.bat from C:\Users\pramudityo.pratanto\.katalon\tools\android_sdk\build-tools\25.0.3\apksigner.bat
[35m[ADB][39m Checking whether zipalign is present
[35m[ADB][39m Using zipalign.exe from C:\Users\pramudityo.pratanto\.katalon\tools\android_sdk\build-tools\25.0.3\zipalign.exe
[35m[ADB][39m io.appium.uiautomator2.server was successfully uninstalled
[35m[ADB][39m io.appium.uiautomator2.server.test was successfully uninstalled
[35m[AndroidDriver][39m setDeviceLanguageCountry requires language or country.
[35m[AndroidDriver][39m Got language: 'null' and country: 'null'
[35m[ADB][39m Successfully extracted 967 strings from 'C:\Users\pramudityo.pratanto\Desktop\Katalon Update\appv2-development-universal-debug (1).apk' resources for '(default)' configuration
[35m[UiAutomator2][39m Starting uiautomator2 server 1.12.0
[35m[UiAutomator2][39m Using UIAutomator2 server from 'C:\Users\pramudityo.pratanto\AppData\Roaming\npm\node_modules\appium\node_modules\appium-uiautomator2-server\apks\appium-uiautomator2-server-v1.12.0.apk' and test from 'C:\Users\pramudityo.pratanto\AppData\Roaming\npm\node_modules\appium\node_modules\appium-uiautomator2-server\apks\appium-uiautomator2-server-debug-androidTest.apk'
[35m[UiAutomator2][39m Running command: 'adb -s J5AXGF00V036ZZZ shell am instrument -w io.appium.uiautomator2.server.test/android.support.test.runner.AndroidJUnitRunner'
[35m[UiAutomator2][39m Waiting up to 20000ms for UiAutomator2 to be online...
[35m[AndroidDriver][39m Screen already unlocked, doing nothing
[35m[UiAutomator2][39m UiAutomator2 did not start the activity we were waiting for, 'id.co.myhomecredit.dev/id.co.homecredit.*'. Starting it ourselves
[35m[Appium][39m New AndroidUiautomator2Driver session created successfully, session 87a59b14-70ff-4ced-8685-27c497c1be87 added to master session list
[35m[HTTP][39m [37m<-- POST /wd/hub/session [39m[32m200[39m [90m25167 ms - 1359[39m
[35m[HTTP][39m [90m[39m
[35m[HTTP][39m [37m-->[39m [37mGET[39m [37m/wd/hub/status[39m
[35m[HTTP][39m [90m{}[39m
[35m[HTTP][39m [37m<-- GET /wd/hub/status [39m[32m200[39m [90m8 ms - 55[39m
[35m[HTTP][39m [90m[39m
[35m[HTTP][39m [37m-->[39m [37mPOST[39m [37m/wd/hub/session/87a59b14-70ff-4ced-8685-27c497c1be87/timeouts[39m
[35m[HTTP][39m [90m{"type":"implicit","ms":60000}[39m
[35m[HTTP][39m [37m<-- POST /wd/hub/session/87a59b14-70ff-4ced-8685-27c497c1be87/timeouts [39m[33m400[39m [90m23 ms - 5756[39m
[35m[HTTP][39m [90m[39m
[35m[HTTP][39m [37m-->[39m [37mGET[39m [37m/wd/hub/session/87a59b14-70ff-4ced-8685-27c497c1be87/window/current/size[39m
[35m[HTTP][39m [90m{}[39m
[35m[W3C][39m Driver proxy active, passing request on via HTTP proxy
[35m[JSONWP Proxy][39m Replacing sessionId 7c6ebf08-30d6-4a1a-8c0e-5851c2d435b3 with 87a59b14-70ff-4ced-8685-27c497c1be87
[35m[HTTP][39m [37m<-- GET /wd/hub/session/87a59b14-70ff-4ced-8685-27c497c1be87/window/current/size [39m[32m200[39m [90m43 ms - 100[39m
[35m[HTTP][39m [90m[39m
[35m[HTTP][39m [37m-->[39m [37mPOST[39m [37m/wd/hub/session/87a59b14-70ff-4ced-8685-27c497c1be87/elements[39m
[35m[HTTP][39m [90m{"using":"-android uiautomator","value":"new UiSelector().className(\"android.widget.EditText\").text(\"Masukkan No. Handphone Anda\").resourceId(\"id.co.myhomecredit.dev:id/input_phone_no\").instance(0)"}[39m
[35m[HTTP][39m [37m<-- POST /wd/hub/session/87a59b14-70ff-4ced-8685-27c497c1be87/elements [39m[32m200[39m [90m209 ms - 124[39m
[35m[HTTP][39m [90m[39m
[35m[HTTP][39m [37m-->[39m [37mGET[39m [37m/wd/hub/session/87a59b14-70ff-4ced-8685-27c497c1be87[39m
[35m[HTTP][39m [90m{}[39m
[35m[HTTP][39m [37m<-- GET /wd/hub/session/87a59b14-70ff-4ced-8685-27c497c1be87 [39m[32m200[39m [90m57 ms - 1359[39m
[35m[HTTP][39m [90m[39m
[35m[HTTP][39m [37m-->[39m [37mGET[39m [37m/wd/hub/session/87a59b14-70ff-4ced-8685-27c497c1be87[39m
[35m[HTTP][39m [90m{}[39m
[35m[HTTP][39m [37m<-- GET /wd/hub/session/87a59b14-70ff-4ced-8685-27c497c1be87 [39m[32m200[39m [90m52 ms - 1359[39m
[35m[HTTP][39m [90m[39m
[35m[HTTP][39m [37m-->[39m [37mGET[39m [37m/wd/hub/session/87a59b14-70ff-4ced-8685-27c497c1be87[39m
[35m[HTTP][39m [90m{}[39m
[35m[HTTP][39m [37m<-- GET /wd/hub/session/87a59b14-70ff-4ced-8685-27c497c1be87 [39m[32m200[39m [90m45 ms - 1359[39m
[35m[HTTP][39m [90m[39m
[35m[HTTP][39m [37m-->[39m [37mGET[39m [37m/wd/hub/session/87a59b14-70ff-4ced-8685-27c497c1be87[39m
[35m[HTTP][39m [90m{}[39m
[35m[HTTP][39m [37m<-- GET /wd/hub/session/87a59b14-70ff-4ced-8685-27c497c1be87 [39m[32m200[39m [90m35 ms - 1359[39m
[35m[HTTP][39m [90m[39m
[35m[HTTP][39m [37m-->[39m [37mGET[39m [37m/wd/hub/session/87a59b14-70ff-4ced-8685-27c497c1be87/element/e17678fe-b8cd-4a5a-8ecc-82e43e62d6f3/location[39m
[35m[HTTP][39m [90m{}[39m
[35m[W3C][39m Driver proxy active, passing request on via HTTP proxy
[35m[JSONWP Proxy][39m Replacing sessionId 7c6ebf08-30d6-4a1a-8c0e-5851c2d435b3 with 87a59b14-70ff-4ced-8685-27c497c1be87
[35m[HTTP][39m [37m<-- GET /wd/hub/session/87a59b14-70ff-4ced-8685-27c497c1be87/element/e17678fe-b8cd-4a5a-8ecc-82e43e62d6f3/location [39m[32m200[39m [90m85 ms - 89[39m
[35m[HTTP][39m [90m[39m
[35m[HTTP][39m [37m-->[39m [37mPOST[39m [37m/wd/hub/session/87a59b14-70ff-4ced-8685-27c497c1be87/element/e17678fe-b8cd-4a5a-8ecc-82e43e62d6f3/clear[39m
[35m[HTTP][39m [90m{"id":"e17678fe-b8cd-4a5a-8ecc-82e43e62d6f3"}[39m
[35m[HTTP][39m [37m<-- POST /wd/hub/session/87a59b14-70ff-4ced-8685-27c497c1be87/element/e17678fe-b8cd-4a5a-8ecc-82e43e62d6f3/clear [39m[32m200[39m [90m111 ms - 89[39m
[35m[HTTP][39m [90m[39m
[35m[HTTP][39m [37m-->[39m [37mPOST[39m [37m/wd/hub/session/87a59b14-70ff-4ced-8685-27c497c1be87/element/e17678fe-b8cd-4a5a-8ecc-82e43e62d6f3/value[39m
[35m[HTTP][39m [90m{"id":"e17678fe-b8cd-4a5a-8ecc-82e43e62d6f3","value":["81213254451"]}[39m
[35m[HTTP][39m [37m<-- POST /wd/hub/session/87a59b14-70ff-4ced-8685-27c497c1be87/element/e17678fe-b8cd-4a5a-8ecc-82e43e62d6f3/value [39m[32m200[39m [90m1969 ms - 74[39m
[35m[HTTP][39m [90m[39m
[35m[HTTP][39m [37m-->[39m [37mGET[39m [37m/wd/hub/session/87a59b14-70ff-4ced-8685-27c497c1be87/window/current/size[39m
[35m[HTTP][39m [90m{}[39m
[35m[W3C][39m Driver proxy active, passing request on via HTTP proxy
[35m[JSONWP Proxy][39m Replacing sessionId 7c6ebf08-30d6-4a1a-8c0e-5851c2d435b3 with 87a59b14-70ff-4ced-8685-27c497c1be87
[35m[HTTP][39m [37m<-- GET /wd/hub/session/87a59b14-70ff-4ced-8685-27c497c1be87/window/current/size [39m[32m200[39m [90m64 ms - 100[39m
[35m[HTTP][39m [90m[39m
[35m[HTTP][39m [37m-->[39m [37mPOST[39m [37m/wd/hub/session/87a59b14-70ff-4ced-8685-27c497c1be87/elements[39m
[35m[HTTP][39m [90m{"using":"-android uiautomator","value":"new UiSelector().className(\"android.widget.EditText\").text(\"Masukkan Kode PIN\").resourceId(\"id.co.myhomecredit.dev:id/input_pin\").instance(1)"}[39m
[35m[HTTP][39m [37m<-- POST /wd/hub/session/87a59b14-70ff-4ced-8685-27c497c1be87/elements [39m[32m200[39m [90m511 ms - 124[39m
[35m[HTTP][39m [90m[39m
[35m[HTTP][39m [37m-->[39m [37mGET[39m [37m/wd/hub/session/87a59b14-70ff-4ced-8685-27c497c1be87[39m
[35m[HTTP][39m [90m{}[39m
[35m[HTTP][39m [37m<-- GET /wd/hub/session/87a59b14-70ff-4ced-8685-27c497c1be87 [39m[32m200[39m [90m57 ms - 1359[39m
[35m[HTTP][39m [90m[39m
[35m[HTTP][39m [37m-->[39m [37mGET[39m [37m/wd/hub/session/87a59b14-70ff-4ced-8685-27c497c1be87[39m
[35m[HTTP][39m [90m{}[39m
[35m[HTTP][39m [37m<-- GET /wd/hub/session/87a59b14-70ff-4ced-8685-27c497c1be87 [39m[32m200[39m [90m33 ms - 1359[39m
[35m[HTTP][39m [90m[39m
[35m[HTTP][39m [37m-->[39m [37mGET[39m [37m/wd/hub/session/87a59b14-70ff-4ced-8685-27c497c1be87[39m
[35m[HTTP][39m [90m{}[39m
[35m[HTTP][39m [37m<-- GET /wd/hub/session/87a59b14-70ff-4ced-8685-27c497c1be87 [39m[32m200[39m [90m36 ms - 1359[39m
[35m[HTTP][39m [90m[39m
[35m[HTTP][39m [37m-->[39m [37mGET[39m [37m/wd/hub/session/87a59b14-70ff-4ced-8685-27c497c1be87[39m
[35m[HTTP][39m [90m{}[39m
[35m[HTTP][39m [37m<-- GET /wd/hub/session/87a59b14-70ff-4ced-8685-27c497c1be87 [39m[32m200[39m [90m38 ms - 1359[39m
[35m[HTTP][39m [90m[39m
[35m[HTTP][39m [37m-->[39m [37mGET[39m [37m/wd/hub/session/87a59b14-70ff-4ced-8685-27c497c1be87/element/652fdb59-936d-42f7-a932-10d557f759ee/location[39m
[35m[HTTP][39m [90m{}[39m
[35m[W3C][39m Driver proxy active, passing request on via HTTP proxy
[35m[JSONWP Proxy][39m Replacing sessionId 7c6ebf08-30d6-4a1a-8c0e-5851c2d435b3 with 87a59b14-70ff-4ced-8685-27c497c1be87
[35m[HTTP][39m [37m<-- GET /wd/hub/session/87a59b14-70ff-4ced-8685-27c497c1be87/element/652fdb59-936d-42f7-a932-10d557f759ee/location [39m[32m200[39m [90m75 ms - 88[39m
[35m[HTTP][39m [90m[39m
[35m[HTTP][39m [37m-->[39m [37mPOST[39m [37m/wd/hub/session/87a59b14-70ff-4ced-8685-27c497c1be87/element/652fdb59-936d-42f7-a932-10d557f759ee/clear[39m
[35m[HTTP][39m [90m{"id":"652fdb59-936d-42f7-a932-10d557f759ee"}[39m
[35m[HTTP][39m [37m<-- POST /wd/hub/session/87a59b14-70ff-4ced-8685-27c497c1be87/element/652fdb59-936d-42f7-a932-10d557f759ee/clear [39m[32m200[39m [90m81 ms - 89[39m
[35m[HTTP][39m [90m[39m
[35m[HTTP][39m [37m-->[39m [37mPOST[39m [37m/wd/hub/session/87a59b14-70ff-4ced-8685-27c497c1be87/element/652fdb59-936d-42f7-a932-10d557f759ee/value[39m
[35m[HTTP][39m [90m{"id":"652fdb59-936d-42f7-a932-10d557f759ee","value":["1111"]}[39m
[35m[HTTP][39m [37m<-- POST /wd/hub/session/87a59b14-70ff-4ced-8685-27c497c1be87/element/652fdb59-936d-42f7-a932-10d557f759ee/value [39m[32m200[39m [90m1343 ms - 74[39m
[35m[HTTP][39m [90m[39m
[35m[HTTP][39m [37m-->[39m [37mGET[39m [37m/wd/hub/session/87a59b14-70ff-4ced-8685-27c497c1be87/window/current/size[39m
[35m[HTTP][39m [90m{}[39m
[35m[W3C][39m Driver proxy active, passing request on via HTTP proxy
[35m[JSONWP Proxy][39m Replacing sessionId 7c6ebf08-30d6-4a1a-8c0e-5851c2d435b3 with 87a59b14-70ff-4ced-8685-27c497c1be87
[35m[HTTP][39m [37m<-- GET /wd/hub/session/87a59b14-70ff-4ced-8685-27c497c1be87/window/current/size [39m[32m200[39m [90m47 ms - 100[39m
[35m[HTTP][39m [90m[39m
[35m[HTTP][39m [37m-->[39m [37mPOST[39m [37m/wd/hub/session/87a59b14-70ff-4ced-8685-27c497c1be87/elements[39m
[35m[HTTP][39m [90m{"using":"-android uiautomator","value":"new UiSelector().className(\"android.widget.Button\").text(\"LOGIN\").resourceId(\"id.co.myhomecredit.dev:id/btn_login\").instance(0)"}[39m
[35m[HTTP][39m [37m<-- POST /wd/hub/session/87a59b14-70ff-4ced-8685-27c497c1be87/elements [39m[32m200[39m [90m876 ms - 124[39m
[35m[HTTP][39m [90m[39m
[35m[HTTP][39m [37m-->[39m [37mGET[39m [37m/wd/hub/session/87a59b14-70ff-4ced-8685-27c497c1be87[39m
[35m[HTTP][39m [90m{}[39m
[35m[HTTP][39m [37m<-- GET /wd/hub/session/87a59b14-70ff-4ced-8685-27c497c1be87 [39m[32m200[39m [90m46 ms - 1359[39m
[35m[HTTP][39m [90m[39m
[35m[HTTP][39m [37m-->[39m [37mGET[39m [37m/wd/hub/session/87a59b14-70ff-4ced-8685-27c497c1be87[39m
[35m[HTTP][39m [90m{}[39m
[35m[HTTP][39m [37m<-- GET /wd/hub/session/87a59b14-70ff-4ced-8685-27c497c1be87 [39m[32m200[39m [90m37 ms - 1359[39m
[35m[HTTP][39m [90m[39m
[35m[HTTP][39m [37m-->[39m [37mGET[39m [37m/wd/hub/session/87a59b14-70ff-4ced-8685-27c497c1be87[39m
[35m[HTTP][39m [90m{}[39m
[35m[HTTP][39m [37m<-- GET /wd/hub/session/87a59b14-70ff-4ced-8685-27c497c1be87 [39m[32m200[39m [90m58 ms - 1359[39m
[35m[HTTP][39m [90m[39m
[35m[HTTP][39m [37m-->[39m [37mGET[39m [37m/wd/hub/session/87a59b14-70ff-4ced-8685-27c497c1be87[39m
[35m[HTTP][39m [90m{}[39m
[35m[HTTP][39m [37m<-- GET /wd/hub/session/87a59b14-70ff-4ced-8685-27c497c1be87 [39m[32m200[39m [90m60 ms - 1359[39m
[35m[HTTP][39m [90m[39m
[35m[HTTP][39m [37m-->[39m [37mGET[39m [37m/wd/hub/session/87a59b14-70ff-4ced-8685-27c497c1be87/element/526f47ba-9a20-4b82-a47d-e56a120bae4f/location[39m
[35m[HTTP][39m [90m{}[39m
[35m[W3C][39m Driver proxy active, passing request on via HTTP proxy
[35m[JSONWP Proxy][39m Replacing sessionId 7c6ebf08-30d6-4a1a-8c0e-5851c2d435b3 with 87a59b14-70ff-4ced-8685-27c497c1be87
[35m[HTTP][39m [37m<-- GET /wd/hub/session/87a59b14-70ff-4ced-8685-27c497c1be87/element/526f47ba-9a20-4b82-a47d-e56a120bae4f/location [39m[32m200[39m [90m87 ms - 89[39m
[35m[HTTP][39m [90m[39m
[35m[HTTP][39m [37m-->[39m [37mPOST[39m [37m/wd/hub/session/87a59b14-70ff-4ced-8685-27c497c1be87/touch/perform[39m
[35m[HTTP][39m [90m{"actions":[{"action":"tap","options":{"element":"526f47ba-9a20-4b82-a47d-e56a120bae4f","x":1,"y":1}}]}[39m
[35m[UiAutomator2][39m calling get location: 526f47ba-9a20-4b82-a47d-e56a120bae4f
[35m[HTTP][39m [37m<-- POST /wd/hub/session/87a59b14-70ff-4ced-8685-27c497c1be87/touch/perform [39m[32m200[39m [90m1139 ms - 76[39m
[35m[HTTP][39m [90m[39m
[35m[HTTP][39m [37m-->[39m [37mGET[39m [37m/wd/hub/session/87a59b14-70ff-4ced-8685-27c497c1be87/window/current/size[39m
[35m[HTTP][39m [90m{}[39m
[35m[W3C][39m Driver proxy active, passing request on via HTTP proxy
[35m[JSONWP Proxy][39m Replacing sessionId 7c6ebf08-30d6-4a1a-8c0e-5851c2d435b3 with 87a59b14-70ff-4ced-8685-27c497c1be87
[35m[HTTP][39m [37m<-- GET /wd/hub/session/87a59b14-70ff-4ced-8685-27c497c1be87/window/current/size [39m[32m200[39m [90m46 ms - 100[39m
[35m[HTTP][39m [90m[39m
[35m[HTTP][39m [37m-->[39m [37mPOST[39m [37m/wd/hub/session/87a59b14-70ff-4ced-8685-27c497c1be87/elements[39m
[35m[HTTP][39m [90m{"using":"-android uiautomator","value":"new UiSelector().className(\"android.widget.TextView\").text(\"PROFILE\").resourceId(\"id.co.myhomecredit.dev:id/smallLabel\").instance(20)"}[39m
[35m[HTTP][39m [37m<-- POST /wd/hub/session/87a59b14-70ff-4ced-8685-27c497c1be87/elements [39m[32m200[39m [90m52 ms - 74[39m
[35m[HTTP][39m [90m[39m
[35m[HTTP][39m [37m-->[39m [37mPOST[39m [37m/wd/hub/session/87a59b14-70ff-4ced-8685-27c497c1be87/elements[39m
[35m[HTTP][39m [90m{"using":"-android uiautomator","value":"new UiSelector().className(\"android.widget.TextView\").text(\"PROFILE\").resourceId(\"id.co.myhomecredit.dev:id/smallLabel\").instance(20)"}[39m
[35m[HTTP][39m [37m<-- POST /wd/hub/session/87a59b14-70ff-4ced-8685-27c497c1be87/elements [39m[32m200[39m [90m587 ms - 74[39m
[35m[HTTP][39m [90m[39m
[35m[HTTP][39m [37m-->[39m [37mPOST[39m [37m/wd/hub/session/87a59b14-70ff-4ced-8685-27c497c1be87/elements[39m
[35m[HTTP][39m [90m{"using":"-android uiautomator","value":"new UiSelector().className(\"android.widget.TextView\").text(\"PROFILE\").resourceId(\"id.co.myhomecredit.dev:id/smallLabel\").instance(20)"}[39m
[35m[HTTP][39m [37m<-- POST /wd/hub/session/87a59b14-70ff-4ced-8685-27c497c1be87/elements [39m[32m200[39m [90m315 ms - 74[39m
[35m[HTTP][39m [90m[39m
[35m[HTTP][39m [37m-->[39m [37mPOST[39m [37m/wd/hub/session/87a59b14-70ff-4ced-8685-27c497c1be87/elements[39m
[35m[HTTP][39m [90m{"using":"-android uiautomator","value":"new UiSelector().className(\"android.widget.TextView\").text(\"PROFILE\").resourceId(\"id.co.myhomecredit.dev:id/smallLabel\").instance(20)"}[39m
[35m[HTTP][39m [37m<-- POST /wd/hub/session/87a59b14-70ff-4ced-8685-27c497c1be87/elements [39m[32m200[39m [90m1108 ms - 124[39m
[35m[HTTP][39m [90m[39m
[35m[HTTP][39m [37m-->[39m [37mGET[39m [37m/wd/hub/session/87a59b14-70ff-4ced-8685-27c497c1be87[39m
[35m[HTTP][39m [90m{}[39m
[35m[HTTP][39m [37m<-- GET /wd/hub/session/87a59b14-70ff-4ced-8685-27c497c1be87 [39m[32m200[39m [90m39 ms - 1359[39m
[35m[HTTP][39m [90m[39m
[35m[HTTP][39m [37m-->[39m [37mGET[39m [37m/wd/hub/session/87a59b14-70ff-4ced-8685-27c497c1be87[39m
[35m[HTTP][39m [90m{}[39m
[35m[HTTP][39m [37m<-- GET /wd/hub/session/87a59b14-70ff-4ced-8685-27c497c1be87 [39m[32m200[39m [90m29 ms - 1359[39m
[35m[HTTP][39m [90m[39m
[35m[HTTP][39m [37m-->[39m [37mGET[39m [37m/wd/hub/session/87a59b14-70ff-4ced-8685-27c497c1be87[39m
[35m[HTTP][39m [90m{}[39m
[35m[HTTP][39m [37m<-- GET /wd/hub/session/87a59b14-70ff-4ced-8685-27c497c1be87 [39m[32m200[39m [90m28 ms - 1359[39m
[35m[HTTP][39m [90m[39m
[35m[HTTP][39m [37m-->[39m [37mGET[39m [37m/wd/hub/session/87a59b14-70ff-4ced-8685-27c497c1be87[39m
[35m[HTTP][39m [90m{}[39m
[35m[HTTP][39m [37m<-- GET /wd/hub/session/87a59b14-70ff-4ced-8685-27c497c1be87 [39m[32m200[39m [90m30 ms - 1359[39m
[35m[HTTP][39m [90m[39m
[35m[HTTP][39m [37m-->[39m [37mGET[39m [37m/wd/hub/session/87a59b14-70ff-4ced-8685-27c497c1be87/element/cdbabd60-b340-42f7-8c36-dc2d1e7246ea/location[39m
[35m[HTTP][39m [90m{}[39m
[35m[W3C][39m Driver proxy active, passing request on via HTTP proxy
[35m[JSONWP Proxy][39m Replacing sessionId 7c6ebf08-30d6-4a1a-8c0e-5851c2d435b3 with 87a59b14-70ff-4ced-8685-27c497c1be87
[35m[HTTP][39m [37m<-- GET /wd/hub/session/87a59b14-70ff-4ced-8685-27c497c1be87/element/cdbabd60-b340-42f7-8c36-dc2d1e7246ea/location [39m[32m200[39m [90m61 ms - 90[39m
[35m[HTTP][39m [90m[39m
[35m[HTTP][39m [37m-->[39m [37mPOST[39m [37m/wd/hub/session/87a59b14-70ff-4ced-8685-27c497c1be87/touch/perform[39m
[35m[HTTP][39m [90m{"actions":[{"action":"tap","options":{"element":"cdbabd60-b340-42f7-8c36-dc2d1e7246ea","x":1,"y":1}}]}[39m
[35m[UiAutomator2][39m calling get location: cdbabd60-b340-42f7-8c36-dc2d1e7246ea
[35m[HTTP][39m [37m<-- POST /wd/hub/session/87a59b14-70ff-4ced-8685-27c497c1be87/touch/perform [39m[32m200[39m [90m1023 ms - 76[39m
[35m[HTTP][39m [90m[39m
[35m[HTTP][39m [37m-->[39m [37mGET[39m [37m/wd/hub/session/87a59b14-70ff-4ced-8685-27c497c1be87/context[39m
[35m[HTTP][39m [90m{}[39m
[35m[HTTP][39m [37m<-- GET /wd/hub/session/87a59b14-70ff-4ced-8685-27c497c1be87/context [39m[32m200[39m [90m2 ms - 84[39m
[35m[HTTP][39m [90m[39m
[35m[HTTP][39m [37m-->[39m [37mGET[39m [37m/wd/hub/session/87a59b14-70ff-4ced-8685-27c497c1be87/contexts[39m
[35m[HTTP][39m [90m{}[39m
[35m[HTTP][39m [37m<-- GET /wd/hub/session/87a59b14-70ff-4ced-8685-27c497c1be87/contexts [39m[32m200[39m [90m128 ms - 86[39m
[35m[HTTP][39m [90m[39m
[35m[HTTP][39m [37m-->[39m [37mPOST[39m [37m/wd/hub/session/87a59b14-70ff-4ced-8685-27c497c1be87/context[39m
[35m[HTTP][39m [90m{"name":"NATIVE_APP"}[39m
[35m[HTTP][39m [37m<-- POST /wd/hub/session/87a59b14-70ff-4ced-8685-27c497c1be87/context [39m[32m200[39m [90m167 ms - 76[39m
[35m[HTTP][39m [90m[39m
[35m[HTTP][39m [37m-->[39m [37mPOST[39m [37m/wd/hub/session/87a59b14-70ff-4ced-8685-27c497c1be87/element[39m
[35m[HTTP][39m [90m{"using":"-android uiautomator","value":"new UiScrollable(new UiSelector().scrollable(true).instance(0)).scrollIntoView(new UiSelector().textContains(\"LOG OUT\"))"}[39m
[35m[HTTP][39m [37m<-- POST /wd/hub/session/87a59b14-70ff-4ced-8685-27c497c1be87/element [39m[32m200[39m [90m3226 ms - 122[39m
[35m[HTTP][39m [90m[39m
[35m[HTTP][39m [37m-->[39m [37mGET[39m [37m/wd/hub/session/87a59b14-70ff-4ced-8685-27c497c1be87[39m
[35m[HTTP][39m [90m{}[39m
[35m[HTTP][39m [37m<-- GET /wd/hub/session/87a59b14-70ff-4ced-8685-27c497c1be87 [39m[32m200[39m [90m38 ms - 1359[39m
[35m[HTTP][39m [90m[39m
[35m[HTTP][39m [37m-->[39m [37mGET[39m [37m/wd/hub/session/87a59b14-70ff-4ced-8685-27c497c1be87[39m
[35m[HTTP][39m [90m{}[39m
[35m[HTTP][39m [37m<-- GET /wd/hub/session/87a59b14-70ff-4ced-8685-27c497c1be87 [39m[32m200[39m [90m41 ms - 1359[39m
[35m[HTTP][39m [90m[39m
[35m[HTTP][39m [37m-->[39m [37mGET[39m [37m/wd/hub/session/87a59b14-70ff-4ced-8685-27c497c1be87[39m
[35m[HTTP][39m [90m{}[39m
[35m[HTTP][39m [37m<-- GET /wd/hub/session/87a59b14-70ff-4ced-8685-27c497c1be87 [39m[32m200[39m [90m29 ms - 1359[39m
[35m[HTTP][39m [90m[39m
[35m[HTTP][39m [37m-->[39m [37mGET[39m [37m/wd/hub/session/87a59b14-70ff-4ced-8685-27c497c1be87[39m
[35m[HTTP][39m [90m{}[39m
[35m[HTTP][39m [37m<-- GET /wd/hub/session/87a59b14-70ff-4ced-8685-27c497c1be87 [39m[32m200[39m [90m28 ms - 1359[39m
[35m[HTTP][39m [90m[39m
[35m[HTTP][39m [37m-->[39m [37mPOST[39m [37m/wd/hub/session/87a59b14-70ff-4ced-8685-27c497c1be87/context[39m
[35m[HTTP][39m [90m{"name":"NATIVE_APP"}[39m
[35m[HTTP][39m [37m<-- POST /wd/hub/session/87a59b14-70ff-4ced-8685-27c497c1be87/context [39m[32m200[39m [90m155 ms - 76[39m
[35m[HTTP][39m [90m[39m
[35m[HTTP][39m [37m-->[39m [37mGET[39m [37m/wd/hub/session/87a59b14-70ff-4ced-8685-27c497c1be87/window/current/size[39m
[35m[HTTP][39m [90m{}[39m
[35m[W3C][39m Driver proxy active, passing request on via HTTP proxy
[35m[JSONWP Proxy][39m Replacing sessionId 7c6ebf08-30d6-4a1a-8c0e-5851c2d435b3 with 87a59b14-70ff-4ced-8685-27c497c1be87
[35m[HTTP][39m [37m<-- GET /wd/hub/session/87a59b14-70ff-4ced-8685-27c497c1be87/window/current/size [39m[32m200[39m [90m50 ms - 100[39m
[35m[HTTP][39m [90m[39m
[35m[HTTP][39m [37m-->[39m [37mPOST[39m [37m/wd/hub/session/87a59b14-70ff-4ced-8685-27c497c1be87/elements[39m
[35m[HTTP][39m [90m{"using":"-android uiautomator","value":"new UiSelector().className(\"android.widget.TextView\").text(\"LOG OUT\").resourceId(\"id.co.myhomecredit.dev:id/logout_button\").instance(11)"}[39m
[35m[HTTP][39m [37m<-- POST /wd/hub/session/87a59b14-70ff-4ced-8685-27c497c1be87/elements [39m[32m200[39m [90m110 ms - 124[39m
[35m[HTTP][39m [90m[39m
[35m[HTTP][39m [37m-->[39m [37mGET[39m [37m/wd/hub/session/87a59b14-70ff-4ced-8685-27c497c1be87[39m
[35m[HTTP][39m [90m{}[39m
[35m[HTTP][39m [37m<-- GET /wd/hub/session/87a59b14-70ff-4ced-8685-27c497c1be87 [39m[32m200[39m [90m49 ms - 1359[39m
[35m[HTTP][39m [90m[39m
[35m[HTTP][39m [37m-->[39m [37mGET[39m [37m/wd/hub/session/87a59b14-70ff-4ced-8685-27c497c1be87[39m
[35m[HTTP][39m [90m{}[39m
[35m[HTTP][39m [37m<-- GET /wd/hub/session/87a59b14-70ff-4ced-8685-27c497c1be87 [39m[32m200[39m [90m29 ms - 1359[39m
[35m[HTTP][39m [90m[39m
[35m[HTTP][39m [37m-->[39m [37mGET[39m [37m/wd/hub/session/87a59b14-70ff-4ced-8685-27c497c1be87[39m
[35m[HTTP][39m [90m{}[39m
[35m[HTTP][39m [37m<-- GET /wd/hub/session/87a59b14-70ff-4ced-8685-27c497c1be87 [39m[32m200[39m [90m31 ms - 1359[39m
[35m[HTTP][39m [90m[39m
[35m[HTTP][39m [37m-->[39m [37mGET[39m [37m/wd/hub/session/87a59b14-70ff-4ced-8685-27c497c1be87[39m
[35m[HTTP][39m [90m{}[39m
[35m[HTTP][39m [37m<-- GET /wd/hub/session/87a59b14-70ff-4ced-8685-27c497c1be87 [39m[32m200[39m [90m35 ms - 1359[39m
[35m[HTTP][39m [90m[39m
[35m[HTTP][39m [37m-->[39m [37mGET[39m [37m/wd/hub/session/87a59b14-70ff-4ced-8685-27c497c1be87/element/e1a18f46-6027-4281-b70e-fbfb98b1fe67/location[39m
[35m[HTTP][39m [90m{}[39m
[35m[W3C][39m Driver proxy active, passing request on via HTTP proxy
[35m[JSONWP Proxy][39m Replacing sessionId 7c6ebf08-30d6-4a1a-8c0e-5851c2d435b3 with 87a59b14-70ff-4ced-8685-27c497c1be87
[35m[HTTP][39m [37m<-- GET /wd/hub/session/87a59b14-70ff-4ced-8685-27c497c1be87/element/e1a18f46-6027-4281-b70e-fbfb98b1fe67/location [39m[32m200[39m [90m96 ms - 89[39m
[35m[HTTP][39m [90m[39m
[35m[HTTP][39m [37m-->[39m [37mPOST[39m [37m/wd/hub/session/87a59b14-70ff-4ced-8685-27c497c1be87/touch/perform[39m
[35m[HTTP][39m [90m{"actions":[{"action":"tap","options":{"element":"e1a18f46-6027-4281-b70e-fbfb98b1fe67","x":1,"y":1}}]}[39m
[35m[UiAutomator2][39m calling get location: e1a18f46-6027-4281-b70e-fbfb98b1fe67
[35m[HTTP][39m [37m<-- POST /wd/hub/session/87a59b14-70ff-4ced-8685-27c497c1be87/touch/perform [39m[32m200[39m [90m1983 ms - 76[39m
[35m[HTTP][39m [90m[39m
[35m[HTTP][39m [37m-->[39m [37mDELETE[39m [37m/wd/hub/session/87a59b14-70ff-4ced-8685-27c497c1be87[39m
[35m[HTTP][39m [90m{}[39m
[35m[Appium][39m Removing session 87a59b14-70ff-4ced-8685-27c497c1be87 from our master session list
[35m[HTTP][39m [37m<-- DELETE /wd/hub/session/87a59b14-70ff-4ced-8685-27c497c1be87 [39m[32m200[39m [90m391 ms - 76[39m
[35m[HTTP][39m [90m[39m
