[35m[Appium][39m Welcome to Appium v1.8.1
[35m[Appium][39m Non-default server args:
[35m[Appium][39m   port: 51343
[35m[Appium][39m   loglevel: info
[35m[Appium][39m   chromeDriverPort: 51344
[35m[Appium][39m   tmpDir: C:\Users\PRAMUD~1.PRA\AppData\Local\Temp\\Katalon\Appium\Temp1538654736669
[35m[Appium][39m Appium REST http interface listener started on 0.0.0.0:51343
[35m[HTTP][39m [37m-->[39m [37mGET[39m [37m/wd/hub/status[39m
[35m[HTTP][39m [90m{}[39m
[35m[HTTP][39m [37m<-- GET /wd/hub/status [39m[32m200[39m [90m32 ms - 83[39m
[35m[HTTP][39m [90m[39m
[35m[HTTP][39m [37m-->[39m [37mPOST[39m [37m/wd/hub/session[39m
[35m[HTTP][39m [90m{"desiredCapabilities":{"app":"C:\\Users\\pramudityo.pratanto\\Desktop\\Katalon Update\\appv2-development-universal-debug (1).apk","appWaitActivity":"id.co.homecredit.*","autoGrantPermissions":true,"automationName":"uiautomator2","deviceId":"","deviceName":"asus ASUS_X00TD (Android 8.1.0)","fullReset":false,"newCommandTimeout":1800,"noReset":true,"platform":"ANDROID","platformName":"Android","udid":"J5AXGF00V036ZZZ"},"capabilities":{"desiredCapabilities":{"app":"C:\\Users\\pramudityo.pratanto\\Desktop\\Katalon Update\\appv2-development-universal-debug (1).apk","appWaitActivity":"id.co.homecredit.*","autoGrantPermissions":true,"automationName":"uiautomator2","deviceId":"","deviceName":"asus ASUS_X00TD (Android 8.1.0)","fullReset":false,"newCommandTimeout":1800,"noReset":true,"platform":"ANDROID","platformName":"Android","udid":"J5AXGF00V036ZZZ"},"firstMatch":[{"platformName":"android"}]}}[39m
[35m[Appium][39m Could not parse W3C capabilities: 'deviceName' can't be blank. Falling back to JSONWP protocol.
[35m[Appium][39m The following capabilities were provided in the JSONWP desired capabilities that are missing in W3C capabilities: ["app","appWaitActivity","autoGrantPermissions","automationName","deviceId","deviceName","fullReset","newCommandTimeout","noReset","platform","platformName","udid"]. Falling back to JSONWP protocol.
[35m[Appium][39m Creating new AndroidUiautomator2Driver (v1.12.0) session
[35m[Appium][39m Capabilities:
[35m[Appium][39m   app: C:\Users\pramudityo.pratanto\Desktop\Katalon Update\appv2-development-universal-debug (1).apk
[35m[Appium][39m   appWaitActivity: id.co.homecredit.*
[35m[Appium][39m   autoGrantPermissions: true
[35m[Appium][39m   automationName: uiautomator2
[35m[Appium][39m   deviceId: 
[35m[Appium][39m   deviceName: asus ASUS_X00TD (Android 8.1.0)
[35m[Appium][39m   fullReset: false
[35m[Appium][39m   newCommandTimeout: 1800
[35m[Appium][39m   noReset: true
[35m[Appium][39m   platform: ANDROID
[35m[Appium][39m   platformName: Android
[35m[Appium][39m   udid: J5AXGF00V036ZZZ
[35m[BaseDriver][39m The following capabilities were provided, but are not recognized by appium: deviceId, platform.
[35m[BaseDriver][39m Session created with session id: 4baf3865-f030-4740-9443-19fa3e8cd87e
[35m[BaseDriver][39m Using local app 'C:\Users\pramudityo.pratanto\Desktop\Katalon Update\appv2-development-universal-debug (1).apk'
[35m[AndroidDriver][39m Java version is: 1.8.0_181
[35m[ADB][39m Checking whether adb is present
[35m[ADB][39m Found 2 'build-tools' folders under 'C:\Users\pramudityo.pratanto\.katalon\tools\android_sdk' (newest first):
[35m[ADB][39m     C:/Users/pramudityo.pratanto/.katalon/tools/android_sdk/build-tools/28.0.1
[35m[ADB][39m     C:/Users/pramudityo.pratanto/.katalon/tools/android_sdk/build-tools/25.0.3
[35m[ADB][39m Using adb.exe from C:\Users\pramudityo.pratanto\.katalon\tools\android_sdk\platform-tools\adb.exe
[35m[AndroidDriver][39m Retrieving device list
[35m[AndroidDriver][39m Using device: J5AXGF00V036ZZZ
[35m[ADB][39m Using the alternative activity name detection method because of: Could not find apkanalyzer.bat in C:\Users\pramudityo.pratanto\.katalon\tools\android_sdk\platform-tools\apkanalyzer.bat,C:\Users\pramudityo.pratanto\.katalon\tools\android_sdk\emulator\apkanalyzer.bat,C:\Users\pramudityo.pratanto\.katalon\tools\android_sdk\tools\apkanalyzer.bat,C:\Users\pramudityo.pratanto\.katalon\tools\android_sdk\tools\bin\apkanalyzer.bat,C:\Users\pramudityo.pratanto\.katalon\tools\android_sdk\build-tools\28.0.1\apkanalyzer.bat,C:\Users\pramudityo.pratanto\.katalon\tools\android_sdk\build-tools\25.0.3\apkanalyzer.bat. Do you have the Android SDK installed at 'C:\Users\pramudityo.pratanto\.katalon\tools\android_sdk'?
[35m[ADB][39m Checking whether aapt is present
[35m[ADB][39m Using aapt.exe from C:\Users\pramudityo.pratanto\.katalon\tools\android_sdk\build-tools\25.0.3\aapt.exe
[35m[ADB][39m Extracting package and launch activity from manifest
[35m[ADB][39m Package name: 'id.co.myhomecredit.dev'
[35m[ADB][39m Main activity name: 'id.co.homecredit.v2.launcherpage.LauncherActivity'
[35m[ADB][39m Getting device platform version
[35m[ADB][39m Using apksigner.bat from C:\Users\pramudityo.pratanto\.katalon\tools\android_sdk\build-tools\25.0.3\apksigner.bat
[35m[ADB][39m Checking whether zipalign is present
[35m[ADB][39m Using zipalign.exe from C:\Users\pramudityo.pratanto\.katalon\tools\android_sdk\build-tools\25.0.3\zipalign.exe
[35m[ADB][39m io.appium.uiautomator2.server was successfully uninstalled
[35m[ADB][39m io.appium.uiautomator2.server.test was successfully uninstalled
[35m[AndroidDriver][39m setDeviceLanguageCountry requires language or country.
[35m[AndroidDriver][39m Got language: 'null' and country: 'null'
[35m[ADB][39m Successfully extracted 1077 strings from 'C:\Users\pramudityo.pratanto\Desktop\Katalon Update\appv2-development-universal-debug (1).apk' resources for '(default)' configuration
[35m[UiAutomator2][39m Starting uiautomator2 server 1.12.0
[35m[UiAutomator2][39m Using UIAutomator2 server from 'C:\Users\pramudityo.pratanto\AppData\Roaming\npm\node_modules\appium\node_modules\appium-uiautomator2-server\apks\appium-uiautomator2-server-v1.12.0.apk' and test from 'C:\Users\pramudityo.pratanto\AppData\Roaming\npm\node_modules\appium\node_modules\appium-uiautomator2-server\apks\appium-uiautomator2-server-debug-androidTest.apk'
[35m[UiAutomator2][39m Running command: 'adb -s J5AXGF00V036ZZZ shell am instrument -w io.appium.uiautomator2.server.test/android.support.test.runner.AndroidJUnitRunner'
[35m[UiAutomator2][39m Waiting up to 20000ms for UiAutomator2 to be online...
[35m[AndroidDriver][39m Screen already unlocked, doing nothing
[35m[UiAutomator2][39m UiAutomator2 did not start the activity we were waiting for, 'id.co.myhomecredit.dev/id.co.homecredit.*'. Starting it ourselves
[35m[Appium][39m New AndroidUiautomator2Driver session created successfully, session 4baf3865-f030-4740-9443-19fa3e8cd87e added to master session list
[35m[HTTP][39m [37m<-- POST /wd/hub/session [39m[32m200[39m [90m24099 ms - 1359[39m
[35m[HTTP][39m [90m[39m
[35m[HTTP][39m [37m-->[39m [37mGET[39m [37m/wd/hub/status[39m
[35m[HTTP][39m [90m{}[39m
[35m[HTTP][39m [37m<-- GET /wd/hub/status [39m[32m200[39m [90m8 ms - 55[39m
[35m[HTTP][39m [90m[39m
[35m[HTTP][39m [37m-->[39m [37mPOST[39m [37m/wd/hub/session/4baf3865-f030-4740-9443-19fa3e8cd87e/timeouts[39m
[35m[HTTP][39m [90m{"type":"implicit","ms":60000}[39m
[35m[HTTP][39m [37m<-- POST /wd/hub/session/4baf3865-f030-4740-9443-19fa3e8cd87e/timeouts [39m[33m400[39m [90m27 ms - 5756[39m
[35m[HTTP][39m [90m[39m
[35m[HTTP][39m [37m-->[39m [37mGET[39m [37m/wd/hub/session/4baf3865-f030-4740-9443-19fa3e8cd87e/window/current/size[39m
[35m[HTTP][39m [90m{}[39m
[35m[W3C][39m Driver proxy active, passing request on via HTTP proxy
[35m[JSONWP Proxy][39m Replacing sessionId bdb44f0b-553e-4e70-92c3-e2f0cde2ccb2 with 4baf3865-f030-4740-9443-19fa3e8cd87e
[35m[HTTP][39m [37m<-- GET /wd/hub/session/4baf3865-f030-4740-9443-19fa3e8cd87e/window/current/size [39m[32m200[39m [90m127 ms - 100[39m
[35m[HTTP][39m [90m[39m
[35m[HTTP][39m [37m-->[39m [37mPOST[39m [37m/wd/hub/session/4baf3865-f030-4740-9443-19fa3e8cd87e/elements[39m
[35m[HTTP][39m [90m{"using":"-android uiautomator","value":"new UiSelector().className(\"android.widget.TextView\").text(\"PROMO\").resourceId(\"id.co.myhomecredit.dev:id/smallLabel\").instance(14)"}[39m
[35m[HTTP][39m [37m<-- POST /wd/hub/session/4baf3865-f030-4740-9443-19fa3e8cd87e/elements [39m[32m200[39m [90m515 ms - 124[39m
[35m[HTTP][39m [90m[39m
[35m[HTTP][39m [37m-->[39m [37mGET[39m [37m/wd/hub/session/4baf3865-f030-4740-9443-19fa3e8cd87e[39m
[35m[HTTP][39m [90m{}[39m
[35m[HTTP][39m [37m<-- GET /wd/hub/session/4baf3865-f030-4740-9443-19fa3e8cd87e [39m[32m200[39m [90m57 ms - 1359[39m
[35m[HTTP][39m [90m[39m
[35m[HTTP][39m [37m-->[39m [37mGET[39m [37m/wd/hub/session/4baf3865-f030-4740-9443-19fa3e8cd87e[39m
[35m[HTTP][39m [90m{}[39m
[35m[HTTP][39m [37m<-- GET /wd/hub/session/4baf3865-f030-4740-9443-19fa3e8cd87e [39m[32m200[39m [90m62 ms - 1359[39m
[35m[HTTP][39m [90m[39m
[35m[HTTP][39m [37m-->[39m [37mGET[39m [37m/wd/hub/session/4baf3865-f030-4740-9443-19fa3e8cd87e[39m
[35m[HTTP][39m [90m{}[39m
[35m[HTTP][39m [37m<-- GET /wd/hub/session/4baf3865-f030-4740-9443-19fa3e8cd87e [39m[32m200[39m [90m61 ms - 1359[39m
[35m[HTTP][39m [90m[39m
[35m[HTTP][39m [37m-->[39m [37mGET[39m [37m/wd/hub/session/4baf3865-f030-4740-9443-19fa3e8cd87e[39m
[35m[HTTP][39m [90m{}[39m
[35m[HTTP][39m [37m<-- GET /wd/hub/session/4baf3865-f030-4740-9443-19fa3e8cd87e [39m[32m200[39m [90m33 ms - 1359[39m
[35m[HTTP][39m [90m[39m
[35m[HTTP][39m [37m-->[39m [37mGET[39m [37m/wd/hub/session/4baf3865-f030-4740-9443-19fa3e8cd87e/element/7f29c089-5725-492c-8dcd-e1f7bb3a32cb/location[39m
[35m[HTTP][39m [90m{}[39m
[35m[W3C][39m Driver proxy active, passing request on via HTTP proxy
[35m[JSONWP Proxy][39m Replacing sessionId bdb44f0b-553e-4e70-92c3-e2f0cde2ccb2 with 4baf3865-f030-4740-9443-19fa3e8cd87e
[35m[HTTP][39m [37m<-- GET /wd/hub/session/4baf3865-f030-4740-9443-19fa3e8cd87e/element/7f29c089-5725-492c-8dcd-e1f7bb3a32cb/location [39m[32m200[39m [90m128 ms - 90[39m
[35m[HTTP][39m [90m[39m
[35m[HTTP][39m [37m-->[39m [37mPOST[39m [37m/wd/hub/session/4baf3865-f030-4740-9443-19fa3e8cd87e/touch/perform[39m
[35m[HTTP][39m [90m{"actions":[{"action":"tap","options":{"element":"7f29c089-5725-492c-8dcd-e1f7bb3a32cb","x":1,"y":1}}]}[39m
[35m[UiAutomator2][39m calling get location: 7f29c089-5725-492c-8dcd-e1f7bb3a32cb
[35m[HTTP][39m [37m<-- POST /wd/hub/session/4baf3865-f030-4740-9443-19fa3e8cd87e/touch/perform [39m[32m200[39m [90m2459 ms - 76[39m
[35m[HTTP][39m [90m[39m
[35m[HTTP][39m [37m-->[39m [37mGET[39m [37m/wd/hub/session/4baf3865-f030-4740-9443-19fa3e8cd87e/context[39m
[35m[HTTP][39m [90m{}[39m
[35m[HTTP][39m [37m<-- GET /wd/hub/session/4baf3865-f030-4740-9443-19fa3e8cd87e/context [39m[32m200[39m [90m2 ms - 84[39m
[35m[HTTP][39m [90m[39m
[35m[HTTP][39m [37m-->[39m [37mGET[39m [37m/wd/hub/session/4baf3865-f030-4740-9443-19fa3e8cd87e/contexts[39m
[35m[HTTP][39m [90m{}[39m
[35m[HTTP][39m [37m<-- GET /wd/hub/session/4baf3865-f030-4740-9443-19fa3e8cd87e/contexts [39m[32m200[39m [90m125 ms - 86[39m
[35m[HTTP][39m [90m[39m
[35m[HTTP][39m [37m-->[39m [37mPOST[39m [37m/wd/hub/session/4baf3865-f030-4740-9443-19fa3e8cd87e/context[39m
[35m[HTTP][39m [90m{"name":"NATIVE_APP"}[39m
[35m[HTTP][39m [37m<-- POST /wd/hub/session/4baf3865-f030-4740-9443-19fa3e8cd87e/context [39m[32m200[39m [90m125 ms - 76[39m
[35m[HTTP][39m [90m[39m
[35m[HTTP][39m [37m-->[39m [37mPOST[39m [37m/wd/hub/session/4baf3865-f030-4740-9443-19fa3e8cd87e/touch/perform[39m
[35m[HTTP][39m [90m{"actions":[{"action":"press","options":{"x":0,"y":1500}},{"action":"wait","options":{"ms":500}},{"action":"moveTo","options":{"x":0,"y":300}}]}[39m
[35m[HTTP][39m [37m<-- POST /wd/hub/session/4baf3865-f030-4740-9443-19fa3e8cd87e/touch/perform [39m[32m200[39m [90m2243 ms - 76[39m
[35m[HTTP][39m [90m[39m
[35m[HTTP][39m [37m-->[39m [37mPOST[39m [37m/wd/hub/session/4baf3865-f030-4740-9443-19fa3e8cd87e/context[39m
[35m[HTTP][39m [90m{"name":"NATIVE_APP"}[39m
[35m[HTTP][39m [37m<-- POST /wd/hub/session/4baf3865-f030-4740-9443-19fa3e8cd87e/context [39m[32m200[39m [90m177 ms - 76[39m
[35m[HTTP][39m [90m[39m
[35m[HTTP][39m [37m-->[39m [37mGET[39m [37m/wd/hub/session/4baf3865-f030-4740-9443-19fa3e8cd87e/window/current/size[39m
[35m[HTTP][39m [90m{}[39m
[35m[W3C][39m Driver proxy active, passing request on via HTTP proxy
[35m[JSONWP Proxy][39m Replacing sessionId bdb44f0b-553e-4e70-92c3-e2f0cde2ccb2 with 4baf3865-f030-4740-9443-19fa3e8cd87e
[35m[HTTP][39m [37m<-- GET /wd/hub/session/4baf3865-f030-4740-9443-19fa3e8cd87e/window/current/size [39m[32m200[39m [90m72 ms - 100[39m
[35m[HTTP][39m [90m[39m
[35m[HTTP][39m [37m-->[39m [37mPOST[39m [37m/wd/hub/session/4baf3865-f030-4740-9443-19fa3e8cd87e/elements[39m
[35m[HTTP][39m [90m{"using":"-android uiautomator","value":"new UiSelector().className(\"android.widget.ImageView\").resourceId(\"id.co.myhomecredit.dev:id/promo_image\").instance(1)"}[39m
[35m[HTTP][39m [37m<-- POST /wd/hub/session/4baf3865-f030-4740-9443-19fa3e8cd87e/elements [39m[32m200[39m [90m325 ms - 277[39m
[35m[HTTP][39m [90m[39m
[35m[HTTP][39m [37m-->[39m [37mGET[39m [37m/wd/hub/session/4baf3865-f030-4740-9443-19fa3e8cd87e[39m
[35m[HTTP][39m [90m{}[39m
[35m[HTTP][39m [37m<-- GET /wd/hub/session/4baf3865-f030-4740-9443-19fa3e8cd87e [39m[32m200[39m [90m69 ms - 1477[39m
[35m[HTTP][39m [90m[39m
[35m[HTTP][39m [37m-->[39m [37mGET[39m [37m/wd/hub/session/4baf3865-f030-4740-9443-19fa3e8cd87e[39m
[35m[HTTP][39m [90m{}[39m
[35m[HTTP][39m [37m<-- GET /wd/hub/session/4baf3865-f030-4740-9443-19fa3e8cd87e [39m[32m200[39m [90m54 ms - 1477[39m
[35m[HTTP][39m [90m[39m
[35m[HTTP][39m [37m-->[39m [37mGET[39m [37m/wd/hub/session/4baf3865-f030-4740-9443-19fa3e8cd87e[39m
[35m[HTTP][39m [90m{}[39m
[35m[HTTP][39m [37m<-- GET /wd/hub/session/4baf3865-f030-4740-9443-19fa3e8cd87e [39m[32m200[39m [90m40 ms - 1477[39m
[35m[HTTP][39m [90m[39m
[35m[HTTP][39m [37m-->[39m [37mGET[39m [37m/wd/hub/session/4baf3865-f030-4740-9443-19fa3e8cd87e[39m
[35m[HTTP][39m [90m{}[39m
[35m[HTTP][39m [37m<-- GET /wd/hub/session/4baf3865-f030-4740-9443-19fa3e8cd87e [39m[32m200[39m [90m52 ms - 1477[39m
[35m[HTTP][39m [90m[39m
[35m[HTTP][39m [37m-->[39m [37mGET[39m [37m/wd/hub/session/4baf3865-f030-4740-9443-19fa3e8cd87e[39m
[35m[HTTP][39m [90m{}[39m
[35m[HTTP][39m [37m<-- GET /wd/hub/session/4baf3865-f030-4740-9443-19fa3e8cd87e [39m[32m200[39m [90m36 ms - 1477[39m
[35m[HTTP][39m [90m[39m
[35m[HTTP][39m [37m-->[39m [37mGET[39m [37m/wd/hub/session/4baf3865-f030-4740-9443-19fa3e8cd87e[39m
[35m[HTTP][39m [90m{}[39m
[35m[HTTP][39m [37m<-- GET /wd/hub/session/4baf3865-f030-4740-9443-19fa3e8cd87e [39m[32m200[39m [90m41 ms - 1477[39m
[35m[HTTP][39m [90m[39m
[35m[HTTP][39m [37m-->[39m [37mGET[39m [37m/wd/hub/session/4baf3865-f030-4740-9443-19fa3e8cd87e[39m
[35m[HTTP][39m [90m{}[39m
[35m[HTTP][39m [37m<-- GET /wd/hub/session/4baf3865-f030-4740-9443-19fa3e8cd87e [39m[32m200[39m [90m35 ms - 1477[39m
[35m[HTTP][39m [90m[39m
[35m[HTTP][39m [37m-->[39m [37mGET[39m [37m/wd/hub/session/4baf3865-f030-4740-9443-19fa3e8cd87e[39m
[35m[HTTP][39m [90m{}[39m
[35m[HTTP][39m [37m<-- GET /wd/hub/session/4baf3865-f030-4740-9443-19fa3e8cd87e [39m[32m200[39m [90m36 ms - 1477[39m
[35m[HTTP][39m [90m[39m
[35m[HTTP][39m [37m-->[39m [37mGET[39m [37m/wd/hub/session/4baf3865-f030-4740-9443-19fa3e8cd87e[39m
[35m[HTTP][39m [90m{}[39m
[35m[HTTP][39m [37m<-- GET /wd/hub/session/4baf3865-f030-4740-9443-19fa3e8cd87e [39m[32m200[39m [90m36 ms - 1477[39m
[35m[HTTP][39m [90m[39m
[35m[HTTP][39m [37m-->[39m [37mGET[39m [37m/wd/hub/session/4baf3865-f030-4740-9443-19fa3e8cd87e[39m
[35m[HTTP][39m [90m{}[39m
[35m[HTTP][39m [37m<-- GET /wd/hub/session/4baf3865-f030-4740-9443-19fa3e8cd87e [39m[32m200[39m [90m48 ms - 1477[39m
[35m[HTTP][39m [90m[39m
[35m[HTTP][39m [37m-->[39m [37mGET[39m [37m/wd/hub/session/4baf3865-f030-4740-9443-19fa3e8cd87e[39m
[35m[HTTP][39m [90m{}[39m
[35m[HTTP][39m [37m<-- GET /wd/hub/session/4baf3865-f030-4740-9443-19fa3e8cd87e [39m[32m200[39m [90m55 ms - 1477[39m
[35m[HTTP][39m [90m[39m
[35m[HTTP][39m [37m-->[39m [37mGET[39m [37m/wd/hub/session/4baf3865-f030-4740-9443-19fa3e8cd87e[39m
[35m[HTTP][39m [90m{}[39m
[35m[HTTP][39m [37m<-- GET /wd/hub/session/4baf3865-f030-4740-9443-19fa3e8cd87e [39m[32m200[39m [90m53 ms - 1477[39m
[35m[HTTP][39m [90m[39m
[35m[HTTP][39m [37m-->[39m [37mGET[39m [37m/wd/hub/session/4baf3865-f030-4740-9443-19fa3e8cd87e[39m
[35m[HTTP][39m [90m{}[39m
[35m[HTTP][39m [37m<-- GET /wd/hub/session/4baf3865-f030-4740-9443-19fa3e8cd87e [39m[32m200[39m [90m38 ms - 1477[39m
[35m[HTTP][39m [90m[39m
[35m[HTTP][39m [37m-->[39m [37mGET[39m [37m/wd/hub/session/4baf3865-f030-4740-9443-19fa3e8cd87e[39m
[35m[HTTP][39m [90m{}[39m
[35m[HTTP][39m [37m<-- GET /wd/hub/session/4baf3865-f030-4740-9443-19fa3e8cd87e [39m[32m200[39m [90m49 ms - 1477[39m
[35m[HTTP][39m [90m[39m
[35m[HTTP][39m [37m-->[39m [37mGET[39m [37m/wd/hub/session/4baf3865-f030-4740-9443-19fa3e8cd87e[39m
[35m[HTTP][39m [90m{}[39m
[35m[HTTP][39m [37m<-- GET /wd/hub/session/4baf3865-f030-4740-9443-19fa3e8cd87e [39m[32m200[39m [90m31 ms - 1477[39m
[35m[HTTP][39m [90m[39m
[35m[HTTP][39m [37m-->[39m [37mGET[39m [37m/wd/hub/session/4baf3865-f030-4740-9443-19fa3e8cd87e[39m
[35m[HTTP][39m [90m{}[39m
[35m[HTTP][39m [37m<-- GET /wd/hub/session/4baf3865-f030-4740-9443-19fa3e8cd87e [39m[32m200[39m [90m41 ms - 1477[39m
[35m[HTTP][39m [90m[39m
[35m[HTTP][39m [37m-->[39m [37mGET[39m [37m/wd/hub/session/4baf3865-f030-4740-9443-19fa3e8cd87e/element/b8059d78-fcdc-43d1-ae4a-f98a764c6ebf/location[39m
[35m[HTTP][39m [90m{}[39m
[35m[W3C][39m Driver proxy active, passing request on via HTTP proxy
[35m[JSONWP Proxy][39m Replacing sessionId bdb44f0b-553e-4e70-92c3-e2f0cde2ccb2 with 4baf3865-f030-4740-9443-19fa3e8cd87e
[35m[HTTP][39m [37m<-- GET /wd/hub/session/4baf3865-f030-4740-9443-19fa3e8cd87e/element/b8059d78-fcdc-43d1-ae4a-f98a764c6ebf/location [39m[32m200[39m [90m60 ms - 88[39m
[35m[HTTP][39m [90m[39m
[35m[HTTP][39m [37m-->[39m [37mPOST[39m [37m/wd/hub/session/4baf3865-f030-4740-9443-19fa3e8cd87e/touch/perform[39m
[35m[HTTP][39m [90m{"actions":[{"action":"tap","options":{"element":"b8059d78-fcdc-43d1-ae4a-f98a764c6ebf","x":1,"y":1}}]}[39m
[35m[UiAutomator2][39m calling get location: b8059d78-fcdc-43d1-ae4a-f98a764c6ebf
[35m[HTTP][39m [37m<-- POST /wd/hub/session/4baf3865-f030-4740-9443-19fa3e8cd87e/touch/perform [39m[32m200[39m [90m1376 ms - 76[39m
[35m[HTTP][39m [90m[39m
[35m[HTTP][39m [37m-->[39m [37mGET[39m [37m/wd/hub/session/4baf3865-f030-4740-9443-19fa3e8cd87e/window/current/size[39m
[35m[HTTP][39m [90m{}[39m
[35m[W3C][39m Driver proxy active, passing request on via HTTP proxy
[35m[JSONWP Proxy][39m Replacing sessionId bdb44f0b-553e-4e70-92c3-e2f0cde2ccb2 with 4baf3865-f030-4740-9443-19fa3e8cd87e
[35m[HTTP][39m [37m<-- GET /wd/hub/session/4baf3865-f030-4740-9443-19fa3e8cd87e/window/current/size [39m[32m200[39m [90m62 ms - 100[39m
[35m[HTTP][39m [90m[39m
[35m[HTTP][39m [37m-->[39m [37mPOST[39m [37m/wd/hub/session/4baf3865-f030-4740-9443-19fa3e8cd87e/elements[39m
[35m[HTTP][39m [90m{"using":"-android uiautomator","value":"new UiSelector().className(\"android.widget.TextView\").text(\"AJUKAN SEKARANG\").resourceId(\"id.co.myhomecredit.dev:id/tv_dona_start\").instance(6)"}[39m
[35m[HTTP][39m [37m<-- POST /wd/hub/session/4baf3865-f030-4740-9443-19fa3e8cd87e/elements [39m[32m200[39m [90m70 ms - 74[39m
[35m[HTTP][39m [90m[39m
[35m[HTTP][39m [37m-->[39m [37mPOST[39m [37m/wd/hub/session/4baf3865-f030-4740-9443-19fa3e8cd87e/elements[39m
[35m[HTTP][39m [90m{"using":"-android uiautomator","value":"new UiSelector().className(\"android.widget.TextView\").text(\"AJUKAN SEKARANG\").resourceId(\"id.co.myhomecredit.dev:id/tv_dona_start\").instance(6)"}[39m
[35m[HTTP][39m [37m<-- POST /wd/hub/session/4baf3865-f030-4740-9443-19fa3e8cd87e/elements [39m[32m200[39m [90m60 ms - 74[39m
[35m[HTTP][39m [90m[39m
[35m[HTTP][39m [37m-->[39m [37mPOST[39m [37m/wd/hub/session/4baf3865-f030-4740-9443-19fa3e8cd87e/elements[39m
[35m[HTTP][39m [90m{"using":"-android uiautomator","value":"new UiSelector().className(\"android.widget.TextView\").text(\"AJUKAN SEKARANG\").resourceId(\"id.co.myhomecredit.dev:id/tv_dona_start\").instance(6)"}[39m
[35m[HTTP][39m [37m<-- POST /wd/hub/session/4baf3865-f030-4740-9443-19fa3e8cd87e/elements [39m[32m200[39m [90m55 ms - 74[39m
[35m[HTTP][39m [90m[39m
[35m[HTTP][39m [37m-->[39m [37mPOST[39m [37m/wd/hub/session/4baf3865-f030-4740-9443-19fa3e8cd87e/elements[39m
[35m[HTTP][39m [90m{"using":"-android uiautomator","value":"new UiSelector().className(\"android.widget.TextView\").text(\"AJUKAN SEKARANG\").resourceId(\"id.co.myhomecredit.dev:id/tv_dona_start\").instance(6)"}[39m
[35m[HTTP][39m [37m<-- POST /wd/hub/session/4baf3865-f030-4740-9443-19fa3e8cd87e/elements [39m[32m200[39m [90m48 ms - 74[39m
[35m[HTTP][39m [90m[39m
[35m[HTTP][39m [37m-->[39m [37mPOST[39m [37m/wd/hub/session/4baf3865-f030-4740-9443-19fa3e8cd87e/elements[39m
[35m[HTTP][39m [90m{"using":"-android uiautomator","value":"new UiSelector().className(\"android.widget.TextView\").text(\"AJUKAN SEKARANG\").resourceId(\"id.co.myhomecredit.dev:id/tv_dona_start\").instance(6)"}[39m
[35m[HTTP][39m [37m<-- POST /wd/hub/session/4baf3865-f030-4740-9443-19fa3e8cd87e/elements [39m[32m200[39m [90m53 ms - 74[39m
[35m[HTTP][39m [90m[39m
[35m[HTTP][39m [37m-->[39m [37mPOST[39m [37m/wd/hub/session/4baf3865-f030-4740-9443-19fa3e8cd87e/elements[39m
[35m[HTTP][39m [90m{"using":"-android uiautomator","value":"new UiSelector().className(\"android.widget.TextView\").text(\"AJUKAN SEKARANG\").resourceId(\"id.co.myhomecredit.dev:id/tv_dona_start\").instance(6)"}[39m
[35m[HTTP][39m [37m<-- POST /wd/hub/session/4baf3865-f030-4740-9443-19fa3e8cd87e/elements [39m[32m200[39m [90m59 ms - 74[39m
[35m[HTTP][39m [90m[39m
[35m[HTTP][39m [37m-->[39m [37mPOST[39m [37m/wd/hub/session/4baf3865-f030-4740-9443-19fa3e8cd87e/elements[39m
[35m[HTTP][39m [90m{"using":"-android uiautomator","value":"new UiSelector().className(\"android.widget.TextView\").text(\"AJUKAN SEKARANG\").resourceId(\"id.co.myhomecredit.dev:id/tv_dona_start\").instance(6)"}[39m
[35m[HTTP][39m [37m<-- POST /wd/hub/session/4baf3865-f030-4740-9443-19fa3e8cd87e/elements [39m[32m200[39m [90m75 ms - 74[39m
[35m[HTTP][39m [90m[39m
[35m[HTTP][39m [37m-->[39m [37mPOST[39m [37m/wd/hub/session/4baf3865-f030-4740-9443-19fa3e8cd87e/elements[39m
[35m[HTTP][39m [90m{"using":"-android uiautomator","value":"new UiSelector().className(\"android.widget.TextView\").text(\"AJUKAN SEKARANG\").resourceId(\"id.co.myhomecredit.dev:id/tv_dona_start\").instance(6)"}[39m
[35m[HTTP][39m [37m<-- POST /wd/hub/session/4baf3865-f030-4740-9443-19fa3e8cd87e/elements [39m[32m200[39m [90m86 ms - 74[39m
[35m[HTTP][39m [90m[39m
[35m[HTTP][39m [37m-->[39m [37mPOST[39m [37m/wd/hub/session/4baf3865-f030-4740-9443-19fa3e8cd87e/elements[39m
[35m[HTTP][39m [90m{"using":"-android uiautomator","value":"new UiSelector().className(\"android.widget.TextView\").text(\"AJUKAN SEKARANG\").resourceId(\"id.co.myhomecredit.dev:id/tv_dona_start\").instance(6)"}[39m
[35m[HTTP][39m [37m<-- POST /wd/hub/session/4baf3865-f030-4740-9443-19fa3e8cd87e/elements [39m[32m200[39m [90m84 ms - 74[39m
[35m[HTTP][39m [90m[39m
[35m[HTTP][39m [37m-->[39m [37mPOST[39m [37m/wd/hub/session/4baf3865-f030-4740-9443-19fa3e8cd87e/elements[39m
[35m[HTTP][39m [90m{"using":"-android uiautomator","value":"new UiSelector().className(\"android.widget.TextView\").text(\"AJUKAN SEKARANG\").resourceId(\"id.co.myhomecredit.dev:id/tv_dona_start\").instance(6)"}[39m
[35m[HTTP][39m [37m<-- POST /wd/hub/session/4baf3865-f030-4740-9443-19fa3e8cd87e/elements [39m[32m200[39m [90m78 ms - 74[39m
[35m[HTTP][39m [90m[39m
[35m[HTTP][39m [37m-->[39m [37mPOST[39m [37m/wd/hub/session/4baf3865-f030-4740-9443-19fa3e8cd87e/elements[39m
[35m[HTTP][39m [90m{"using":"-android uiautomator","value":"new UiSelector().className(\"android.widget.TextView\").text(\"AJUKAN SEKARANG\").resourceId(\"id.co.myhomecredit.dev:id/tv_dona_start\").instance(6)"}[39m
[35m[HTTP][39m [37m<-- POST /wd/hub/session/4baf3865-f030-4740-9443-19fa3e8cd87e/elements [39m[32m200[39m [90m76 ms - 74[39m
[35m[HTTP][39m [90m[39m
[35m[HTTP][39m [37m-->[39m [37mPOST[39m [37m/wd/hub/session/4baf3865-f030-4740-9443-19fa3e8cd87e/elements[39m
[35m[HTTP][39m [90m{"using":"-android uiautomator","value":"new UiSelector().className(\"android.widget.TextView\").text(\"AJUKAN SEKARANG\").resourceId(\"id.co.myhomecredit.dev:id/tv_dona_start\").instance(6)"}[39m
[35m[HTTP][39m [37m<-- POST /wd/hub/session/4baf3865-f030-4740-9443-19fa3e8cd87e/elements [39m[32m200[39m [90m69 ms - 74[39m
[35m[HTTP][39m [90m[39m
[35m[HTTP][39m [37m-->[39m [37mPOST[39m [37m/wd/hub/session/4baf3865-f030-4740-9443-19fa3e8cd87e/elements[39m
[35m[HTTP][39m [90m{"using":"-android uiautomator","value":"new UiSelector().className(\"android.widget.TextView\").text(\"AJUKAN SEKARANG\").resourceId(\"id.co.myhomecredit.dev:id/tv_dona_start\").instance(6)"}[39m
[35m[HTTP][39m [37m<-- POST /wd/hub/session/4baf3865-f030-4740-9443-19fa3e8cd87e/elements [39m[32m200[39m [90m74 ms - 74[39m
[35m[HTTP][39m [90m[39m
[35m[HTTP][39m [37m-->[39m [37mPOST[39m [37m/wd/hub/session/4baf3865-f030-4740-9443-19fa3e8cd87e/elements[39m
[35m[HTTP][39m [90m{"using":"-android uiautomator","value":"new UiSelector().className(\"android.widget.TextView\").text(\"AJUKAN SEKARANG\").resourceId(\"id.co.myhomecredit.dev:id/tv_dona_start\").instance(6)"}[39m
[35m[HTTP][39m [37m<-- POST /wd/hub/session/4baf3865-f030-4740-9443-19fa3e8cd87e/elements [39m[32m200[39m [90m68 ms - 74[39m
[35m[HTTP][39m [90m[39m
[35m[HTTP][39m [37m-->[39m [37mPOST[39m [37m/wd/hub/session/4baf3865-f030-4740-9443-19fa3e8cd87e/elements[39m
[35m[HTTP][39m [90m{"using":"-android uiautomator","value":"new UiSelector().className(\"android.widget.TextView\").text(\"AJUKAN SEKARANG\").resourceId(\"id.co.myhomecredit.dev:id/tv_dona_start\").instance(6)"}[39m
[35m[HTTP][39m [37m<-- POST /wd/hub/session/4baf3865-f030-4740-9443-19fa3e8cd87e/elements [39m[32m200[39m [90m52 ms - 74[39m
[35m[HTTP][39m [90m[39m
[35m[HTTP][39m [37m-->[39m [37mPOST[39m [37m/wd/hub/session/4baf3865-f030-4740-9443-19fa3e8cd87e/elements[39m
[35m[HTTP][39m [90m{"using":"-android uiautomator","value":"new UiSelector().className(\"android.widget.TextView\").text(\"AJUKAN SEKARANG\").resourceId(\"id.co.myhomecredit.dev:id/tv_dona_start\").instance(6)"}[39m
[35m[HTTP][39m [37m<-- POST /wd/hub/session/4baf3865-f030-4740-9443-19fa3e8cd87e/elements [39m[32m200[39m [90m73 ms - 74[39m
[35m[HTTP][39m [90m[39m
[35m[HTTP][39m [37m-->[39m [37mPOST[39m [37m/wd/hub/session/4baf3865-f030-4740-9443-19fa3e8cd87e/elements[39m
[35m[HTTP][39m [90m{"using":"-android uiautomator","value":"new UiSelector().className(\"android.widget.TextView\").text(\"AJUKAN SEKARANG\").resourceId(\"id.co.myhomecredit.dev:id/tv_dona_start\").instance(6)"}[39m
[35m[HTTP][39m [37m<-- POST /wd/hub/session/4baf3865-f030-4740-9443-19fa3e8cd87e/elements [39m[32m200[39m [90m63 ms - 74[39m
[35m[HTTP][39m [90m[39m
[35m[HTTP][39m [37m-->[39m [37mPOST[39m [37m/wd/hub/session/4baf3865-f030-4740-9443-19fa3e8cd87e/elements[39m
[35m[HTTP][39m [90m{"using":"-android uiautomator","value":"new UiSelector().className(\"android.widget.TextView\").text(\"AJUKAN SEKARANG\").resourceId(\"id.co.myhomecredit.dev:id/tv_dona_start\").instance(6)"}[39m
[35m[HTTP][39m [37m<-- POST /wd/hub/session/4baf3865-f030-4740-9443-19fa3e8cd87e/elements [39m[32m200[39m [90m46 ms - 74[39m
[35m[HTTP][39m [90m[39m
[35m[HTTP][39m [37m-->[39m [37mPOST[39m [37m/wd/hub/session/4baf3865-f030-4740-9443-19fa3e8cd87e/elements[39m
[35m[HTTP][39m [90m{"using":"-android uiautomator","value":"new UiSelector().className(\"android.widget.TextView\").text(\"AJUKAN SEKARANG\").resourceId(\"id.co.myhomecredit.dev:id/tv_dona_start\").instance(6)"}[39m
[35m[HTTP][39m [37m<-- POST /wd/hub/session/4baf3865-f030-4740-9443-19fa3e8cd87e/elements [39m[32m200[39m [90m45 ms - 74[39m
[35m[HTTP][39m [90m[39m
[35m[HTTP][39m [37m-->[39m [37mPOST[39m [37m/wd/hub/session/4baf3865-f030-4740-9443-19fa3e8cd87e/elements[39m
[35m[HTTP][39m [90m{"using":"-android uiautomator","value":"new UiSelector().className(\"android.widget.TextView\").text(\"AJUKAN SEKARANG\").resourceId(\"id.co.myhomecredit.dev:id/tv_dona_start\").instance(6)"}[39m
[35m[HTTP][39m [37m<-- POST /wd/hub/session/4baf3865-f030-4740-9443-19fa3e8cd87e/elements [39m[32m200[39m [90m640 ms - 74[39m
[35m[HTTP][39m [90m[39m
[35m[HTTP][39m [37m-->[39m [37mPOST[39m [37m/wd/hub/session/4baf3865-f030-4740-9443-19fa3e8cd87e/elements[39m
[35m[HTTP][39m [90m{"using":"-android uiautomator","value":"new UiSelector().className(\"android.widget.TextView\").text(\"AJUKAN SEKARANG\").resourceId(\"id.co.myhomecredit.dev:id/tv_dona_start\").instance(6)"}[39m
[35m[HTTP][39m [37m<-- POST /wd/hub/session/4baf3865-f030-4740-9443-19fa3e8cd87e/elements [39m[32m200[39m [90m65 ms - 74[39m
[35m[HTTP][39m [90m[39m
[35m[HTTP][39m [37m-->[39m [37mPOST[39m [37m/wd/hub/session/4baf3865-f030-4740-9443-19fa3e8cd87e/elements[39m
[35m[HTTP][39m [90m{"using":"-android uiautomator","value":"new UiSelector().className(\"android.widget.TextView\").text(\"AJUKAN SEKARANG\").resourceId(\"id.co.myhomecredit.dev:id/tv_dona_start\").instance(6)"}[39m
[35m[HTTP][39m [37m<-- POST /wd/hub/session/4baf3865-f030-4740-9443-19fa3e8cd87e/elements [39m[32m200[39m [90m66 ms - 74[39m
[35m[HTTP][39m [90m[39m
[35m[HTTP][39m [37m-->[39m [37mPOST[39m [37m/wd/hub/session/4baf3865-f030-4740-9443-19fa3e8cd87e/elements[39m
[35m[HTTP][39m [90m{"using":"-android uiautomator","value":"new UiSelector().className(\"android.widget.TextView\").text(\"AJUKAN SEKARANG\").resourceId(\"id.co.myhomecredit.dev:id/tv_dona_start\").instance(6)"}[39m
[35m[HTTP][39m [37m<-- POST /wd/hub/session/4baf3865-f030-4740-9443-19fa3e8cd87e/elements [39m[32m200[39m [90m62 ms - 74[39m
[35m[HTTP][39m [90m[39m
[35m[HTTP][39m [37m-->[39m [37mPOST[39m [37m/wd/hub/session/4baf3865-f030-4740-9443-19fa3e8cd87e/elements[39m
[35m[HTTP][39m [90m{"using":"-android uiautomator","value":"new UiSelector().className(\"android.widget.TextView\").text(\"AJUKAN SEKARANG\").resourceId(\"id.co.myhomecredit.dev:id/tv_dona_start\").instance(6)"}[39m
[35m[HTTP][39m [37m<-- POST /wd/hub/session/4baf3865-f030-4740-9443-19fa3e8cd87e/elements [39m[32m200[39m [90m60 ms - 74[39m
[35m[HTTP][39m [90m[39m
[35m[HTTP][39m [37m-->[39m [37mPOST[39m [37m/wd/hub/session/4baf3865-f030-4740-9443-19fa3e8cd87e/elements[39m
[35m[HTTP][39m [90m{"using":"-android uiautomator","value":"new UiSelector().className(\"android.widget.TextView\").text(\"AJUKAN SEKARANG\").resourceId(\"id.co.myhomecredit.dev:id/tv_dona_start\").instance(6)"}[39m
[35m[HTTP][39m [37m<-- POST /wd/hub/session/4baf3865-f030-4740-9443-19fa3e8cd87e/elements [39m[32m200[39m [90m69 ms - 74[39m
[35m[HTTP][39m [90m[39m
[35m[HTTP][39m [37m-->[39m [37mPOST[39m [37m/wd/hub/session/4baf3865-f030-4740-9443-19fa3e8cd87e/elements[39m
[35m[HTTP][39m [90m{"using":"-android uiautomator","value":"new UiSelector().className(\"android.widget.TextView\").text(\"AJUKAN SEKARANG\").resourceId(\"id.co.myhomecredit.dev:id/tv_dona_start\").instance(6)"}[39m
[35m[HTTP][39m [37m<-- POST /wd/hub/session/4baf3865-f030-4740-9443-19fa3e8cd87e/elements [39m[32m200[39m [90m58 ms - 74[39m
[35m[HTTP][39m [90m[39m
[35m[HTTP][39m [37m-->[39m [37mPOST[39m [37m/wd/hub/session/4baf3865-f030-4740-9443-19fa3e8cd87e/elements[39m
[35m[HTTP][39m [90m{"using":"-android uiautomator","value":"new UiSelector().className(\"android.widget.TextView\").text(\"AJUKAN SEKARANG\").resourceId(\"id.co.myhomecredit.dev:id/tv_dona_start\").instance(6)"}[39m
[35m[HTTP][39m [37m<-- POST /wd/hub/session/4baf3865-f030-4740-9443-19fa3e8cd87e/elements [39m[32m200[39m [90m65 ms - 74[39m
[35m[HTTP][39m [90m[39m
[35m[HTTP][39m [37m-->[39m [37mPOST[39m [37m/wd/hub/session/4baf3865-f030-4740-9443-19fa3e8cd87e/elements[39m
[35m[HTTP][39m [90m{"using":"-android uiautomator","value":"new UiSelector().className(\"android.widget.TextView\").text(\"AJUKAN SEKARANG\").resourceId(\"id.co.myhomecredit.dev:id/tv_dona_start\").instance(6)"}[39m
[35m[HTTP][39m [37m<-- POST /wd/hub/session/4baf3865-f030-4740-9443-19fa3e8cd87e/elements [39m[32m200[39m [90m70 ms - 74[39m
[35m[HTTP][39m [90m[39m
[35m[HTTP][39m [37m-->[39m [37mPOST[39m [37m/wd/hub/session/4baf3865-f030-4740-9443-19fa3e8cd87e/elements[39m
[35m[HTTP][39m [90m{"using":"-android uiautomator","value":"new UiSelector().className(\"android.widget.TextView\").text(\"AJUKAN SEKARANG\").resourceId(\"id.co.myhomecredit.dev:id/tv_dona_start\").instance(6)"}[39m
[35m[HTTP][39m [37m<-- POST /wd/hub/session/4baf3865-f030-4740-9443-19fa3e8cd87e/elements [39m[32m200[39m [90m68 ms - 74[39m
[35m[HTTP][39m [90m[39m
[35m[HTTP][39m [37m-->[39m [37mPOST[39m [37m/wd/hub/session/4baf3865-f030-4740-9443-19fa3e8cd87e/elements[39m
[35m[HTTP][39m [90m{"using":"-android uiautomator","value":"new UiSelector().className(\"android.widget.TextView\").text(\"AJUKAN SEKARANG\").resourceId(\"id.co.myhomecredit.dev:id/tv_dona_start\").instance(6)"}[39m
[35m[HTTP][39m [37m<-- POST /wd/hub/session/4baf3865-f030-4740-9443-19fa3e8cd87e/elements [39m[32m200[39m [90m66 ms - 74[39m
[35m[HTTP][39m [90m[39m
[35m[HTTP][39m [37m-->[39m [37mPOST[39m [37m/wd/hub/session/4baf3865-f030-4740-9443-19fa3e8cd87e/elements[39m
[35m[HTTP][39m [90m{"using":"-android uiautomator","value":"new UiSelector().className(\"android.widget.TextView\").text(\"AJUKAN SEKARANG\").resourceId(\"id.co.myhomecredit.dev:id/tv_dona_start\").instance(6)"}[39m
[35m[HTTP][39m [37m<-- POST /wd/hub/session/4baf3865-f030-4740-9443-19fa3e8cd87e/elements [39m[32m200[39m [90m65 ms - 74[39m
[35m[HTTP][39m [90m[39m
[35m[HTTP][39m [37m-->[39m [37mPOST[39m [37m/wd/hub/session/4baf3865-f030-4740-9443-19fa3e8cd87e/elements[39m
[35m[HTTP][39m [90m{"using":"-android uiautomator","value":"new UiSelector().className(\"android.widget.TextView\").text(\"AJUKAN SEKARANG\").resourceId(\"id.co.myhomecredit.dev:id/tv_dona_start\").instance(6)"}[39m
[35m[HTTP][39m [37m<-- POST /wd/hub/session/4baf3865-f030-4740-9443-19fa3e8cd87e/elements [39m[32m200[39m [90m73 ms - 74[39m
[35m[HTTP][39m [90m[39m
[35m[HTTP][39m [37m-->[39m [37mPOST[39m [37m/wd/hub/session/4baf3865-f030-4740-9443-19fa3e8cd87e/elements[39m
[35m[HTTP][39m [90m{"using":"-android uiautomator","value":"new UiSelector().className(\"android.widget.TextView\").text(\"AJUKAN SEKARANG\").resourceId(\"id.co.myhomecredit.dev:id/tv_dona_start\").instance(6)"}[39m
[35m[HTTP][39m [37m<-- POST /wd/hub/session/4baf3865-f030-4740-9443-19fa3e8cd87e/elements [39m[32m200[39m [90m53 ms - 74[39m
[35m[HTTP][39m [90m[39m
[35m[HTTP][39m [37m-->[39m [37mPOST[39m [37m/wd/hub/session/4baf3865-f030-4740-9443-19fa3e8cd87e/elements[39m
[35m[HTTP][39m [90m{"using":"-android uiautomator","value":"new UiSelector().className(\"android.widget.TextView\").text(\"AJUKAN SEKARANG\").resourceId(\"id.co.myhomecredit.dev:id/tv_dona_start\").instance(6)"}[39m
[35m[HTTP][39m [37m<-- POST /wd/hub/session/4baf3865-f030-4740-9443-19fa3e8cd87e/elements [39m[32m200[39m [90m47 ms - 74[39m
[35m[HTTP][39m [90m[39m
[35m[HTTP][39m [37m-->[39m [37mGET[39m [37m/wd/hub/session/4baf3865-f030-4740-9443-19fa3e8cd87e/context[39m
[35m[HTTP][39m [90m{}[39m
[35m[HTTP][39m [37m<-- GET /wd/hub/session/4baf3865-f030-4740-9443-19fa3e8cd87e/context [39m[32m200[39m [90m2 ms - 84[39m
[35m[HTTP][39m [90m[39m
[35m[HTTP][39m [37m-->[39m [37mGET[39m [37m/wd/hub/session/4baf3865-f030-4740-9443-19fa3e8cd87e/contexts[39m
[35m[HTTP][39m [90m{}[39m
[35m[HTTP][39m [37m<-- GET /wd/hub/session/4baf3865-f030-4740-9443-19fa3e8cd87e/contexts [39m[32m200[39m [90m126 ms - 86[39m
[35m[HTTP][39m [90m[39m
[35m[HTTP][39m [37m-->[39m [37mPOST[39m [37m/wd/hub/session/4baf3865-f030-4740-9443-19fa3e8cd87e/context[39m
[35m[HTTP][39m [90m{"name":"NATIVE_APP"}[39m
[35m[HTTP][39m [37m<-- POST /wd/hub/session/4baf3865-f030-4740-9443-19fa3e8cd87e/context [39m[32m200[39m [90m161 ms - 76[39m
[35m[HTTP][39m [90m[39m
[35m[HTTP][39m [37m-->[39m [37mGET[39m [37m/wd/hub/session/4baf3865-f030-4740-9443-19fa3e8cd87e/screenshot[39m
[35m[HTTP][39m [90m{}[39m
[35m[HTTP][39m [37m<-- GET /wd/hub/session/4baf3865-f030-4740-9443-19fa3e8cd87e/screenshot [39m[32m200[39m [90m889 ms - 590150[39m
[35m[HTTP][39m [90m[39m
[35m[HTTP][39m [37m-->[39m [37mPOST[39m [37m/wd/hub/session/4baf3865-f030-4740-9443-19fa3e8cd87e/context[39m
[35m[HTTP][39m [90m{"name":"NATIVE_APP"}[39m
[35m[HTTP][39m [37m<-- POST /wd/hub/session/4baf3865-f030-4740-9443-19fa3e8cd87e/context [39m[32m200[39m [90m129 ms - 76[39m
[35m[HTTP][39m [90m[39m
[35m[HTTP][39m [37m-->[39m [37mGET[39m [37m/wd/hub/session/4baf3865-f030-4740-9443-19fa3e8cd87e/context[39m
[35m[HTTP][39m [90m{}[39m
[35m[HTTP][39m [37m<-- GET /wd/hub/session/4baf3865-f030-4740-9443-19fa3e8cd87e/context [39m[32m200[39m [90m4 ms - 84[39m
[35m[HTTP][39m [90m[39m
[35m[HTTP][39m [37m-->[39m [37mGET[39m [37m/wd/hub/session/4baf3865-f030-4740-9443-19fa3e8cd87e/contexts[39m
[35m[HTTP][39m [90m{}[39m
[35m[HTTP][39m [37m<-- GET /wd/hub/session/4baf3865-f030-4740-9443-19fa3e8cd87e/contexts [39m[32m200[39m [90m144 ms - 86[39m
[35m[HTTP][39m [90m[39m
[35m[HTTP][39m [37m-->[39m [37mPOST[39m [37m/wd/hub/session/4baf3865-f030-4740-9443-19fa3e8cd87e/context[39m
[35m[HTTP][39m [90m{"name":"NATIVE_APP"}[39m
[35m[HTTP][39m [37m<-- POST /wd/hub/session/4baf3865-f030-4740-9443-19fa3e8cd87e/context [39m[32m200[39m [90m148 ms - 76[39m
[35m[HTTP][39m [90m[39m
[35m[HTTP][39m [37m-->[39m [37mGET[39m [37m/wd/hub/session/4baf3865-f030-4740-9443-19fa3e8cd87e/screenshot[39m
[35m[HTTP][39m [90m{}[39m
[35m[HTTP][39m [37m<-- GET /wd/hub/session/4baf3865-f030-4740-9443-19fa3e8cd87e/screenshot [39m[32m200[39m [90m842 ms - 590150[39m
[35m[HTTP][39m [90m[39m
[35m[HTTP][39m [37m-->[39m [37mPOST[39m [37m/wd/hub/session/4baf3865-f030-4740-9443-19fa3e8cd87e/context[39m
[35m[HTTP][39m [90m{"name":"NATIVE_APP"}[39m
[35m[HTTP][39m [37m<-- POST /wd/hub/session/4baf3865-f030-4740-9443-19fa3e8cd87e/context [39m[32m200[39m [90m124 ms - 76[39m
[35m[HTTP][39m [90m[39m
[35m[HTTP][39m [37m-->[39m [37mDELETE[39m [37m/wd/hub/session/4baf3865-f030-4740-9443-19fa3e8cd87e[39m
[35m[HTTP][39m [90m{}[39m
[35m[Appium][39m Removing session 4baf3865-f030-4740-9443-19fa3e8cd87e from our master session list
[35m[HTTP][39m [37m<-- DELETE /wd/hub/session/4baf3865-f030-4740-9443-19fa3e8cd87e [39m[32m200[39m [90m362 ms - 76[39m
[35m[HTTP][39m [90m[39m
