[35m[Appium][39m Welcome to Appium v1.8.1
[35m[Appium][39m Non-default server args:
[35m[Appium][39m   port: 64383
[35m[Appium][39m   loglevel: info
[35m[Appium][39m   chromeDriverPort: 64384
[35m[Appium][39m   tmpDir: C:\Users\PRAMUD~1.PRA\AppData\Local\Temp\\Katalon\Appium\Temp1540988005605
[35m[Appium][39m Appium REST http interface listener started on 0.0.0.0:64383
[35m[HTTP][39m [37m-->[39m [37mGET[39m [37m/wd/hub/status[39m
[35m[HTTP][39m [90m{}[39m
[35m[HTTP][39m [37m<-- GET /wd/hub/status [39m[32m200[39m [90m20 ms - 83[39m
[35m[HTTP][39m [90m[39m
[35m[HTTP][39m [37m-->[39m [37mPOST[39m [37m/wd/hub/session[39m
[35m[HTTP][39m [90m{"desiredCapabilities":{"app":"C:\\Users\\pramudityo.pratanto\\Desktop\\Katalon Update\\appv2-development-universal-debug (1).apk","appWaitActivity":"id.co.homecredit.*","autoGrantPermissions":true,"automationName":"uiautomator2","deviceId":"","deviceName":"asus ASUS_X00TD (Android 8.1.0)","fullReset":false,"newCommandTimeout":1800,"noReset":true,"platform":"ANDROID","platformName":"Android","udid":"J5AXGF00V036ZZZ"},"capabilities":{"desiredCapabilities":{"app":"C:\\Users\\pramudityo.pratanto\\Desktop\\Katalon Update\\appv2-development-universal-debug (1).apk","appWaitActivity":"id.co.homecredit.*","autoGrantPermissions":true,"automationName":"uiautomator2","deviceId":"","deviceName":"asus ASUS_X00TD (Android 8.1.0)","fullReset":false,"newCommandTimeout":1800,"noReset":true,"platform":"ANDROID","platformName":"Android","udid":"J5AXGF00V036ZZZ"},"firstMatch":[{"platformName":"android"}]}}[39m
[35m[Appium][39m Could not parse W3C capabilities: 'deviceName' can't be blank. Falling back to JSONWP protocol.
[35m[Appium][39m The following capabilities were provided in the JSONWP desired capabilities that are missing in W3C capabilities: ["app","appWaitActivity","autoGrantPermissions","automationName","deviceId","deviceName","fullReset","newCommandTimeout","noReset","platform","platformName","udid"]. Falling back to JSONWP protocol.
[35m[Appium][39m Creating new AndroidUiautomator2Driver (v1.12.0) session
[35m[Appium][39m Capabilities:
[35m[Appium][39m   app: C:\Users\pramudityo.pratanto\Desktop\Katalon Update\appv2-development-universal-debug (1).apk
[35m[Appium][39m   appWaitActivity: id.co.homecredit.*
[35m[Appium][39m   autoGrantPermissions: true
[35m[Appium][39m   automationName: uiautomator2
[35m[Appium][39m   deviceId: 
[35m[Appium][39m   deviceName: asus ASUS_X00TD (Android 8.1.0)
[35m[Appium][39m   fullReset: false
[35m[Appium][39m   newCommandTimeout: 1800
[35m[Appium][39m   noReset: true
[35m[Appium][39m   platform: ANDROID
[35m[Appium][39m   platformName: Android
[35m[Appium][39m   udid: J5AXGF00V036ZZZ
[35m[BaseDriver][39m The following capabilities were provided, but are not recognized by appium: deviceId, platform.
[35m[BaseDriver][39m Session created with session id: c195f593-3363-45b0-acac-a1662a1fcfdb
[35m[BaseDriver][39m Using local app 'C:\Users\pramudityo.pratanto\Desktop\Katalon Update\appv2-development-universal-debug (1).apk'
[35m[AndroidDriver][39m Java version is: 1.8.0_181
[35m[ADB][39m Checking whether adb is present
[35m[ADB][39m Found 2 'build-tools' folders under 'C:\Users\pramudityo.pratanto\.katalon\tools\android_sdk' (newest first):
[35m[ADB][39m     C:/Users/pramudityo.pratanto/.katalon/tools/android_sdk/build-tools/28.0.1
[35m[ADB][39m     C:/Users/pramudityo.pratanto/.katalon/tools/android_sdk/build-tools/25.0.3
[35m[ADB][39m Using adb.exe from C:\Users\pramudityo.pratanto\.katalon\tools\android_sdk\platform-tools\adb.exe
[35m[AndroidDriver][39m Retrieving device list
[35m[AndroidDriver][39m Using device: J5AXGF00V036ZZZ
[35m[ADB][39m Using the alternative activity name detection method because of: Could not find apkanalyzer.bat in C:\Users\pramudityo.pratanto\.katalon\tools\android_sdk\platform-tools\apkanalyzer.bat,C:\Users\pramudityo.pratanto\.katalon\tools\android_sdk\emulator\apkanalyzer.bat,C:\Users\pramudityo.pratanto\.katalon\tools\android_sdk\tools\apkanalyzer.bat,C:\Users\pramudityo.pratanto\.katalon\tools\android_sdk\tools\bin\apkanalyzer.bat,C:\Users\pramudityo.pratanto\.katalon\tools\android_sdk\build-tools\28.0.1\apkanalyzer.bat,C:\Users\pramudityo.pratanto\.katalon\tools\android_sdk\build-tools\25.0.3\apkanalyzer.bat. Do you have the Android SDK installed at 'C:\Users\pramudityo.pratanto\.katalon\tools\android_sdk'?
[35m[ADB][39m Checking whether aapt is present
[35m[ADB][39m Using aapt.exe from C:\Users\pramudityo.pratanto\.katalon\tools\android_sdk\build-tools\25.0.3\aapt.exe
[35m[ADB][39m Extracting package and launch activity from manifest
[35m[ADB][39m Package name: 'id.co.myhomecredit.dev'
[35m[ADB][39m Main activity name: 'id.co.homecredit.v2.launcherpage.LauncherActivity'
[35m[ADB][39m Getting device platform version
[35m[ADB][39m Using apksigner.bat from C:\Users\pramudityo.pratanto\.katalon\tools\android_sdk\build-tools\25.0.3\apksigner.bat
[35m[ADB][39m Checking whether zipalign is present
[35m[ADB][39m Using zipalign.exe from C:\Users\pramudityo.pratanto\.katalon\tools\android_sdk\build-tools\25.0.3\zipalign.exe
[35m[ADB][39m io.appium.uiautomator2.server was successfully uninstalled
[35m[ADB][39m io.appium.uiautomator2.server.test was successfully uninstalled
[35m[AndroidDriver][39m setDeviceLanguageCountry requires language or country.
[35m[AndroidDriver][39m Got language: 'null' and country: 'null'
[35m[ADB][39m Successfully extracted 1077 strings from 'C:\Users\pramudityo.pratanto\Desktop\Katalon Update\appv2-development-universal-debug (1).apk' resources for '(default)' configuration
[35m[UiAutomator2][39m Starting uiautomator2 server 1.12.0
[35m[UiAutomator2][39m Using UIAutomator2 server from 'C:\Users\pramudityo.pratanto\AppData\Roaming\npm\node_modules\appium\node_modules\appium-uiautomator2-server\apks\appium-uiautomator2-server-v1.12.0.apk' and test from 'C:\Users\pramudityo.pratanto\AppData\Roaming\npm\node_modules\appium\node_modules\appium-uiautomator2-server\apks\appium-uiautomator2-server-debug-androidTest.apk'
[35m[UiAutomator2][39m Running command: 'adb -s J5AXGF00V036ZZZ shell am instrument -w io.appium.uiautomator2.server.test/android.support.test.runner.AndroidJUnitRunner'
[35m[UiAutomator2][39m Waiting up to 20000ms for UiAutomator2 to be online...
[35m[AndroidDriver][39m Screen already unlocked, doing nothing
[35m[UiAutomator2][39m UiAutomator2 did not start the activity we were waiting for, 'id.co.myhomecredit.dev/id.co.homecredit.*'. Starting it ourselves
[35m[Appium][39m New AndroidUiautomator2Driver session created successfully, session c195f593-3363-45b0-acac-a1662a1fcfdb added to master session list
[35m[HTTP][39m [37m<-- POST /wd/hub/session [39m[32m200[39m [90m28576 ms - 1359[39m
[35m[HTTP][39m [90m[39m
[35m[HTTP][39m [37m-->[39m [37mGET[39m [37m/wd/hub/status[39m
[35m[HTTP][39m [90m{}[39m
[35m[HTTP][39m [37m<-- GET /wd/hub/status [39m[32m200[39m [90m13 ms - 55[39m
[35m[HTTP][39m [90m[39m
[35m[HTTP][39m [37m-->[39m [37mPOST[39m [37m/wd/hub/session/c195f593-3363-45b0-acac-a1662a1fcfdb/timeouts[39m
[35m[HTTP][39m [90m{"type":"implicit","ms":60000}[39m
[35m[HTTP][39m [37m<-- POST /wd/hub/session/c195f593-3363-45b0-acac-a1662a1fcfdb/timeouts [39m[33m400[39m [90m24 ms - 5756[39m
[35m[HTTP][39m [90m[39m
[35m[HTTP][39m [37m-->[39m [37mGET[39m [37m/wd/hub/session/c195f593-3363-45b0-acac-a1662a1fcfdb/window/current/size[39m
[35m[HTTP][39m [90m{}[39m
[35m[W3C][39m Driver proxy active, passing request on via HTTP proxy
[35m[JSONWP Proxy][39m Replacing sessionId 20c1e49f-cbe7-4e6b-ac8e-73bcabb4221b with c195f593-3363-45b0-acac-a1662a1fcfdb
[35m[HTTP][39m [37m<-- GET /wd/hub/session/c195f593-3363-45b0-acac-a1662a1fcfdb/window/current/size [39m[32m200[39m [90m90 ms - 100[39m
[35m[HTTP][39m [90m[39m
[35m[HTTP][39m [37m-->[39m [37mPOST[39m [37m/wd/hub/session/c195f593-3363-45b0-acac-a1662a1fcfdb/elements[39m
[35m[HTTP][39m [90m{"using":"-android uiautomator","value":"new UiSelector().className(\"android.widget.ImageView\").resourceId(\"id.co.myhomecredit.dev:id/promo_image\").instance(5)"}[39m
[35m[HTTP][39m [37m<-- POST /wd/hub/session/c195f593-3363-45b0-acac-a1662a1fcfdb/elements [39m[32m200[39m [90m1148 ms - 175[39m
[35m[HTTP][39m [90m[39m
[35m[HTTP][39m [37m-->[39m [37mGET[39m [37m/wd/hub/session/c195f593-3363-45b0-acac-a1662a1fcfdb[39m
[35m[HTTP][39m [90m{}[39m
[35m[HTTP][39m [37m<-- GET /wd/hub/session/c195f593-3363-45b0-acac-a1662a1fcfdb [39m[32m200[39m [90m57 ms - 1359[39m
[35m[HTTP][39m [90m[39m
[35m[HTTP][39m [37m-->[39m [37mGET[39m [37m/wd/hub/session/c195f593-3363-45b0-acac-a1662a1fcfdb[39m
[35m[HTTP][39m [90m{}[39m
[35m[HTTP][39m [37m<-- GET /wd/hub/session/c195f593-3363-45b0-acac-a1662a1fcfdb [39m[32m200[39m [90m52 ms - 1359[39m
[35m[HTTP][39m [90m[39m
[35m[HTTP][39m [37m-->[39m [37mGET[39m [37m/wd/hub/session/c195f593-3363-45b0-acac-a1662a1fcfdb[39m
[35m[HTTP][39m [90m{}[39m
[35m[HTTP][39m [37m<-- GET /wd/hub/session/c195f593-3363-45b0-acac-a1662a1fcfdb [39m[32m200[39m [90m43 ms - 1359[39m
[35m[HTTP][39m [90m[39m
[35m[HTTP][39m [37m-->[39m [37mGET[39m [37m/wd/hub/session/c195f593-3363-45b0-acac-a1662a1fcfdb[39m
[35m[HTTP][39m [90m{}[39m
[35m[HTTP][39m [37m<-- GET /wd/hub/session/c195f593-3363-45b0-acac-a1662a1fcfdb [39m[32m200[39m [90m39 ms - 1359[39m
[35m[HTTP][39m [90m[39m
[35m[HTTP][39m [37m-->[39m [37mGET[39m [37m/wd/hub/session/c195f593-3363-45b0-acac-a1662a1fcfdb[39m
[35m[HTTP][39m [90m{}[39m
[35m[HTTP][39m [37m<-- GET /wd/hub/session/c195f593-3363-45b0-acac-a1662a1fcfdb [39m[32m200[39m [90m30 ms - 1359[39m
[35m[HTTP][39m [90m[39m
[35m[HTTP][39m [37m-->[39m [37mGET[39m [37m/wd/hub/session/c195f593-3363-45b0-acac-a1662a1fcfdb[39m
[35m[HTTP][39m [90m{}[39m
[35m[HTTP][39m [37m<-- GET /wd/hub/session/c195f593-3363-45b0-acac-a1662a1fcfdb [39m[32m200[39m [90m41 ms - 1359[39m
[35m[HTTP][39m [90m[39m
[35m[HTTP][39m [37m-->[39m [37mGET[39m [37m/wd/hub/session/c195f593-3363-45b0-acac-a1662a1fcfdb[39m
[35m[HTTP][39m [90m{}[39m
[35m[HTTP][39m [37m<-- GET /wd/hub/session/c195f593-3363-45b0-acac-a1662a1fcfdb [39m[32m200[39m [90m33 ms - 1359[39m
[35m[HTTP][39m [90m[39m
[35m[HTTP][39m [37m-->[39m [37mGET[39m [37m/wd/hub/session/c195f593-3363-45b0-acac-a1662a1fcfdb[39m
[35m[HTTP][39m [90m{}[39m
[35m[HTTP][39m [37m<-- GET /wd/hub/session/c195f593-3363-45b0-acac-a1662a1fcfdb [39m[32m200[39m [90m62 ms - 1359[39m
[35m[HTTP][39m [90m[39m
[35m[HTTP][39m [37m-->[39m [37mGET[39m [37m/wd/hub/session/c195f593-3363-45b0-acac-a1662a1fcfdb/element/105b9504-3e0a-4c74-a266-0e7affcb78d7/location[39m
[35m[HTTP][39m [90m{}[39m
[35m[W3C][39m Driver proxy active, passing request on via HTTP proxy
[35m[JSONWP Proxy][39m Replacing sessionId 20c1e49f-cbe7-4e6b-ac8e-73bcabb4221b with c195f593-3363-45b0-acac-a1662a1fcfdb
[35m[HTTP][39m [37m<-- GET /wd/hub/session/c195f593-3363-45b0-acac-a1662a1fcfdb/element/105b9504-3e0a-4c74-a266-0e7affcb78d7/location [39m[32m200[39m [90m100 ms - 87[39m
[35m[HTTP][39m [90m[39m
[35m[HTTP][39m [37m-->[39m [37mPOST[39m [37m/wd/hub/session/c195f593-3363-45b0-acac-a1662a1fcfdb/touch/perform[39m
[35m[HTTP][39m [90m{"actions":[{"action":"tap","options":{"element":"105b9504-3e0a-4c74-a266-0e7affcb78d7","x":1,"y":1}}]}[39m
[35m[UiAutomator2][39m calling get location: 105b9504-3e0a-4c74-a266-0e7affcb78d7
[35m[HTTP][39m [37m<-- POST /wd/hub/session/c195f593-3363-45b0-acac-a1662a1fcfdb/touch/perform [39m[32m200[39m [90m1907 ms - 76[39m
[35m[HTTP][39m [90m[39m
[35m[HTTP][39m [37m-->[39m [37mGET[39m [37m/wd/hub/session/c195f593-3363-45b0-acac-a1662a1fcfdb/window/current/size[39m
[35m[HTTP][39m [90m{}[39m
[35m[W3C][39m Driver proxy active, passing request on via HTTP proxy
[35m[JSONWP Proxy][39m Replacing sessionId 20c1e49f-cbe7-4e6b-ac8e-73bcabb4221b with c195f593-3363-45b0-acac-a1662a1fcfdb
[35m[HTTP][39m [37m<-- GET /wd/hub/session/c195f593-3363-45b0-acac-a1662a1fcfdb/window/current/size [39m[32m200[39m [90m54 ms - 100[39m
[35m[HTTP][39m [90m[39m
[35m[HTTP][39m [37m-->[39m [37mPOST[39m [37m/wd/hub/session/c195f593-3363-45b0-acac-a1662a1fcfdb/elements[39m
[35m[HTTP][39m [90m{"using":"-android uiautomator","value":"new UiSelector().className(\"android.widget.TextView\").text(\"AJUKAN SEKARANG\").resourceId(\"id.co.myhomecredit.dev:id/tv_dona_start\").instance(6)"}[39m
[35m[HTTP][39m [37m<-- POST /wd/hub/session/c195f593-3363-45b0-acac-a1662a1fcfdb/elements [39m[32m200[39m [90m159 ms - 124[39m
[35m[HTTP][39m [90m[39m
[35m[HTTP][39m [37m-->[39m [37mGET[39m [37m/wd/hub/session/c195f593-3363-45b0-acac-a1662a1fcfdb[39m
[35m[HTTP][39m [90m{}[39m
[35m[HTTP][39m [37m<-- GET /wd/hub/session/c195f593-3363-45b0-acac-a1662a1fcfdb [39m[32m200[39m [90m47 ms - 1359[39m
[35m[HTTP][39m [90m[39m
[35m[HTTP][39m [37m-->[39m [37mGET[39m [37m/wd/hub/session/c195f593-3363-45b0-acac-a1662a1fcfdb[39m
[35m[HTTP][39m [90m{}[39m
[35m[HTTP][39m [37m<-- GET /wd/hub/session/c195f593-3363-45b0-acac-a1662a1fcfdb [39m[32m200[39m [90m45 ms - 1359[39m
[35m[HTTP][39m [90m[39m
[35m[HTTP][39m [37m-->[39m [37mGET[39m [37m/wd/hub/session/c195f593-3363-45b0-acac-a1662a1fcfdb[39m
[35m[HTTP][39m [90m{}[39m
[35m[HTTP][39m [37m<-- GET /wd/hub/session/c195f593-3363-45b0-acac-a1662a1fcfdb [39m[32m200[39m [90m54 ms - 1359[39m
[35m[HTTP][39m [90m[39m
[35m[HTTP][39m [37m-->[39m [37mGET[39m [37m/wd/hub/session/c195f593-3363-45b0-acac-a1662a1fcfdb[39m
[35m[HTTP][39m [90m{}[39m
[35m[HTTP][39m [37m<-- GET /wd/hub/session/c195f593-3363-45b0-acac-a1662a1fcfdb [39m[32m200[39m [90m31 ms - 1359[39m
[35m[HTTP][39m [90m[39m
[35m[HTTP][39m [37m-->[39m [37mGET[39m [37m/wd/hub/session/c195f593-3363-45b0-acac-a1662a1fcfdb/element/98a56cdc-ea8c-410b-966a-197e55cfa480/location[39m
[35m[HTTP][39m [90m{}[39m
[35m[W3C][39m Driver proxy active, passing request on via HTTP proxy
[35m[JSONWP Proxy][39m Replacing sessionId 20c1e49f-cbe7-4e6b-ac8e-73bcabb4221b with c195f593-3363-45b0-acac-a1662a1fcfdb
[35m[HTTP][39m [37m<-- GET /wd/hub/session/c195f593-3363-45b0-acac-a1662a1fcfdb/element/98a56cdc-ea8c-410b-966a-197e55cfa480/location [39m[32m200[39m [90m85 ms - 89[39m
[35m[HTTP][39m [90m[39m
[35m[HTTP][39m [37m-->[39m [37mPOST[39m [37m/wd/hub/session/c195f593-3363-45b0-acac-a1662a1fcfdb/touch/perform[39m
[35m[HTTP][39m [90m{"actions":[{"action":"tap","options":{"element":"98a56cdc-ea8c-410b-966a-197e55cfa480","x":1,"y":1}}]}[39m
[35m[UiAutomator2][39m calling get location: 98a56cdc-ea8c-410b-966a-197e55cfa480
[35m[HTTP][39m [37m<-- POST /wd/hub/session/c195f593-3363-45b0-acac-a1662a1fcfdb/touch/perform [39m[32m200[39m [90m2858 ms - 76[39m
[35m[HTTP][39m [90m[39m
[35m[HTTP][39m [37m-->[39m [37mGET[39m [37m/wd/hub/session/c195f593-3363-45b0-acac-a1662a1fcfdb/window/current/size[39m
[35m[HTTP][39m [90m{}[39m
[35m[W3C][39m Driver proxy active, passing request on via HTTP proxy
[35m[JSONWP Proxy][39m Replacing sessionId 20c1e49f-cbe7-4e6b-ac8e-73bcabb4221b with c195f593-3363-45b0-acac-a1662a1fcfdb
[35m[HTTP][39m [37m<-- GET /wd/hub/session/c195f593-3363-45b0-acac-a1662a1fcfdb/window/current/size [39m[32m200[39m [90m84 ms - 100[39m
[35m[HTTP][39m [90m[39m
[35m[HTTP][39m [37m-->[39m [37mPOST[39m [37m/wd/hub/session/c195f593-3363-45b0-acac-a1662a1fcfdb/elements[39m
[35m[HTTP][39m [90m{"using":"-android uiautomator","value":"new UiSelector().className(\"android.widget.TextView\").text(\"LANJUTKAN\").resourceId(\"id.co.myhomecredit.dev:id/btn_next_opf\").instance(4)"}[39m
[35m[HTTP][39m [37m<-- POST /wd/hub/session/c195f593-3363-45b0-acac-a1662a1fcfdb/elements [39m[32m200[39m [90m128 ms - 124[39m
[35m[HTTP][39m [90m[39m
[35m[HTTP][39m [37m-->[39m [37mGET[39m [37m/wd/hub/session/c195f593-3363-45b0-acac-a1662a1fcfdb[39m
[35m[HTTP][39m [90m{}[39m
[35m[HTTP][39m [37m<-- GET /wd/hub/session/c195f593-3363-45b0-acac-a1662a1fcfdb [39m[32m200[39m [90m45 ms - 1359[39m
[35m[HTTP][39m [90m[39m
[35m[HTTP][39m [37m-->[39m [37mGET[39m [37m/wd/hub/session/c195f593-3363-45b0-acac-a1662a1fcfdb[39m
[35m[HTTP][39m [90m{}[39m
[35m[HTTP][39m [37m<-- GET /wd/hub/session/c195f593-3363-45b0-acac-a1662a1fcfdb [39m[32m200[39m [90m32 ms - 1359[39m
[35m[HTTP][39m [90m[39m
[35m[HTTP][39m [37m-->[39m [37mGET[39m [37m/wd/hub/session/c195f593-3363-45b0-acac-a1662a1fcfdb[39m
[35m[HTTP][39m [90m{}[39m
[35m[HTTP][39m [37m<-- GET /wd/hub/session/c195f593-3363-45b0-acac-a1662a1fcfdb [39m[32m200[39m [90m42 ms - 1359[39m
[35m[HTTP][39m [90m[39m
[35m[HTTP][39m [37m-->[39m [37mGET[39m [37m/wd/hub/session/c195f593-3363-45b0-acac-a1662a1fcfdb[39m
[35m[HTTP][39m [90m{}[39m
[35m[HTTP][39m [37m<-- GET /wd/hub/session/c195f593-3363-45b0-acac-a1662a1fcfdb [39m[32m200[39m [90m32 ms - 1359[39m
[35m[HTTP][39m [90m[39m
[35m[HTTP][39m [37m-->[39m [37mGET[39m [37m/wd/hub/session/c195f593-3363-45b0-acac-a1662a1fcfdb/element/c86bd60b-cd95-4f1a-a326-5975dcd23676/location[39m
[35m[HTTP][39m [90m{}[39m
[35m[W3C][39m Driver proxy active, passing request on via HTTP proxy
[35m[JSONWP Proxy][39m Replacing sessionId 20c1e49f-cbe7-4e6b-ac8e-73bcabb4221b with c195f593-3363-45b0-acac-a1662a1fcfdb
[35m[HTTP][39m [37m<-- GET /wd/hub/session/c195f593-3363-45b0-acac-a1662a1fcfdb/element/c86bd60b-cd95-4f1a-a326-5975dcd23676/location [39m[32m200[39m [90m54 ms - 89[39m
[35m[HTTP][39m [90m[39m
[35m[HTTP][39m [37m-->[39m [37mPOST[39m [37m/wd/hub/session/c195f593-3363-45b0-acac-a1662a1fcfdb/touch/perform[39m
[35m[HTTP][39m [90m{"actions":[{"action":"tap","options":{"element":"c86bd60b-cd95-4f1a-a326-5975dcd23676","x":1,"y":1}}]}[39m
[35m[UiAutomator2][39m calling get location: c86bd60b-cd95-4f1a-a326-5975dcd23676
[35m[HTTP][39m [37m<-- POST /wd/hub/session/c195f593-3363-45b0-acac-a1662a1fcfdb/touch/perform [39m[32m200[39m [90m2480 ms - 76[39m
[35m[HTTP][39m [90m[39m
[35m[HTTP][39m [37m-->[39m [37mGET[39m [37m/wd/hub/session/c195f593-3363-45b0-acac-a1662a1fcfdb/window/current/size[39m
[35m[HTTP][39m [90m{}[39m
[35m[W3C][39m Driver proxy active, passing request on via HTTP proxy
[35m[JSONWP Proxy][39m Replacing sessionId 20c1e49f-cbe7-4e6b-ac8e-73bcabb4221b with c195f593-3363-45b0-acac-a1662a1fcfdb
[35m[HTTP][39m [37m<-- GET /wd/hub/session/c195f593-3363-45b0-acac-a1662a1fcfdb/window/current/size [39m[32m200[39m [90m60 ms - 100[39m
[35m[HTTP][39m [90m[39m
[35m[HTTP][39m [37m-->[39m [37mPOST[39m [37m/wd/hub/session/c195f593-3363-45b0-acac-a1662a1fcfdb/elements[39m
[35m[HTTP][39m [90m{"using":"-android uiautomator","value":"new UiSelector().className(\"android.widget.TextView\").text(\"MULAI PENGAJUAN\").resourceId(\"id.co.myhomecredit.dev:id/btn_next_opf\").instance(7)"}[39m
[35m[HTTP][39m [37m<-- POST /wd/hub/session/c195f593-3363-45b0-acac-a1662a1fcfdb/elements [39m[32m200[39m [90m77 ms - 74[39m
[35m[HTTP][39m [90m[39m
[35m[HTTP][39m [37m-->[39m [37mPOST[39m [37m/wd/hub/session/c195f593-3363-45b0-acac-a1662a1fcfdb/elements[39m
[35m[HTTP][39m [90m{"using":"-android uiautomator","value":"new UiSelector().className(\"android.widget.TextView\").text(\"MULAI PENGAJUAN\").resourceId(\"id.co.myhomecredit.dev:id/btn_next_opf\").instance(7)"}[39m
[35m[HTTP][39m [37m<-- POST /wd/hub/session/c195f593-3363-45b0-acac-a1662a1fcfdb/elements [39m[32m200[39m [90m81 ms - 74[39m
[35m[HTTP][39m [90m[39m
[35m[HTTP][39m [37m-->[39m [37mPOST[39m [37m/wd/hub/session/c195f593-3363-45b0-acac-a1662a1fcfdb/elements[39m
[35m[HTTP][39m [90m{"using":"-android uiautomator","value":"new UiSelector().className(\"android.widget.TextView\").text(\"MULAI PENGAJUAN\").resourceId(\"id.co.myhomecredit.dev:id/btn_next_opf\").instance(7)"}[39m
[35m[HTTP][39m [37m<-- POST /wd/hub/session/c195f593-3363-45b0-acac-a1662a1fcfdb/elements [39m[32m200[39m [90m63 ms - 74[39m
[35m[HTTP][39m [90m[39m
[35m[HTTP][39m [37m-->[39m [37mPOST[39m [37m/wd/hub/session/c195f593-3363-45b0-acac-a1662a1fcfdb/elements[39m
[35m[HTTP][39m [90m{"using":"-android uiautomator","value":"new UiSelector().className(\"android.widget.TextView\").text(\"MULAI PENGAJUAN\").resourceId(\"id.co.myhomecredit.dev:id/btn_next_opf\").instance(7)"}[39m
[35m[HTTP][39m [37m<-- POST /wd/hub/session/c195f593-3363-45b0-acac-a1662a1fcfdb/elements [39m[32m200[39m [90m73 ms - 74[39m
[35m[HTTP][39m [90m[39m
[35m[HTTP][39m [37m-->[39m [37mPOST[39m [37m/wd/hub/session/c195f593-3363-45b0-acac-a1662a1fcfdb/elements[39m
[35m[HTTP][39m [90m{"using":"-android uiautomator","value":"new UiSelector().className(\"android.widget.TextView\").text(\"MULAI PENGAJUAN\").resourceId(\"id.co.myhomecredit.dev:id/btn_next_opf\").instance(7)"}[39m
[35m[HTTP][39m [37m<-- POST /wd/hub/session/c195f593-3363-45b0-acac-a1662a1fcfdb/elements [39m[32m200[39m [90m68 ms - 74[39m
[35m[HTTP][39m [90m[39m
[35m[HTTP][39m [37m-->[39m [37mPOST[39m [37m/wd/hub/session/c195f593-3363-45b0-acac-a1662a1fcfdb/elements[39m
[35m[HTTP][39m [90m{"using":"-android uiautomator","value":"new UiSelector().className(\"android.widget.TextView\").text(\"MULAI PENGAJUAN\").resourceId(\"id.co.myhomecredit.dev:id/btn_next_opf\").instance(7)"}[39m
[35m[HTTP][39m [37m<-- POST /wd/hub/session/c195f593-3363-45b0-acac-a1662a1fcfdb/elements [39m[32m200[39m [90m80 ms - 74[39m
[35m[HTTP][39m [90m[39m
[35m[HTTP][39m [37m-->[39m [37mPOST[39m [37m/wd/hub/session/c195f593-3363-45b0-acac-a1662a1fcfdb/elements[39m
[35m[HTTP][39m [90m{"using":"-android uiautomator","value":"new UiSelector().className(\"android.widget.TextView\").text(\"MULAI PENGAJUAN\").resourceId(\"id.co.myhomecredit.dev:id/btn_next_opf\").instance(7)"}[39m
[35m[HTTP][39m [37m<-- POST /wd/hub/session/c195f593-3363-45b0-acac-a1662a1fcfdb/elements [39m[32m200[39m [90m67 ms - 74[39m
[35m[HTTP][39m [90m[39m
[35m[HTTP][39m [37m-->[39m [37mPOST[39m [37m/wd/hub/session/c195f593-3363-45b0-acac-a1662a1fcfdb/elements[39m
[35m[HTTP][39m [90m{"using":"-android uiautomator","value":"new UiSelector().className(\"android.widget.TextView\").text(\"MULAI PENGAJUAN\").resourceId(\"id.co.myhomecredit.dev:id/btn_next_opf\").instance(7)"}[39m
[35m[HTTP][39m [37m<-- POST /wd/hub/session/c195f593-3363-45b0-acac-a1662a1fcfdb/elements [39m[32m200[39m [90m71 ms - 74[39m
[35m[HTTP][39m [90m[39m
[35m[HTTP][39m [37m-->[39m [37mPOST[39m [37m/wd/hub/session/c195f593-3363-45b0-acac-a1662a1fcfdb/elements[39m
[35m[HTTP][39m [90m{"using":"-android uiautomator","value":"new UiSelector().className(\"android.widget.TextView\").text(\"MULAI PENGAJUAN\").resourceId(\"id.co.myhomecredit.dev:id/btn_next_opf\").instance(7)"}[39m
[35m[HTTP][39m [37m<-- POST /wd/hub/session/c195f593-3363-45b0-acac-a1662a1fcfdb/elements [39m[32m200[39m [90m60 ms - 74[39m
[35m[HTTP][39m [90m[39m
[35m[HTTP][39m [37m-->[39m [37mPOST[39m [37m/wd/hub/session/c195f593-3363-45b0-acac-a1662a1fcfdb/elements[39m
[35m[HTTP][39m [90m{"using":"-android uiautomator","value":"new UiSelector().className(\"android.widget.TextView\").text(\"MULAI PENGAJUAN\").resourceId(\"id.co.myhomecredit.dev:id/btn_next_opf\").instance(7)"}[39m
[35m[HTTP][39m [37m<-- POST /wd/hub/session/c195f593-3363-45b0-acac-a1662a1fcfdb/elements [39m[32m200[39m [90m77 ms - 74[39m
[35m[HTTP][39m [90m[39m
[35m[HTTP][39m [37m-->[39m [37mPOST[39m [37m/wd/hub/session/c195f593-3363-45b0-acac-a1662a1fcfdb/elements[39m
[35m[HTTP][39m [90m{"using":"-android uiautomator","value":"new UiSelector().className(\"android.widget.TextView\").text(\"MULAI PENGAJUAN\").resourceId(\"id.co.myhomecredit.dev:id/btn_next_opf\").instance(7)"}[39m
[35m[HTTP][39m [37m<-- POST /wd/hub/session/c195f593-3363-45b0-acac-a1662a1fcfdb/elements [39m[32m200[39m [90m58 ms - 74[39m
[35m[HTTP][39m [90m[39m
[35m[HTTP][39m [37m-->[39m [37mPOST[39m [37m/wd/hub/session/c195f593-3363-45b0-acac-a1662a1fcfdb/elements[39m
[35m[HTTP][39m [90m{"using":"-android uiautomator","value":"new UiSelector().className(\"android.widget.TextView\").text(\"MULAI PENGAJUAN\").resourceId(\"id.co.myhomecredit.dev:id/btn_next_opf\").instance(7)"}[39m
[35m[HTTP][39m [37m<-- POST /wd/hub/session/c195f593-3363-45b0-acac-a1662a1fcfdb/elements [39m[32m200[39m [90m59 ms - 74[39m
[35m[HTTP][39m [90m[39m
[35m[HTTP][39m [37m-->[39m [37mPOST[39m [37m/wd/hub/session/c195f593-3363-45b0-acac-a1662a1fcfdb/elements[39m
[35m[HTTP][39m [90m{"using":"-android uiautomator","value":"new UiSelector().className(\"android.widget.TextView\").text(\"MULAI PENGAJUAN\").resourceId(\"id.co.myhomecredit.dev:id/btn_next_opf\").instance(7)"}[39m
[35m[HTTP][39m [37m<-- POST /wd/hub/session/c195f593-3363-45b0-acac-a1662a1fcfdb/elements [39m[32m200[39m [90m68 ms - 74[39m
[35m[HTTP][39m [90m[39m
[35m[HTTP][39m [37m-->[39m [37mPOST[39m [37m/wd/hub/session/c195f593-3363-45b0-acac-a1662a1fcfdb/elements[39m
[35m[HTTP][39m [90m{"using":"-android uiautomator","value":"new UiSelector().className(\"android.widget.TextView\").text(\"MULAI PENGAJUAN\").resourceId(\"id.co.myhomecredit.dev:id/btn_next_opf\").instance(7)"}[39m
[35m[HTTP][39m [37m<-- POST /wd/hub/session/c195f593-3363-45b0-acac-a1662a1fcfdb/elements [39m[32m200[39m [90m89 ms - 74[39m
[35m[HTTP][39m [90m[39m
[35m[HTTP][39m [37m-->[39m [37mPOST[39m [37m/wd/hub/session/c195f593-3363-45b0-acac-a1662a1fcfdb/elements[39m
[35m[HTTP][39m [90m{"using":"-android uiautomator","value":"new UiSelector().className(\"android.widget.TextView\").text(\"MULAI PENGAJUAN\").resourceId(\"id.co.myhomecredit.dev:id/btn_next_opf\").instance(7)"}[39m
[35m[HTTP][39m [37m<-- POST /wd/hub/session/c195f593-3363-45b0-acac-a1662a1fcfdb/elements [39m[32m200[39m [90m881 ms - 124[39m
[35m[HTTP][39m [90m[39m
[35m[HTTP][39m [37m-->[39m [37mGET[39m [37m/wd/hub/session/c195f593-3363-45b0-acac-a1662a1fcfdb[39m
[35m[HTTP][39m [90m{}[39m
[35m[HTTP][39m [37m<-- GET /wd/hub/session/c195f593-3363-45b0-acac-a1662a1fcfdb [39m[32m200[39m [90m33 ms - 1359[39m
[35m[HTTP][39m [90m[39m
[35m[HTTP][39m [37m-->[39m [37mGET[39m [37m/wd/hub/session/c195f593-3363-45b0-acac-a1662a1fcfdb[39m
[35m[HTTP][39m [90m{}[39m
[35m[HTTP][39m [37m<-- GET /wd/hub/session/c195f593-3363-45b0-acac-a1662a1fcfdb [39m[32m200[39m [90m32 ms - 1359[39m
[35m[HTTP][39m [90m[39m
[35m[HTTP][39m [37m-->[39m [37mGET[39m [37m/wd/hub/session/c195f593-3363-45b0-acac-a1662a1fcfdb[39m
[35m[HTTP][39m [90m{}[39m
[35m[HTTP][39m [37m<-- GET /wd/hub/session/c195f593-3363-45b0-acac-a1662a1fcfdb [39m[32m200[39m [90m31 ms - 1359[39m
[35m[HTTP][39m [90m[39m
[35m[HTTP][39m [37m-->[39m [37mGET[39m [37m/wd/hub/session/c195f593-3363-45b0-acac-a1662a1fcfdb[39m
[35m[HTTP][39m [90m{}[39m
[35m[HTTP][39m [37m<-- GET /wd/hub/session/c195f593-3363-45b0-acac-a1662a1fcfdb [39m[32m200[39m [90m27 ms - 1359[39m
[35m[HTTP][39m [90m[39m
[35m[HTTP][39m [37m-->[39m [37mGET[39m [37m/wd/hub/session/c195f593-3363-45b0-acac-a1662a1fcfdb/element/3f79e06d-bc33-4329-8ff3-95d33c0d1c58/location[39m
[35m[HTTP][39m [90m{}[39m
[35m[W3C][39m Driver proxy active, passing request on via HTTP proxy
[35m[JSONWP Proxy][39m Replacing sessionId 20c1e49f-cbe7-4e6b-ac8e-73bcabb4221b with c195f593-3363-45b0-acac-a1662a1fcfdb
[35m[HTTP][39m [37m<-- GET /wd/hub/session/c195f593-3363-45b0-acac-a1662a1fcfdb/element/3f79e06d-bc33-4329-8ff3-95d33c0d1c58/location [39m[32m200[39m [90m515 ms - 89[39m
[35m[HTTP][39m [90m[39m
[35m[HTTP][39m [37m-->[39m [37mPOST[39m [37m/wd/hub/session/c195f593-3363-45b0-acac-a1662a1fcfdb/touch/perform[39m
[35m[HTTP][39m [90m{"actions":[{"action":"tap","options":{"element":"3f79e06d-bc33-4329-8ff3-95d33c0d1c58","x":1,"y":1}}]}[39m
[35m[UiAutomator2][39m calling get location: 3f79e06d-bc33-4329-8ff3-95d33c0d1c58
[35m[HTTP][39m [37m<-- POST /wd/hub/session/c195f593-3363-45b0-acac-a1662a1fcfdb/touch/perform [39m[32m200[39m [90m1978 ms - 76[39m
[35m[HTTP][39m [90m[39m
[35m[HTTP][39m [37m-->[39m [37mGET[39m [37m/wd/hub/session/c195f593-3363-45b0-acac-a1662a1fcfdb/window/current/size[39m
[35m[HTTP][39m [90m{}[39m
[35m[W3C][39m Driver proxy active, passing request on via HTTP proxy
[35m[JSONWP Proxy][39m Replacing sessionId 20c1e49f-cbe7-4e6b-ac8e-73bcabb4221b with c195f593-3363-45b0-acac-a1662a1fcfdb
[35m[HTTP][39m [37m<-- GET /wd/hub/session/c195f593-3363-45b0-acac-a1662a1fcfdb/window/current/size [39m[32m200[39m [90m57 ms - 100[39m
[35m[HTTP][39m [90m[39m
[35m[HTTP][39m [37m-->[39m [37mPOST[39m [37m/wd/hub/session/c195f593-3363-45b0-acac-a1662a1fcfdb/elements[39m
[35m[HTTP][39m [90m{"using":"-android uiautomator","value":"new UiSelector().className(\"android.widget.ImageView\").resourceId(\"id.co.myhomecredit.dev:id/iv_opf_upload_ektp\").instance(1)"}[39m
[35m[HTTP][39m [37m<-- POST /wd/hub/session/c195f593-3363-45b0-acac-a1662a1fcfdb/elements [39m[32m200[39m [90m112 ms - 124[39m
[35m[HTTP][39m [90m[39m
[35m[HTTP][39m [37m-->[39m [37mGET[39m [37m/wd/hub/session/c195f593-3363-45b0-acac-a1662a1fcfdb[39m
[35m[HTTP][39m [90m{}[39m
[35m[HTTP][39m [37m<-- GET /wd/hub/session/c195f593-3363-45b0-acac-a1662a1fcfdb [39m[32m200[39m [90m31 ms - 1359[39m
[35m[HTTP][39m [90m[39m
[35m[HTTP][39m [37m-->[39m [37mGET[39m [37m/wd/hub/session/c195f593-3363-45b0-acac-a1662a1fcfdb[39m
[35m[HTTP][39m [90m{}[39m
[35m[HTTP][39m [37m<-- GET /wd/hub/session/c195f593-3363-45b0-acac-a1662a1fcfdb [39m[32m200[39m [90m27 ms - 1359[39m
[35m[HTTP][39m [90m[39m
[35m[HTTP][39m [37m-->[39m [37mGET[39m [37m/wd/hub/session/c195f593-3363-45b0-acac-a1662a1fcfdb[39m
[35m[HTTP][39m [90m{}[39m
[35m[HTTP][39m [37m<-- GET /wd/hub/session/c195f593-3363-45b0-acac-a1662a1fcfdb [39m[32m200[39m [90m32 ms - 1359[39m
[35m[HTTP][39m [90m[39m
[35m[HTTP][39m [37m-->[39m [37mGET[39m [37m/wd/hub/session/c195f593-3363-45b0-acac-a1662a1fcfdb[39m
[35m[HTTP][39m [90m{}[39m
[35m[HTTP][39m [37m<-- GET /wd/hub/session/c195f593-3363-45b0-acac-a1662a1fcfdb [39m[32m200[39m [90m30 ms - 1359[39m
[35m[HTTP][39m [90m[39m
[35m[HTTP][39m [37m-->[39m [37mGET[39m [37m/wd/hub/session/c195f593-3363-45b0-acac-a1662a1fcfdb/element/1cceba42-daaa-48b5-acc4-80f5607aaf06/location[39m
[35m[HTTP][39m [90m{}[39m
[35m[W3C][39m Driver proxy active, passing request on via HTTP proxy
[35m[JSONWP Proxy][39m Replacing sessionId 20c1e49f-cbe7-4e6b-ac8e-73bcabb4221b with c195f593-3363-45b0-acac-a1662a1fcfdb
[35m[HTTP][39m [37m<-- GET /wd/hub/session/c195f593-3363-45b0-acac-a1662a1fcfdb/element/1cceba42-daaa-48b5-acc4-80f5607aaf06/location [39m[32m200[39m [90m50 ms - 89[39m
[35m[HTTP][39m [90m[39m
[35m[HTTP][39m [37m-->[39m [37mPOST[39m [37m/wd/hub/session/c195f593-3363-45b0-acac-a1662a1fcfdb/touch/perform[39m
[35m[HTTP][39m [90m{"actions":[{"action":"tap","options":{"element":"1cceba42-daaa-48b5-acc4-80f5607aaf06","x":1,"y":1}}]}[39m
[35m[UiAutomator2][39m calling get location: 1cceba42-daaa-48b5-acc4-80f5607aaf06
[35m[HTTP][39m [37m<-- POST /wd/hub/session/c195f593-3363-45b0-acac-a1662a1fcfdb/touch/perform [39m[32m200[39m [90m1897 ms - 76[39m
[35m[HTTP][39m [90m[39m
[35m[HTTP][39m [37m-->[39m [37mGET[39m [37m/wd/hub/session/c195f593-3363-45b0-acac-a1662a1fcfdb/window/current/size[39m
[35m[HTTP][39m [90m{}[39m
[35m[W3C][39m Driver proxy active, passing request on via HTTP proxy
[35m[JSONWP Proxy][39m Replacing sessionId 20c1e49f-cbe7-4e6b-ac8e-73bcabb4221b with c195f593-3363-45b0-acac-a1662a1fcfdb
[35m[HTTP][39m [37m<-- GET /wd/hub/session/c195f593-3363-45b0-acac-a1662a1fcfdb/window/current/size [39m[32m200[39m [90m29 ms - 100[39m
[35m[HTTP][39m [90m[39m
[35m[HTTP][39m [37m-->[39m [37mPOST[39m [37m/wd/hub/session/c195f593-3363-45b0-acac-a1662a1fcfdb/elements[39m
[35m[HTTP][39m [90m{"using":"-android uiautomator","value":"new UiSelector().className(\"android.widget.TextView\").text(\"LANJUTKAN\").resourceId(\"id.co.myhomecredit.dev:id/btn_next_opf\").instance(9)"}[39m
[35m[HTTP][39m [37m<-- POST /wd/hub/session/c195f593-3363-45b0-acac-a1662a1fcfdb/elements [39m[32m200[39m [90m46 ms - 124[39m
[35m[HTTP][39m [90m[39m
[35m[HTTP][39m [37m-->[39m [37mGET[39m [37m/wd/hub/session/c195f593-3363-45b0-acac-a1662a1fcfdb[39m
[35m[HTTP][39m [90m{}[39m
[35m[HTTP][39m [37m<-- GET /wd/hub/session/c195f593-3363-45b0-acac-a1662a1fcfdb [39m[32m200[39m [90m19 ms - 1359[39m
[35m[HTTP][39m [90m[39m
[35m[HTTP][39m [37m-->[39m [37mGET[39m [37m/wd/hub/session/c195f593-3363-45b0-acac-a1662a1fcfdb[39m
[35m[HTTP][39m [90m{}[39m
[35m[HTTP][39m [37m<-- GET /wd/hub/session/c195f593-3363-45b0-acac-a1662a1fcfdb [39m[32m200[39m [90m22 ms - 1359[39m
[35m[HTTP][39m [90m[39m
[35m[HTTP][39m [37m-->[39m [37mGET[39m [37m/wd/hub/session/c195f593-3363-45b0-acac-a1662a1fcfdb[39m
[35m[HTTP][39m [90m{}[39m
[35m[HTTP][39m [37m<-- GET /wd/hub/session/c195f593-3363-45b0-acac-a1662a1fcfdb [39m[32m200[39m [90m18 ms - 1359[39m
[35m[HTTP][39m [90m[39m
[35m[HTTP][39m [37m-->[39m [37mGET[39m [37m/wd/hub/session/c195f593-3363-45b0-acac-a1662a1fcfdb[39m
[35m[HTTP][39m [90m{}[39m
[35m[HTTP][39m [37m<-- GET /wd/hub/session/c195f593-3363-45b0-acac-a1662a1fcfdb [39m[32m200[39m [90m19 ms - 1359[39m
[35m[HTTP][39m [90m[39m
[35m[HTTP][39m [37m-->[39m [37mGET[39m [37m/wd/hub/session/c195f593-3363-45b0-acac-a1662a1fcfdb/element/4796ce91-a93c-467c-89d4-a22cf0d1a8b0/location[39m
[35m[HTTP][39m [90m{}[39m
[35m[W3C][39m Driver proxy active, passing request on via HTTP proxy
[35m[JSONWP Proxy][39m Replacing sessionId 20c1e49f-cbe7-4e6b-ac8e-73bcabb4221b with c195f593-3363-45b0-acac-a1662a1fcfdb
[35m[HTTP][39m [37m<-- GET /wd/hub/session/c195f593-3363-45b0-acac-a1662a1fcfdb/element/4796ce91-a93c-467c-89d4-a22cf0d1a8b0/location [39m[32m200[39m [90m25 ms - 89[39m
[35m[HTTP][39m [90m[39m
[35m[HTTP][39m [37m-->[39m [37mPOST[39m [37m/wd/hub/session/c195f593-3363-45b0-acac-a1662a1fcfdb/touch/perform[39m
[35m[HTTP][39m [90m{"actions":[{"action":"tap","options":{"element":"4796ce91-a93c-467c-89d4-a22cf0d1a8b0","x":1,"y":1}}]}[39m
[35m[UiAutomator2][39m calling get location: 4796ce91-a93c-467c-89d4-a22cf0d1a8b0
[35m[HTTP][39m [37m<-- POST /wd/hub/session/c195f593-3363-45b0-acac-a1662a1fcfdb/touch/perform [39m[32m200[39m [90m10613 ms - 76[39m
[35m[HTTP][39m [90m[39m
[35m[HTTP][39m [37m-->[39m [37mGET[39m [37m/wd/hub/session/c195f593-3363-45b0-acac-a1662a1fcfdb/window/current/size[39m
[35m[HTTP][39m [90m{}[39m
[35m[W3C][39m Driver proxy active, passing request on via HTTP proxy
[35m[JSONWP Proxy][39m Replacing sessionId 20c1e49f-cbe7-4e6b-ac8e-73bcabb4221b with c195f593-3363-45b0-acac-a1662a1fcfdb
[35m[HTTP][39m [37m<-- GET /wd/hub/session/c195f593-3363-45b0-acac-a1662a1fcfdb/window/current/size [39m[32m200[39m [90m47 ms - 100[39m
[35m[HTTP][39m [90m[39m
[35m[HTTP][39m [37m-->[39m [37mPOST[39m [37m/wd/hub/session/c195f593-3363-45b0-acac-a1662a1fcfdb/elements[39m
[35m[HTTP][39m [90m{"using":"-android uiautomator","value":"new UiSelector().className(\"android.widget.TextView\").text(\"GANTI KAMERA\").resourceId(\"id.co.myhomecredit.dev:id/switch_normal\").instance(0)"}[39m
[35m[HTTP][39m [37m<-- POST /wd/hub/session/c195f593-3363-45b0-acac-a1662a1fcfdb/elements [39m[32m200[39m [90m43450 ms - 124[39m
[35m[HTTP][39m [90m[39m
[35m[HTTP][39m [37m-->[39m [37mGET[39m [37m/wd/hub/session/c195f593-3363-45b0-acac-a1662a1fcfdb[39m
[35m[HTTP][39m [90m{}[39m
[35m[HTTP][39m [37m<-- GET /wd/hub/session/c195f593-3363-45b0-acac-a1662a1fcfdb [39m[32m200[39m [90m47 ms - 1359[39m
[35m[HTTP][39m [90m[39m
[35m[HTTP][39m [37m-->[39m [37mGET[39m [37m/wd/hub/session/c195f593-3363-45b0-acac-a1662a1fcfdb[39m
[35m[HTTP][39m [90m{}[39m
[35m[HTTP][39m [37m<-- GET /wd/hub/session/c195f593-3363-45b0-acac-a1662a1fcfdb [39m[32m200[39m [90m37 ms - 1359[39m
[35m[HTTP][39m [90m[39m
[35m[HTTP][39m [37m-->[39m [37mGET[39m [37m/wd/hub/session/c195f593-3363-45b0-acac-a1662a1fcfdb[39m
[35m[HTTP][39m [90m{}[39m
[35m[HTTP][39m [37m<-- GET /wd/hub/session/c195f593-3363-45b0-acac-a1662a1fcfdb [39m[32m200[39m [90m33 ms - 1359[39m
[35m[HTTP][39m [90m[39m
[35m[HTTP][39m [37m-->[39m [37mGET[39m [37m/wd/hub/session/c195f593-3363-45b0-acac-a1662a1fcfdb[39m
[35m[HTTP][39m [90m{}[39m
[35m[HTTP][39m [37m<-- GET /wd/hub/session/c195f593-3363-45b0-acac-a1662a1fcfdb [39m[32m200[39m [90m43 ms - 1359[39m
[35m[HTTP][39m [90m[39m
[35m[HTTP][39m [37m-->[39m [37mGET[39m [37m/wd/hub/session/c195f593-3363-45b0-acac-a1662a1fcfdb/element/71601280-2305-426c-824c-46c45bec2709/location[39m
[35m[HTTP][39m [90m{}[39m
[35m[W3C][39m Driver proxy active, passing request on via HTTP proxy
[35m[JSONWP Proxy][39m Replacing sessionId 20c1e49f-cbe7-4e6b-ac8e-73bcabb4221b with c195f593-3363-45b0-acac-a1662a1fcfdb
[35m[HTTP][39m [37m<-- GET /wd/hub/session/c195f593-3363-45b0-acac-a1662a1fcfdb/element/71601280-2305-426c-824c-46c45bec2709/location [39m[32m200[39m [90m4788 ms - 89[39m
[35m[HTTP][39m [90m[39m
[35m[HTTP][39m [37m-->[39m [37mPOST[39m [37m/wd/hub/session/c195f593-3363-45b0-acac-a1662a1fcfdb/touch/perform[39m
[35m[HTTP][39m [90m{"actions":[{"action":"tap","options":{"element":"71601280-2305-426c-824c-46c45bec2709","x":1,"y":1}}]}[39m
[35m[UiAutomator2][39m calling get location: 71601280-2305-426c-824c-46c45bec2709
[35m[HTTP][39m [37m<-- POST /wd/hub/session/c195f593-3363-45b0-acac-a1662a1fcfdb/touch/perform [39m[32m200[39m [90m9697 ms - 76[39m
[35m[HTTP][39m [90m[39m
[35m[HTTP][39m [37m-->[39m [37mGET[39m [37m/wd/hub/session/c195f593-3363-45b0-acac-a1662a1fcfdb/window/current/size[39m
[35m[HTTP][39m [90m{}[39m
[35m[W3C][39m Driver proxy active, passing request on via HTTP proxy
[35m[JSONWP Proxy][39m Replacing sessionId 20c1e49f-cbe7-4e6b-ac8e-73bcabb4221b with c195f593-3363-45b0-acac-a1662a1fcfdb
[35m[HTTP][39m [37m<-- GET /wd/hub/session/c195f593-3363-45b0-acac-a1662a1fcfdb/window/current/size [39m[32m200[39m [90m43 ms - 100[39m
[35m[HTTP][39m [90m[39m
[35m[HTTP][39m [37m-->[39m [37mPOST[39m [37m/wd/hub/session/c195f593-3363-45b0-acac-a1662a1fcfdb/elements[39m
[35m[HTTP][39m [90m{"using":"-android uiautomator","value":"new UiSelector().className(\"android.widget.ImageView\").resourceId(\"org.codeaurora.snapcam:id/shutter_button\").instance(10)"}[39m
[35m[HTTP][39m [37m<-- POST /wd/hub/session/c195f593-3363-45b0-acac-a1662a1fcfdb/elements [39m[32m200[39m [90m1580 ms - 74[39m
[35m[HTTP][39m [90m[39m
[35m[HTTP][39m [37m-->[39m [37mPOST[39m [37m/wd/hub/session/c195f593-3363-45b0-acac-a1662a1fcfdb/elements[39m
[35m[HTTP][39m [90m{"using":"-android uiautomator","value":"new UiSelector().className(\"android.widget.ImageView\").resourceId(\"org.codeaurora.snapcam:id/shutter_button\").instance(10)"}[39m
[35m[HTTP][39m [37m<-- POST /wd/hub/session/c195f593-3363-45b0-acac-a1662a1fcfdb/elements [39m[32m200[39m [90m1046 ms - 124[39m
[35m[HTTP][39m [90m[39m
[35m[HTTP][39m [37m-->[39m [37mGET[39m [37m/wd/hub/session/c195f593-3363-45b0-acac-a1662a1fcfdb[39m
[35m[HTTP][39m [90m{}[39m
[35m[HTTP][39m [37m<-- GET /wd/hub/session/c195f593-3363-45b0-acac-a1662a1fcfdb [39m[32m200[39m [90m50 ms - 1359[39m
[35m[HTTP][39m [90m[39m
[35m[HTTP][39m [37m-->[39m [37mGET[39m [37m/wd/hub/session/c195f593-3363-45b0-acac-a1662a1fcfdb[39m
[35m[HTTP][39m [90m{}[39m
[35m[HTTP][39m [37m<-- GET /wd/hub/session/c195f593-3363-45b0-acac-a1662a1fcfdb [39m[32m200[39m [90m33 ms - 1359[39m
[35m[HTTP][39m [90m[39m
[35m[HTTP][39m [37m-->[39m [37mGET[39m [37m/wd/hub/session/c195f593-3363-45b0-acac-a1662a1fcfdb[39m
[35m[HTTP][39m [90m{}[39m
[35m[HTTP][39m [37m<-- GET /wd/hub/session/c195f593-3363-45b0-acac-a1662a1fcfdb [39m[32m200[39m [90m30 ms - 1359[39m
[35m[HTTP][39m [90m[39m
[35m[HTTP][39m [37m-->[39m [37mGET[39m [37m/wd/hub/session/c195f593-3363-45b0-acac-a1662a1fcfdb[39m
[35m[HTTP][39m [90m{}[39m
[35m[HTTP][39m [37m<-- GET /wd/hub/session/c195f593-3363-45b0-acac-a1662a1fcfdb [39m[32m200[39m [90m29 ms - 1359[39m
[35m[HTTP][39m [90m[39m
[35m[HTTP][39m [37m-->[39m [37mGET[39m [37m/wd/hub/session/c195f593-3363-45b0-acac-a1662a1fcfdb/element/e8b1a105-a9ed-4f1c-b2ec-f0ed8641feb6/location[39m
[35m[HTTP][39m [90m{}[39m
[35m[W3C][39m Driver proxy active, passing request on via HTTP proxy
[35m[JSONWP Proxy][39m Replacing sessionId 20c1e49f-cbe7-4e6b-ac8e-73bcabb4221b with c195f593-3363-45b0-acac-a1662a1fcfdb
[35m[HTTP][39m [37m<-- GET /wd/hub/session/c195f593-3363-45b0-acac-a1662a1fcfdb/element/e8b1a105-a9ed-4f1c-b2ec-f0ed8641feb6/location [39m[32m200[39m [90m56 ms - 90[39m
[35m[HTTP][39m [90m[39m
[35m[HTTP][39m [37m-->[39m [37mPOST[39m [37m/wd/hub/session/c195f593-3363-45b0-acac-a1662a1fcfdb/touch/perform[39m
[35m[HTTP][39m [90m{"actions":[{"action":"tap","options":{"element":"e8b1a105-a9ed-4f1c-b2ec-f0ed8641feb6","x":1,"y":1}}]}[39m
[35m[UiAutomator2][39m calling get location: e8b1a105-a9ed-4f1c-b2ec-f0ed8641feb6
[35m[HTTP][39m [37m<-- POST /wd/hub/session/c195f593-3363-45b0-acac-a1662a1fcfdb/touch/perform [39m[32m200[39m [90m839 ms - 76[39m
[35m[HTTP][39m [90m[39m
[35m[HTTP][39m [37m-->[39m [37mGET[39m [37m/wd/hub/session/c195f593-3363-45b0-acac-a1662a1fcfdb/window/current/size[39m
[35m[HTTP][39m [90m{}[39m
[35m[W3C][39m Driver proxy active, passing request on via HTTP proxy
[35m[JSONWP Proxy][39m Replacing sessionId 20c1e49f-cbe7-4e6b-ac8e-73bcabb4221b with c195f593-3363-45b0-acac-a1662a1fcfdb
[35m[HTTP][39m [37m<-- GET /wd/hub/session/c195f593-3363-45b0-acac-a1662a1fcfdb/window/current/size [39m[32m200[39m [90m48 ms - 100[39m
[35m[HTTP][39m [90m[39m
[35m[HTTP][39m [37m-->[39m [37mPOST[39m [37m/wd/hub/session/c195f593-3363-45b0-acac-a1662a1fcfdb/elements[39m
[35m[HTTP][39m [90m{"using":"-android uiautomator","value":"new UiSelector().className(\"android.widget.ImageView\").resourceId(\"org.codeaurora.snapcam:id/done_button\").instance(2)"}[39m
[35m[HTTP][39m [37m<-- POST /wd/hub/session/c195f593-3363-45b0-acac-a1662a1fcfdb/elements [39m[32m200[39m [90m858 ms - 124[39m
[35m[HTTP][39m [90m[39m
[35m[HTTP][39m [37m-->[39m [37mGET[39m [37m/wd/hub/session/c195f593-3363-45b0-acac-a1662a1fcfdb[39m
[35m[HTTP][39m [90m{}[39m
[35m[HTTP][39m [37m<-- GET /wd/hub/session/c195f593-3363-45b0-acac-a1662a1fcfdb [39m[32m200[39m [90m23 ms - 1359[39m
[35m[HTTP][39m [90m[39m
[35m[HTTP][39m [37m-->[39m [37mGET[39m [37m/wd/hub/session/c195f593-3363-45b0-acac-a1662a1fcfdb[39m
[35m[HTTP][39m [90m{}[39m
[35m[HTTP][39m [37m<-- GET /wd/hub/session/c195f593-3363-45b0-acac-a1662a1fcfdb [39m[32m200[39m [90m30 ms - 1359[39m
[35m[HTTP][39m [90m[39m
[35m[HTTP][39m [37m-->[39m [37mGET[39m [37m/wd/hub/session/c195f593-3363-45b0-acac-a1662a1fcfdb[39m
[35m[HTTP][39m [90m{}[39m
[35m[HTTP][39m [37m<-- GET /wd/hub/session/c195f593-3363-45b0-acac-a1662a1fcfdb [39m[32m200[39m [90m25 ms - 1359[39m
[35m[HTTP][39m [90m[39m
[35m[HTTP][39m [37m-->[39m [37mGET[39m [37m/wd/hub/session/c195f593-3363-45b0-acac-a1662a1fcfdb[39m
[35m[HTTP][39m [90m{}[39m
[35m[HTTP][39m [37m<-- GET /wd/hub/session/c195f593-3363-45b0-acac-a1662a1fcfdb [39m[32m200[39m [90m32 ms - 1359[39m
[35m[HTTP][39m [90m[39m
[35m[HTTP][39m [37m-->[39m [37mGET[39m [37m/wd/hub/session/c195f593-3363-45b0-acac-a1662a1fcfdb/element/5ae9e9b8-f16b-4583-b5a5-f444a4a74527/location[39m
[35m[HTTP][39m [90m{}[39m
[35m[W3C][39m Driver proxy active, passing request on via HTTP proxy
[35m[JSONWP Proxy][39m Replacing sessionId 20c1e49f-cbe7-4e6b-ac8e-73bcabb4221b with c195f593-3363-45b0-acac-a1662a1fcfdb
[35m[HTTP][39m [37m<-- GET /wd/hub/session/c195f593-3363-45b0-acac-a1662a1fcfdb/element/5ae9e9b8-f16b-4583-b5a5-f444a4a74527/location [39m[32m200[39m [90m60 ms - 90[39m
[35m[HTTP][39m [90m[39m
[35m[HTTP][39m [37m-->[39m [37mPOST[39m [37m/wd/hub/session/c195f593-3363-45b0-acac-a1662a1fcfdb/touch/perform[39m
[35m[HTTP][39m [90m{"actions":[{"action":"tap","options":{"element":"5ae9e9b8-f16b-4583-b5a5-f444a4a74527","x":1,"y":1}}]}[39m
[35m[UiAutomator2][39m calling get location: 5ae9e9b8-f16b-4583-b5a5-f444a4a74527
[35m[HTTP][39m [37m<-- POST /wd/hub/session/c195f593-3363-45b0-acac-a1662a1fcfdb/touch/perform [39m[32m200[39m [90m2051 ms - 76[39m
[35m[HTTP][39m [90m[39m
[35m[HTTP][39m [37m-->[39m [37mGET[39m [37m/wd/hub/session/c195f593-3363-45b0-acac-a1662a1fcfdb/window/current/size[39m
[35m[HTTP][39m [90m{}[39m
[35m[W3C][39m Driver proxy active, passing request on via HTTP proxy
[35m[JSONWP Proxy][39m Replacing sessionId 20c1e49f-cbe7-4e6b-ac8e-73bcabb4221b with c195f593-3363-45b0-acac-a1662a1fcfdb
[35m[HTTP][39m [37m<-- GET /wd/hub/session/c195f593-3363-45b0-acac-a1662a1fcfdb/window/current/size [39m[32m200[39m [90m41 ms - 100[39m
[35m[HTTP][39m [90m[39m
[35m[HTTP][39m [37m-->[39m [37mPOST[39m [37m/wd/hub/session/c195f593-3363-45b0-acac-a1662a1fcfdb/elements[39m
[35m[HTTP][39m [90m{"using":"-android uiautomator","value":"new UiSelector().className(\"android.widget.TextView\").text(\"LANJUTKAN\").resourceId(\"id.co.myhomecredit.dev:id/btn_next_opf\").instance(2)"}[39m
[35m[HTTP][39m [37m<-- POST /wd/hub/session/c195f593-3363-45b0-acac-a1662a1fcfdb/elements [39m[32m200[39m [90m64 ms - 74[39m
[35m[HTTP][39m [90m[39m
[35m[HTTP][39m [37m-->[39m [37mPOST[39m [37m/wd/hub/session/c195f593-3363-45b0-acac-a1662a1fcfdb/elements[39m
[35m[HTTP][39m [90m{"using":"-android uiautomator","value":"new UiSelector().className(\"android.widget.TextView\").text(\"LANJUTKAN\").resourceId(\"id.co.myhomecredit.dev:id/btn_next_opf\").instance(2)"}[39m
[35m[HTTP][39m [37m<-- POST /wd/hub/session/c195f593-3363-45b0-acac-a1662a1fcfdb/elements [39m[32m200[39m [90m1390 ms - 124[39m
[35m[HTTP][39m [90m[39m
[35m[HTTP][39m [37m-->[39m [37mGET[39m [37m/wd/hub/session/c195f593-3363-45b0-acac-a1662a1fcfdb[39m
[35m[HTTP][39m [90m{}[39m
[35m[HTTP][39m [37m<-- GET /wd/hub/session/c195f593-3363-45b0-acac-a1662a1fcfdb [39m[32m200[39m [90m24 ms - 1359[39m
[35m[HTTP][39m [90m[39m
[35m[HTTP][39m [37m-->[39m [37mGET[39m [37m/wd/hub/session/c195f593-3363-45b0-acac-a1662a1fcfdb[39m
[35m[HTTP][39m [90m{}[39m
[35m[HTTP][39m [37m<-- GET /wd/hub/session/c195f593-3363-45b0-acac-a1662a1fcfdb [39m[32m200[39m [90m44 ms - 1359[39m
[35m[HTTP][39m [90m[39m
[35m[HTTP][39m [37m-->[39m [37mGET[39m [37m/wd/hub/session/c195f593-3363-45b0-acac-a1662a1fcfdb[39m
[35m[HTTP][39m [90m{}[39m
[35m[HTTP][39m [37m<-- GET /wd/hub/session/c195f593-3363-45b0-acac-a1662a1fcfdb [39m[32m200[39m [90m66 ms - 1359[39m
[35m[HTTP][39m [90m[39m
[35m[HTTP][39m [37m-->[39m [37mGET[39m [37m/wd/hub/session/c195f593-3363-45b0-acac-a1662a1fcfdb[39m
[35m[HTTP][39m [90m{}[39m
[35m[HTTP][39m [37m<-- GET /wd/hub/session/c195f593-3363-45b0-acac-a1662a1fcfdb [39m[32m200[39m [90m86 ms - 1359[39m
[35m[HTTP][39m [90m[39m
[35m[HTTP][39m [37m-->[39m [37mGET[39m [37m/wd/hub/session/c195f593-3363-45b0-acac-a1662a1fcfdb/element/f2272f5b-b8b2-4377-9d05-06d2cc4fc978/location[39m
[35m[HTTP][39m [90m{}[39m
[35m[W3C][39m Driver proxy active, passing request on via HTTP proxy
[35m[JSONWP Proxy][39m Replacing sessionId 20c1e49f-cbe7-4e6b-ac8e-73bcabb4221b with c195f593-3363-45b0-acac-a1662a1fcfdb
[35m[HTTP][39m [37m<-- GET /wd/hub/session/c195f593-3363-45b0-acac-a1662a1fcfdb/element/f2272f5b-b8b2-4377-9d05-06d2cc4fc978/location [39m[32m200[39m [90m54 ms - 90[39m
[35m[HTTP][39m [90m[39m
[35m[HTTP][39m [37m-->[39m [37mPOST[39m [37m/wd/hub/session/c195f593-3363-45b0-acac-a1662a1fcfdb/touch/perform[39m
[35m[HTTP][39m [90m{"actions":[{"action":"tap","options":{"element":"f2272f5b-b8b2-4377-9d05-06d2cc4fc978","x":1,"y":1}}]}[39m
[35m[UiAutomator2][39m calling get location: f2272f5b-b8b2-4377-9d05-06d2cc4fc978
[35m[HTTP][39m [37m<-- POST /wd/hub/session/c195f593-3363-45b0-acac-a1662a1fcfdb/touch/perform [39m[32m200[39m [90m1797 ms - 76[39m
[35m[HTTP][39m [90m[39m
[35m[HTTP][39m [37m-->[39m [37mGET[39m [37m/wd/hub/session/c195f593-3363-45b0-acac-a1662a1fcfdb/window/current/size[39m
[35m[HTTP][39m [90m{}[39m
[35m[W3C][39m Driver proxy active, passing request on via HTTP proxy
[35m[JSONWP Proxy][39m Replacing sessionId 20c1e49f-cbe7-4e6b-ac8e-73bcabb4221b with c195f593-3363-45b0-acac-a1662a1fcfdb
[35m[HTTP][39m [37m<-- GET /wd/hub/session/c195f593-3363-45b0-acac-a1662a1fcfdb/window/current/size [39m[32m200[39m [90m69 ms - 100[39m
[35m[HTTP][39m [90m[39m
[35m[HTTP][39m [37m-->[39m [37mPOST[39m [37m/wd/hub/session/c195f593-3363-45b0-acac-a1662a1fcfdb/elements[39m
[35m[HTTP][39m [90m{"using":"-android uiautomator","value":"new UiSelector().className(\"android.widget.ImageView\").resourceId(\"id.co.myhomecredit.dev:id/iv_opf_upload_selfie\").instance(2)"}[39m
[35m[HTTP][39m [37m<-- POST /wd/hub/session/c195f593-3363-45b0-acac-a1662a1fcfdb/elements [39m[32m200[39m [90m123 ms - 124[39m
[35m[HTTP][39m [90m[39m
[35m[HTTP][39m [37m-->[39m [37mGET[39m [37m/wd/hub/session/c195f593-3363-45b0-acac-a1662a1fcfdb[39m
[35m[HTTP][39m [90m{}[39m
[35m[HTTP][39m [37m<-- GET /wd/hub/session/c195f593-3363-45b0-acac-a1662a1fcfdb [39m[32m200[39m [90m117 ms - 1359[39m
[35m[HTTP][39m [90m[39m
[35m[HTTP][39m [37m-->[39m [37mGET[39m [37m/wd/hub/session/c195f593-3363-45b0-acac-a1662a1fcfdb[39m
[35m[HTTP][39m [90m{}[39m
[35m[HTTP][39m [37m<-- GET /wd/hub/session/c195f593-3363-45b0-acac-a1662a1fcfdb [39m[32m200[39m [90m96 ms - 1359[39m
[35m[HTTP][39m [90m[39m
[35m[HTTP][39m [37m-->[39m [37mGET[39m [37m/wd/hub/session/c195f593-3363-45b0-acac-a1662a1fcfdb[39m
[35m[HTTP][39m [90m{}[39m
[35m[HTTP][39m [37m<-- GET /wd/hub/session/c195f593-3363-45b0-acac-a1662a1fcfdb [39m[32m200[39m [90m117 ms - 1359[39m
[35m[HTTP][39m [90m[39m
[35m[HTTP][39m [37m-->[39m [37mGET[39m [37m/wd/hub/session/c195f593-3363-45b0-acac-a1662a1fcfdb[39m
[35m[HTTP][39m [90m{}[39m
[35m[HTTP][39m [37m<-- GET /wd/hub/session/c195f593-3363-45b0-acac-a1662a1fcfdb [39m[32m200[39m [90m81 ms - 1359[39m
[35m[HTTP][39m [90m[39m
[35m[HTTP][39m [37m-->[39m [37mGET[39m [37m/wd/hub/session/c195f593-3363-45b0-acac-a1662a1fcfdb/element/3f720db6-c991-4cfd-882d-16eec001783c/location[39m
[35m[HTTP][39m [90m{}[39m
[35m[W3C][39m Driver proxy active, passing request on via HTTP proxy
[35m[JSONWP Proxy][39m Replacing sessionId 20c1e49f-cbe7-4e6b-ac8e-73bcabb4221b with c195f593-3363-45b0-acac-a1662a1fcfdb
[35m[HTTP][39m [37m<-- GET /wd/hub/session/c195f593-3363-45b0-acac-a1662a1fcfdb/element/3f720db6-c991-4cfd-882d-16eec001783c/location [39m[32m200[39m [90m336 ms - 89[39m
[35m[HTTP][39m [90m[39m
[35m[HTTP][39m [37m-->[39m [37mPOST[39m [37m/wd/hub/session/c195f593-3363-45b0-acac-a1662a1fcfdb/touch/perform[39m
[35m[HTTP][39m [90m{"actions":[{"action":"tap","options":{"element":"3f720db6-c991-4cfd-882d-16eec001783c","x":1,"y":1}}]}[39m
[35m[UiAutomator2][39m calling get location: 3f720db6-c991-4cfd-882d-16eec001783c
[35m[HTTP][39m [37m<-- POST /wd/hub/session/c195f593-3363-45b0-acac-a1662a1fcfdb/touch/perform [39m[32m200[39m [90m1390 ms - 76[39m
[35m[HTTP][39m [90m[39m
[35m[HTTP][39m [37m-->[39m [37mGET[39m [37m/wd/hub/session/c195f593-3363-45b0-acac-a1662a1fcfdb/context[39m
[35m[HTTP][39m [90m{}[39m
[35m[HTTP][39m [37m<-- GET /wd/hub/session/c195f593-3363-45b0-acac-a1662a1fcfdb/context [39m[32m200[39m [90m2 ms - 84[39m
[35m[HTTP][39m [90m[39m
[35m[HTTP][39m [37m-->[39m [37mGET[39m [37m/wd/hub/session/c195f593-3363-45b0-acac-a1662a1fcfdb/contexts[39m
[35m[HTTP][39m [90m{}[39m
[35m[HTTP][39m [37m<-- GET /wd/hub/session/c195f593-3363-45b0-acac-a1662a1fcfdb/contexts [39m[32m200[39m [90m213 ms - 86[39m
[35m[HTTP][39m [90m[39m
[35m[HTTP][39m [37m-->[39m [37mPOST[39m [37m/wd/hub/session/c195f593-3363-45b0-acac-a1662a1fcfdb/context[39m
[35m[HTTP][39m [90m{"name":"NATIVE_APP"}[39m
[35m[HTTP][39m [37m<-- POST /wd/hub/session/c195f593-3363-45b0-acac-a1662a1fcfdb/context [39m[32m200[39m [90m141 ms - 76[39m
[35m[HTTP][39m [90m[39m
[35m[HTTP][39m [37m-->[39m [37mPOST[39m [37m/wd/hub/session/c195f593-3363-45b0-acac-a1662a1fcfdb/element[39m
[35m[HTTP][39m [90m{"using":"-android uiautomator","value":"new UiScrollable(new UiSelector().scrollable(true).instance(0)).scrollIntoView(new UiSelector().textContains(\"LANJUTKAN\"))"}[39m
[35m[HTTP][39m [37m<-- POST /wd/hub/session/c195f593-3363-45b0-acac-a1662a1fcfdb/element [39m[32m200[39m [90m2669 ms - 122[39m
[35m[HTTP][39m [90m[39m
[35m[HTTP][39m [37m-->[39m [37mGET[39m [37m/wd/hub/session/c195f593-3363-45b0-acac-a1662a1fcfdb[39m
[35m[HTTP][39m [90m{}[39m
[35m[HTTP][39m [37m<-- GET /wd/hub/session/c195f593-3363-45b0-acac-a1662a1fcfdb [39m[32m200[39m [90m45 ms - 1359[39m
[35m[HTTP][39m [90m[39m
[35m[HTTP][39m [37m-->[39m [37mGET[39m [37m/wd/hub/session/c195f593-3363-45b0-acac-a1662a1fcfdb[39m
[35m[HTTP][39m [90m{}[39m
[35m[HTTP][39m [37m<-- GET /wd/hub/session/c195f593-3363-45b0-acac-a1662a1fcfdb [39m[32m200[39m [90m52 ms - 1359[39m
[35m[HTTP][39m [90m[39m
[35m[HTTP][39m [37m-->[39m [37mGET[39m [37m/wd/hub/session/c195f593-3363-45b0-acac-a1662a1fcfdb[39m
[35m[HTTP][39m [90m{}[39m
[35m[HTTP][39m [37m<-- GET /wd/hub/session/c195f593-3363-45b0-acac-a1662a1fcfdb [39m[32m200[39m [90m33 ms - 1359[39m
[35m[HTTP][39m [90m[39m
[35m[HTTP][39m [37m-->[39m [37mGET[39m [37m/wd/hub/session/c195f593-3363-45b0-acac-a1662a1fcfdb[39m
[35m[HTTP][39m [90m{}[39m
[35m[HTTP][39m [37m<-- GET /wd/hub/session/c195f593-3363-45b0-acac-a1662a1fcfdb [39m[32m200[39m [90m42 ms - 1359[39m
[35m[HTTP][39m [90m[39m
[35m[HTTP][39m [37m-->[39m [37mPOST[39m [37m/wd/hub/session/c195f593-3363-45b0-acac-a1662a1fcfdb/context[39m
[35m[HTTP][39m [90m{"name":"NATIVE_APP"}[39m
[35m[HTTP][39m [37m<-- POST /wd/hub/session/c195f593-3363-45b0-acac-a1662a1fcfdb/context [39m[32m200[39m [90m365 ms - 76[39m
[35m[HTTP][39m [90m[39m
[35m[HTTP][39m [37m-->[39m [37mGET[39m [37m/wd/hub/session/c195f593-3363-45b0-acac-a1662a1fcfdb/window/current/size[39m
[35m[HTTP][39m [90m{}[39m
[35m[W3C][39m Driver proxy active, passing request on via HTTP proxy
[35m[JSONWP Proxy][39m Replacing sessionId 20c1e49f-cbe7-4e6b-ac8e-73bcabb4221b with c195f593-3363-45b0-acac-a1662a1fcfdb
[35m[HTTP][39m [37m<-- GET /wd/hub/session/c195f593-3363-45b0-acac-a1662a1fcfdb/window/current/size [39m[32m200[39m [90m48 ms - 100[39m
[35m[HTTP][39m [90m[39m
[35m[HTTP][39m [37m-->[39m [37mPOST[39m [37m/wd/hub/session/c195f593-3363-45b0-acac-a1662a1fcfdb/elements[39m
[35m[HTTP][39m [90m{"using":"-android uiautomator","value":"new UiSelector().className(\"android.widget.TextView\").text(\"LANJUTKAN\").resourceId(\"id.co.myhomecredit.dev:id/btn_next_opf\").instance(15)"}[39m
[35m[HTTP][39m [37m<-- POST /wd/hub/session/c195f593-3363-45b0-acac-a1662a1fcfdb/elements [39m[32m200[39m [90m82 ms - 124[39m
[35m[HTTP][39m [90m[39m
[35m[HTTP][39m [37m-->[39m [37mGET[39m [37m/wd/hub/session/c195f593-3363-45b0-acac-a1662a1fcfdb[39m
[35m[HTTP][39m [90m{}[39m
[35m[HTTP][39m [37m<-- GET /wd/hub/session/c195f593-3363-45b0-acac-a1662a1fcfdb [39m[32m200[39m [90m38 ms - 1359[39m
[35m[HTTP][39m [90m[39m
[35m[HTTP][39m [37m-->[39m [37mGET[39m [37m/wd/hub/session/c195f593-3363-45b0-acac-a1662a1fcfdb[39m
[35m[HTTP][39m [90m{}[39m
[35m[HTTP][39m [37m<-- GET /wd/hub/session/c195f593-3363-45b0-acac-a1662a1fcfdb [39m[32m200[39m [90m53 ms - 1359[39m
[35m[HTTP][39m [90m[39m
[35m[HTTP][39m [37m-->[39m [37mGET[39m [37m/wd/hub/session/c195f593-3363-45b0-acac-a1662a1fcfdb[39m
[35m[HTTP][39m [90m{}[39m
[35m[HTTP][39m [37m<-- GET /wd/hub/session/c195f593-3363-45b0-acac-a1662a1fcfdb [39m[32m200[39m [90m41 ms - 1359[39m
[35m[HTTP][39m [90m[39m
[35m[HTTP][39m [37m-->[39m [37mGET[39m [37m/wd/hub/session/c195f593-3363-45b0-acac-a1662a1fcfdb[39m
[35m[HTTP][39m [90m{}[39m
[35m[HTTP][39m [37m<-- GET /wd/hub/session/c195f593-3363-45b0-acac-a1662a1fcfdb [39m[32m200[39m [90m31 ms - 1359[39m
[35m[HTTP][39m [90m[39m
[35m[HTTP][39m [37m-->[39m [37mGET[39m [37m/wd/hub/session/c195f593-3363-45b0-acac-a1662a1fcfdb/element/ff32d323-f432-490b-901b-605ed8d56cf5/location[39m
[35m[HTTP][39m [90m{}[39m
[35m[W3C][39m Driver proxy active, passing request on via HTTP proxy
[35m[JSONWP Proxy][39m Replacing sessionId 20c1e49f-cbe7-4e6b-ac8e-73bcabb4221b with c195f593-3363-45b0-acac-a1662a1fcfdb
[35m[HTTP][39m [37m<-- GET /wd/hub/session/c195f593-3363-45b0-acac-a1662a1fcfdb/element/ff32d323-f432-490b-901b-605ed8d56cf5/location [39m[32m200[39m [90m50 ms - 90[39m
[35m[HTTP][39m [90m[39m
[35m[HTTP][39m [37m-->[39m [37mPOST[39m [37m/wd/hub/session/c195f593-3363-45b0-acac-a1662a1fcfdb/touch/perform[39m
[35m[HTTP][39m [90m{"actions":[{"action":"tap","options":{"element":"ff32d323-f432-490b-901b-605ed8d56cf5","x":1,"y":1}}]}[39m
[35m[UiAutomator2][39m calling get location: ff32d323-f432-490b-901b-605ed8d56cf5
[35m[HTTP][39m [37m<-- POST /wd/hub/session/c195f593-3363-45b0-acac-a1662a1fcfdb/touch/perform [39m[32m200[39m [90m1651 ms - 76[39m
[35m[HTTP][39m [90m[39m
[35m[HTTP][39m [37m-->[39m [37mGET[39m [37m/wd/hub/session/c195f593-3363-45b0-acac-a1662a1fcfdb/window/current/size[39m
[35m[HTTP][39m [90m{}[39m
[35m[W3C][39m Driver proxy active, passing request on via HTTP proxy
[35m[JSONWP Proxy][39m Replacing sessionId 20c1e49f-cbe7-4e6b-ac8e-73bcabb4221b with c195f593-3363-45b0-acac-a1662a1fcfdb
[35m[HTTP][39m [37m<-- GET /wd/hub/session/c195f593-3363-45b0-acac-a1662a1fcfdb/window/current/size [39m[32m200[39m [90m34 ms - 100[39m
[35m[HTTP][39m [90m[39m
[35m[HTTP][39m [37m-->[39m [37mPOST[39m [37m/wd/hub/session/c195f593-3363-45b0-acac-a1662a1fcfdb/elements[39m
[35m[HTTP][39m [90m{"using":"-android uiautomator","value":"new UiSelector().className(\"android.widget.ImageButton\").resourceId(\"id.co.myhomecredit.dev:id/captureImage\").instance(1)"}[39m
[35m[HTTP][39m [37m<-- POST /wd/hub/session/c195f593-3363-45b0-acac-a1662a1fcfdb/elements [39m[32m200[39m [90m51 ms - 74[39m
[35m[HTTP][39m [90m[39m
[35m[HTTP][39m [37m-->[39m [37mPOST[39m [37m/wd/hub/session/c195f593-3363-45b0-acac-a1662a1fcfdb/elements[39m
[35m[HTTP][39m [90m{"using":"-android uiautomator","value":"new UiSelector().className(\"android.widget.ImageButton\").resourceId(\"id.co.myhomecredit.dev:id/captureImage\").instance(1)"}[39m
[35m[HTTP][39m [37m<-- POST /wd/hub/session/c195f593-3363-45b0-acac-a1662a1fcfdb/elements [39m[32m200[39m [90m38 ms - 74[39m
[35m[HTTP][39m [90m[39m
[35m[HTTP][39m [37m-->[39m [37mPOST[39m [37m/wd/hub/session/c195f593-3363-45b0-acac-a1662a1fcfdb/elements[39m
[35m[HTTP][39m [90m{"using":"-android uiautomator","value":"new UiSelector().className(\"android.widget.ImageButton\").resourceId(\"id.co.myhomecredit.dev:id/captureImage\").instance(1)"}[39m
[35m[HTTP][39m [37m<-- POST /wd/hub/session/c195f593-3363-45b0-acac-a1662a1fcfdb/elements [39m[32m200[39m [90m63 ms - 74[39m
[35m[HTTP][39m [90m[39m
[35m[HTTP][39m [37m-->[39m [37mPOST[39m [37m/wd/hub/session/c195f593-3363-45b0-acac-a1662a1fcfdb/elements[39m
[35m[HTTP][39m [90m{"using":"-android uiautomator","value":"new UiSelector().className(\"android.widget.ImageButton\").resourceId(\"id.co.myhomecredit.dev:id/captureImage\").instance(1)"}[39m
[35m[HTTP][39m [37m<-- POST /wd/hub/session/c195f593-3363-45b0-acac-a1662a1fcfdb/elements [39m[32m200[39m [90m35 ms - 74[39m
[35m[HTTP][39m [90m[39m
[35m[HTTP][39m [37m-->[39m [37mPOST[39m [37m/wd/hub/session/c195f593-3363-45b0-acac-a1662a1fcfdb/elements[39m
[35m[HTTP][39m [90m{"using":"-android uiautomator","value":"new UiSelector().className(\"android.widget.ImageButton\").resourceId(\"id.co.myhomecredit.dev:id/captureImage\").instance(1)"}[39m
[35m[HTTP][39m [37m<-- POST /wd/hub/session/c195f593-3363-45b0-acac-a1662a1fcfdb/elements [39m[32m200[39m [90m38 ms - 74[39m
[35m[HTTP][39m [90m[39m
[35m[HTTP][39m [37m-->[39m [37mPOST[39m [37m/wd/hub/session/c195f593-3363-45b0-acac-a1662a1fcfdb/elements[39m
[35m[HTTP][39m [90m{"using":"-android uiautomator","value":"new UiSelector().className(\"android.widget.ImageButton\").resourceId(\"id.co.myhomecredit.dev:id/captureImage\").instance(1)"}[39m
[35m[HTTP][39m [37m<-- POST /wd/hub/session/c195f593-3363-45b0-acac-a1662a1fcfdb/elements [39m[32m200[39m [90m41 ms - 74[39m
[35m[HTTP][39m [90m[39m
[35m[HTTP][39m [37m-->[39m [37mPOST[39m [37m/wd/hub/session/c195f593-3363-45b0-acac-a1662a1fcfdb/elements[39m
[35m[HTTP][39m [90m{"using":"-android uiautomator","value":"new UiSelector().className(\"android.widget.ImageButton\").resourceId(\"id.co.myhomecredit.dev:id/captureImage\").instance(1)"}[39m
[35m[HTTP][39m [37m<-- POST /wd/hub/session/c195f593-3363-45b0-acac-a1662a1fcfdb/elements [39m[32m200[39m [90m33 ms - 74[39m
[35m[HTTP][39m [90m[39m
[35m[HTTP][39m [37m-->[39m [37mPOST[39m [37m/wd/hub/session/c195f593-3363-45b0-acac-a1662a1fcfdb/elements[39m
[35m[HTTP][39m [90m{"using":"-android uiautomator","value":"new UiSelector().className(\"android.widget.ImageButton\").resourceId(\"id.co.myhomecredit.dev:id/captureImage\").instance(1)"}[39m
[35m[HTTP][39m [37m<-- POST /wd/hub/session/c195f593-3363-45b0-acac-a1662a1fcfdb/elements [39m[32m200[39m [90m45 ms - 74[39m
[35m[HTTP][39m [90m[39m
[35m[HTTP][39m [37m-->[39m [37mPOST[39m [37m/wd/hub/session/c195f593-3363-45b0-acac-a1662a1fcfdb/elements[39m
[35m[HTTP][39m [90m{"using":"-android uiautomator","value":"new UiSelector().className(\"android.widget.ImageButton\").resourceId(\"id.co.myhomecredit.dev:id/captureImage\").instance(1)"}[39m
[35m[HTTP][39m [37m<-- POST /wd/hub/session/c195f593-3363-45b0-acac-a1662a1fcfdb/elements [39m[32m200[39m [90m44 ms - 74[39m
[35m[HTTP][39m [90m[39m
[35m[HTTP][39m [37m-->[39m [37mPOST[39m [37m/wd/hub/session/c195f593-3363-45b0-acac-a1662a1fcfdb/elements[39m
[35m[HTTP][39m [90m{"using":"-android uiautomator","value":"new UiSelector().className(\"android.widget.ImageButton\").resourceId(\"id.co.myhomecredit.dev:id/captureImage\").instance(1)"}[39m
[35m[HTTP][39m [37m<-- POST /wd/hub/session/c195f593-3363-45b0-acac-a1662a1fcfdb/elements [39m[32m200[39m [90m54 ms - 74[39m
[35m[HTTP][39m [90m[39m
[35m[HTTP][39m [37m-->[39m [37mPOST[39m [37m/wd/hub/session/c195f593-3363-45b0-acac-a1662a1fcfdb/elements[39m
[35m[HTTP][39m [90m{"using":"-android uiautomator","value":"new UiSelector().className(\"android.widget.ImageButton\").resourceId(\"id.co.myhomecredit.dev:id/captureImage\").instance(1)"}[39m
[35m[HTTP][39m [37m<-- POST /wd/hub/session/c195f593-3363-45b0-acac-a1662a1fcfdb/elements [39m[32m200[39m [90m59 ms - 74[39m
[35m[HTTP][39m [90m[39m
[35m[HTTP][39m [37m-->[39m [37mPOST[39m [37m/wd/hub/session/c195f593-3363-45b0-acac-a1662a1fcfdb/elements[39m
[35m[HTTP][39m [90m{"using":"-android uiautomator","value":"new UiSelector().className(\"android.widget.ImageButton\").resourceId(\"id.co.myhomecredit.dev:id/captureImage\").instance(1)"}[39m
[35m[HTTP][39m [37m<-- POST /wd/hub/session/c195f593-3363-45b0-acac-a1662a1fcfdb/elements [39m[32m200[39m [90m68 ms - 74[39m
[35m[HTTP][39m [90m[39m
[35m[HTTP][39m [37m-->[39m [37mPOST[39m [37m/wd/hub/session/c195f593-3363-45b0-acac-a1662a1fcfdb/elements[39m
[35m[HTTP][39m [90m{"using":"-android uiautomator","value":"new UiSelector().className(\"android.widget.ImageButton\").resourceId(\"id.co.myhomecredit.dev:id/captureImage\").instance(1)"}[39m
[35m[HTTP][39m [37m<-- POST /wd/hub/session/c195f593-3363-45b0-acac-a1662a1fcfdb/elements [39m[32m200[39m [90m77 ms - 74[39m
[35m[HTTP][39m [90m[39m
[35m[HTTP][39m [37m-->[39m [37mPOST[39m [37m/wd/hub/session/c195f593-3363-45b0-acac-a1662a1fcfdb/elements[39m
[35m[HTTP][39m [90m{"using":"-android uiautomator","value":"new UiSelector().className(\"android.widget.ImageButton\").resourceId(\"id.co.myhomecredit.dev:id/captureImage\").instance(1)"}[39m
[35m[HTTP][39m [37m<-- POST /wd/hub/session/c195f593-3363-45b0-acac-a1662a1fcfdb/elements [39m[32m200[39m [90m50 ms - 74[39m
[35m[HTTP][39m [90m[39m
[35m[HTTP][39m [37m-->[39m [37mPOST[39m [37m/wd/hub/session/c195f593-3363-45b0-acac-a1662a1fcfdb/elements[39m
[35m[HTTP][39m [90m{"using":"-android uiautomator","value":"new UiSelector().className(\"android.widget.ImageButton\").resourceId(\"id.co.myhomecredit.dev:id/captureImage\").instance(1)"}[39m
[35m[HTTP][39m [37m<-- POST /wd/hub/session/c195f593-3363-45b0-acac-a1662a1fcfdb/elements [39m[32m200[39m [90m59 ms - 74[39m
[35m[HTTP][39m [90m[39m
[35m[HTTP][39m [37m-->[39m [37mPOST[39m [37m/wd/hub/session/c195f593-3363-45b0-acac-a1662a1fcfdb/elements[39m
[35m[HTTP][39m [90m{"using":"-android uiautomator","value":"new UiSelector().className(\"android.widget.ImageButton\").resourceId(\"id.co.myhomecredit.dev:id/captureImage\").instance(1)"}[39m
[35m[HTTP][39m [37m<-- POST /wd/hub/session/c195f593-3363-45b0-acac-a1662a1fcfdb/elements [39m[32m200[39m [90m69 ms - 74[39m
[35m[HTTP][39m [90m[39m
[35m[HTTP][39m [37m-->[39m [37mPOST[39m [37m/wd/hub/session/c195f593-3363-45b0-acac-a1662a1fcfdb/elements[39m
[35m[HTTP][39m [90m{"using":"-android uiautomator","value":"new UiSelector().className(\"android.widget.ImageButton\").resourceId(\"id.co.myhomecredit.dev:id/captureImage\").instance(1)"}[39m
[35m[HTTP][39m [37m<-- POST /wd/hub/session/c195f593-3363-45b0-acac-a1662a1fcfdb/elements [39m[32m200[39m [90m52 ms - 74[39m
[35m[HTTP][39m [90m[39m
[35m[HTTP][39m [37m-->[39m [37mPOST[39m [37m/wd/hub/session/c195f593-3363-45b0-acac-a1662a1fcfdb/elements[39m
[35m[HTTP][39m [90m{"using":"-android uiautomator","value":"new UiSelector().className(\"android.widget.ImageButton\").resourceId(\"id.co.myhomecredit.dev:id/captureImage\").instance(1)"}[39m
[35m[HTTP][39m [37m<-- POST /wd/hub/session/c195f593-3363-45b0-acac-a1662a1fcfdb/elements [39m[32m200[39m [90m58 ms - 74[39m
[35m[HTTP][39m [90m[39m
[35m[HTTP][39m [37m-->[39m [37mPOST[39m [37m/wd/hub/session/c195f593-3363-45b0-acac-a1662a1fcfdb/elements[39m
[35m[HTTP][39m [90m{"using":"-android uiautomator","value":"new UiSelector().className(\"android.widget.ImageButton\").resourceId(\"id.co.myhomecredit.dev:id/captureImage\").instance(1)"}[39m
[35m[HTTP][39m [37m<-- POST /wd/hub/session/c195f593-3363-45b0-acac-a1662a1fcfdb/elements [39m[32m200[39m [90m57 ms - 74[39m
[35m[HTTP][39m [90m[39m
[35m[HTTP][39m [37m-->[39m [37mPOST[39m [37m/wd/hub/session/c195f593-3363-45b0-acac-a1662a1fcfdb/elements[39m
[35m[HTTP][39m [90m{"using":"-android uiautomator","value":"new UiSelector().className(\"android.widget.ImageButton\").resourceId(\"id.co.myhomecredit.dev:id/captureImage\").instance(1)"}[39m
[35m[HTTP][39m [37m<-- POST /wd/hub/session/c195f593-3363-45b0-acac-a1662a1fcfdb/elements [39m[32m200[39m [90m57 ms - 74[39m
[35m[HTTP][39m [90m[39m
[35m[HTTP][39m [37m-->[39m [37mPOST[39m [37m/wd/hub/session/c195f593-3363-45b0-acac-a1662a1fcfdb/elements[39m
[35m[HTTP][39m [90m{"using":"-android uiautomator","value":"new UiSelector().className(\"android.widget.ImageButton\").resourceId(\"id.co.myhomecredit.dev:id/captureImage\").instance(1)"}[39m
[35m[HTTP][39m [37m<-- POST /wd/hub/session/c195f593-3363-45b0-acac-a1662a1fcfdb/elements [39m[32m200[39m [90m71 ms - 74[39m
[35m[HTTP][39m [90m[39m
[35m[HTTP][39m [37m-->[39m [37mPOST[39m [37m/wd/hub/session/c195f593-3363-45b0-acac-a1662a1fcfdb/elements[39m
[35m[HTTP][39m [90m{"using":"-android uiautomator","value":"new UiSelector().className(\"android.widget.ImageButton\").resourceId(\"id.co.myhomecredit.dev:id/captureImage\").instance(1)"}[39m
[35m[HTTP][39m [37m<-- POST /wd/hub/session/c195f593-3363-45b0-acac-a1662a1fcfdb/elements [39m[32m200[39m [90m75 ms - 74[39m
[35m[HTTP][39m [90m[39m
[35m[HTTP][39m [37m-->[39m [37mPOST[39m [37m/wd/hub/session/c195f593-3363-45b0-acac-a1662a1fcfdb/elements[39m
[35m[HTTP][39m [90m{"using":"-android uiautomator","value":"new UiSelector().className(\"android.widget.ImageButton\").resourceId(\"id.co.myhomecredit.dev:id/captureImage\").instance(1)"}[39m
[35m[HTTP][39m [37m<-- POST /wd/hub/session/c195f593-3363-45b0-acac-a1662a1fcfdb/elements [39m[32m200[39m [90m56 ms - 74[39m
[35m[HTTP][39m [90m[39m
[35m[HTTP][39m [37m-->[39m [37mPOST[39m [37m/wd/hub/session/c195f593-3363-45b0-acac-a1662a1fcfdb/elements[39m
[35m[HTTP][39m [90m{"using":"-android uiautomator","value":"new UiSelector().className(\"android.widget.ImageButton\").resourceId(\"id.co.myhomecredit.dev:id/captureImage\").instance(1)"}[39m
[35m[HTTP][39m [37m<-- POST /wd/hub/session/c195f593-3363-45b0-acac-a1662a1fcfdb/elements [39m[32m200[39m [90m54 ms - 74[39m
[35m[HTTP][39m [90m[39m
[35m[HTTP][39m [37m-->[39m [37mPOST[39m [37m/wd/hub/session/c195f593-3363-45b0-acac-a1662a1fcfdb/elements[39m
[35m[HTTP][39m [90m{"using":"-android uiautomator","value":"new UiSelector().className(\"android.widget.ImageButton\").resourceId(\"id.co.myhomecredit.dev:id/captureImage\").instance(1)"}[39m
[35m[HTTP][39m [37m<-- POST /wd/hub/session/c195f593-3363-45b0-acac-a1662a1fcfdb/elements [39m[32m200[39m [90m60 ms - 74[39m
[35m[HTTP][39m [90m[39m
[35m[HTTP][39m [37m-->[39m [37mPOST[39m [37m/wd/hub/session/c195f593-3363-45b0-acac-a1662a1fcfdb/elements[39m
[35m[HTTP][39m [90m{"using":"-android uiautomator","value":"new UiSelector().className(\"android.widget.ImageButton\").resourceId(\"id.co.myhomecredit.dev:id/captureImage\").instance(1)"}[39m
[35m[HTTP][39m [37m<-- POST /wd/hub/session/c195f593-3363-45b0-acac-a1662a1fcfdb/elements [39m[32m200[39m [90m59 ms - 74[39m
[35m[HTTP][39m [90m[39m
[35m[HTTP][39m [37m-->[39m [37mPOST[39m [37m/wd/hub/session/c195f593-3363-45b0-acac-a1662a1fcfdb/elements[39m
[35m[HTTP][39m [90m{"using":"-android uiautomator","value":"new UiSelector().className(\"android.widget.ImageButton\").resourceId(\"id.co.myhomecredit.dev:id/captureImage\").instance(1)"}[39m
[35m[HTTP][39m [37m<-- POST /wd/hub/session/c195f593-3363-45b0-acac-a1662a1fcfdb/elements [39m[32m200[39m [90m73 ms - 74[39m
[35m[HTTP][39m [90m[39m
[35m[HTTP][39m [37m-->[39m [37mPOST[39m [37m/wd/hub/session/c195f593-3363-45b0-acac-a1662a1fcfdb/elements[39m
[35m[HTTP][39m [90m{"using":"-android uiautomator","value":"new UiSelector().className(\"android.widget.ImageButton\").resourceId(\"id.co.myhomecredit.dev:id/captureImage\").instance(1)"}[39m
[35m[HTTP][39m [37m<-- POST /wd/hub/session/c195f593-3363-45b0-acac-a1662a1fcfdb/elements [39m[32m200[39m [90m56 ms - 74[39m
[35m[HTTP][39m [90m[39m
[35m[HTTP][39m [37m-->[39m [37mPOST[39m [37m/wd/hub/session/c195f593-3363-45b0-acac-a1662a1fcfdb/elements[39m
[35m[HTTP][39m [90m{"using":"-android uiautomator","value":"new UiSelector().className(\"android.widget.ImageButton\").resourceId(\"id.co.myhomecredit.dev:id/captureImage\").instance(1)"}[39m
[35m[HTTP][39m [37m<-- POST /wd/hub/session/c195f593-3363-45b0-acac-a1662a1fcfdb/elements [39m[32m200[39m [90m59 ms - 74[39m
[35m[HTTP][39m [90m[39m
[35m[HTTP][39m [37m-->[39m [37mPOST[39m [37m/wd/hub/session/c195f593-3363-45b0-acac-a1662a1fcfdb/elements[39m
[35m[HTTP][39m [90m{"using":"-android uiautomator","value":"new UiSelector().className(\"android.widget.ImageButton\").resourceId(\"id.co.myhomecredit.dev:id/captureImage\").instance(1)"}[39m
[35m[HTTP][39m [37m<-- POST /wd/hub/session/c195f593-3363-45b0-acac-a1662a1fcfdb/elements [39m[32m200[39m [90m89 ms - 74[39m
[35m[HTTP][39m [90m[39m
[35m[HTTP][39m [37m-->[39m [37mPOST[39m [37m/wd/hub/session/c195f593-3363-45b0-acac-a1662a1fcfdb/elements[39m
[35m[HTTP][39m [90m{"using":"-android uiautomator","value":"new UiSelector().className(\"android.widget.ImageButton\").resourceId(\"id.co.myhomecredit.dev:id/captureImage\").instance(1)"}[39m
[35m[HTTP][39m [37m<-- POST /wd/hub/session/c195f593-3363-45b0-acac-a1662a1fcfdb/elements [39m[32m200[39m [90m70 ms - 74[39m
[35m[HTTP][39m [90m[39m
[35m[HTTP][39m [37m-->[39m [37mPOST[39m [37m/wd/hub/session/c195f593-3363-45b0-acac-a1662a1fcfdb/elements[39m
[35m[HTTP][39m [90m{"using":"-android uiautomator","value":"new UiSelector().className(\"android.widget.ImageButton\").resourceId(\"id.co.myhomecredit.dev:id/captureImage\").instance(1)"}[39m
[35m[HTTP][39m [37m<-- POST /wd/hub/session/c195f593-3363-45b0-acac-a1662a1fcfdb/elements [39m[32m200[39m [90m55 ms - 74[39m
[35m[HTTP][39m [90m[39m
[35m[HTTP][39m [37m-->[39m [37mPOST[39m [37m/wd/hub/session/c195f593-3363-45b0-acac-a1662a1fcfdb/elements[39m
[35m[HTTP][39m [90m{"using":"-android uiautomator","value":"new UiSelector().className(\"android.widget.ImageButton\").resourceId(\"id.co.myhomecredit.dev:id/captureImage\").instance(1)"}[39m
[35m[HTTP][39m [37m<-- POST /wd/hub/session/c195f593-3363-45b0-acac-a1662a1fcfdb/elements [39m[32m200[39m [90m57 ms - 74[39m
[35m[HTTP][39m [90m[39m
[35m[HTTP][39m [37m-->[39m [37mPOST[39m [37m/wd/hub/session/c195f593-3363-45b0-acac-a1662a1fcfdb/elements[39m
[35m[HTTP][39m [90m{"using":"-android uiautomator","value":"new UiSelector().className(\"android.widget.ImageButton\").resourceId(\"id.co.myhomecredit.dev:id/captureImage\").instance(1)"}[39m
[35m[HTTP][39m [37m<-- POST /wd/hub/session/c195f593-3363-45b0-acac-a1662a1fcfdb/elements [39m[32m200[39m [90m70 ms - 74[39m
[35m[HTTP][39m [90m[39m
[35m[HTTP][39m [37m-->[39m [37mPOST[39m [37m/wd/hub/session/c195f593-3363-45b0-acac-a1662a1fcfdb/elements[39m
[35m[HTTP][39m [90m{"using":"-android uiautomator","value":"new UiSelector().className(\"android.widget.ImageButton\").resourceId(\"id.co.myhomecredit.dev:id/captureImage\").instance(1)"}[39m
[35m[HTTP][39m [37m<-- POST /wd/hub/session/c195f593-3363-45b0-acac-a1662a1fcfdb/elements [39m[32m200[39m [90m53 ms - 74[39m
[35m[HTTP][39m [90m[39m
[35m[HTTP][39m [37m-->[39m [37mPOST[39m [37m/wd/hub/session/c195f593-3363-45b0-acac-a1662a1fcfdb/elements[39m
[35m[HTTP][39m [90m{"using":"-android uiautomator","value":"new UiSelector().className(\"android.widget.ImageButton\").resourceId(\"id.co.myhomecredit.dev:id/captureImage\").instance(1)"}[39m
[35m[HTTP][39m [37m<-- POST /wd/hub/session/c195f593-3363-45b0-acac-a1662a1fcfdb/elements [39m[32m200[39m [90m44 ms - 74[39m
[35m[HTTP][39m [90m[39m
[35m[HTTP][39m [37m-->[39m [37mPOST[39m [37m/wd/hub/session/c195f593-3363-45b0-acac-a1662a1fcfdb/elements[39m
[35m[HTTP][39m [90m{"using":"-android uiautomator","value":"new UiSelector().className(\"android.widget.ImageButton\").resourceId(\"id.co.myhomecredit.dev:id/captureImage\").instance(1)"}[39m
[35m[HTTP][39m [37m<-- POST /wd/hub/session/c195f593-3363-45b0-acac-a1662a1fcfdb/elements [39m[32m200[39m [90m48 ms - 74[39m
[35m[HTTP][39m [90m[39m
[35m[HTTP][39m [37m-->[39m [37mPOST[39m [37m/wd/hub/session/c195f593-3363-45b0-acac-a1662a1fcfdb/elements[39m
[35m[HTTP][39m [90m{"using":"-android uiautomator","value":"new UiSelector().className(\"android.widget.ImageButton\").resourceId(\"id.co.myhomecredit.dev:id/captureImage\").instance(1)"}[39m
[35m[HTTP][39m [37m<-- POST /wd/hub/session/c195f593-3363-45b0-acac-a1662a1fcfdb/elements [39m[32m200[39m [90m54 ms - 74[39m
[35m[HTTP][39m [90m[39m
[35m[HTTP][39m [37m-->[39m [37mPOST[39m [37m/wd/hub/session/c195f593-3363-45b0-acac-a1662a1fcfdb/elements[39m
[35m[HTTP][39m [90m{"using":"-android uiautomator","value":"new UiSelector().className(\"android.widget.ImageButton\").resourceId(\"id.co.myhomecredit.dev:id/captureImage\").instance(1)"}[39m
[35m[HTTP][39m [37m<-- POST /wd/hub/session/c195f593-3363-45b0-acac-a1662a1fcfdb/elements [39m[32m200[39m [90m48 ms - 74[39m
[35m[HTTP][39m [90m[39m
[35m[HTTP][39m [37m-->[39m [37mPOST[39m [37m/wd/hub/session/c195f593-3363-45b0-acac-a1662a1fcfdb/elements[39m
[35m[HTTP][39m [90m{"using":"-android uiautomator","value":"new UiSelector().className(\"android.widget.ImageButton\").resourceId(\"id.co.myhomecredit.dev:id/captureImage\").instance(1)"}[39m
[35m[HTTP][39m [37m<-- POST /wd/hub/session/c195f593-3363-45b0-acac-a1662a1fcfdb/elements [39m[32m200[39m [90m52 ms - 74[39m
[35m[HTTP][39m [90m[39m
[35m[HTTP][39m [37m-->[39m [37mPOST[39m [37m/wd/hub/session/c195f593-3363-45b0-acac-a1662a1fcfdb/elements[39m
[35m[HTTP][39m [90m{"using":"-android uiautomator","value":"new UiSelector().className(\"android.widget.ImageButton\").resourceId(\"id.co.myhomecredit.dev:id/captureImage\").instance(1)"}[39m
[35m[HTTP][39m [37m<-- POST /wd/hub/session/c195f593-3363-45b0-acac-a1662a1fcfdb/elements [39m[32m200[39m [90m43 ms - 74[39m
[35m[HTTP][39m [90m[39m
[35m[HTTP][39m [37m-->[39m [37mPOST[39m [37m/wd/hub/session/c195f593-3363-45b0-acac-a1662a1fcfdb/elements[39m
[35m[HTTP][39m [90m{"using":"-android uiautomator","value":"new UiSelector().className(\"android.widget.ImageButton\").resourceId(\"id.co.myhomecredit.dev:id/captureImage\").instance(1)"}[39m
[35m[HTTP][39m [37m<-- POST /wd/hub/session/c195f593-3363-45b0-acac-a1662a1fcfdb/elements [39m[32m200[39m [90m62 ms - 74[39m
[35m[HTTP][39m [90m[39m
[35m[HTTP][39m [37m-->[39m [37mPOST[39m [37m/wd/hub/session/c195f593-3363-45b0-acac-a1662a1fcfdb/elements[39m
[35m[HTTP][39m [90m{"using":"-android uiautomator","value":"new UiSelector().className(\"android.widget.ImageButton\").resourceId(\"id.co.myhomecredit.dev:id/captureImage\").instance(1)"}[39m
[35m[HTTP][39m [37m<-- POST /wd/hub/session/c195f593-3363-45b0-acac-a1662a1fcfdb/elements [39m[32m200[39m [90m49 ms - 74[39m
[35m[HTTP][39m [90m[39m
[35m[HTTP][39m [37m-->[39m [37mPOST[39m [37m/wd/hub/session/c195f593-3363-45b0-acac-a1662a1fcfdb/elements[39m
[35m[HTTP][39m [90m{"using":"-android uiautomator","value":"new UiSelector().className(\"android.widget.ImageButton\").resourceId(\"id.co.myhomecredit.dev:id/captureImage\").instance(1)"}[39m
[35m[HTTP][39m [37m<-- POST /wd/hub/session/c195f593-3363-45b0-acac-a1662a1fcfdb/elements [39m[32m200[39m [90m47 ms - 74[39m
[35m[HTTP][39m [90m[39m
[35m[HTTP][39m [37m-->[39m [37mPOST[39m [37m/wd/hub/session/c195f593-3363-45b0-acac-a1662a1fcfdb/elements[39m
[35m[HTTP][39m [90m{"using":"-android uiautomator","value":"new UiSelector().className(\"android.widget.ImageButton\").resourceId(\"id.co.myhomecredit.dev:id/captureImage\").instance(1)"}[39m
[35m[HTTP][39m [37m<-- POST /wd/hub/session/c195f593-3363-45b0-acac-a1662a1fcfdb/elements [39m[32m200[39m [90m43 ms - 74[39m
[35m[HTTP][39m [90m[39m
[35m[HTTP][39m [37m-->[39m [37mPOST[39m [37m/wd/hub/session/c195f593-3363-45b0-acac-a1662a1fcfdb/elements[39m
[35m[HTTP][39m [90m{"using":"-android uiautomator","value":"new UiSelector().className(\"android.widget.ImageButton\").resourceId(\"id.co.myhomecredit.dev:id/captureImage\").instance(1)"}[39m
[35m[HTTP][39m [37m<-- POST /wd/hub/session/c195f593-3363-45b0-acac-a1662a1fcfdb/elements [39m[32m200[39m [90m58 ms - 74[39m
[35m[HTTP][39m [90m[39m
[35m[HTTP][39m [37m-->[39m [37mPOST[39m [37m/wd/hub/session/c195f593-3363-45b0-acac-a1662a1fcfdb/elements[39m
[35m[HTTP][39m [90m{"using":"-android uiautomator","value":"new UiSelector().className(\"android.widget.ImageButton\").resourceId(\"id.co.myhomecredit.dev:id/captureImage\").instance(1)"}[39m
[35m[HTTP][39m [37m<-- POST /wd/hub/session/c195f593-3363-45b0-acac-a1662a1fcfdb/elements [39m[32m200[39m [90m51 ms - 74[39m
[35m[HTTP][39m [90m[39m
[35m[HTTP][39m [37m-->[39m [37mPOST[39m [37m/wd/hub/session/c195f593-3363-45b0-acac-a1662a1fcfdb/elements[39m
[35m[HTTP][39m [90m{"using":"-android uiautomator","value":"new UiSelector().className(\"android.widget.ImageButton\").resourceId(\"id.co.myhomecredit.dev:id/captureImage\").instance(1)"}[39m
[35m[HTTP][39m [37m<-- POST /wd/hub/session/c195f593-3363-45b0-acac-a1662a1fcfdb/elements [39m[32m200[39m [90m62 ms - 74[39m
[35m[HTTP][39m [90m[39m
[35m[HTTP][39m [37m-->[39m [37mPOST[39m [37m/wd/hub/session/c195f593-3363-45b0-acac-a1662a1fcfdb/elements[39m
[35m[HTTP][39m [90m{"using":"-android uiautomator","value":"new UiSelector().className(\"android.widget.ImageButton\").resourceId(\"id.co.myhomecredit.dev:id/captureImage\").instance(1)"}[39m
[35m[HTTP][39m [37m<-- POST /wd/hub/session/c195f593-3363-45b0-acac-a1662a1fcfdb/elements [39m[32m200[39m [90m57 ms - 74[39m
[35m[HTTP][39m [90m[39m
[35m[HTTP][39m [37m-->[39m [37mPOST[39m [37m/wd/hub/session/c195f593-3363-45b0-acac-a1662a1fcfdb/elements[39m
[35m[HTTP][39m [90m{"using":"-android uiautomator","value":"new UiSelector().className(\"android.widget.ImageButton\").resourceId(\"id.co.myhomecredit.dev:id/captureImage\").instance(1)"}[39m
[35m[HTTP][39m [37m<-- POST /wd/hub/session/c195f593-3363-45b0-acac-a1662a1fcfdb/elements [39m[32m200[39m [90m67 ms - 74[39m
[35m[HTTP][39m [90m[39m
[35m[HTTP][39m [37m-->[39m [37mGET[39m [37m/wd/hub/session/c195f593-3363-45b0-acac-a1662a1fcfdb/context[39m
[35m[HTTP][39m [90m{}[39m
[35m[HTTP][39m [37m<-- GET /wd/hub/session/c195f593-3363-45b0-acac-a1662a1fcfdb/context [39m[32m200[39m [90m2 ms - 84[39m
[35m[HTTP][39m [90m[39m
[35m[HTTP][39m [37m-->[39m [37mGET[39m [37m/wd/hub/session/c195f593-3363-45b0-acac-a1662a1fcfdb/contexts[39m
[35m[HTTP][39m [90m{}[39m
[35m[HTTP][39m [37m<-- GET /wd/hub/session/c195f593-3363-45b0-acac-a1662a1fcfdb/contexts [39m[32m200[39m [90m218 ms - 86[39m
[35m[HTTP][39m [90m[39m
[35m[HTTP][39m [37m-->[39m [37mPOST[39m [37m/wd/hub/session/c195f593-3363-45b0-acac-a1662a1fcfdb/context[39m
[35m[HTTP][39m [90m{"name":"NATIVE_APP"}[39m
[35m[HTTP][39m [37m<-- POST /wd/hub/session/c195f593-3363-45b0-acac-a1662a1fcfdb/context [39m[32m200[39m [90m205 ms - 76[39m
[35m[HTTP][39m [90m[39m
[35m[HTTP][39m [37m-->[39m [37mGET[39m [37m/wd/hub/session/c195f593-3363-45b0-acac-a1662a1fcfdb/screenshot[39m
[35m[HTTP][39m [90m{}[39m
[35m[HTTP][39m [37m<-- GET /wd/hub/session/c195f593-3363-45b0-acac-a1662a1fcfdb/screenshot [39m[32m200[39m [90m2420 ms - 1973902[39m
[35m[HTTP][39m [90m[39m
[35m[HTTP][39m [37m-->[39m [37mPOST[39m [37m/wd/hub/session/c195f593-3363-45b0-acac-a1662a1fcfdb/context[39m
[35m[HTTP][39m [90m{"name":"NATIVE_APP"}[39m
[35m[HTTP][39m [37m<-- POST /wd/hub/session/c195f593-3363-45b0-acac-a1662a1fcfdb/context [39m[32m200[39m [90m215 ms - 76[39m
[35m[HTTP][39m [90m[39m
[35m[HTTP][39m [37m-->[39m [37mGET[39m [37m/wd/hub/session/c195f593-3363-45b0-acac-a1662a1fcfdb/context[39m
[35m[HTTP][39m [90m{}[39m
[35m[HTTP][39m [37m<-- GET /wd/hub/session/c195f593-3363-45b0-acac-a1662a1fcfdb/context [39m[32m200[39m [90m2 ms - 84[39m
[35m[HTTP][39m [90m[39m
[35m[HTTP][39m [37m-->[39m [37mGET[39m [37m/wd/hub/session/c195f593-3363-45b0-acac-a1662a1fcfdb/contexts[39m
[35m[HTTP][39m [90m{}[39m
[35m[HTTP][39m [37m<-- GET /wd/hub/session/c195f593-3363-45b0-acac-a1662a1fcfdb/contexts [39m[32m200[39m [90m215 ms - 86[39m
[35m[HTTP][39m [90m[39m
[35m[HTTP][39m [37m-->[39m [37mPOST[39m [37m/wd/hub/session/c195f593-3363-45b0-acac-a1662a1fcfdb/context[39m
[35m[HTTP][39m [90m{"name":"NATIVE_APP"}[39m
[35m[HTTP][39m [37m<-- POST /wd/hub/session/c195f593-3363-45b0-acac-a1662a1fcfdb/context [39m[32m200[39m [90m214 ms - 76[39m
[35m[HTTP][39m [90m[39m
[35m[HTTP][39m [37m-->[39m [37mGET[39m [37m/wd/hub/session/c195f593-3363-45b0-acac-a1662a1fcfdb/screenshot[39m
[35m[HTTP][39m [90m{}[39m
[35m[HTTP][39m [37m<-- GET /wd/hub/session/c195f593-3363-45b0-acac-a1662a1fcfdb/screenshot [39m[32m200[39m [90m2481 ms - 1970926[39m
[35m[HTTP][39m [90m[39m
[35m[HTTP][39m [37m-->[39m [37mPOST[39m [37m/wd/hub/session/c195f593-3363-45b0-acac-a1662a1fcfdb/context[39m
[35m[HTTP][39m [90m{"name":"NATIVE_APP"}[39m
[35m[HTTP][39m [37m<-- POST /wd/hub/session/c195f593-3363-45b0-acac-a1662a1fcfdb/context [39m[32m200[39m [90m206 ms - 76[39m
[35m[HTTP][39m [90m[39m
[35m[HTTP][39m [37m-->[39m [37mDELETE[39m [37m/wd/hub/session/c195f593-3363-45b0-acac-a1662a1fcfdb[39m
[35m[HTTP][39m [90m{}[39m
[35m[Appium][39m Removing session c195f593-3363-45b0-acac-a1662a1fcfdb from our master session list
[35m[HTTP][39m [37m<-- DELETE /wd/hub/session/c195f593-3363-45b0-acac-a1662a1fcfdb [39m[32m200[39m [90m631 ms - 76[39m
[35m[HTTP][39m [90m[39m
