[35m[Appium][39m Welcome to Appium v1.8.1
[35m[Appium][39m Non-default server args:
[35m[Appium][39m   port: 63500
[35m[Appium][39m   loglevel: info
[35m[Appium][39m   chromeDriverPort: 63501
[35m[Appium][39m   tmpDir: C:\Users\PRAMUD~1.PRA\AppData\Local\Temp\\Katalon\Appium\Temp1539251197909
[35m[Appium][39m Appium REST http interface listener started on 0.0.0.0:63500
[35m[HTTP][39m [37m-->[39m [37mGET[39m [37m/wd/hub/status[39m
[35m[HTTP][39m [90m{}[39m
[35m[HTTP][39m [37m<-- GET /wd/hub/status [39m[32m200[39m [90m22 ms - 83[39m
[35m[HTTP][39m [90m[39m
[35m[HTTP][39m [37m-->[39m [37mPOST[39m [37m/wd/hub/session[39m
[35m[HTTP][39m [90m{"desiredCapabilities":{"app":"C:\\Users\\pramudityo.pratanto\\Desktop\\Katalon Update\\appv2-development-universal-debug (1).apk","appWaitActivity":"id.co.homecredit.*","autoGrantPermissions":true,"automationName":"uiautomator2","deviceId":"","deviceName":"asus ASUS_X00TD (Android 8.1.0)","fullReset":false,"newCommandTimeout":1800,"noReset":true,"platform":"ANDROID","platformName":"Android","udid":"J5AXGF00V036ZZZ"},"capabilities":{"desiredCapabilities":{"app":"C:\\Users\\pramudityo.pratanto\\Desktop\\Katalon Update\\appv2-development-universal-debug (1).apk","appWaitActivity":"id.co.homecredit.*","autoGrantPermissions":true,"automationName":"uiautomator2","deviceId":"","deviceName":"asus ASUS_X00TD (Android 8.1.0)","fullReset":false,"newCommandTimeout":1800,"noReset":true,"platform":"ANDROID","platformName":"Android","udid":"J5AXGF00V036ZZZ"},"firstMatch":[{"platformName":"android"}]}}[39m
[35m[Appium][39m Could not parse W3C capabilities: 'deviceName' can't be blank. Falling back to JSONWP protocol.
[35m[Appium][39m The following capabilities were provided in the JSONWP desired capabilities that are missing in W3C capabilities: ["app","appWaitActivity","autoGrantPermissions","automationName","deviceId","deviceName","fullReset","newCommandTimeout","noReset","platform","platformName","udid"]. Falling back to JSONWP protocol.
[35m[Appium][39m Creating new AndroidUiautomator2Driver (v1.12.0) session
[35m[Appium][39m Capabilities:
[35m[Appium][39m   app: C:\Users\pramudityo.pratanto\Desktop\Katalon Update\appv2-development-universal-debug (1).apk
[35m[Appium][39m   appWaitActivity: id.co.homecredit.*
[35m[Appium][39m   autoGrantPermissions: true
[35m[Appium][39m   automationName: uiautomator2
[35m[Appium][39m   deviceId: 
[35m[Appium][39m   deviceName: asus ASUS_X00TD (Android 8.1.0)
[35m[Appium][39m   fullReset: false
[35m[Appium][39m   newCommandTimeout: 1800
[35m[Appium][39m   noReset: true
[35m[Appium][39m   platform: ANDROID
[35m[Appium][39m   platformName: Android
[35m[Appium][39m   udid: J5AXGF00V036ZZZ
[35m[BaseDriver][39m The following capabilities were provided, but are not recognized by appium: deviceId, platform.
[35m[BaseDriver][39m Session created with session id: b0eac54e-5e0d-4c80-bbe4-d86ba6cbbd11
[35m[BaseDriver][39m Using local app 'C:\Users\pramudityo.pratanto\Desktop\Katalon Update\appv2-development-universal-debug (1).apk'
[35m[AndroidDriver][39m Java version is: 1.8.0_181
[35m[ADB][39m Checking whether adb is present
[35m[ADB][39m Found 2 'build-tools' folders under 'C:\Users\pramudityo.pratanto\.katalon\tools\android_sdk' (newest first):
[35m[ADB][39m     C:/Users/pramudityo.pratanto/.katalon/tools/android_sdk/build-tools/28.0.1
[35m[ADB][39m     C:/Users/pramudityo.pratanto/.katalon/tools/android_sdk/build-tools/25.0.3
[35m[ADB][39m Using adb.exe from C:\Users\pramudityo.pratanto\.katalon\tools\android_sdk\platform-tools\adb.exe
[35m[AndroidDriver][39m Retrieving device list
[35m[AndroidDriver][39m Using device: J5AXGF00V036ZZZ
[35m[ADB][39m Using the alternative activity name detection method because of: Could not find apkanalyzer.bat in C:\Users\pramudityo.pratanto\.katalon\tools\android_sdk\platform-tools\apkanalyzer.bat,C:\Users\pramudityo.pratanto\.katalon\tools\android_sdk\emulator\apkanalyzer.bat,C:\Users\pramudityo.pratanto\.katalon\tools\android_sdk\tools\apkanalyzer.bat,C:\Users\pramudityo.pratanto\.katalon\tools\android_sdk\tools\bin\apkanalyzer.bat,C:\Users\pramudityo.pratanto\.katalon\tools\android_sdk\build-tools\28.0.1\apkanalyzer.bat,C:\Users\pramudityo.pratanto\.katalon\tools\android_sdk\build-tools\25.0.3\apkanalyzer.bat. Do you have the Android SDK installed at 'C:\Users\pramudityo.pratanto\.katalon\tools\android_sdk'?
[35m[ADB][39m Checking whether aapt is present
[35m[ADB][39m Using aapt.exe from C:\Users\pramudityo.pratanto\.katalon\tools\android_sdk\build-tools\25.0.3\aapt.exe
[35m[ADB][39m Extracting package and launch activity from manifest
[35m[ADB][39m Package name: 'id.co.myhomecredit.dev'
[35m[ADB][39m Main activity name: 'id.co.homecredit.v2.launcherpage.LauncherActivity'
[35m[ADB][39m Getting device platform version
[35m[ADB][39m Using apksigner.bat from C:\Users\pramudityo.pratanto\.katalon\tools\android_sdk\build-tools\25.0.3\apksigner.bat
[35m[ADB][39m Checking whether zipalign is present
[35m[ADB][39m Using zipalign.exe from C:\Users\pramudityo.pratanto\.katalon\tools\android_sdk\build-tools\25.0.3\zipalign.exe
[35m[ADB][39m io.appium.uiautomator2.server was successfully uninstalled
[35m[ADB][39m io.appium.uiautomator2.server.test was successfully uninstalled
[35m[AndroidDriver][39m setDeviceLanguageCountry requires language or country.
[35m[AndroidDriver][39m Got language: 'null' and country: 'null'
[35m[ADB][39m Successfully extracted 1077 strings from 'C:\Users\pramudityo.pratanto\Desktop\Katalon Update\appv2-development-universal-debug (1).apk' resources for '(default)' configuration
[35m[UiAutomator2][39m Starting uiautomator2 server 1.12.0
[35m[UiAutomator2][39m Using UIAutomator2 server from 'C:\Users\pramudityo.pratanto\AppData\Roaming\npm\node_modules\appium\node_modules\appium-uiautomator2-server\apks\appium-uiautomator2-server-v1.12.0.apk' and test from 'C:\Users\pramudityo.pratanto\AppData\Roaming\npm\node_modules\appium\node_modules\appium-uiautomator2-server\apks\appium-uiautomator2-server-debug-androidTest.apk'
[35m[UiAutomator2][39m Running command: 'adb -s J5AXGF00V036ZZZ shell am instrument -w io.appium.uiautomator2.server.test/android.support.test.runner.AndroidJUnitRunner'
[35m[UiAutomator2][39m Waiting up to 20000ms for UiAutomator2 to be online...
[35m[AndroidDriver][39m Screen already unlocked, doing nothing
[35m[UiAutomator2][39m UiAutomator2 did not start the activity we were waiting for, 'id.co.myhomecredit.dev/id.co.homecredit.*'. Starting it ourselves
[35m[Appium][39m New AndroidUiautomator2Driver session created successfully, session b0eac54e-5e0d-4c80-bbe4-d86ba6cbbd11 added to master session list
[35m[HTTP][39m [37m<-- POST /wd/hub/session [39m[32m200[39m [90m25390 ms - 1359[39m
[35m[HTTP][39m [90m[39m
[35m[HTTP][39m [37m-->[39m [37mGET[39m [37m/wd/hub/status[39m
[35m[HTTP][39m [90m{}[39m
[35m[HTTP][39m [37m<-- GET /wd/hub/status [39m[32m200[39m [90m7 ms - 55[39m
[35m[HTTP][39m [90m[39m
[35m[HTTP][39m [37m-->[39m [37mPOST[39m [37m/wd/hub/session/b0eac54e-5e0d-4c80-bbe4-d86ba6cbbd11/timeouts[39m
[35m[HTTP][39m [90m{"type":"implicit","ms":60000}[39m
[35m[HTTP][39m [37m<-- POST /wd/hub/session/b0eac54e-5e0d-4c80-bbe4-d86ba6cbbd11/timeouts [39m[33m400[39m [90m13 ms - 5756[39m
[35m[HTTP][39m [90m[39m
[35m[HTTP][39m [37m-->[39m [37mGET[39m [37m/wd/hub/session/b0eac54e-5e0d-4c80-bbe4-d86ba6cbbd11/window/current/size[39m
[35m[HTTP][39m [90m{}[39m
[35m[W3C][39m Driver proxy active, passing request on via HTTP proxy
[35m[JSONWP Proxy][39m Replacing sessionId 22887df1-043a-4c1a-9d85-0cea8d9e8529 with b0eac54e-5e0d-4c80-bbe4-d86ba6cbbd11
[35m[HTTP][39m [37m<-- GET /wd/hub/session/b0eac54e-5e0d-4c80-bbe4-d86ba6cbbd11/window/current/size [39m[32m200[39m [90m87 ms - 100[39m
[35m[HTTP][39m [90m[39m
[35m[HTTP][39m [37m-->[39m [37mPOST[39m [37m/wd/hub/session/b0eac54e-5e0d-4c80-bbe4-d86ba6cbbd11/elements[39m
[35m[HTTP][39m [90m{"using":"-android uiautomator","value":"new UiSelector().className(\"android.widget.ImageView\").resourceId(\"id.co.myhomecredit.dev:id/promo_image\").instance(5)"}[39m
[35m[HTTP][39m [37m<-- POST /wd/hub/session/b0eac54e-5e0d-4c80-bbe4-d86ba6cbbd11/elements [39m[32m200[39m [90m917 ms - 226[39m
[35m[HTTP][39m [90m[39m
[35m[HTTP][39m [37m-->[39m [37mGET[39m [37m/wd/hub/session/b0eac54e-5e0d-4c80-bbe4-d86ba6cbbd11[39m
[35m[HTTP][39m [90m{}[39m
[35m[HTTP][39m [37m<-- GET /wd/hub/session/b0eac54e-5e0d-4c80-bbe4-d86ba6cbbd11 [39m[32m200[39m [90m60 ms - 1359[39m
[35m[HTTP][39m [90m[39m
[35m[HTTP][39m [37m-->[39m [37mGET[39m [37m/wd/hub/session/b0eac54e-5e0d-4c80-bbe4-d86ba6cbbd11[39m
[35m[HTTP][39m [90m{}[39m
[35m[HTTP][39m [37m<-- GET /wd/hub/session/b0eac54e-5e0d-4c80-bbe4-d86ba6cbbd11 [39m[32m200[39m [90m41 ms - 1359[39m
[35m[HTTP][39m [90m[39m
[35m[HTTP][39m [37m-->[39m [37mGET[39m [37m/wd/hub/session/b0eac54e-5e0d-4c80-bbe4-d86ba6cbbd11[39m
[35m[HTTP][39m [90m{}[39m
[35m[HTTP][39m [37m<-- GET /wd/hub/session/b0eac54e-5e0d-4c80-bbe4-d86ba6cbbd11 [39m[32m200[39m [90m32 ms - 1359[39m
[35m[HTTP][39m [90m[39m
[35m[HTTP][39m [37m-->[39m [37mGET[39m [37m/wd/hub/session/b0eac54e-5e0d-4c80-bbe4-d86ba6cbbd11[39m
[35m[HTTP][39m [90m{}[39m
[35m[HTTP][39m [37m<-- GET /wd/hub/session/b0eac54e-5e0d-4c80-bbe4-d86ba6cbbd11 [39m[32m200[39m [90m30 ms - 1359[39m
[35m[HTTP][39m [90m[39m
[35m[HTTP][39m [37m-->[39m [37mGET[39m [37m/wd/hub/session/b0eac54e-5e0d-4c80-bbe4-d86ba6cbbd11[39m
[35m[HTTP][39m [90m{}[39m
[35m[HTTP][39m [37m<-- GET /wd/hub/session/b0eac54e-5e0d-4c80-bbe4-d86ba6cbbd11 [39m[32m200[39m [90m32 ms - 1359[39m
[35m[HTTP][39m [90m[39m
[35m[HTTP][39m [37m-->[39m [37mGET[39m [37m/wd/hub/session/b0eac54e-5e0d-4c80-bbe4-d86ba6cbbd11[39m
[35m[HTTP][39m [90m{}[39m
[35m[HTTP][39m [37m<-- GET /wd/hub/session/b0eac54e-5e0d-4c80-bbe4-d86ba6cbbd11 [39m[32m200[39m [90m43 ms - 1359[39m
[35m[HTTP][39m [90m[39m
[35m[HTTP][39m [37m-->[39m [37mGET[39m [37m/wd/hub/session/b0eac54e-5e0d-4c80-bbe4-d86ba6cbbd11[39m
[35m[HTTP][39m [90m{}[39m
[35m[HTTP][39m [37m<-- GET /wd/hub/session/b0eac54e-5e0d-4c80-bbe4-d86ba6cbbd11 [39m[32m200[39m [90m31 ms - 1359[39m
[35m[HTTP][39m [90m[39m
[35m[HTTP][39m [37m-->[39m [37mGET[39m [37m/wd/hub/session/b0eac54e-5e0d-4c80-bbe4-d86ba6cbbd11[39m
[35m[HTTP][39m [90m{}[39m
[35m[HTTP][39m [37m<-- GET /wd/hub/session/b0eac54e-5e0d-4c80-bbe4-d86ba6cbbd11 [39m[32m200[39m [90m64 ms - 1359[39m
[35m[HTTP][39m [90m[39m
[35m[HTTP][39m [37m-->[39m [37mGET[39m [37m/wd/hub/session/b0eac54e-5e0d-4c80-bbe4-d86ba6cbbd11[39m
[35m[HTTP][39m [90m{}[39m
[35m[HTTP][39m [37m<-- GET /wd/hub/session/b0eac54e-5e0d-4c80-bbe4-d86ba6cbbd11 [39m[32m200[39m [90m37 ms - 1359[39m
[35m[HTTP][39m [90m[39m
[35m[HTTP][39m [37m-->[39m [37mGET[39m [37m/wd/hub/session/b0eac54e-5e0d-4c80-bbe4-d86ba6cbbd11[39m
[35m[HTTP][39m [90m{}[39m
[35m[HTTP][39m [37m<-- GET /wd/hub/session/b0eac54e-5e0d-4c80-bbe4-d86ba6cbbd11 [39m[32m200[39m [90m66 ms - 1359[39m
[35m[HTTP][39m [90m[39m
[35m[HTTP][39m [37m-->[39m [37mGET[39m [37m/wd/hub/session/b0eac54e-5e0d-4c80-bbe4-d86ba6cbbd11[39m
[35m[HTTP][39m [90m{}[39m
[35m[HTTP][39m [37m<-- GET /wd/hub/session/b0eac54e-5e0d-4c80-bbe4-d86ba6cbbd11 [39m[32m200[39m [90m40 ms - 1359[39m
[35m[HTTP][39m [90m[39m
[35m[HTTP][39m [37m-->[39m [37mGET[39m [37m/wd/hub/session/b0eac54e-5e0d-4c80-bbe4-d86ba6cbbd11[39m
[35m[HTTP][39m [90m{}[39m
[35m[HTTP][39m [37m<-- GET /wd/hub/session/b0eac54e-5e0d-4c80-bbe4-d86ba6cbbd11 [39m[32m200[39m [90m37 ms - 1359[39m
[35m[HTTP][39m [90m[39m
[35m[HTTP][39m [37m-->[39m [37mGET[39m [37m/wd/hub/session/b0eac54e-5e0d-4c80-bbe4-d86ba6cbbd11/element/a20a0aba-3bf6-4840-92de-4cf7a01f4add/location[39m
[35m[HTTP][39m [90m{}[39m
[35m[W3C][39m Driver proxy active, passing request on via HTTP proxy
[35m[JSONWP Proxy][39m Replacing sessionId 22887df1-043a-4c1a-9d85-0cea8d9e8529 with b0eac54e-5e0d-4c80-bbe4-d86ba6cbbd11
[35m[HTTP][39m [37m<-- GET /wd/hub/session/b0eac54e-5e0d-4c80-bbe4-d86ba6cbbd11/element/a20a0aba-3bf6-4840-92de-4cf7a01f4add/location [39m[32m200[39m [90m102 ms - 87[39m
[35m[HTTP][39m [90m[39m
[35m[HTTP][39m [37m-->[39m [37mPOST[39m [37m/wd/hub/session/b0eac54e-5e0d-4c80-bbe4-d86ba6cbbd11/touch/perform[39m
[35m[HTTP][39m [90m{"actions":[{"action":"tap","options":{"element":"a20a0aba-3bf6-4840-92de-4cf7a01f4add","x":1,"y":1}}]}[39m
[35m[UiAutomator2][39m calling get location: a20a0aba-3bf6-4840-92de-4cf7a01f4add
[35m[HTTP][39m [37m<-- POST /wd/hub/session/b0eac54e-5e0d-4c80-bbe4-d86ba6cbbd11/touch/perform [39m[32m200[39m [90m1916 ms - 76[39m
[35m[HTTP][39m [90m[39m
[35m[HTTP][39m [37m-->[39m [37mGET[39m [37m/wd/hub/session/b0eac54e-5e0d-4c80-bbe4-d86ba6cbbd11/window/current/size[39m
[35m[HTTP][39m [90m{}[39m
[35m[W3C][39m Driver proxy active, passing request on via HTTP proxy
[35m[JSONWP Proxy][39m Replacing sessionId 22887df1-043a-4c1a-9d85-0cea8d9e8529 with b0eac54e-5e0d-4c80-bbe4-d86ba6cbbd11
[35m[HTTP][39m [37m<-- GET /wd/hub/session/b0eac54e-5e0d-4c80-bbe4-d86ba6cbbd11/window/current/size [39m[32m200[39m [90m55 ms - 100[39m
[35m[HTTP][39m [90m[39m
[35m[HTTP][39m [37m-->[39m [37mPOST[39m [37m/wd/hub/session/b0eac54e-5e0d-4c80-bbe4-d86ba6cbbd11/elements[39m
[35m[HTTP][39m [90m{"using":"-android uiautomator","value":"new UiSelector().className(\"android.widget.TextView\").text(\"AJUKAN SEKARANG\").resourceId(\"id.co.myhomecredit.dev:id/tv_dona_start\").instance(8)"}[39m
[35m[HTTP][39m [37m<-- POST /wd/hub/session/b0eac54e-5e0d-4c80-bbe4-d86ba6cbbd11/elements [39m[32m200[39m [90m113 ms - 124[39m
[35m[HTTP][39m [90m[39m
[35m[HTTP][39m [37m-->[39m [37mGET[39m [37m/wd/hub/session/b0eac54e-5e0d-4c80-bbe4-d86ba6cbbd11[39m
[35m[HTTP][39m [90m{}[39m
[35m[HTTP][39m [37m<-- GET /wd/hub/session/b0eac54e-5e0d-4c80-bbe4-d86ba6cbbd11 [39m[32m200[39m [90m40 ms - 1359[39m
[35m[HTTP][39m [90m[39m
[35m[HTTP][39m [37m-->[39m [37mGET[39m [37m/wd/hub/session/b0eac54e-5e0d-4c80-bbe4-d86ba6cbbd11[39m
[35m[HTTP][39m [90m{}[39m
[35m[HTTP][39m [37m<-- GET /wd/hub/session/b0eac54e-5e0d-4c80-bbe4-d86ba6cbbd11 [39m[32m200[39m [90m39 ms - 1359[39m
[35m[HTTP][39m [90m[39m
[35m[HTTP][39m [37m-->[39m [37mGET[39m [37m/wd/hub/session/b0eac54e-5e0d-4c80-bbe4-d86ba6cbbd11[39m
[35m[HTTP][39m [90m{}[39m
[35m[HTTP][39m [37m<-- GET /wd/hub/session/b0eac54e-5e0d-4c80-bbe4-d86ba6cbbd11 [39m[32m200[39m [90m39 ms - 1359[39m
[35m[HTTP][39m [90m[39m
[35m[HTTP][39m [37m-->[39m [37mGET[39m [37m/wd/hub/session/b0eac54e-5e0d-4c80-bbe4-d86ba6cbbd11[39m
[35m[HTTP][39m [90m{}[39m
[35m[HTTP][39m [37m<-- GET /wd/hub/session/b0eac54e-5e0d-4c80-bbe4-d86ba6cbbd11 [39m[32m200[39m [90m33 ms - 1359[39m
[35m[HTTP][39m [90m[39m
[35m[HTTP][39m [37m-->[39m [37mGET[39m [37m/wd/hub/session/b0eac54e-5e0d-4c80-bbe4-d86ba6cbbd11/element/b6f87792-2d11-4481-b28d-3a6b3b8172ef/location[39m
[35m[HTTP][39m [90m{}[39m
[35m[W3C][39m Driver proxy active, passing request on via HTTP proxy
[35m[JSONWP Proxy][39m Replacing sessionId 22887df1-043a-4c1a-9d85-0cea8d9e8529 with b0eac54e-5e0d-4c80-bbe4-d86ba6cbbd11
[35m[HTTP][39m [37m<-- GET /wd/hub/session/b0eac54e-5e0d-4c80-bbe4-d86ba6cbbd11/element/b6f87792-2d11-4481-b28d-3a6b3b8172ef/location [39m[32m200[39m [90m76 ms - 89[39m
[35m[HTTP][39m [90m[39m
[35m[HTTP][39m [37m-->[39m [37mPOST[39m [37m/wd/hub/session/b0eac54e-5e0d-4c80-bbe4-d86ba6cbbd11/touch/perform[39m
[35m[HTTP][39m [90m{"actions":[{"action":"tap","options":{"element":"b6f87792-2d11-4481-b28d-3a6b3b8172ef","x":1,"y":1}}]}[39m
[35m[UiAutomator2][39m calling get location: b6f87792-2d11-4481-b28d-3a6b3b8172ef
[35m[HTTP][39m [37m<-- POST /wd/hub/session/b0eac54e-5e0d-4c80-bbe4-d86ba6cbbd11/touch/perform [39m[32m200[39m [90m3136 ms - 76[39m
[35m[HTTP][39m [90m[39m
[35m[HTTP][39m [37m-->[39m [37mGET[39m [37m/wd/hub/session/b0eac54e-5e0d-4c80-bbe4-d86ba6cbbd11/window/current/size[39m
[35m[HTTP][39m [90m{}[39m
[35m[W3C][39m Driver proxy active, passing request on via HTTP proxy
[35m[JSONWP Proxy][39m Replacing sessionId 22887df1-043a-4c1a-9d85-0cea8d9e8529 with b0eac54e-5e0d-4c80-bbe4-d86ba6cbbd11
[35m[HTTP][39m [37m<-- GET /wd/hub/session/b0eac54e-5e0d-4c80-bbe4-d86ba6cbbd11/window/current/size [39m[32m200[39m [90m50 ms - 100[39m
[35m[HTTP][39m [90m[39m
[35m[HTTP][39m [37m-->[39m [37mPOST[39m [37m/wd/hub/session/b0eac54e-5e0d-4c80-bbe4-d86ba6cbbd11/elements[39m
[35m[HTTP][39m [90m{"using":"-android uiautomator","value":"new UiSelector().className(\"android.widget.TextView\").text(\"LANJUTKAN\").resourceId(\"id.co.myhomecredit.dev:id/btn_next_opf\").instance(4)"}[39m
[35m[HTTP][39m [37m<-- POST /wd/hub/session/b0eac54e-5e0d-4c80-bbe4-d86ba6cbbd11/elements [39m[32m200[39m [90m130 ms - 124[39m
[35m[HTTP][39m [90m[39m
[35m[HTTP][39m [37m-->[39m [37mGET[39m [37m/wd/hub/session/b0eac54e-5e0d-4c80-bbe4-d86ba6cbbd11[39m
[35m[HTTP][39m [90m{}[39m
[35m[HTTP][39m [37m<-- GET /wd/hub/session/b0eac54e-5e0d-4c80-bbe4-d86ba6cbbd11 [39m[32m200[39m [90m36 ms - 1359[39m
[35m[HTTP][39m [90m[39m
[35m[HTTP][39m [37m-->[39m [37mGET[39m [37m/wd/hub/session/b0eac54e-5e0d-4c80-bbe4-d86ba6cbbd11[39m
[35m[HTTP][39m [90m{}[39m
[35m[HTTP][39m [37m<-- GET /wd/hub/session/b0eac54e-5e0d-4c80-bbe4-d86ba6cbbd11 [39m[32m200[39m [90m58 ms - 1359[39m
[35m[HTTP][39m [90m[39m
[35m[HTTP][39m [37m-->[39m [37mGET[39m [37m/wd/hub/session/b0eac54e-5e0d-4c80-bbe4-d86ba6cbbd11[39m
[35m[HTTP][39m [90m{}[39m
[35m[HTTP][39m [37m<-- GET /wd/hub/session/b0eac54e-5e0d-4c80-bbe4-d86ba6cbbd11 [39m[32m200[39m [90m64 ms - 1359[39m
[35m[HTTP][39m [90m[39m
[35m[HTTP][39m [37m-->[39m [37mGET[39m [37m/wd/hub/session/b0eac54e-5e0d-4c80-bbe4-d86ba6cbbd11[39m
[35m[HTTP][39m [90m{}[39m
[35m[HTTP][39m [37m<-- GET /wd/hub/session/b0eac54e-5e0d-4c80-bbe4-d86ba6cbbd11 [39m[32m200[39m [90m39 ms - 1359[39m
[35m[HTTP][39m [90m[39m
[35m[HTTP][39m [37m-->[39m [37mGET[39m [37m/wd/hub/session/b0eac54e-5e0d-4c80-bbe4-d86ba6cbbd11/element/f3a2475c-b5bb-48ea-8000-3d57ad7dbdac/location[39m
[35m[HTTP][39m [90m{}[39m
[35m[W3C][39m Driver proxy active, passing request on via HTTP proxy
[35m[JSONWP Proxy][39m Replacing sessionId 22887df1-043a-4c1a-9d85-0cea8d9e8529 with b0eac54e-5e0d-4c80-bbe4-d86ba6cbbd11
[35m[HTTP][39m [37m<-- GET /wd/hub/session/b0eac54e-5e0d-4c80-bbe4-d86ba6cbbd11/element/f3a2475c-b5bb-48ea-8000-3d57ad7dbdac/location [39m[32m200[39m [90m59 ms - 89[39m
[35m[HTTP][39m [90m[39m
[35m[HTTP][39m [37m-->[39m [37mPOST[39m [37m/wd/hub/session/b0eac54e-5e0d-4c80-bbe4-d86ba6cbbd11/touch/perform[39m
[35m[HTTP][39m [90m{"actions":[{"action":"tap","options":{"element":"f3a2475c-b5bb-48ea-8000-3d57ad7dbdac","x":1,"y":1}}]}[39m
[35m[UiAutomator2][39m calling get location: f3a2475c-b5bb-48ea-8000-3d57ad7dbdac
[35m[HTTP][39m [37m<-- POST /wd/hub/session/b0eac54e-5e0d-4c80-bbe4-d86ba6cbbd11/touch/perform [39m[32m200[39m [90m2275 ms - 76[39m
[35m[HTTP][39m [90m[39m
[35m[HTTP][39m [37m-->[39m [37mGET[39m [37m/wd/hub/session/b0eac54e-5e0d-4c80-bbe4-d86ba6cbbd11/window/current/size[39m
[35m[HTTP][39m [90m{}[39m
[35m[W3C][39m Driver proxy active, passing request on via HTTP proxy
[35m[JSONWP Proxy][39m Replacing sessionId 22887df1-043a-4c1a-9d85-0cea8d9e8529 with b0eac54e-5e0d-4c80-bbe4-d86ba6cbbd11
[35m[HTTP][39m [37m<-- GET /wd/hub/session/b0eac54e-5e0d-4c80-bbe4-d86ba6cbbd11/window/current/size [39m[32m200[39m [90m57 ms - 100[39m
[35m[HTTP][39m [90m[39m
[35m[HTTP][39m [37m-->[39m [37mPOST[39m [37m/wd/hub/session/b0eac54e-5e0d-4c80-bbe4-d86ba6cbbd11/elements[39m
[35m[HTTP][39m [90m{"using":"-android uiautomator","value":"new UiSelector().className(\"android.widget.TextView\").text(\"HUBUNGI SAYA LEWAT TELEPON\").resourceId(\"id.co.myhomecredit.dev:id/tv_call_me\").instance(8)"}[39m
[35m[HTTP][39m [37m<-- POST /wd/hub/session/b0eac54e-5e0d-4c80-bbe4-d86ba6cbbd11/elements [39m[32m200[39m [90m72 ms - 74[39m
[35m[HTTP][39m [90m[39m
[35m[HTTP][39m [37m-->[39m [37mPOST[39m [37m/wd/hub/session/b0eac54e-5e0d-4c80-bbe4-d86ba6cbbd11/elements[39m
[35m[HTTP][39m [90m{"using":"-android uiautomator","value":"new UiSelector().className(\"android.widget.TextView\").text(\"HUBUNGI SAYA LEWAT TELEPON\").resourceId(\"id.co.myhomecredit.dev:id/tv_call_me\").instance(8)"}[39m
[35m[HTTP][39m [37m<-- POST /wd/hub/session/b0eac54e-5e0d-4c80-bbe4-d86ba6cbbd11/elements [39m[32m200[39m [90m62 ms - 74[39m
[35m[HTTP][39m [90m[39m
[35m[HTTP][39m [37m-->[39m [37mPOST[39m [37m/wd/hub/session/b0eac54e-5e0d-4c80-bbe4-d86ba6cbbd11/elements[39m
[35m[HTTP][39m [90m{"using":"-android uiautomator","value":"new UiSelector().className(\"android.widget.TextView\").text(\"HUBUNGI SAYA LEWAT TELEPON\").resourceId(\"id.co.myhomecredit.dev:id/tv_call_me\").instance(8)"}[39m
[35m[HTTP][39m [37m<-- POST /wd/hub/session/b0eac54e-5e0d-4c80-bbe4-d86ba6cbbd11/elements [39m[32m200[39m [90m64 ms - 74[39m
[35m[HTTP][39m [90m[39m
[35m[HTTP][39m [37m-->[39m [37mPOST[39m [37m/wd/hub/session/b0eac54e-5e0d-4c80-bbe4-d86ba6cbbd11/elements[39m
[35m[HTTP][39m [90m{"using":"-android uiautomator","value":"new UiSelector().className(\"android.widget.TextView\").text(\"HUBUNGI SAYA LEWAT TELEPON\").resourceId(\"id.co.myhomecredit.dev:id/tv_call_me\").instance(8)"}[39m
[35m[HTTP][39m [37m<-- POST /wd/hub/session/b0eac54e-5e0d-4c80-bbe4-d86ba6cbbd11/elements [39m[32m200[39m [90m74 ms - 74[39m
[35m[HTTP][39m [90m[39m
[35m[HTTP][39m [37m-->[39m [37mPOST[39m [37m/wd/hub/session/b0eac54e-5e0d-4c80-bbe4-d86ba6cbbd11/elements[39m
[35m[HTTP][39m [90m{"using":"-android uiautomator","value":"new UiSelector().className(\"android.widget.TextView\").text(\"HUBUNGI SAYA LEWAT TELEPON\").resourceId(\"id.co.myhomecredit.dev:id/tv_call_me\").instance(8)"}[39m
[35m[HTTP][39m [37m<-- POST /wd/hub/session/b0eac54e-5e0d-4c80-bbe4-d86ba6cbbd11/elements [39m[32m200[39m [90m68 ms - 74[39m
[35m[HTTP][39m [90m[39m
[35m[HTTP][39m [37m-->[39m [37mPOST[39m [37m/wd/hub/session/b0eac54e-5e0d-4c80-bbe4-d86ba6cbbd11/elements[39m
[35m[HTTP][39m [90m{"using":"-android uiautomator","value":"new UiSelector().className(\"android.widget.TextView\").text(\"HUBUNGI SAYA LEWAT TELEPON\").resourceId(\"id.co.myhomecredit.dev:id/tv_call_me\").instance(8)"}[39m
[35m[HTTP][39m [37m<-- POST /wd/hub/session/b0eac54e-5e0d-4c80-bbe4-d86ba6cbbd11/elements [39m[32m200[39m [90m92 ms - 74[39m
[35m[HTTP][39m [90m[39m
[35m[HTTP][39m [37m-->[39m [37mPOST[39m [37m/wd/hub/session/b0eac54e-5e0d-4c80-bbe4-d86ba6cbbd11/elements[39m
[35m[HTTP][39m [90m{"using":"-android uiautomator","value":"new UiSelector().className(\"android.widget.TextView\").text(\"HUBUNGI SAYA LEWAT TELEPON\").resourceId(\"id.co.myhomecredit.dev:id/tv_call_me\").instance(8)"}[39m
[35m[HTTP][39m [37m<-- POST /wd/hub/session/b0eac54e-5e0d-4c80-bbe4-d86ba6cbbd11/elements [39m[32m200[39m [90m62 ms - 74[39m
[35m[HTTP][39m [90m[39m
[35m[HTTP][39m [37m-->[39m [37mPOST[39m [37m/wd/hub/session/b0eac54e-5e0d-4c80-bbe4-d86ba6cbbd11/elements[39m
[35m[HTTP][39m [90m{"using":"-android uiautomator","value":"new UiSelector().className(\"android.widget.TextView\").text(\"HUBUNGI SAYA LEWAT TELEPON\").resourceId(\"id.co.myhomecredit.dev:id/tv_call_me\").instance(8)"}[39m
[35m[HTTP][39m [37m<-- POST /wd/hub/session/b0eac54e-5e0d-4c80-bbe4-d86ba6cbbd11/elements [39m[32m200[39m [90m55 ms - 74[39m
[35m[HTTP][39m [90m[39m
[35m[HTTP][39m [37m-->[39m [37mPOST[39m [37m/wd/hub/session/b0eac54e-5e0d-4c80-bbe4-d86ba6cbbd11/elements[39m
[35m[HTTP][39m [90m{"using":"-android uiautomator","value":"new UiSelector().className(\"android.widget.TextView\").text(\"HUBUNGI SAYA LEWAT TELEPON\").resourceId(\"id.co.myhomecredit.dev:id/tv_call_me\").instance(8)"}[39m
[35m[HTTP][39m [37m<-- POST /wd/hub/session/b0eac54e-5e0d-4c80-bbe4-d86ba6cbbd11/elements [39m[32m200[39m [90m65 ms - 74[39m
[35m[HTTP][39m [90m[39m
[35m[HTTP][39m [37m-->[39m [37mPOST[39m [37m/wd/hub/session/b0eac54e-5e0d-4c80-bbe4-d86ba6cbbd11/elements[39m
[35m[HTTP][39m [90m{"using":"-android uiautomator","value":"new UiSelector().className(\"android.widget.TextView\").text(\"HUBUNGI SAYA LEWAT TELEPON\").resourceId(\"id.co.myhomecredit.dev:id/tv_call_me\").instance(8)"}[39m
[35m[HTTP][39m [37m<-- POST /wd/hub/session/b0eac54e-5e0d-4c80-bbe4-d86ba6cbbd11/elements [39m[32m200[39m [90m60 ms - 74[39m
[35m[HTTP][39m [90m[39m
[35m[HTTP][39m [37m-->[39m [37mPOST[39m [37m/wd/hub/session/b0eac54e-5e0d-4c80-bbe4-d86ba6cbbd11/elements[39m
[35m[HTTP][39m [90m{"using":"-android uiautomator","value":"new UiSelector().className(\"android.widget.TextView\").text(\"HUBUNGI SAYA LEWAT TELEPON\").resourceId(\"id.co.myhomecredit.dev:id/tv_call_me\").instance(8)"}[39m
[35m[HTTP][39m [37m<-- POST /wd/hub/session/b0eac54e-5e0d-4c80-bbe4-d86ba6cbbd11/elements [39m[32m200[39m [90m62 ms - 74[39m
[35m[HTTP][39m [90m[39m
[35m[HTTP][39m [37m-->[39m [37mPOST[39m [37m/wd/hub/session/b0eac54e-5e0d-4c80-bbe4-d86ba6cbbd11/elements[39m
[35m[HTTP][39m [90m{"using":"-android uiautomator","value":"new UiSelector().className(\"android.widget.TextView\").text(\"HUBUNGI SAYA LEWAT TELEPON\").resourceId(\"id.co.myhomecredit.dev:id/tv_call_me\").instance(8)"}[39m
[35m[HTTP][39m [37m<-- POST /wd/hub/session/b0eac54e-5e0d-4c80-bbe4-d86ba6cbbd11/elements [39m[32m200[39m [90m71 ms - 74[39m
[35m[HTTP][39m [90m[39m
[35m[HTTP][39m [37m-->[39m [37mPOST[39m [37m/wd/hub/session/b0eac54e-5e0d-4c80-bbe4-d86ba6cbbd11/elements[39m
[35m[HTTP][39m [90m{"using":"-android uiautomator","value":"new UiSelector().className(\"android.widget.TextView\").text(\"HUBUNGI SAYA LEWAT TELEPON\").resourceId(\"id.co.myhomecredit.dev:id/tv_call_me\").instance(8)"}[39m
[35m[HTTP][39m [37m<-- POST /wd/hub/session/b0eac54e-5e0d-4c80-bbe4-d86ba6cbbd11/elements [39m[32m200[39m [90m649 ms - 74[39m
[35m[HTTP][39m [90m[39m
[35m[HTTP][39m [37m-->[39m [37mPOST[39m [37m/wd/hub/session/b0eac54e-5e0d-4c80-bbe4-d86ba6cbbd11/elements[39m
[35m[HTTP][39m [90m{"using":"-android uiautomator","value":"new UiSelector().className(\"android.widget.TextView\").text(\"HUBUNGI SAYA LEWAT TELEPON\").resourceId(\"id.co.myhomecredit.dev:id/tv_call_me\").instance(8)"}[39m
[35m[HTTP][39m [37m<-- POST /wd/hub/session/b0eac54e-5e0d-4c80-bbe4-d86ba6cbbd11/elements [39m[32m200[39m [90m955 ms - 124[39m
[35m[HTTP][39m [90m[39m
[35m[HTTP][39m [37m-->[39m [37mGET[39m [37m/wd/hub/session/b0eac54e-5e0d-4c80-bbe4-d86ba6cbbd11[39m
[35m[HTTP][39m [90m{}[39m
[35m[HTTP][39m [37m<-- GET /wd/hub/session/b0eac54e-5e0d-4c80-bbe4-d86ba6cbbd11 [39m[32m200[39m [90m43 ms - 1359[39m
[35m[HTTP][39m [90m[39m
[35m[HTTP][39m [37m-->[39m [37mGET[39m [37m/wd/hub/session/b0eac54e-5e0d-4c80-bbe4-d86ba6cbbd11[39m
[35m[HTTP][39m [90m{}[39m
[35m[HTTP][39m [37m<-- GET /wd/hub/session/b0eac54e-5e0d-4c80-bbe4-d86ba6cbbd11 [39m[32m200[39m [90m25 ms - 1359[39m
[35m[HTTP][39m [90m[39m
[35m[HTTP][39m [37m-->[39m [37mGET[39m [37m/wd/hub/session/b0eac54e-5e0d-4c80-bbe4-d86ba6cbbd11[39m
[35m[HTTP][39m [90m{}[39m
[35m[HTTP][39m [37m<-- GET /wd/hub/session/b0eac54e-5e0d-4c80-bbe4-d86ba6cbbd11 [39m[32m200[39m [90m29 ms - 1359[39m
[35m[HTTP][39m [90m[39m
[35m[HTTP][39m [37m-->[39m [37mGET[39m [37m/wd/hub/session/b0eac54e-5e0d-4c80-bbe4-d86ba6cbbd11[39m
[35m[HTTP][39m [90m{}[39m
[35m[HTTP][39m [37m<-- GET /wd/hub/session/b0eac54e-5e0d-4c80-bbe4-d86ba6cbbd11 [39m[32m200[39m [90m32 ms - 1359[39m
[35m[HTTP][39m [90m[39m
[35m[HTTP][39m [37m-->[39m [37mGET[39m [37m/wd/hub/session/b0eac54e-5e0d-4c80-bbe4-d86ba6cbbd11/element/8ed97de4-2a0d-4ae3-af41-d46ceda96b4f/location[39m
[35m[HTTP][39m [90m{}[39m
[35m[W3C][39m Driver proxy active, passing request on via HTTP proxy
[35m[JSONWP Proxy][39m Replacing sessionId 22887df1-043a-4c1a-9d85-0cea8d9e8529 with b0eac54e-5e0d-4c80-bbe4-d86ba6cbbd11
[35m[HTTP][39m [37m<-- GET /wd/hub/session/b0eac54e-5e0d-4c80-bbe4-d86ba6cbbd11/element/8ed97de4-2a0d-4ae3-af41-d46ceda96b4f/location [39m[32m200[39m [90m54 ms - 89[39m
[35m[HTTP][39m [90m[39m
[35m[HTTP][39m [37m-->[39m [37mPOST[39m [37m/wd/hub/session/b0eac54e-5e0d-4c80-bbe4-d86ba6cbbd11/touch/perform[39m
[35m[HTTP][39m [90m{"actions":[{"action":"tap","options":{"element":"8ed97de4-2a0d-4ae3-af41-d46ceda96b4f","x":1,"y":1}}]}[39m
[35m[UiAutomator2][39m calling get location: 8ed97de4-2a0d-4ae3-af41-d46ceda96b4f
[35m[HTTP][39m [37m<-- POST /wd/hub/session/b0eac54e-5e0d-4c80-bbe4-d86ba6cbbd11/touch/perform [39m[32m200[39m [90m1760 ms - 76[39m
[35m[HTTP][39m [90m[39m
[35m[HTTP][39m [37m-->[39m [37mGET[39m [37m/wd/hub/session/b0eac54e-5e0d-4c80-bbe4-d86ba6cbbd11/window/current/size[39m
[35m[HTTP][39m [90m{}[39m
[35m[W3C][39m Driver proxy active, passing request on via HTTP proxy
[35m[JSONWP Proxy][39m Replacing sessionId 22887df1-043a-4c1a-9d85-0cea8d9e8529 with b0eac54e-5e0d-4c80-bbe4-d86ba6cbbd11
[35m[HTTP][39m [37m<-- GET /wd/hub/session/b0eac54e-5e0d-4c80-bbe4-d86ba6cbbd11/window/current/size [39m[32m200[39m [90m64 ms - 100[39m
[35m[HTTP][39m [90m[39m
[35m[HTTP][39m [37m-->[39m [37mPOST[39m [37m/wd/hub/session/b0eac54e-5e0d-4c80-bbe4-d86ba6cbbd11/elements[39m
[35m[HTTP][39m [90m{"using":"-android uiautomator","value":"new UiSelector().className(\"android.widget.EditText\").resourceId(\"id.co.myhomecredit.dev:id/et_email\").instance(0)"}[39m
[35m[HTTP][39m [37m<-- POST /wd/hub/session/b0eac54e-5e0d-4c80-bbe4-d86ba6cbbd11/elements [39m[32m200[39m [90m132 ms - 124[39m
[35m[HTTP][39m [90m[39m
[35m[HTTP][39m [37m-->[39m [37mGET[39m [37m/wd/hub/session/b0eac54e-5e0d-4c80-bbe4-d86ba6cbbd11[39m
[35m[HTTP][39m [90m{}[39m
[35m[HTTP][39m [37m<-- GET /wd/hub/session/b0eac54e-5e0d-4c80-bbe4-d86ba6cbbd11 [39m[32m200[39m [90m41 ms - 1359[39m
[35m[HTTP][39m [90m[39m
[35m[HTTP][39m [37m-->[39m [37mGET[39m [37m/wd/hub/session/b0eac54e-5e0d-4c80-bbe4-d86ba6cbbd11[39m
[35m[HTTP][39m [90m{}[39m
[35m[HTTP][39m [37m<-- GET /wd/hub/session/b0eac54e-5e0d-4c80-bbe4-d86ba6cbbd11 [39m[32m200[39m [90m47 ms - 1359[39m
[35m[HTTP][39m [90m[39m
[35m[HTTP][39m [37m-->[39m [37mGET[39m [37m/wd/hub/session/b0eac54e-5e0d-4c80-bbe4-d86ba6cbbd11[39m
[35m[HTTP][39m [90m{}[39m
[35m[HTTP][39m [37m<-- GET /wd/hub/session/b0eac54e-5e0d-4c80-bbe4-d86ba6cbbd11 [39m[32m200[39m [90m39 ms - 1359[39m
[35m[HTTP][39m [90m[39m
[35m[HTTP][39m [37m-->[39m [37mGET[39m [37m/wd/hub/session/b0eac54e-5e0d-4c80-bbe4-d86ba6cbbd11[39m
[35m[HTTP][39m [90m{}[39m
[35m[HTTP][39m [37m<-- GET /wd/hub/session/b0eac54e-5e0d-4c80-bbe4-d86ba6cbbd11 [39m[32m200[39m [90m36 ms - 1359[39m
[35m[HTTP][39m [90m[39m
[35m[HTTP][39m [37m-->[39m [37mGET[39m [37m/wd/hub/session/b0eac54e-5e0d-4c80-bbe4-d86ba6cbbd11/element/ecdbdd45-b3e1-438a-96a8-d1958faf9092/location[39m
[35m[HTTP][39m [90m{}[39m
[35m[W3C][39m Driver proxy active, passing request on via HTTP proxy
[35m[JSONWP Proxy][39m Replacing sessionId 22887df1-043a-4c1a-9d85-0cea8d9e8529 with b0eac54e-5e0d-4c80-bbe4-d86ba6cbbd11
[35m[HTTP][39m [37m<-- GET /wd/hub/session/b0eac54e-5e0d-4c80-bbe4-d86ba6cbbd11/element/ecdbdd45-b3e1-438a-96a8-d1958faf9092/location [39m[32m200[39m [90m61 ms - 88[39m
[35m[HTTP][39m [90m[39m
[35m[HTTP][39m [37m-->[39m [37mPOST[39m [37m/wd/hub/session/b0eac54e-5e0d-4c80-bbe4-d86ba6cbbd11/element/ecdbdd45-b3e1-438a-96a8-d1958faf9092/clear[39m
[35m[HTTP][39m [90m{"id":"ecdbdd45-b3e1-438a-96a8-d1958faf9092"}[39m
[35m[HTTP][39m [37m<-- POST /wd/hub/session/b0eac54e-5e0d-4c80-bbe4-d86ba6cbbd11/element/ecdbdd45-b3e1-438a-96a8-d1958faf9092/clear [39m[32m200[39m [90m545 ms - 89[39m
[35m[HTTP][39m [90m[39m
[35m[HTTP][39m [37m-->[39m [37mPOST[39m [37m/wd/hub/session/b0eac54e-5e0d-4c80-bbe4-d86ba6cbbd11/element/ecdbdd45-b3e1-438a-96a8-d1958faf9092/value[39m
[35m[HTTP][39m [90m{"id":"ecdbdd45-b3e1-438a-96a8-d1958faf9092","value":["hcis8mobile@gmail.com"]}[39m
[35m[HTTP][39m [37m<-- POST /wd/hub/session/b0eac54e-5e0d-4c80-bbe4-d86ba6cbbd11/element/ecdbdd45-b3e1-438a-96a8-d1958faf9092/value [39m[32m200[39m [90m894 ms - 74[39m
[35m[HTTP][39m [90m[39m
[35m[HTTP][39m [37m-->[39m [37mGET[39m [37m/wd/hub/session/b0eac54e-5e0d-4c80-bbe4-d86ba6cbbd11/context[39m
[35m[HTTP][39m [90m{}[39m
[35m[HTTP][39m [37m<-- GET /wd/hub/session/b0eac54e-5e0d-4c80-bbe4-d86ba6cbbd11/context [39m[32m200[39m [90m2 ms - 84[39m
[35m[HTTP][39m [90m[39m
[35m[HTTP][39m [37m-->[39m [37mGET[39m [37m/wd/hub/session/b0eac54e-5e0d-4c80-bbe4-d86ba6cbbd11/contexts[39m
[35m[HTTP][39m [90m{}[39m
[35m[HTTP][39m [37m<-- GET /wd/hub/session/b0eac54e-5e0d-4c80-bbe4-d86ba6cbbd11/contexts [39m[32m200[39m [90m136 ms - 86[39m
[35m[HTTP][39m [90m[39m
[35m[HTTP][39m [37m-->[39m [37mPOST[39m [37m/wd/hub/session/b0eac54e-5e0d-4c80-bbe4-d86ba6cbbd11/context[39m
[35m[HTTP][39m [90m{"name":"NATIVE_APP"}[39m
[35m[HTTP][39m [37m<-- POST /wd/hub/session/b0eac54e-5e0d-4c80-bbe4-d86ba6cbbd11/context [39m[32m200[39m [90m136 ms - 76[39m
[35m[HTTP][39m [90m[39m
[35m[HTTP][39m [37m-->[39m [37mPOST[39m [37m/wd/hub/session/b0eac54e-5e0d-4c80-bbe4-d86ba6cbbd11/element[39m
[35m[HTTP][39m [90m{"using":"-android uiautomator","value":"new UiScrollable(new UiSelector().scrollable(true).instance(0)).scrollIntoView(new UiSelector().textContains(\"HUBUNGI SAYA\"))"}[39m
[35m[HTTP][39m [37m<-- POST /wd/hub/session/b0eac54e-5e0d-4c80-bbe4-d86ba6cbbd11/element [39m[32m200[39m [90m2565 ms - 122[39m
[35m[HTTP][39m [90m[39m
[35m[HTTP][39m [37m-->[39m [37mGET[39m [37m/wd/hub/session/b0eac54e-5e0d-4c80-bbe4-d86ba6cbbd11[39m
[35m[HTTP][39m [90m{}[39m
[35m[HTTP][39m [37m<-- GET /wd/hub/session/b0eac54e-5e0d-4c80-bbe4-d86ba6cbbd11 [39m[32m200[39m [90m52 ms - 1359[39m
[35m[HTTP][39m [90m[39m
[35m[HTTP][39m [37m-->[39m [37mGET[39m [37m/wd/hub/session/b0eac54e-5e0d-4c80-bbe4-d86ba6cbbd11[39m
[35m[HTTP][39m [90m{}[39m
[35m[HTTP][39m [37m<-- GET /wd/hub/session/b0eac54e-5e0d-4c80-bbe4-d86ba6cbbd11 [39m[32m200[39m [90m38 ms - 1359[39m
[35m[HTTP][39m [90m[39m
[35m[HTTP][39m [37m-->[39m [37mGET[39m [37m/wd/hub/session/b0eac54e-5e0d-4c80-bbe4-d86ba6cbbd11[39m
[35m[HTTP][39m [90m{}[39m
[35m[HTTP][39m [37m<-- GET /wd/hub/session/b0eac54e-5e0d-4c80-bbe4-d86ba6cbbd11 [39m[32m200[39m [90m48 ms - 1359[39m
[35m[HTTP][39m [90m[39m
[35m[HTTP][39m [37m-->[39m [37mGET[39m [37m/wd/hub/session/b0eac54e-5e0d-4c80-bbe4-d86ba6cbbd11[39m
[35m[HTTP][39m [90m{}[39m
[35m[HTTP][39m [37m<-- GET /wd/hub/session/b0eac54e-5e0d-4c80-bbe4-d86ba6cbbd11 [39m[32m200[39m [90m33 ms - 1359[39m
[35m[HTTP][39m [90m[39m
[35m[HTTP][39m [37m-->[39m [37mPOST[39m [37m/wd/hub/session/b0eac54e-5e0d-4c80-bbe4-d86ba6cbbd11/context[39m
[35m[HTTP][39m [90m{"name":"NATIVE_APP"}[39m
[35m[HTTP][39m [37m<-- POST /wd/hub/session/b0eac54e-5e0d-4c80-bbe4-d86ba6cbbd11/context [39m[32m200[39m [90m146 ms - 76[39m
[35m[HTTP][39m [90m[39m
[35m[HTTP][39m [37m-->[39m [37mGET[39m [37m/wd/hub/session/b0eac54e-5e0d-4c80-bbe4-d86ba6cbbd11/window/current/size[39m
[35m[HTTP][39m [90m{}[39m
[35m[W3C][39m Driver proxy active, passing request on via HTTP proxy
[35m[JSONWP Proxy][39m Replacing sessionId 22887df1-043a-4c1a-9d85-0cea8d9e8529 with b0eac54e-5e0d-4c80-bbe4-d86ba6cbbd11
[35m[HTTP][39m [37m<-- GET /wd/hub/session/b0eac54e-5e0d-4c80-bbe4-d86ba6cbbd11/window/current/size [39m[32m200[39m [90m53 ms - 100[39m
[35m[HTTP][39m [90m[39m
[35m[HTTP][39m [37m-->[39m [37mPOST[39m [37m/wd/hub/session/b0eac54e-5e0d-4c80-bbe4-d86ba6cbbd11/elements[39m
[35m[HTTP][39m [90m{"using":"-android uiautomator","value":"new UiSelector().className(\"android.widget.TextView\").text(\"HUBUNGI SAYA\").resourceId(\"id.co.myhomecredit.dev:id/btn_send_request\").instance(9)"}[39m
[35m[HTTP][39m [37m<-- POST /wd/hub/session/b0eac54e-5e0d-4c80-bbe4-d86ba6cbbd11/elements [39m[32m200[39m [90m121 ms - 124[39m
[35m[HTTP][39m [90m[39m
[35m[HTTP][39m [37m-->[39m [37mGET[39m [37m/wd/hub/session/b0eac54e-5e0d-4c80-bbe4-d86ba6cbbd11[39m
[35m[HTTP][39m [90m{}[39m
[35m[HTTP][39m [37m<-- GET /wd/hub/session/b0eac54e-5e0d-4c80-bbe4-d86ba6cbbd11 [39m[32m200[39m [90m43 ms - 1359[39m
[35m[HTTP][39m [90m[39m
[35m[HTTP][39m [37m-->[39m [37mGET[39m [37m/wd/hub/session/b0eac54e-5e0d-4c80-bbe4-d86ba6cbbd11[39m
[35m[HTTP][39m [90m{}[39m
[35m[HTTP][39m [37m<-- GET /wd/hub/session/b0eac54e-5e0d-4c80-bbe4-d86ba6cbbd11 [39m[32m200[39m [90m26 ms - 1359[39m
[35m[HTTP][39m [90m[39m
[35m[HTTP][39m [37m-->[39m [37mGET[39m [37m/wd/hub/session/b0eac54e-5e0d-4c80-bbe4-d86ba6cbbd11[39m
[35m[HTTP][39m [90m{}[39m
[35m[HTTP][39m [37m<-- GET /wd/hub/session/b0eac54e-5e0d-4c80-bbe4-d86ba6cbbd11 [39m[32m200[39m [90m32 ms - 1359[39m
[35m[HTTP][39m [90m[39m
[35m[HTTP][39m [37m-->[39m [37mGET[39m [37m/wd/hub/session/b0eac54e-5e0d-4c80-bbe4-d86ba6cbbd11[39m
[35m[HTTP][39m [90m{}[39m
[35m[HTTP][39m [37m<-- GET /wd/hub/session/b0eac54e-5e0d-4c80-bbe4-d86ba6cbbd11 [39m[32m200[39m [90m34 ms - 1359[39m
[35m[HTTP][39m [90m[39m
[35m[HTTP][39m [37m-->[39m [37mGET[39m [37m/wd/hub/session/b0eac54e-5e0d-4c80-bbe4-d86ba6cbbd11/element/a4b2bc92-e6db-4d77-9c58-5ec0c0d78999/location[39m
[35m[HTTP][39m [90m{}[39m
[35m[W3C][39m Driver proxy active, passing request on via HTTP proxy
[35m[JSONWP Proxy][39m Replacing sessionId 22887df1-043a-4c1a-9d85-0cea8d9e8529 with b0eac54e-5e0d-4c80-bbe4-d86ba6cbbd11
[35m[HTTP][39m [37m<-- GET /wd/hub/session/b0eac54e-5e0d-4c80-bbe4-d86ba6cbbd11/element/a4b2bc92-e6db-4d77-9c58-5ec0c0d78999/location [39m[32m200[39m [90m50 ms - 89[39m
[35m[HTTP][39m [90m[39m
[35m[HTTP][39m [37m-->[39m [37mPOST[39m [37m/wd/hub/session/b0eac54e-5e0d-4c80-bbe4-d86ba6cbbd11/touch/perform[39m
[35m[HTTP][39m [90m{"actions":[{"action":"tap","options":{"element":"a4b2bc92-e6db-4d77-9c58-5ec0c0d78999","x":1,"y":1}}]}[39m
[35m[UiAutomator2][39m calling get location: a4b2bc92-e6db-4d77-9c58-5ec0c0d78999
[35m[HTTP][39m [37m<-- POST /wd/hub/session/b0eac54e-5e0d-4c80-bbe4-d86ba6cbbd11/touch/perform [39m[32m200[39m [90m1753 ms - 76[39m
[35m[HTTP][39m [90m[39m
[35m[HTTP][39m [37m-->[39m [37mGET[39m [37m/wd/hub/session/b0eac54e-5e0d-4c80-bbe4-d86ba6cbbd11/window/current/size[39m
[35m[HTTP][39m [90m{}[39m
[35m[W3C][39m Driver proxy active, passing request on via HTTP proxy
[35m[JSONWP Proxy][39m Replacing sessionId 22887df1-043a-4c1a-9d85-0cea8d9e8529 with b0eac54e-5e0d-4c80-bbe4-d86ba6cbbd11
[35m[HTTP][39m [37m<-- GET /wd/hub/session/b0eac54e-5e0d-4c80-bbe4-d86ba6cbbd11/window/current/size [39m[32m200[39m [90m51 ms - 100[39m
[35m[HTTP][39m [90m[39m
[35m[HTTP][39m [37m-->[39m [37mPOST[39m [37m/wd/hub/session/b0eac54e-5e0d-4c80-bbe4-d86ba6cbbd11/elements[39m
[35m[HTTP][39m [90m{"using":"-android uiautomator","value":"new UiSelector().className(\"android.widget.TextView\").text(\"SELESAI\").resourceId(\"id.co.myhomecredit.dev:id/tv_done\").instance(0)"}[39m
[35m[HTTP][39m [37m<-- POST /wd/hub/session/b0eac54e-5e0d-4c80-bbe4-d86ba6cbbd11/elements [39m[32m200[39m [90m73 ms - 124[39m
[35m[HTTP][39m [90m[39m
[35m[HTTP][39m [37m-->[39m [37mGET[39m [37m/wd/hub/session/b0eac54e-5e0d-4c80-bbe4-d86ba6cbbd11[39m
[35m[HTTP][39m [90m{}[39m
[35m[HTTP][39m [37m<-- GET /wd/hub/session/b0eac54e-5e0d-4c80-bbe4-d86ba6cbbd11 [39m[32m200[39m [90m22 ms - 1359[39m
[35m[HTTP][39m [90m[39m
[35m[HTTP][39m [37m-->[39m [37mGET[39m [37m/wd/hub/session/b0eac54e-5e0d-4c80-bbe4-d86ba6cbbd11[39m
[35m[HTTP][39m [90m{}[39m
[35m[HTTP][39m [37m<-- GET /wd/hub/session/b0eac54e-5e0d-4c80-bbe4-d86ba6cbbd11 [39m[32m200[39m [90m26 ms - 1359[39m
[35m[HTTP][39m [90m[39m
[35m[HTTP][39m [37m-->[39m [37mGET[39m [37m/wd/hub/session/b0eac54e-5e0d-4c80-bbe4-d86ba6cbbd11[39m
[35m[HTTP][39m [90m{}[39m
[35m[HTTP][39m [37m<-- GET /wd/hub/session/b0eac54e-5e0d-4c80-bbe4-d86ba6cbbd11 [39m[32m200[39m [90m27 ms - 1359[39m
[35m[HTTP][39m [90m[39m
[35m[HTTP][39m [37m-->[39m [37mGET[39m [37m/wd/hub/session/b0eac54e-5e0d-4c80-bbe4-d86ba6cbbd11[39m
[35m[HTTP][39m [90m{}[39m
[35m[HTTP][39m [37m<-- GET /wd/hub/session/b0eac54e-5e0d-4c80-bbe4-d86ba6cbbd11 [39m[32m200[39m [90m23 ms - 1359[39m
[35m[HTTP][39m [90m[39m
[35m[HTTP][39m [37m-->[39m [37mGET[39m [37m/wd/hub/session/b0eac54e-5e0d-4c80-bbe4-d86ba6cbbd11/element/571861a8-6bab-4cba-b7fd-bf68a592424a/location[39m
[35m[HTTP][39m [90m{}[39m
[35m[W3C][39m Driver proxy active, passing request on via HTTP proxy
[35m[JSONWP Proxy][39m Replacing sessionId 22887df1-043a-4c1a-9d85-0cea8d9e8529 with b0eac54e-5e0d-4c80-bbe4-d86ba6cbbd11
[35m[HTTP][39m [37m<-- GET /wd/hub/session/b0eac54e-5e0d-4c80-bbe4-d86ba6cbbd11/element/571861a8-6bab-4cba-b7fd-bf68a592424a/location [39m[32m200[39m [90m41 ms - 89[39m
[35m[HTTP][39m [90m[39m
[35m[HTTP][39m [37m-->[39m [37mPOST[39m [37m/wd/hub/session/b0eac54e-5e0d-4c80-bbe4-d86ba6cbbd11/touch/perform[39m
[35m[HTTP][39m [90m{"actions":[{"action":"tap","options":{"element":"571861a8-6bab-4cba-b7fd-bf68a592424a","x":1,"y":1}}]}[39m
[35m[UiAutomator2][39m calling get location: 571861a8-6bab-4cba-b7fd-bf68a592424a
[35m[HTTP][39m [37m<-- POST /wd/hub/session/b0eac54e-5e0d-4c80-bbe4-d86ba6cbbd11/touch/perform [39m[32m200[39m [90m951 ms - 76[39m
[35m[HTTP][39m [90m[39m
[35m[HTTP][39m [37m-->[39m [37mGET[39m [37m/wd/hub/session/b0eac54e-5e0d-4c80-bbe4-d86ba6cbbd11/context[39m
[35m[HTTP][39m [90m{}[39m
[35m[HTTP][39m [37m<-- GET /wd/hub/session/b0eac54e-5e0d-4c80-bbe4-d86ba6cbbd11/context [39m[32m200[39m [90m3 ms - 84[39m
[35m[HTTP][39m [90m[39m
[35m[HTTP][39m [37m-->[39m [37mGET[39m [37m/wd/hub/session/b0eac54e-5e0d-4c80-bbe4-d86ba6cbbd11/contexts[39m
[35m[HTTP][39m [90m{}[39m
[35m[HTTP][39m [37m<-- GET /wd/hub/session/b0eac54e-5e0d-4c80-bbe4-d86ba6cbbd11/contexts [39m[32m200[39m [90m135 ms - 86[39m
[35m[HTTP][39m [90m[39m
[35m[HTTP][39m [37m-->[39m [37mPOST[39m [37m/wd/hub/session/b0eac54e-5e0d-4c80-bbe4-d86ba6cbbd11/context[39m
[35m[HTTP][39m [90m{"name":"NATIVE_APP"}[39m
[35m[HTTP][39m [37m<-- POST /wd/hub/session/b0eac54e-5e0d-4c80-bbe4-d86ba6cbbd11/context [39m[32m200[39m [90m147 ms - 76[39m
[35m[HTTP][39m [90m[39m
[35m[HTTP][39m [37m-->[39m [37mPOST[39m [37m/wd/hub/session/b0eac54e-5e0d-4c80-bbe4-d86ba6cbbd11/appium/device/press_keycode[39m
[35m[HTTP][39m [90m{"keycode":4}[39m
[35m[HTTP][39m [37m<-- POST /wd/hub/session/b0eac54e-5e0d-4c80-bbe4-d86ba6cbbd11/appium/device/press_keycode [39m[32m200[39m [90m582 ms - 76[39m
[35m[HTTP][39m [90m[39m
[35m[HTTP][39m [37m-->[39m [37mPOST[39m [37m/wd/hub/session/b0eac54e-5e0d-4c80-bbe4-d86ba6cbbd11/context[39m
[35m[HTTP][39m [90m{"name":"NATIVE_APP"}[39m
[35m[HTTP][39m [37m<-- POST /wd/hub/session/b0eac54e-5e0d-4c80-bbe4-d86ba6cbbd11/context [39m[32m200[39m [90m155 ms - 76[39m
[35m[HTTP][39m [90m[39m
[35m[HTTP][39m [37m-->[39m [37mDELETE[39m [37m/wd/hub/session/b0eac54e-5e0d-4c80-bbe4-d86ba6cbbd11[39m
[35m[HTTP][39m [90m{}[39m
[35m[Appium][39m Removing session b0eac54e-5e0d-4c80-bbe4-d86ba6cbbd11 from our master session list
[35m[HTTP][39m [37m<-- DELETE /wd/hub/session/b0eac54e-5e0d-4c80-bbe4-d86ba6cbbd11 [39m[32m200[39m [90m398 ms - 76[39m
[35m[HTTP][39m [90m[39m
