[35m[Appium][39m Welcome to Appium v1.8.1
[35m[Appium][39m Non-default server args:
[35m[Appium][39m   port: 60715
[35m[Appium][39m   loglevel: info
[35m[Appium][39m   chromeDriverPort: 60718
[35m[Appium][39m   tmpDir: C:\Users\PRAMUD~1.PRA\AppData\Local\Temp\\Katalon\Appium\Temp1539249350324
[35m[Appium][39m Appium REST http interface listener started on 0.0.0.0:60715
[35m[HTTP][39m [37m-->[39m [37mGET[39m [37m/wd/hub/status[39m
[35m[HTTP][39m [90m{}[39m
[35m[HTTP][39m [37m<-- GET /wd/hub/status [39m[32m200[39m [90m31 ms - 83[39m
[35m[HTTP][39m [90m[39m
[35m[HTTP][39m [37m-->[39m [37mPOST[39m [37m/wd/hub/session[39m
[35m[HTTP][39m [90m{"desiredCapabilities":{"app":"C:\\Users\\pramudityo.pratanto\\Desktop\\Katalon Update\\appv2-development-universal-debug (1).apk","appWaitActivity":"id.co.homecredit.*","autoGrantPermissions":true,"automationName":"uiautomator2","deviceId":"","deviceName":"asus ASUS_X00TD (Android 8.1.0)","fullReset":false,"newCommandTimeout":1800,"noReset":true,"platform":"ANDROID","platformName":"Android","udid":"J5AXGF00V036ZZZ"},"capabilities":{"desiredCapabilities":{"app":"C:\\Users\\pramudityo.pratanto\\Desktop\\Katalon Update\\appv2-development-universal-debug (1).apk","appWaitActivity":"id.co.homecredit.*","autoGrantPermissions":true,"automationName":"uiautomator2","deviceId":"","deviceName":"asus ASUS_X00TD (Android 8.1.0)","fullReset":false,"newCommandTimeout":1800,"noReset":true,"platform":"ANDROID","platformName":"Android","udid":"J5AXGF00V036ZZZ"},"firstMatch":[{"platformName":"android"}]}}[39m
[35m[Appium][39m Could not parse W3C capabilities: 'deviceName' can't be blank. Falling back to JSONWP protocol.
[35m[Appium][39m The following capabilities were provided in the JSONWP desired capabilities that are missing in W3C capabilities: ["app","appWaitActivity","autoGrantPermissions","automationName","deviceId","deviceName","fullReset","newCommandTimeout","noReset","platform","platformName","udid"]. Falling back to JSONWP protocol.
[35m[Appium][39m Creating new AndroidUiautomator2Driver (v1.12.0) session
[35m[Appium][39m Capabilities:
[35m[Appium][39m   app: C:\Users\pramudityo.pratanto\Desktop\Katalon Update\appv2-development-universal-debug (1).apk
[35m[Appium][39m   appWaitActivity: id.co.homecredit.*
[35m[Appium][39m   autoGrantPermissions: true
[35m[Appium][39m   automationName: uiautomator2
[35m[Appium][39m   deviceId: 
[35m[Appium][39m   deviceName: asus ASUS_X00TD (Android 8.1.0)
[35m[Appium][39m   fullReset: false
[35m[Appium][39m   newCommandTimeout: 1800
[35m[Appium][39m   noReset: true
[35m[Appium][39m   platform: ANDROID
[35m[Appium][39m   platformName: Android
[35m[Appium][39m   udid: J5AXGF00V036ZZZ
[35m[BaseDriver][39m The following capabilities were provided, but are not recognized by appium: deviceId, platform.
[35m[BaseDriver][39m Session created with session id: 14d5ddbf-b1fe-47c7-9768-8c7223c8bf40
[35m[BaseDriver][39m Using local app 'C:\Users\pramudityo.pratanto\Desktop\Katalon Update\appv2-development-universal-debug (1).apk'
[35m[AndroidDriver][39m Java version is: 1.8.0_181
[35m[ADB][39m Checking whether adb is present
[35m[ADB][39m Found 2 'build-tools' folders under 'C:\Users\pramudityo.pratanto\.katalon\tools\android_sdk' (newest first):
[35m[ADB][39m     C:/Users/pramudityo.pratanto/.katalon/tools/android_sdk/build-tools/28.0.1
[35m[ADB][39m     C:/Users/pramudityo.pratanto/.katalon/tools/android_sdk/build-tools/25.0.3
[35m[ADB][39m Using adb.exe from C:\Users\pramudityo.pratanto\.katalon\tools\android_sdk\platform-tools\adb.exe
[35m[AndroidDriver][39m Retrieving device list
[35m[AndroidDriver][39m Using device: J5AXGF00V036ZZZ
[35m[ADB][39m Using the alternative activity name detection method because of: Could not find apkanalyzer.bat in C:\Users\pramudityo.pratanto\.katalon\tools\android_sdk\platform-tools\apkanalyzer.bat,C:\Users\pramudityo.pratanto\.katalon\tools\android_sdk\emulator\apkanalyzer.bat,C:\Users\pramudityo.pratanto\.katalon\tools\android_sdk\tools\apkanalyzer.bat,C:\Users\pramudityo.pratanto\.katalon\tools\android_sdk\tools\bin\apkanalyzer.bat,C:\Users\pramudityo.pratanto\.katalon\tools\android_sdk\build-tools\28.0.1\apkanalyzer.bat,C:\Users\pramudityo.pratanto\.katalon\tools\android_sdk\build-tools\25.0.3\apkanalyzer.bat. Do you have the Android SDK installed at 'C:\Users\pramudityo.pratanto\.katalon\tools\android_sdk'?
[35m[ADB][39m Checking whether aapt is present
[35m[ADB][39m Using aapt.exe from C:\Users\pramudityo.pratanto\.katalon\tools\android_sdk\build-tools\25.0.3\aapt.exe
[35m[ADB][39m Extracting package and launch activity from manifest
[35m[ADB][39m Package name: 'id.co.myhomecredit.dev'
[35m[ADB][39m Main activity name: 'id.co.homecredit.v2.launcherpage.LauncherActivity'
[35m[ADB][39m Getting device platform version
[35m[ADB][39m Using apksigner.bat from C:\Users\pramudityo.pratanto\.katalon\tools\android_sdk\build-tools\25.0.3\apksigner.bat
[35m[ADB][39m Checking whether zipalign is present
[35m[ADB][39m Using zipalign.exe from C:\Users\pramudityo.pratanto\.katalon\tools\android_sdk\build-tools\25.0.3\zipalign.exe
[35m[ADB][39m io.appium.uiautomator2.server was successfully uninstalled
[35m[ADB][39m io.appium.uiautomator2.server.test was successfully uninstalled
[35m[AndroidDriver][39m setDeviceLanguageCountry requires language or country.
[35m[AndroidDriver][39m Got language: 'null' and country: 'null'
[35m[ADB][39m Successfully extracted 1077 strings from 'C:\Users\pramudityo.pratanto\Desktop\Katalon Update\appv2-development-universal-debug (1).apk' resources for '(default)' configuration
[35m[UiAutomator2][39m Starting uiautomator2 server 1.12.0
[35m[UiAutomator2][39m Using UIAutomator2 server from 'C:\Users\pramudityo.pratanto\AppData\Roaming\npm\node_modules\appium\node_modules\appium-uiautomator2-server\apks\appium-uiautomator2-server-v1.12.0.apk' and test from 'C:\Users\pramudityo.pratanto\AppData\Roaming\npm\node_modules\appium\node_modules\appium-uiautomator2-server\apks\appium-uiautomator2-server-debug-androidTest.apk'
[35m[UiAutomator2][39m Running command: 'adb -s J5AXGF00V036ZZZ shell am instrument -w io.appium.uiautomator2.server.test/android.support.test.runner.AndroidJUnitRunner'
[35m[UiAutomator2][39m Waiting up to 20000ms for UiAutomator2 to be online...
[35m[AndroidDriver][39m Screen already unlocked, doing nothing
[35m[UiAutomator2][39m UiAutomator2 did not start the activity we were waiting for, 'id.co.myhomecredit.dev/id.co.homecredit.*'. Starting it ourselves
[35m[Appium][39m New AndroidUiautomator2Driver session created successfully, session 14d5ddbf-b1fe-47c7-9768-8c7223c8bf40 added to master session list
[35m[HTTP][39m [37m<-- POST /wd/hub/session [39m[32m200[39m [90m28231 ms - 1359[39m
[35m[HTTP][39m [90m[39m
[35m[HTTP][39m [37m-->[39m [37mGET[39m [37m/wd/hub/status[39m
[35m[HTTP][39m [90m{}[39m
[35m[HTTP][39m [37m<-- GET /wd/hub/status [39m[32m200[39m [90m9 ms - 55[39m
[35m[HTTP][39m [90m[39m
[35m[HTTP][39m [37m-->[39m [37mPOST[39m [37m/wd/hub/session/14d5ddbf-b1fe-47c7-9768-8c7223c8bf40/timeouts[39m
[35m[HTTP][39m [90m{"type":"implicit","ms":60000}[39m
[35m[HTTP][39m [37m<-- POST /wd/hub/session/14d5ddbf-b1fe-47c7-9768-8c7223c8bf40/timeouts [39m[33m400[39m [90m14 ms - 5756[39m
[35m[HTTP][39m [90m[39m
[35m[HTTP][39m [37m-->[39m [37mGET[39m [37m/wd/hub/session/14d5ddbf-b1fe-47c7-9768-8c7223c8bf40/window/current/size[39m
[35m[HTTP][39m [90m{}[39m
[35m[W3C][39m Driver proxy active, passing request on via HTTP proxy
[35m[JSONWP Proxy][39m Replacing sessionId 9d266551-d0c0-4d0c-9df0-fae23122a26e with 14d5ddbf-b1fe-47c7-9768-8c7223c8bf40
[35m[HTTP][39m [37m<-- GET /wd/hub/session/14d5ddbf-b1fe-47c7-9768-8c7223c8bf40/window/current/size [39m[32m200[39m [90m76 ms - 100[39m
[35m[HTTP][39m [90m[39m
[35m[HTTP][39m [37m-->[39m [37mPOST[39m [37m/wd/hub/session/14d5ddbf-b1fe-47c7-9768-8c7223c8bf40/elements[39m
[35m[HTTP][39m [90m{"using":"-android uiautomator","value":"new UiSelector().className(\"android.widget.ImageView\").resourceId(\"id.co.myhomecredit.dev:id/promo_image\").instance(5)"}[39m
[35m[HTTP][39m [37m<-- POST /wd/hub/session/14d5ddbf-b1fe-47c7-9768-8c7223c8bf40/elements [39m[32m200[39m [90m1544 ms - 226[39m
[35m[HTTP][39m [90m[39m
[35m[HTTP][39m [37m-->[39m [37mGET[39m [37m/wd/hub/session/14d5ddbf-b1fe-47c7-9768-8c7223c8bf40[39m
[35m[HTTP][39m [90m{}[39m
[35m[HTTP][39m [37m<-- GET /wd/hub/session/14d5ddbf-b1fe-47c7-9768-8c7223c8bf40 [39m[32m200[39m [90m62 ms - 1359[39m
[35m[HTTP][39m [90m[39m
[35m[HTTP][39m [37m-->[39m [37mGET[39m [37m/wd/hub/session/14d5ddbf-b1fe-47c7-9768-8c7223c8bf40[39m
[35m[HTTP][39m [90m{}[39m
[35m[HTTP][39m [37m<-- GET /wd/hub/session/14d5ddbf-b1fe-47c7-9768-8c7223c8bf40 [39m[32m200[39m [90m50 ms - 1359[39m
[35m[HTTP][39m [90m[39m
[35m[HTTP][39m [37m-->[39m [37mGET[39m [37m/wd/hub/session/14d5ddbf-b1fe-47c7-9768-8c7223c8bf40[39m
[35m[HTTP][39m [90m{}[39m
[35m[HTTP][39m [37m<-- GET /wd/hub/session/14d5ddbf-b1fe-47c7-9768-8c7223c8bf40 [39m[32m200[39m [90m41 ms - 1359[39m
[35m[HTTP][39m [90m[39m
[35m[HTTP][39m [37m-->[39m [37mGET[39m [37m/wd/hub/session/14d5ddbf-b1fe-47c7-9768-8c7223c8bf40[39m
[35m[HTTP][39m [90m{}[39m
[35m[HTTP][39m [37m<-- GET /wd/hub/session/14d5ddbf-b1fe-47c7-9768-8c7223c8bf40 [39m[32m200[39m [90m37 ms - 1359[39m
[35m[HTTP][39m [90m[39m
[35m[HTTP][39m [37m-->[39m [37mGET[39m [37m/wd/hub/session/14d5ddbf-b1fe-47c7-9768-8c7223c8bf40[39m
[35m[HTTP][39m [90m{}[39m
[35m[HTTP][39m [37m<-- GET /wd/hub/session/14d5ddbf-b1fe-47c7-9768-8c7223c8bf40 [39m[32m200[39m [90m41 ms - 1359[39m
[35m[HTTP][39m [90m[39m
[35m[HTTP][39m [37m-->[39m [37mGET[39m [37m/wd/hub/session/14d5ddbf-b1fe-47c7-9768-8c7223c8bf40[39m
[35m[HTTP][39m [90m{}[39m
[35m[HTTP][39m [37m<-- GET /wd/hub/session/14d5ddbf-b1fe-47c7-9768-8c7223c8bf40 [39m[32m200[39m [90m39 ms - 1359[39m
[35m[HTTP][39m [90m[39m
[35m[HTTP][39m [37m-->[39m [37mGET[39m [37m/wd/hub/session/14d5ddbf-b1fe-47c7-9768-8c7223c8bf40[39m
[35m[HTTP][39m [90m{}[39m
[35m[HTTP][39m [37m<-- GET /wd/hub/session/14d5ddbf-b1fe-47c7-9768-8c7223c8bf40 [39m[32m200[39m [90m30 ms - 1359[39m
[35m[HTTP][39m [90m[39m
[35m[HTTP][39m [37m-->[39m [37mGET[39m [37m/wd/hub/session/14d5ddbf-b1fe-47c7-9768-8c7223c8bf40[39m
[35m[HTTP][39m [90m{}[39m
[35m[HTTP][39m [37m<-- GET /wd/hub/session/14d5ddbf-b1fe-47c7-9768-8c7223c8bf40 [39m[32m200[39m [90m53 ms - 1359[39m
[35m[HTTP][39m [90m[39m
[35m[HTTP][39m [37m-->[39m [37mGET[39m [37m/wd/hub/session/14d5ddbf-b1fe-47c7-9768-8c7223c8bf40[39m
[35m[HTTP][39m [90m{}[39m
[35m[HTTP][39m [37m<-- GET /wd/hub/session/14d5ddbf-b1fe-47c7-9768-8c7223c8bf40 [39m[32m200[39m [90m33 ms - 1359[39m
[35m[HTTP][39m [90m[39m
[35m[HTTP][39m [37m-->[39m [37mGET[39m [37m/wd/hub/session/14d5ddbf-b1fe-47c7-9768-8c7223c8bf40[39m
[35m[HTTP][39m [90m{}[39m
[35m[HTTP][39m [37m<-- GET /wd/hub/session/14d5ddbf-b1fe-47c7-9768-8c7223c8bf40 [39m[32m200[39m [90m31 ms - 1359[39m
[35m[HTTP][39m [90m[39m
[35m[HTTP][39m [37m-->[39m [37mGET[39m [37m/wd/hub/session/14d5ddbf-b1fe-47c7-9768-8c7223c8bf40[39m
[35m[HTTP][39m [90m{}[39m
[35m[HTTP][39m [37m<-- GET /wd/hub/session/14d5ddbf-b1fe-47c7-9768-8c7223c8bf40 [39m[32m200[39m [90m38 ms - 1359[39m
[35m[HTTP][39m [90m[39m
[35m[HTTP][39m [37m-->[39m [37mGET[39m [37m/wd/hub/session/14d5ddbf-b1fe-47c7-9768-8c7223c8bf40[39m
[35m[HTTP][39m [90m{}[39m
[35m[HTTP][39m [37m<-- GET /wd/hub/session/14d5ddbf-b1fe-47c7-9768-8c7223c8bf40 [39m[32m200[39m [90m31 ms - 1359[39m
[35m[HTTP][39m [90m[39m
[35m[HTTP][39m [37m-->[39m [37mGET[39m [37m/wd/hub/session/14d5ddbf-b1fe-47c7-9768-8c7223c8bf40/element/66620361-270b-442b-8c1e-b12c98c77c4d/location[39m
[35m[HTTP][39m [90m{}[39m
[35m[W3C][39m Driver proxy active, passing request on via HTTP proxy
[35m[JSONWP Proxy][39m Replacing sessionId 9d266551-d0c0-4d0c-9df0-fae23122a26e with 14d5ddbf-b1fe-47c7-9768-8c7223c8bf40
[35m[HTTP][39m [37m<-- GET /wd/hub/session/14d5ddbf-b1fe-47c7-9768-8c7223c8bf40/element/66620361-270b-442b-8c1e-b12c98c77c4d/location [39m[32m200[39m [90m93 ms - 87[39m
[35m[HTTP][39m [90m[39m
[35m[HTTP][39m [37m-->[39m [37mPOST[39m [37m/wd/hub/session/14d5ddbf-b1fe-47c7-9768-8c7223c8bf40/touch/perform[39m
[35m[HTTP][39m [90m{"actions":[{"action":"tap","options":{"element":"66620361-270b-442b-8c1e-b12c98c77c4d","x":1,"y":1}}]}[39m
[35m[UiAutomator2][39m calling get location: 66620361-270b-442b-8c1e-b12c98c77c4d
[35m[HTTP][39m [37m<-- POST /wd/hub/session/14d5ddbf-b1fe-47c7-9768-8c7223c8bf40/touch/perform [39m[32m200[39m [90m1512 ms - 76[39m
[35m[HTTP][39m [90m[39m
[35m[HTTP][39m [37m-->[39m [37mGET[39m [37m/wd/hub/session/14d5ddbf-b1fe-47c7-9768-8c7223c8bf40/window/current/size[39m
[35m[HTTP][39m [90m{}[39m
[35m[W3C][39m Driver proxy active, passing request on via HTTP proxy
[35m[JSONWP Proxy][39m Replacing sessionId 9d266551-d0c0-4d0c-9df0-fae23122a26e with 14d5ddbf-b1fe-47c7-9768-8c7223c8bf40
[35m[HTTP][39m [37m<-- GET /wd/hub/session/14d5ddbf-b1fe-47c7-9768-8c7223c8bf40/window/current/size [39m[32m200[39m [90m75 ms - 100[39m
[35m[HTTP][39m [90m[39m
[35m[HTTP][39m [37m-->[39m [37mPOST[39m [37m/wd/hub/session/14d5ddbf-b1fe-47c7-9768-8c7223c8bf40/elements[39m
[35m[HTTP][39m [90m{"using":"-android uiautomator","value":"new UiSelector().className(\"android.widget.TextView\").text(\"AJUKAN SEKARANG\").resourceId(\"id.co.myhomecredit.dev:id/tv_dona_start\").instance(8)"}[39m
[35m[HTTP][39m [37m<-- POST /wd/hub/session/14d5ddbf-b1fe-47c7-9768-8c7223c8bf40/elements [39m[32m200[39m [90m613 ms - 124[39m
[35m[HTTP][39m [90m[39m
[35m[HTTP][39m [37m-->[39m [37mGET[39m [37m/wd/hub/session/14d5ddbf-b1fe-47c7-9768-8c7223c8bf40[39m
[35m[HTTP][39m [90m{}[39m
[35m[HTTP][39m [37m<-- GET /wd/hub/session/14d5ddbf-b1fe-47c7-9768-8c7223c8bf40 [39m[32m200[39m [90m43 ms - 1359[39m
[35m[HTTP][39m [90m[39m
[35m[HTTP][39m [37m-->[39m [37mGET[39m [37m/wd/hub/session/14d5ddbf-b1fe-47c7-9768-8c7223c8bf40[39m
[35m[HTTP][39m [90m{}[39m
[35m[HTTP][39m [37m<-- GET /wd/hub/session/14d5ddbf-b1fe-47c7-9768-8c7223c8bf40 [39m[32m200[39m [90m30 ms - 1359[39m
[35m[HTTP][39m [90m[39m
[35m[HTTP][39m [37m-->[39m [37mGET[39m [37m/wd/hub/session/14d5ddbf-b1fe-47c7-9768-8c7223c8bf40[39m
[35m[HTTP][39m [90m{}[39m
[35m[HTTP][39m [37m<-- GET /wd/hub/session/14d5ddbf-b1fe-47c7-9768-8c7223c8bf40 [39m[32m200[39m [90m31 ms - 1359[39m
[35m[HTTP][39m [90m[39m
[35m[HTTP][39m [37m-->[39m [37mGET[39m [37m/wd/hub/session/14d5ddbf-b1fe-47c7-9768-8c7223c8bf40[39m
[35m[HTTP][39m [90m{}[39m
[35m[HTTP][39m [37m<-- GET /wd/hub/session/14d5ddbf-b1fe-47c7-9768-8c7223c8bf40 [39m[32m200[39m [90m27 ms - 1359[39m
[35m[HTTP][39m [90m[39m
[35m[HTTP][39m [37m-->[39m [37mGET[39m [37m/wd/hub/session/14d5ddbf-b1fe-47c7-9768-8c7223c8bf40/element/ba1a083d-f647-4896-a387-63a03ae2abb1/location[39m
[35m[HTTP][39m [90m{}[39m
[35m[W3C][39m Driver proxy active, passing request on via HTTP proxy
[35m[JSONWP Proxy][39m Replacing sessionId 9d266551-d0c0-4d0c-9df0-fae23122a26e with 14d5ddbf-b1fe-47c7-9768-8c7223c8bf40
[35m[HTTP][39m [37m<-- GET /wd/hub/session/14d5ddbf-b1fe-47c7-9768-8c7223c8bf40/element/ba1a083d-f647-4896-a387-63a03ae2abb1/location [39m[32m200[39m [90m52 ms - 89[39m
[35m[HTTP][39m [90m[39m
[35m[HTTP][39m [37m-->[39m [37mPOST[39m [37m/wd/hub/session/14d5ddbf-b1fe-47c7-9768-8c7223c8bf40/touch/perform[39m
[35m[HTTP][39m [90m{"actions":[{"action":"tap","options":{"element":"ba1a083d-f647-4896-a387-63a03ae2abb1","x":1,"y":1}}]}[39m
[35m[UiAutomator2][39m calling get location: ba1a083d-f647-4896-a387-63a03ae2abb1
[35m[HTTP][39m [37m<-- POST /wd/hub/session/14d5ddbf-b1fe-47c7-9768-8c7223c8bf40/touch/perform [39m[32m200[39m [90m2880 ms - 76[39m
[35m[HTTP][39m [90m[39m
[35m[HTTP][39m [37m-->[39m [37mGET[39m [37m/wd/hub/session/14d5ddbf-b1fe-47c7-9768-8c7223c8bf40/window/current/size[39m
[35m[HTTP][39m [90m{}[39m
[35m[W3C][39m Driver proxy active, passing request on via HTTP proxy
[35m[JSONWP Proxy][39m Replacing sessionId 9d266551-d0c0-4d0c-9df0-fae23122a26e with 14d5ddbf-b1fe-47c7-9768-8c7223c8bf40
[35m[HTTP][39m [37m<-- GET /wd/hub/session/14d5ddbf-b1fe-47c7-9768-8c7223c8bf40/window/current/size [39m[32m200[39m [90m36 ms - 100[39m
[35m[HTTP][39m [90m[39m
[35m[HTTP][39m [37m-->[39m [37mPOST[39m [37m/wd/hub/session/14d5ddbf-b1fe-47c7-9768-8c7223c8bf40/elements[39m
[35m[HTTP][39m [90m{"using":"-android uiautomator","value":"new UiSelector().className(\"android.widget.TextView\").text(\"LANJUTKAN\").resourceId(\"id.co.myhomecredit.dev:id/btn_next_opf\").instance(4)"}[39m
[35m[HTTP][39m [37m<-- POST /wd/hub/session/14d5ddbf-b1fe-47c7-9768-8c7223c8bf40/elements [39m[32m200[39m [90m97 ms - 124[39m
[35m[HTTP][39m [90m[39m
[35m[HTTP][39m [37m-->[39m [37mGET[39m [37m/wd/hub/session/14d5ddbf-b1fe-47c7-9768-8c7223c8bf40[39m
[35m[HTTP][39m [90m{}[39m
[35m[HTTP][39m [37m<-- GET /wd/hub/session/14d5ddbf-b1fe-47c7-9768-8c7223c8bf40 [39m[32m200[39m [90m42 ms - 1359[39m
[35m[HTTP][39m [90m[39m
[35m[HTTP][39m [37m-->[39m [37mGET[39m [37m/wd/hub/session/14d5ddbf-b1fe-47c7-9768-8c7223c8bf40[39m
[35m[HTTP][39m [90m{}[39m
[35m[HTTP][39m [37m<-- GET /wd/hub/session/14d5ddbf-b1fe-47c7-9768-8c7223c8bf40 [39m[32m200[39m [90m44 ms - 1359[39m
[35m[HTTP][39m [90m[39m
[35m[HTTP][39m [37m-->[39m [37mGET[39m [37m/wd/hub/session/14d5ddbf-b1fe-47c7-9768-8c7223c8bf40[39m
[35m[HTTP][39m [90m{}[39m
[35m[HTTP][39m [37m<-- GET /wd/hub/session/14d5ddbf-b1fe-47c7-9768-8c7223c8bf40 [39m[32m200[39m [90m33 ms - 1359[39m
[35m[HTTP][39m [90m[39m
[35m[HTTP][39m [37m-->[39m [37mGET[39m [37m/wd/hub/session/14d5ddbf-b1fe-47c7-9768-8c7223c8bf40[39m
[35m[HTTP][39m [90m{}[39m
[35m[HTTP][39m [37m<-- GET /wd/hub/session/14d5ddbf-b1fe-47c7-9768-8c7223c8bf40 [39m[32m200[39m [90m31 ms - 1359[39m
[35m[HTTP][39m [90m[39m
[35m[HTTP][39m [37m-->[39m [37mGET[39m [37m/wd/hub/session/14d5ddbf-b1fe-47c7-9768-8c7223c8bf40/element/5943dc50-203e-4753-8d51-ffba75408563/location[39m
[35m[HTTP][39m [90m{}[39m
[35m[W3C][39m Driver proxy active, passing request on via HTTP proxy
[35m[JSONWP Proxy][39m Replacing sessionId 9d266551-d0c0-4d0c-9df0-fae23122a26e with 14d5ddbf-b1fe-47c7-9768-8c7223c8bf40
[35m[HTTP][39m [37m<-- GET /wd/hub/session/14d5ddbf-b1fe-47c7-9768-8c7223c8bf40/element/5943dc50-203e-4753-8d51-ffba75408563/location [39m[32m200[39m [90m74 ms - 89[39m
[35m[HTTP][39m [90m[39m
[35m[HTTP][39m [37m-->[39m [37mPOST[39m [37m/wd/hub/session/14d5ddbf-b1fe-47c7-9768-8c7223c8bf40/touch/perform[39m
[35m[HTTP][39m [90m{"actions":[{"action":"tap","options":{"element":"5943dc50-203e-4753-8d51-ffba75408563","x":1,"y":1}}]}[39m
[35m[UiAutomator2][39m calling get location: 5943dc50-203e-4753-8d51-ffba75408563
[35m[HTTP][39m [37m<-- POST /wd/hub/session/14d5ddbf-b1fe-47c7-9768-8c7223c8bf40/touch/perform [39m[32m200[39m [90m2817 ms - 76[39m
[35m[HTTP][39m [90m[39m
[35m[HTTP][39m [37m-->[39m [37mGET[39m [37m/wd/hub/session/14d5ddbf-b1fe-47c7-9768-8c7223c8bf40/window/current/size[39m
[35m[HTTP][39m [90m{}[39m
[35m[W3C][39m Driver proxy active, passing request on via HTTP proxy
[35m[JSONWP Proxy][39m Replacing sessionId 9d266551-d0c0-4d0c-9df0-fae23122a26e with 14d5ddbf-b1fe-47c7-9768-8c7223c8bf40
[35m[HTTP][39m [37m<-- GET /wd/hub/session/14d5ddbf-b1fe-47c7-9768-8c7223c8bf40/window/current/size [39m[32m200[39m [90m70 ms - 100[39m
[35m[HTTP][39m [90m[39m
[35m[HTTP][39m [37m-->[39m [37mPOST[39m [37m/wd/hub/session/14d5ddbf-b1fe-47c7-9768-8c7223c8bf40/elements[39m
[35m[HTTP][39m [90m{"using":"-android uiautomator","value":"new UiSelector().className(\"android.widget.TextView\").text(\"HUBUNGI SAYA LEWAT TELEPON\").resourceId(\"id.co.myhomecredit.dev:id/tv_call_me\").instance(8)"}[39m
[35m[HTTP][39m [37m<-- POST /wd/hub/session/14d5ddbf-b1fe-47c7-9768-8c7223c8bf40/elements [39m[32m200[39m [90m76 ms - 74[39m
[35m[HTTP][39m [90m[39m
[35m[HTTP][39m [37m-->[39m [37mPOST[39m [37m/wd/hub/session/14d5ddbf-b1fe-47c7-9768-8c7223c8bf40/elements[39m
[35m[HTTP][39m [90m{"using":"-android uiautomator","value":"new UiSelector().className(\"android.widget.TextView\").text(\"HUBUNGI SAYA LEWAT TELEPON\").resourceId(\"id.co.myhomecredit.dev:id/tv_call_me\").instance(8)"}[39m
[35m[HTTP][39m [37m<-- POST /wd/hub/session/14d5ddbf-b1fe-47c7-9768-8c7223c8bf40/elements [39m[32m200[39m [90m64 ms - 74[39m
[35m[HTTP][39m [90m[39m
[35m[HTTP][39m [37m-->[39m [37mPOST[39m [37m/wd/hub/session/14d5ddbf-b1fe-47c7-9768-8c7223c8bf40/elements[39m
[35m[HTTP][39m [90m{"using":"-android uiautomator","value":"new UiSelector().className(\"android.widget.TextView\").text(\"HUBUNGI SAYA LEWAT TELEPON\").resourceId(\"id.co.myhomecredit.dev:id/tv_call_me\").instance(8)"}[39m
[35m[HTTP][39m [37m<-- POST /wd/hub/session/14d5ddbf-b1fe-47c7-9768-8c7223c8bf40/elements [39m[32m200[39m [90m49 ms - 74[39m
[35m[HTTP][39m [90m[39m
[35m[HTTP][39m [37m-->[39m [37mPOST[39m [37m/wd/hub/session/14d5ddbf-b1fe-47c7-9768-8c7223c8bf40/elements[39m
[35m[HTTP][39m [90m{"using":"-android uiautomator","value":"new UiSelector().className(\"android.widget.TextView\").text(\"HUBUNGI SAYA LEWAT TELEPON\").resourceId(\"id.co.myhomecredit.dev:id/tv_call_me\").instance(8)"}[39m
[35m[HTTP][39m [37m<-- POST /wd/hub/session/14d5ddbf-b1fe-47c7-9768-8c7223c8bf40/elements [39m[32m200[39m [90m56 ms - 74[39m
[35m[HTTP][39m [90m[39m
[35m[HTTP][39m [37m-->[39m [37mPOST[39m [37m/wd/hub/session/14d5ddbf-b1fe-47c7-9768-8c7223c8bf40/elements[39m
[35m[HTTP][39m [90m{"using":"-android uiautomator","value":"new UiSelector().className(\"android.widget.TextView\").text(\"HUBUNGI SAYA LEWAT TELEPON\").resourceId(\"id.co.myhomecredit.dev:id/tv_call_me\").instance(8)"}[39m
[35m[HTTP][39m [37m<-- POST /wd/hub/session/14d5ddbf-b1fe-47c7-9768-8c7223c8bf40/elements [39m[32m200[39m [90m54 ms - 74[39m
[35m[HTTP][39m [90m[39m
[35m[HTTP][39m [37m-->[39m [37mPOST[39m [37m/wd/hub/session/14d5ddbf-b1fe-47c7-9768-8c7223c8bf40/elements[39m
[35m[HTTP][39m [90m{"using":"-android uiautomator","value":"new UiSelector().className(\"android.widget.TextView\").text(\"HUBUNGI SAYA LEWAT TELEPON\").resourceId(\"id.co.myhomecredit.dev:id/tv_call_me\").instance(8)"}[39m
[35m[HTTP][39m [37m<-- POST /wd/hub/session/14d5ddbf-b1fe-47c7-9768-8c7223c8bf40/elements [39m[32m200[39m [90m45 ms - 74[39m
[35m[HTTP][39m [90m[39m
[35m[HTTP][39m [37m-->[39m [37mPOST[39m [37m/wd/hub/session/14d5ddbf-b1fe-47c7-9768-8c7223c8bf40/elements[39m
[35m[HTTP][39m [90m{"using":"-android uiautomator","value":"new UiSelector().className(\"android.widget.TextView\").text(\"HUBUNGI SAYA LEWAT TELEPON\").resourceId(\"id.co.myhomecredit.dev:id/tv_call_me\").instance(8)"}[39m
[35m[HTTP][39m [37m<-- POST /wd/hub/session/14d5ddbf-b1fe-47c7-9768-8c7223c8bf40/elements [39m[32m200[39m [90m51 ms - 74[39m
[35m[HTTP][39m [90m[39m
[35m[HTTP][39m [37m-->[39m [37mPOST[39m [37m/wd/hub/session/14d5ddbf-b1fe-47c7-9768-8c7223c8bf40/elements[39m
[35m[HTTP][39m [90m{"using":"-android uiautomator","value":"new UiSelector().className(\"android.widget.TextView\").text(\"HUBUNGI SAYA LEWAT TELEPON\").resourceId(\"id.co.myhomecredit.dev:id/tv_call_me\").instance(8)"}[39m
[35m[HTTP][39m [37m<-- POST /wd/hub/session/14d5ddbf-b1fe-47c7-9768-8c7223c8bf40/elements [39m[32m200[39m [90m68 ms - 74[39m
[35m[HTTP][39m [90m[39m
[35m[HTTP][39m [37m-->[39m [37mPOST[39m [37m/wd/hub/session/14d5ddbf-b1fe-47c7-9768-8c7223c8bf40/elements[39m
[35m[HTTP][39m [90m{"using":"-android uiautomator","value":"new UiSelector().className(\"android.widget.TextView\").text(\"HUBUNGI SAYA LEWAT TELEPON\").resourceId(\"id.co.myhomecredit.dev:id/tv_call_me\").instance(8)"}[39m
[35m[HTTP][39m [37m<-- POST /wd/hub/session/14d5ddbf-b1fe-47c7-9768-8c7223c8bf40/elements [39m[32m200[39m [90m56 ms - 74[39m
[35m[HTTP][39m [90m[39m
[35m[HTTP][39m [37m-->[39m [37mPOST[39m [37m/wd/hub/session/14d5ddbf-b1fe-47c7-9768-8c7223c8bf40/elements[39m
[35m[HTTP][39m [90m{"using":"-android uiautomator","value":"new UiSelector().className(\"android.widget.TextView\").text(\"HUBUNGI SAYA LEWAT TELEPON\").resourceId(\"id.co.myhomecredit.dev:id/tv_call_me\").instance(8)"}[39m
[35m[HTTP][39m [37m<-- POST /wd/hub/session/14d5ddbf-b1fe-47c7-9768-8c7223c8bf40/elements [39m[32m200[39m [90m61 ms - 74[39m
[35m[HTTP][39m [90m[39m
[35m[HTTP][39m [37m-->[39m [37mPOST[39m [37m/wd/hub/session/14d5ddbf-b1fe-47c7-9768-8c7223c8bf40/elements[39m
[35m[HTTP][39m [90m{"using":"-android uiautomator","value":"new UiSelector().className(\"android.widget.TextView\").text(\"HUBUNGI SAYA LEWAT TELEPON\").resourceId(\"id.co.myhomecredit.dev:id/tv_call_me\").instance(8)"}[39m
[35m[HTTP][39m [37m<-- POST /wd/hub/session/14d5ddbf-b1fe-47c7-9768-8c7223c8bf40/elements [39m[32m200[39m [90m51 ms - 74[39m
[35m[HTTP][39m [90m[39m
[35m[HTTP][39m [37m-->[39m [37mPOST[39m [37m/wd/hub/session/14d5ddbf-b1fe-47c7-9768-8c7223c8bf40/elements[39m
[35m[HTTP][39m [90m{"using":"-android uiautomator","value":"new UiSelector().className(\"android.widget.TextView\").text(\"HUBUNGI SAYA LEWAT TELEPON\").resourceId(\"id.co.myhomecredit.dev:id/tv_call_me\").instance(8)"}[39m
[35m[HTTP][39m [37m<-- POST /wd/hub/session/14d5ddbf-b1fe-47c7-9768-8c7223c8bf40/elements [39m[32m200[39m [90m62 ms - 74[39m
[35m[HTTP][39m [90m[39m
[35m[HTTP][39m [37m-->[39m [37mPOST[39m [37m/wd/hub/session/14d5ddbf-b1fe-47c7-9768-8c7223c8bf40/elements[39m
[35m[HTTP][39m [90m{"using":"-android uiautomator","value":"new UiSelector().className(\"android.widget.TextView\").text(\"HUBUNGI SAYA LEWAT TELEPON\").resourceId(\"id.co.myhomecredit.dev:id/tv_call_me\").instance(8)"}[39m
[35m[HTTP][39m [37m<-- POST /wd/hub/session/14d5ddbf-b1fe-47c7-9768-8c7223c8bf40/elements [39m[32m200[39m [90m53 ms - 74[39m
[35m[HTTP][39m [90m[39m
[35m[HTTP][39m [37m-->[39m [37mPOST[39m [37m/wd/hub/session/14d5ddbf-b1fe-47c7-9768-8c7223c8bf40/elements[39m
[35m[HTTP][39m [90m{"using":"-android uiautomator","value":"new UiSelector().className(\"android.widget.TextView\").text(\"HUBUNGI SAYA LEWAT TELEPON\").resourceId(\"id.co.myhomecredit.dev:id/tv_call_me\").instance(8)"}[39m
[35m[HTTP][39m [37m<-- POST /wd/hub/session/14d5ddbf-b1fe-47c7-9768-8c7223c8bf40/elements [39m[32m200[39m [90m50 ms - 74[39m
[35m[HTTP][39m [90m[39m
[35m[HTTP][39m [37m-->[39m [37mPOST[39m [37m/wd/hub/session/14d5ddbf-b1fe-47c7-9768-8c7223c8bf40/elements[39m
[35m[HTTP][39m [90m{"using":"-android uiautomator","value":"new UiSelector().className(\"android.widget.TextView\").text(\"HUBUNGI SAYA LEWAT TELEPON\").resourceId(\"id.co.myhomecredit.dev:id/tv_call_me\").instance(8)"}[39m
[35m[HTTP][39m [37m<-- POST /wd/hub/session/14d5ddbf-b1fe-47c7-9768-8c7223c8bf40/elements [39m[32m200[39m [90m48 ms - 74[39m
[35m[HTTP][39m [90m[39m
[35m[HTTP][39m [37m-->[39m [37mPOST[39m [37m/wd/hub/session/14d5ddbf-b1fe-47c7-9768-8c7223c8bf40/elements[39m
[35m[HTTP][39m [90m{"using":"-android uiautomator","value":"new UiSelector().className(\"android.widget.TextView\").text(\"HUBUNGI SAYA LEWAT TELEPON\").resourceId(\"id.co.myhomecredit.dev:id/tv_call_me\").instance(8)"}[39m
[35m[HTTP][39m [37m<-- POST /wd/hub/session/14d5ddbf-b1fe-47c7-9768-8c7223c8bf40/elements [39m[32m200[39m [90m555 ms - 74[39m
[35m[HTTP][39m [90m[39m
[35m[HTTP][39m [37m-->[39m [37mPOST[39m [37m/wd/hub/session/14d5ddbf-b1fe-47c7-9768-8c7223c8bf40/elements[39m
[35m[HTTP][39m [90m{"using":"-android uiautomator","value":"new UiSelector().className(\"android.widget.TextView\").text(\"HUBUNGI SAYA LEWAT TELEPON\").resourceId(\"id.co.myhomecredit.dev:id/tv_call_me\").instance(8)"}[39m
[35m[HTTP][39m [37m<-- POST /wd/hub/session/14d5ddbf-b1fe-47c7-9768-8c7223c8bf40/elements [39m[32m200[39m [90m75 ms - 74[39m
[35m[HTTP][39m [90m[39m
[35m[HTTP][39m [37m-->[39m [37mPOST[39m [37m/wd/hub/session/14d5ddbf-b1fe-47c7-9768-8c7223c8bf40/elements[39m
[35m[HTTP][39m [90m{"using":"-android uiautomator","value":"new UiSelector().className(\"android.widget.TextView\").text(\"HUBUNGI SAYA LEWAT TELEPON\").resourceId(\"id.co.myhomecredit.dev:id/tv_call_me\").instance(8)"}[39m
[35m[HTTP][39m [37m<-- POST /wd/hub/session/14d5ddbf-b1fe-47c7-9768-8c7223c8bf40/elements [39m[32m200[39m [90m72 ms - 74[39m
[35m[HTTP][39m [90m[39m
[35m[HTTP][39m [37m-->[39m [37mPOST[39m [37m/wd/hub/session/14d5ddbf-b1fe-47c7-9768-8c7223c8bf40/elements[39m
[35m[HTTP][39m [90m{"using":"-android uiautomator","value":"new UiSelector().className(\"android.widget.TextView\").text(\"HUBUNGI SAYA LEWAT TELEPON\").resourceId(\"id.co.myhomecredit.dev:id/tv_call_me\").instance(8)"}[39m
[35m[HTTP][39m [37m<-- POST /wd/hub/session/14d5ddbf-b1fe-47c7-9768-8c7223c8bf40/elements [39m[32m200[39m [90m49 ms - 74[39m
[35m[HTTP][39m [90m[39m
[35m[HTTP][39m [37m-->[39m [37mPOST[39m [37m/wd/hub/session/14d5ddbf-b1fe-47c7-9768-8c7223c8bf40/elements[39m
[35m[HTTP][39m [90m{"using":"-android uiautomator","value":"new UiSelector().className(\"android.widget.TextView\").text(\"HUBUNGI SAYA LEWAT TELEPON\").resourceId(\"id.co.myhomecredit.dev:id/tv_call_me\").instance(8)"}[39m
[35m[HTTP][39m [37m<-- POST /wd/hub/session/14d5ddbf-b1fe-47c7-9768-8c7223c8bf40/elements [39m[32m200[39m [90m45 ms - 74[39m
[35m[HTTP][39m [90m[39m
[35m[HTTP][39m [37m-->[39m [37mPOST[39m [37m/wd/hub/session/14d5ddbf-b1fe-47c7-9768-8c7223c8bf40/elements[39m
[35m[HTTP][39m [90m{"using":"-android uiautomator","value":"new UiSelector().className(\"android.widget.TextView\").text(\"HUBUNGI SAYA LEWAT TELEPON\").resourceId(\"id.co.myhomecredit.dev:id/tv_call_me\").instance(8)"}[39m
[35m[HTTP][39m [37m<-- POST /wd/hub/session/14d5ddbf-b1fe-47c7-9768-8c7223c8bf40/elements [39m[32m200[39m [90m64 ms - 74[39m
[35m[HTTP][39m [90m[39m
[35m[HTTP][39m [37m-->[39m [37mPOST[39m [37m/wd/hub/session/14d5ddbf-b1fe-47c7-9768-8c7223c8bf40/elements[39m
[35m[HTTP][39m [90m{"using":"-android uiautomator","value":"new UiSelector().className(\"android.widget.TextView\").text(\"HUBUNGI SAYA LEWAT TELEPON\").resourceId(\"id.co.myhomecredit.dev:id/tv_call_me\").instance(8)"}[39m
[35m[HTTP][39m [37m<-- POST /wd/hub/session/14d5ddbf-b1fe-47c7-9768-8c7223c8bf40/elements [39m[32m200[39m [90m72 ms - 74[39m
[35m[HTTP][39m [90m[39m
[35m[HTTP][39m [37m-->[39m [37mPOST[39m [37m/wd/hub/session/14d5ddbf-b1fe-47c7-9768-8c7223c8bf40/elements[39m
[35m[HTTP][39m [90m{"using":"-android uiautomator","value":"new UiSelector().className(\"android.widget.TextView\").text(\"HUBUNGI SAYA LEWAT TELEPON\").resourceId(\"id.co.myhomecredit.dev:id/tv_call_me\").instance(8)"}[39m
[35m[HTTP][39m [37m<-- POST /wd/hub/session/14d5ddbf-b1fe-47c7-9768-8c7223c8bf40/elements [39m[32m200[39m [90m51 ms - 74[39m
[35m[HTTP][39m [90m[39m
[35m[HTTP][39m [37m-->[39m [37mPOST[39m [37m/wd/hub/session/14d5ddbf-b1fe-47c7-9768-8c7223c8bf40/elements[39m
[35m[HTTP][39m [90m{"using":"-android uiautomator","value":"new UiSelector().className(\"android.widget.TextView\").text(\"HUBUNGI SAYA LEWAT TELEPON\").resourceId(\"id.co.myhomecredit.dev:id/tv_call_me\").instance(8)"}[39m
[35m[HTTP][39m [37m<-- POST /wd/hub/session/14d5ddbf-b1fe-47c7-9768-8c7223c8bf40/elements [39m[32m200[39m [90m49 ms - 74[39m
[35m[HTTP][39m [90m[39m
[35m[HTTP][39m [37m-->[39m [37mPOST[39m [37m/wd/hub/session/14d5ddbf-b1fe-47c7-9768-8c7223c8bf40/elements[39m
[35m[HTTP][39m [90m{"using":"-android uiautomator","value":"new UiSelector().className(\"android.widget.TextView\").text(\"HUBUNGI SAYA LEWAT TELEPON\").resourceId(\"id.co.myhomecredit.dev:id/tv_call_me\").instance(8)"}[39m
[35m[HTTP][39m [37m<-- POST /wd/hub/session/14d5ddbf-b1fe-47c7-9768-8c7223c8bf40/elements [39m[32m200[39m [90m43 ms - 74[39m
[35m[HTTP][39m [90m[39m
[35m[HTTP][39m [37m-->[39m [37mPOST[39m [37m/wd/hub/session/14d5ddbf-b1fe-47c7-9768-8c7223c8bf40/elements[39m
[35m[HTTP][39m [90m{"using":"-android uiautomator","value":"new UiSelector().className(\"android.widget.TextView\").text(\"HUBUNGI SAYA LEWAT TELEPON\").resourceId(\"id.co.myhomecredit.dev:id/tv_call_me\").instance(8)"}[39m
[35m[HTTP][39m [37m<-- POST /wd/hub/session/14d5ddbf-b1fe-47c7-9768-8c7223c8bf40/elements [39m[32m200[39m [90m69 ms - 74[39m
[35m[HTTP][39m [90m[39m
[35m[HTTP][39m [37m-->[39m [37mPOST[39m [37m/wd/hub/session/14d5ddbf-b1fe-47c7-9768-8c7223c8bf40/elements[39m
[35m[HTTP][39m [90m{"using":"-android uiautomator","value":"new UiSelector().className(\"android.widget.TextView\").text(\"HUBUNGI SAYA LEWAT TELEPON\").resourceId(\"id.co.myhomecredit.dev:id/tv_call_me\").instance(8)"}[39m
[35m[HTTP][39m [37m<-- POST /wd/hub/session/14d5ddbf-b1fe-47c7-9768-8c7223c8bf40/elements [39m[32m200[39m [90m53 ms - 74[39m
[35m[HTTP][39m [90m[39m
[35m[HTTP][39m [37m-->[39m [37mPOST[39m [37m/wd/hub/session/14d5ddbf-b1fe-47c7-9768-8c7223c8bf40/elements[39m
[35m[HTTP][39m [90m{"using":"-android uiautomator","value":"new UiSelector().className(\"android.widget.TextView\").text(\"HUBUNGI SAYA LEWAT TELEPON\").resourceId(\"id.co.myhomecredit.dev:id/tv_call_me\").instance(8)"}[39m
[35m[HTTP][39m [37m<-- POST /wd/hub/session/14d5ddbf-b1fe-47c7-9768-8c7223c8bf40/elements [39m[32m200[39m [90m1343 ms - 124[39m
[35m[HTTP][39m [90m[39m
[35m[HTTP][39m [37m-->[39m [37mGET[39m [37m/wd/hub/session/14d5ddbf-b1fe-47c7-9768-8c7223c8bf40[39m
[35m[HTTP][39m [90m{}[39m
[35m[HTTP][39m [37m<-- GET /wd/hub/session/14d5ddbf-b1fe-47c7-9768-8c7223c8bf40 [39m[32m200[39m [90m29 ms - 1359[39m
[35m[HTTP][39m [90m[39m
[35m[HTTP][39m [37m-->[39m [37mGET[39m [37m/wd/hub/session/14d5ddbf-b1fe-47c7-9768-8c7223c8bf40[39m
[35m[HTTP][39m [90m{}[39m
[35m[HTTP][39m [37m<-- GET /wd/hub/session/14d5ddbf-b1fe-47c7-9768-8c7223c8bf40 [39m[32m200[39m [90m29 ms - 1359[39m
[35m[HTTP][39m [90m[39m
[35m[HTTP][39m [37m-->[39m [37mGET[39m [37m/wd/hub/session/14d5ddbf-b1fe-47c7-9768-8c7223c8bf40[39m
[35m[HTTP][39m [90m{}[39m
[35m[HTTP][39m [37m<-- GET /wd/hub/session/14d5ddbf-b1fe-47c7-9768-8c7223c8bf40 [39m[32m200[39m [90m31 ms - 1359[39m
[35m[HTTP][39m [90m[39m
[35m[HTTP][39m [37m-->[39m [37mGET[39m [37m/wd/hub/session/14d5ddbf-b1fe-47c7-9768-8c7223c8bf40[39m
[35m[HTTP][39m [90m{}[39m
[35m[HTTP][39m [37m<-- GET /wd/hub/session/14d5ddbf-b1fe-47c7-9768-8c7223c8bf40 [39m[32m200[39m [90m29 ms - 1359[39m
[35m[HTTP][39m [90m[39m
[35m[HTTP][39m [37m-->[39m [37mGET[39m [37m/wd/hub/session/14d5ddbf-b1fe-47c7-9768-8c7223c8bf40/element/f8fc53f4-63de-4923-ae26-8c11a1760ed4/location[39m
[35m[HTTP][39m [90m{}[39m
[35m[W3C][39m Driver proxy active, passing request on via HTTP proxy
[35m[JSONWP Proxy][39m Replacing sessionId 9d266551-d0c0-4d0c-9df0-fae23122a26e with 14d5ddbf-b1fe-47c7-9768-8c7223c8bf40
[35m[HTTP][39m [37m<-- GET /wd/hub/session/14d5ddbf-b1fe-47c7-9768-8c7223c8bf40/element/f8fc53f4-63de-4923-ae26-8c11a1760ed4/location [39m[32m200[39m [90m49 ms - 89[39m
[35m[HTTP][39m [90m[39m
[35m[HTTP][39m [37m-->[39m [37mPOST[39m [37m/wd/hub/session/14d5ddbf-b1fe-47c7-9768-8c7223c8bf40/touch/perform[39m
[35m[HTTP][39m [90m{"actions":[{"action":"tap","options":{"element":"f8fc53f4-63de-4923-ae26-8c11a1760ed4","x":1,"y":1}}]}[39m
[35m[UiAutomator2][39m calling get location: f8fc53f4-63de-4923-ae26-8c11a1760ed4
[35m[HTTP][39m [37m<-- POST /wd/hub/session/14d5ddbf-b1fe-47c7-9768-8c7223c8bf40/touch/perform [39m[32m200[39m [90m1773 ms - 76[39m
[35m[HTTP][39m [90m[39m
[35m[HTTP][39m [37m-->[39m [37mGET[39m [37m/wd/hub/session/14d5ddbf-b1fe-47c7-9768-8c7223c8bf40/window/current/size[39m
[35m[HTTP][39m [90m{}[39m
[35m[W3C][39m Driver proxy active, passing request on via HTTP proxy
[35m[JSONWP Proxy][39m Replacing sessionId 9d266551-d0c0-4d0c-9df0-fae23122a26e with 14d5ddbf-b1fe-47c7-9768-8c7223c8bf40
[35m[HTTP][39m [37m<-- GET /wd/hub/session/14d5ddbf-b1fe-47c7-9768-8c7223c8bf40/window/current/size [39m[32m200[39m [90m66 ms - 100[39m
[35m[HTTP][39m [90m[39m
[35m[HTTP][39m [37m-->[39m [37mPOST[39m [37m/wd/hub/session/14d5ddbf-b1fe-47c7-9768-8c7223c8bf40/elements[39m
[35m[HTTP][39m [90m{"using":"-android uiautomator","value":"new UiSelector().className(\"android.widget.EditText\").resourceId(\"id.co.myhomecredit.dev:id/et_email\").instance(0)"}[39m
[35m[HTTP][39m [37m<-- POST /wd/hub/session/14d5ddbf-b1fe-47c7-9768-8c7223c8bf40/elements [39m[32m200[39m [90m138 ms - 124[39m
[35m[HTTP][39m [90m[39m
[35m[HTTP][39m [37m-->[39m [37mGET[39m [37m/wd/hub/session/14d5ddbf-b1fe-47c7-9768-8c7223c8bf40[39m
[35m[HTTP][39m [90m{}[39m
[35m[HTTP][39m [37m<-- GET /wd/hub/session/14d5ddbf-b1fe-47c7-9768-8c7223c8bf40 [39m[32m200[39m [90m57 ms - 1359[39m
[35m[HTTP][39m [90m[39m
[35m[HTTP][39m [37m-->[39m [37mGET[39m [37m/wd/hub/session/14d5ddbf-b1fe-47c7-9768-8c7223c8bf40[39m
[35m[HTTP][39m [90m{}[39m
[35m[HTTP][39m [37m<-- GET /wd/hub/session/14d5ddbf-b1fe-47c7-9768-8c7223c8bf40 [39m[32m200[39m [90m38 ms - 1359[39m
[35m[HTTP][39m [90m[39m
[35m[HTTP][39m [37m-->[39m [37mGET[39m [37m/wd/hub/session/14d5ddbf-b1fe-47c7-9768-8c7223c8bf40[39m
[35m[HTTP][39m [90m{}[39m
[35m[HTTP][39m [37m<-- GET /wd/hub/session/14d5ddbf-b1fe-47c7-9768-8c7223c8bf40 [39m[32m200[39m [90m32 ms - 1359[39m
[35m[HTTP][39m [90m[39m
[35m[HTTP][39m [37m-->[39m [37mGET[39m [37m/wd/hub/session/14d5ddbf-b1fe-47c7-9768-8c7223c8bf40[39m
[35m[HTTP][39m [90m{}[39m
[35m[HTTP][39m [37m<-- GET /wd/hub/session/14d5ddbf-b1fe-47c7-9768-8c7223c8bf40 [39m[32m200[39m [90m41 ms - 1359[39m
[35m[HTTP][39m [90m[39m
[35m[HTTP][39m [37m-->[39m [37mGET[39m [37m/wd/hub/session/14d5ddbf-b1fe-47c7-9768-8c7223c8bf40/element/5e76c5ae-7bdb-443c-ba0c-40a4ecdda643/location[39m
[35m[HTTP][39m [90m{}[39m
[35m[W3C][39m Driver proxy active, passing request on via HTTP proxy
[35m[JSONWP Proxy][39m Replacing sessionId 9d266551-d0c0-4d0c-9df0-fae23122a26e with 14d5ddbf-b1fe-47c7-9768-8c7223c8bf40
[35m[HTTP][39m [37m<-- GET /wd/hub/session/14d5ddbf-b1fe-47c7-9768-8c7223c8bf40/element/5e76c5ae-7bdb-443c-ba0c-40a4ecdda643/location [39m[32m200[39m [90m583 ms - 88[39m
[35m[HTTP][39m [90m[39m
[35m[HTTP][39m [37m-->[39m [37mPOST[39m [37m/wd/hub/session/14d5ddbf-b1fe-47c7-9768-8c7223c8bf40/element/5e76c5ae-7bdb-443c-ba0c-40a4ecdda643/clear[39m
[35m[HTTP][39m [90m{"id":"5e76c5ae-7bdb-443c-ba0c-40a4ecdda643"}[39m
[35m[HTTP][39m [37m<-- POST /wd/hub/session/14d5ddbf-b1fe-47c7-9768-8c7223c8bf40/element/5e76c5ae-7bdb-443c-ba0c-40a4ecdda643/clear [39m[32m200[39m [90m114 ms - 89[39m
[35m[HTTP][39m [90m[39m
[35m[HTTP][39m [37m-->[39m [37mPOST[39m [37m/wd/hub/session/14d5ddbf-b1fe-47c7-9768-8c7223c8bf40/element/5e76c5ae-7bdb-443c-ba0c-40a4ecdda643/value[39m
[35m[HTTP][39m [90m{"id":"5e76c5ae-7bdb-443c-ba0c-40a4ecdda643","value":["hcis8mobile@gmail.com"]}[39m
[35m[HTTP][39m [37m<-- POST /wd/hub/session/14d5ddbf-b1fe-47c7-9768-8c7223c8bf40/element/5e76c5ae-7bdb-443c-ba0c-40a4ecdda643/value [39m[32m200[39m [90m864 ms - 74[39m
[35m[HTTP][39m [90m[39m
[35m[HTTP][39m [37m-->[39m [37mGET[39m [37m/wd/hub/session/14d5ddbf-b1fe-47c7-9768-8c7223c8bf40/context[39m
[35m[HTTP][39m [90m{}[39m
[35m[HTTP][39m [37m<-- GET /wd/hub/session/14d5ddbf-b1fe-47c7-9768-8c7223c8bf40/context [39m[32m200[39m [90m2 ms - 84[39m
[35m[HTTP][39m [90m[39m
[35m[HTTP][39m [37m-->[39m [37mGET[39m [37m/wd/hub/session/14d5ddbf-b1fe-47c7-9768-8c7223c8bf40/contexts[39m
[35m[HTTP][39m [90m{}[39m
[35m[HTTP][39m [37m<-- GET /wd/hub/session/14d5ddbf-b1fe-47c7-9768-8c7223c8bf40/contexts [39m[32m200[39m [90m154 ms - 86[39m
[35m[HTTP][39m [90m[39m
[35m[HTTP][39m [37m-->[39m [37mPOST[39m [37m/wd/hub/session/14d5ddbf-b1fe-47c7-9768-8c7223c8bf40/context[39m
[35m[HTTP][39m [90m{"name":"NATIVE_APP"}[39m
[35m[HTTP][39m [37m<-- POST /wd/hub/session/14d5ddbf-b1fe-47c7-9768-8c7223c8bf40/context [39m[32m200[39m [90m123 ms - 76[39m
[35m[HTTP][39m [90m[39m
[35m[HTTP][39m [37m-->[39m [37mPOST[39m [37m/wd/hub/session/14d5ddbf-b1fe-47c7-9768-8c7223c8bf40/element[39m
[35m[HTTP][39m [90m{"using":"-android uiautomator","value":"new UiScrollable(new UiSelector().scrollable(true).instance(0)).scrollIntoView(new UiSelector().textContains(\"HUBUNGI SAYA\"))"}[39m
[35m[HTTP][39m [37m<-- POST /wd/hub/session/14d5ddbf-b1fe-47c7-9768-8c7223c8bf40/element [39m[32m200[39m [90m2598 ms - 122[39m
[35m[HTTP][39m [90m[39m
[35m[HTTP][39m [37m-->[39m [37mGET[39m [37m/wd/hub/session/14d5ddbf-b1fe-47c7-9768-8c7223c8bf40[39m
[35m[HTTP][39m [90m{}[39m
[35m[HTTP][39m [37m<-- GET /wd/hub/session/14d5ddbf-b1fe-47c7-9768-8c7223c8bf40 [39m[32m200[39m [90m46 ms - 1359[39m
[35m[HTTP][39m [90m[39m
[35m[HTTP][39m [37m-->[39m [37mGET[39m [37m/wd/hub/session/14d5ddbf-b1fe-47c7-9768-8c7223c8bf40[39m
[35m[HTTP][39m [90m{}[39m
[35m[HTTP][39m [37m<-- GET /wd/hub/session/14d5ddbf-b1fe-47c7-9768-8c7223c8bf40 [39m[32m200[39m [90m37 ms - 1359[39m
[35m[HTTP][39m [90m[39m
[35m[HTTP][39m [37m-->[39m [37mGET[39m [37m/wd/hub/session/14d5ddbf-b1fe-47c7-9768-8c7223c8bf40[39m
[35m[HTTP][39m [90m{}[39m
[35m[HTTP][39m [37m<-- GET /wd/hub/session/14d5ddbf-b1fe-47c7-9768-8c7223c8bf40 [39m[32m200[39m [90m36 ms - 1359[39m
[35m[HTTP][39m [90m[39m
[35m[HTTP][39m [37m-->[39m [37mGET[39m [37m/wd/hub/session/14d5ddbf-b1fe-47c7-9768-8c7223c8bf40[39m
[35m[HTTP][39m [90m{}[39m
[35m[HTTP][39m [37m<-- GET /wd/hub/session/14d5ddbf-b1fe-47c7-9768-8c7223c8bf40 [39m[32m200[39m [90m35 ms - 1359[39m
[35m[HTTP][39m [90m[39m
[35m[HTTP][39m [37m-->[39m [37mPOST[39m [37m/wd/hub/session/14d5ddbf-b1fe-47c7-9768-8c7223c8bf40/context[39m
[35m[HTTP][39m [90m{"name":"NATIVE_APP"}[39m
[35m[HTTP][39m [37m<-- POST /wd/hub/session/14d5ddbf-b1fe-47c7-9768-8c7223c8bf40/context [39m[32m200[39m [90m140 ms - 76[39m
[35m[HTTP][39m [90m[39m
[35m[HTTP][39m [37m-->[39m [37mGET[39m [37m/wd/hub/session/14d5ddbf-b1fe-47c7-9768-8c7223c8bf40/window/current/size[39m
[35m[HTTP][39m [90m{}[39m
[35m[W3C][39m Driver proxy active, passing request on via HTTP proxy
[35m[JSONWP Proxy][39m Replacing sessionId 9d266551-d0c0-4d0c-9df0-fae23122a26e with 14d5ddbf-b1fe-47c7-9768-8c7223c8bf40
[35m[HTTP][39m [37m<-- GET /wd/hub/session/14d5ddbf-b1fe-47c7-9768-8c7223c8bf40/window/current/size [39m[32m200[39m [90m54 ms - 100[39m
[35m[HTTP][39m [90m[39m
[35m[HTTP][39m [37m-->[39m [37mPOST[39m [37m/wd/hub/session/14d5ddbf-b1fe-47c7-9768-8c7223c8bf40/elements[39m
[35m[HTTP][39m [90m{"using":"-android uiautomator","value":"new UiSelector().className(\"android.widget.TextView\").text(\"HUBUNGI SAYA\").resourceId(\"id.co.myhomecredit.dev:id/btn_send_request\").instance(9)"}[39m
[35m[HTTP][39m [37m<-- POST /wd/hub/session/14d5ddbf-b1fe-47c7-9768-8c7223c8bf40/elements [39m[32m200[39m [90m168 ms - 124[39m
[35m[HTTP][39m [90m[39m
[35m[HTTP][39m [37m-->[39m [37mGET[39m [37m/wd/hub/session/14d5ddbf-b1fe-47c7-9768-8c7223c8bf40[39m
[35m[HTTP][39m [90m{}[39m
[35m[HTTP][39m [37m<-- GET /wd/hub/session/14d5ddbf-b1fe-47c7-9768-8c7223c8bf40 [39m[32m200[39m [90m57 ms - 1359[39m
[35m[HTTP][39m [90m[39m
[35m[HTTP][39m [37m-->[39m [37mGET[39m [37m/wd/hub/session/14d5ddbf-b1fe-47c7-9768-8c7223c8bf40[39m
[35m[HTTP][39m [90m{}[39m
[35m[HTTP][39m [37m<-- GET /wd/hub/session/14d5ddbf-b1fe-47c7-9768-8c7223c8bf40 [39m[32m200[39m [90m28 ms - 1359[39m
[35m[HTTP][39m [90m[39m
[35m[HTTP][39m [37m-->[39m [37mGET[39m [37m/wd/hub/session/14d5ddbf-b1fe-47c7-9768-8c7223c8bf40[39m
[35m[HTTP][39m [90m{}[39m
[35m[HTTP][39m [37m<-- GET /wd/hub/session/14d5ddbf-b1fe-47c7-9768-8c7223c8bf40 [39m[32m200[39m [90m34 ms - 1359[39m
[35m[HTTP][39m [90m[39m
[35m[HTTP][39m [37m-->[39m [37mGET[39m [37m/wd/hub/session/14d5ddbf-b1fe-47c7-9768-8c7223c8bf40[39m
[35m[HTTP][39m [90m{}[39m
[35m[HTTP][39m [37m<-- GET /wd/hub/session/14d5ddbf-b1fe-47c7-9768-8c7223c8bf40 [39m[32m200[39m [90m25 ms - 1359[39m
[35m[HTTP][39m [90m[39m
[35m[HTTP][39m [37m-->[39m [37mGET[39m [37m/wd/hub/session/14d5ddbf-b1fe-47c7-9768-8c7223c8bf40/element/c0d64394-457f-4135-b1bf-f7b2ecb876e7/location[39m
[35m[HTTP][39m [90m{}[39m
[35m[W3C][39m Driver proxy active, passing request on via HTTP proxy
[35m[JSONWP Proxy][39m Replacing sessionId 9d266551-d0c0-4d0c-9df0-fae23122a26e with 14d5ddbf-b1fe-47c7-9768-8c7223c8bf40
[35m[HTTP][39m [37m<-- GET /wd/hub/session/14d5ddbf-b1fe-47c7-9768-8c7223c8bf40/element/c0d64394-457f-4135-b1bf-f7b2ecb876e7/location [39m[32m200[39m [90m63 ms - 89[39m
[35m[HTTP][39m [90m[39m
[35m[HTTP][39m [37m-->[39m [37mPOST[39m [37m/wd/hub/session/14d5ddbf-b1fe-47c7-9768-8c7223c8bf40/touch/perform[39m
[35m[HTTP][39m [90m{"actions":[{"action":"tap","options":{"element":"c0d64394-457f-4135-b1bf-f7b2ecb876e7","x":1,"y":1}}]}[39m
[35m[UiAutomator2][39m calling get location: c0d64394-457f-4135-b1bf-f7b2ecb876e7
[35m[HTTP][39m [37m<-- POST /wd/hub/session/14d5ddbf-b1fe-47c7-9768-8c7223c8bf40/touch/perform [39m[32m200[39m [90m2029 ms - 76[39m
[35m[HTTP][39m [90m[39m
[35m[HTTP][39m [37m-->[39m [37mGET[39m [37m/wd/hub/session/14d5ddbf-b1fe-47c7-9768-8c7223c8bf40/window/current/size[39m
[35m[HTTP][39m [90m{}[39m
[35m[W3C][39m Driver proxy active, passing request on via HTTP proxy
[35m[JSONWP Proxy][39m Replacing sessionId 9d266551-d0c0-4d0c-9df0-fae23122a26e with 14d5ddbf-b1fe-47c7-9768-8c7223c8bf40
[35m[HTTP][39m [37m<-- GET /wd/hub/session/14d5ddbf-b1fe-47c7-9768-8c7223c8bf40/window/current/size [39m[32m200[39m [90m57 ms - 100[39m
[35m[HTTP][39m [90m[39m
[35m[HTTP][39m [37m-->[39m [37mPOST[39m [37m/wd/hub/session/14d5ddbf-b1fe-47c7-9768-8c7223c8bf40/elements[39m
[35m[HTTP][39m [90m{"using":"-android uiautomator","value":"new UiSelector().className(\"android.widget.TextView\").text(\"SELESAI\").resourceId(\"id.co.myhomecredit.dev:id/tv_done\").instance(0)"}[39m
[35m[HTTP][39m [37m<-- POST /wd/hub/session/14d5ddbf-b1fe-47c7-9768-8c7223c8bf40/elements [39m[32m200[39m [90m85 ms - 124[39m
[35m[HTTP][39m [90m[39m
[35m[HTTP][39m [37m-->[39m [37mGET[39m [37m/wd/hub/session/14d5ddbf-b1fe-47c7-9768-8c7223c8bf40[39m
[35m[HTTP][39m [90m{}[39m
[35m[HTTP][39m [37m<-- GET /wd/hub/session/14d5ddbf-b1fe-47c7-9768-8c7223c8bf40 [39m[32m200[39m [90m27 ms - 1359[39m
[35m[HTTP][39m [90m[39m
[35m[HTTP][39m [37m-->[39m [37mGET[39m [37m/wd/hub/session/14d5ddbf-b1fe-47c7-9768-8c7223c8bf40[39m
[35m[HTTP][39m [90m{}[39m
[35m[HTTP][39m [37m<-- GET /wd/hub/session/14d5ddbf-b1fe-47c7-9768-8c7223c8bf40 [39m[32m200[39m [90m43 ms - 1359[39m
[35m[HTTP][39m [90m[39m
[35m[HTTP][39m [37m-->[39m [37mGET[39m [37m/wd/hub/session/14d5ddbf-b1fe-47c7-9768-8c7223c8bf40[39m
[35m[HTTP][39m [90m{}[39m
[35m[HTTP][39m [37m<-- GET /wd/hub/session/14d5ddbf-b1fe-47c7-9768-8c7223c8bf40 [39m[32m200[39m [90m25 ms - 1359[39m
[35m[HTTP][39m [90m[39m
[35m[HTTP][39m [37m-->[39m [37mGET[39m [37m/wd/hub/session/14d5ddbf-b1fe-47c7-9768-8c7223c8bf40[39m
[35m[HTTP][39m [90m{}[39m
[35m[HTTP][39m [37m<-- GET /wd/hub/session/14d5ddbf-b1fe-47c7-9768-8c7223c8bf40 [39m[32m200[39m [90m30 ms - 1359[39m
[35m[HTTP][39m [90m[39m
[35m[HTTP][39m [37m-->[39m [37mGET[39m [37m/wd/hub/session/14d5ddbf-b1fe-47c7-9768-8c7223c8bf40/element/5627b5dc-6c30-481d-a7d5-81582085f695/location[39m
[35m[HTTP][39m [90m{}[39m
[35m[W3C][39m Driver proxy active, passing request on via HTTP proxy
[35m[JSONWP Proxy][39m Replacing sessionId 9d266551-d0c0-4d0c-9df0-fae23122a26e with 14d5ddbf-b1fe-47c7-9768-8c7223c8bf40
[35m[HTTP][39m [37m<-- GET /wd/hub/session/14d5ddbf-b1fe-47c7-9768-8c7223c8bf40/element/5627b5dc-6c30-481d-a7d5-81582085f695/location [39m[32m200[39m [90m51 ms - 89[39m
[35m[HTTP][39m [90m[39m
[35m[HTTP][39m [37m-->[39m [37mPOST[39m [37m/wd/hub/session/14d5ddbf-b1fe-47c7-9768-8c7223c8bf40/touch/perform[39m
[35m[HTTP][39m [90m{"actions":[{"action":"tap","options":{"element":"5627b5dc-6c30-481d-a7d5-81582085f695","x":1,"y":1}}]}[39m
[35m[UiAutomator2][39m calling get location: 5627b5dc-6c30-481d-a7d5-81582085f695
[35m[HTTP][39m [37m<-- POST /wd/hub/session/14d5ddbf-b1fe-47c7-9768-8c7223c8bf40/touch/perform [39m[32m200[39m [90m946 ms - 76[39m
[35m[HTTP][39m [90m[39m
[35m[HTTP][39m [37m-->[39m [37mGET[39m [37m/wd/hub/session/14d5ddbf-b1fe-47c7-9768-8c7223c8bf40/context[39m
[35m[HTTP][39m [90m{}[39m
[35m[HTTP][39m [37m<-- GET /wd/hub/session/14d5ddbf-b1fe-47c7-9768-8c7223c8bf40/context [39m[32m200[39m [90m2 ms - 84[39m
[35m[HTTP][39m [90m[39m
[35m[HTTP][39m [37m-->[39m [37mGET[39m [37m/wd/hub/session/14d5ddbf-b1fe-47c7-9768-8c7223c8bf40/contexts[39m
[35m[HTTP][39m [90m{}[39m
[35m[HTTP][39m [37m<-- GET /wd/hub/session/14d5ddbf-b1fe-47c7-9768-8c7223c8bf40/contexts [39m[32m200[39m [90m130 ms - 86[39m
[35m[HTTP][39m [90m[39m
[35m[HTTP][39m [37m-->[39m [37mPOST[39m [37m/wd/hub/session/14d5ddbf-b1fe-47c7-9768-8c7223c8bf40/context[39m
[35m[HTTP][39m [90m{"name":"NATIVE_APP"}[39m
[35m[HTTP][39m [37m<-- POST /wd/hub/session/14d5ddbf-b1fe-47c7-9768-8c7223c8bf40/context [39m[32m200[39m [90m147 ms - 76[39m
[35m[HTTP][39m [90m[39m
[35m[HTTP][39m [37m-->[39m [37mPOST[39m [37m/wd/hub/session/14d5ddbf-b1fe-47c7-9768-8c7223c8bf40/appium/device/press_keycode[39m
[35m[HTTP][39m [90m{"keycode":4}[39m
[35m[HTTP][39m [37m<-- POST /wd/hub/session/14d5ddbf-b1fe-47c7-9768-8c7223c8bf40/appium/device/press_keycode [39m[32m200[39m [90m95 ms - 76[39m
[35m[HTTP][39m [90m[39m
[35m[HTTP][39m [37m-->[39m [37mPOST[39m [37m/wd/hub/session/14d5ddbf-b1fe-47c7-9768-8c7223c8bf40/context[39m
[35m[HTTP][39m [90m{"name":"NATIVE_APP"}[39m
[35m[HTTP][39m [37m<-- POST /wd/hub/session/14d5ddbf-b1fe-47c7-9768-8c7223c8bf40/context [39m[32m200[39m [90m139 ms - 76[39m
[35m[HTTP][39m [90m[39m
[35m[HTTP][39m [37m-->[39m [37mDELETE[39m [37m/wd/hub/session/14d5ddbf-b1fe-47c7-9768-8c7223c8bf40[39m
[35m[HTTP][39m [90m{}[39m
[35m[Appium][39m Removing session 14d5ddbf-b1fe-47c7-9768-8c7223c8bf40 from our master session list
[35m[HTTP][39m [37m<-- DELETE /wd/hub/session/14d5ddbf-b1fe-47c7-9768-8c7223c8bf40 [39m[32m200[39m [90m438 ms - 76[39m
[35m[HTTP][39m [90m[39m
