<?xml version="1.0" encoding="UTF-8" standalone="no"?>
<!DOCTYPE log SYSTEM "logger.dtd">
<log>
<record>
  <date>2018-10-11T16:38:53</date>
  <millis>1539250733981</millis>
  <sequence>0</sequence>
  <level>START</level>
  <class>com.kms.katalon.core.logging.KeywordLogger</class>
  <method>startSuite</method>
  <thread>1</thread>
  <message>Start Test Suite : Test Suites/DONA Telco</message>
  <nestedLevel>0</nestedLevel>
  <property name="name">DONA Telco</property>
  <property name="description"></property>
  <property name="id">Test Suites/DONA Telco</property>
</record>
<record>
  <date>2018-10-11T16:38:54</date>
  <millis>1539250734012</millis>
  <sequence>1</sequence>
  <level>RUN_DATA</level>
  <class>com.kms.katalon.core.logging.KeywordLogger</class>
  <method>logMessage</method>
  <thread>1</thread>
  <message>Logging run data &amp;apos;hostName&amp;apos; with value &amp;apos;pramudityo.pratanto - ID-L1719.hcg.homecredit.net&amp;apos;</message>
  <nestedLevel>0</nestedLevel>
  <property name="hostName">pramudityo.pratanto - ID-L1719.hcg.homecredit.net</property>
</record>
<record>
  <date>2018-10-11T16:38:54</date>
  <millis>1539250734013</millis>
  <sequence>2</sequence>
  <level>RUN_DATA</level>
  <class>com.kms.katalon.core.logging.KeywordLogger</class>
  <method>logMessage</method>
  <thread>1</thread>
  <message>Logging run data &amp;apos;os&amp;apos; with value &amp;apos;Windows 7 64bit&amp;apos;</message>
  <nestedLevel>0</nestedLevel>
  <property name="os">Windows 7 64bit</property>
</record>
<record>
  <date>2018-10-11T16:38:54</date>
  <millis>1539250734013</millis>
  <sequence>3</sequence>
  <level>RUN_DATA</level>
  <class>com.kms.katalon.core.logging.KeywordLogger</class>
  <method>logMessage</method>
  <thread>1</thread>
  <message>Logging run data &amp;apos;hostAddress&amp;apos; with value &amp;apos;10.58.28.115&amp;apos;</message>
  <nestedLevel>0</nestedLevel>
  <property name="hostAddress">10.58.28.115</property>
</record>
<record>
  <date>2018-10-11T16:38:54</date>
  <millis>1539250734014</millis>
  <sequence>4</sequence>
  <level>RUN_DATA</level>
  <class>com.kms.katalon.core.logging.KeywordLogger</class>
  <method>logMessage</method>
  <thread>1</thread>
  <message>Logging run data &amp;apos;katalonVersion&amp;apos; with value &amp;apos;5.6.0.1&amp;apos;</message>
  <nestedLevel>0</nestedLevel>
  <property name="katalonVersion">5.6.0.1</property>
</record>
<record>
  <date>2018-10-11T16:38:54</date>
  <millis>1539250734394</millis>
  <sequence>5</sequence>
  <level>START</level>
  <class>com.kms.katalon.core.logging.KeywordLogger</class>
  <method>startTest</method>
  <thread>1</thread>
  <message>Start Test Case : Test Cases/Open</message>
  <nestedLevel>1</nestedLevel>
  <property name="name">Test Cases/Open</property>
  <property name="description"></property>
  <property name="id">Test Cases/Open</property>
  <property name="source">C:\\Users\\pramudityo.pratanto\\git\\MobileApp_HomeCredit_Indonesia_2.0\\Test Cases\\Open.tc</property>
  <property name="isOptional">false</property>
</record>
<record>
  <date>2018-10-11T16:38:54</date>
  <millis>1539250734420</millis>
  <sequence>6</sequence>
  <level>INFO</level>
  <class>com.kms.katalon.core.logging.KeywordLogger</class>
  <method>logMessage</method>
  <thread>1</thread>
  <message>Evaluating variables for test case</message>
  <nestedLevel>1</nestedLevel>
</record>
<record>
  <date>2018-10-11T16:38:54</date>
  <millis>1539250734780</millis>
  <sequence>7</sequence>
  <level>START</level>
  <class>com.kms.katalon.core.logging.KeywordLogger</class>
  <method>startKeyword</method>
  <thread>1</thread>
  <message>Start action : startApplication</message>
  <nestedLevel>1</nestedLevel>
  <property name="startLine">22</property>
  <property name="stepIndex">1</property>
</record>
<record>
  <date>2018-10-11T16:38:54</date>
  <millis>1539250734908</millis>
  <sequence>8</sequence>
  <level>INFO</level>
  <class>com.kms.katalon.core.logging.KeywordLogger</class>
  <method>logMessage</method>
  <thread>1</thread>
  <message>Starting app at: &amp;apos;C:\\Users\\pramudityo.pratanto\\Desktop\\Katalon Update\\appv2-development-universal-debug (1).apk&amp;apos;</message>
  <nestedLevel>1</nestedLevel>
</record>
<record>
  <date>2018-10-11T16:38:54</date>
  <millis>1539250734939</millis>
  <sequence>9</sequence>
  <level>INFO</level>
  <class>com.kms.katalon.core.logging.KeywordLogger</class>
  <method>logMessage</method>
  <thread>1</thread>
  <message>User set preference: [&amp;apos;appWaitActivity&amp;apos;, &amp;apos;id.co.homecredit.*&amp;apos;]</message>
  <nestedLevel>1</nestedLevel>
</record>
<record>
  <date>2018-10-11T16:38:54</date>
  <millis>1539250734940</millis>
  <sequence>10</sequence>
  <level>INFO</level>
  <class>com.kms.katalon.core.logging.KeywordLogger</class>
  <method>logMessage</method>
  <thread>1</thread>
  <message>User set preference: [&amp;apos;deviceId&amp;apos;, &amp;apos;&amp;apos;]</message>
  <nestedLevel>1</nestedLevel>
</record>
<record>
  <date>2018-10-11T16:38:59</date>
  <millis>1539250739385</millis>
  <sequence>11</sequence>
  <level>INFO</level>
  <class>com.kms.katalon.core.logging.KeywordLogger</class>
  <method>logMessage</method>
  <thread>1</thread>
  <message>Appium server started on port 62,234</message>
  <nestedLevel>1</nestedLevel>
</record>
<record>
  <date>2018-10-11T16:39:25</date>
  <millis>1539250765529</millis>
  <sequence>13</sequence>
  <level>RUN_DATA</level>
  <class>com.kms.katalon.core.logging.KeywordLogger</class>
  <method>logMessage</method>
  <thread>1</thread>
  <message>Logging run data &amp;apos;appiumVersion&amp;apos; with value &amp;apos;1.8.1&amp;apos;</message>
  <nestedLevel>1</nestedLevel>
  <property name="appiumVersion">1.8.1</property>
</record>
<record>
  <date>2018-10-11T16:39:25</date>
  <millis>1539250765551</millis>
  <sequence>14</sequence>
  <level>RUN_DATA</level>
  <class>com.kms.katalon.core.logging.KeywordLogger</class>
  <method>logMessage</method>
  <thread>1</thread>
  <message>Logging run data &amp;apos;deviceId&amp;apos; with value &amp;apos;J5AXGF00V036ZZZ&amp;apos;</message>
  <nestedLevel>1</nestedLevel>
  <property name="deviceId">J5AXGF00V036ZZZ</property>
</record>
<record>
  <date>2018-10-11T16:39:25</date>
  <millis>1539250765551</millis>
  <sequence>15</sequence>
  <level>RUN_DATA</level>
  <class>com.kms.katalon.core.logging.KeywordLogger</class>
  <method>logMessage</method>
  <thread>1</thread>
  <message>Logging run data &amp;apos;deviceName&amp;apos; with value &amp;apos;asus ASUS_X00TD (Android 8.1.0)&amp;apos;</message>
  <nestedLevel>1</nestedLevel>
  <property name="deviceName">asus ASUS_X00TD (Android 8.1.0)</property>
</record>
<record>
  <date>2018-10-11T16:39:25</date>
  <millis>1539250765552</millis>
  <sequence>16</sequence>
  <level>RUN_DATA</level>
  <class>com.kms.katalon.core.logging.KeywordLogger</class>
  <method>logMessage</method>
  <thread>1</thread>
  <message>Logging run data &amp;apos;deviceModel&amp;apos; with value &amp;apos;ASUS_X00TD&amp;apos;</message>
  <nestedLevel>1</nestedLevel>
  <property name="deviceModel">ASUS_X00TD</property>
</record>
<record>
  <date>2018-10-11T16:39:25</date>
  <millis>1539250765552</millis>
  <sequence>17</sequence>
  <level>RUN_DATA</level>
  <class>com.kms.katalon.core.logging.KeywordLogger</class>
  <method>logMessage</method>
  <thread>1</thread>
  <message>Logging run data &amp;apos;deviceManufacturer&amp;apos; with value &amp;apos;asus&amp;apos;</message>
  <nestedLevel>1</nestedLevel>
  <property name="deviceManufacturer">asus</property>
</record>
<record>
  <date>2018-10-11T16:39:25</date>
  <millis>1539250765553</millis>
  <sequence>18</sequence>
  <level>RUN_DATA</level>
  <class>com.kms.katalon.core.logging.KeywordLogger</class>
  <method>logMessage</method>
  <thread>1</thread>
  <message>Logging run data &amp;apos;deviceOS&amp;apos; with value &amp;apos;Android&amp;apos;</message>
  <nestedLevel>1</nestedLevel>
  <property name="deviceOS">Android</property>
</record>
<record>
  <date>2018-10-11T16:39:25</date>
  <millis>1539250765553</millis>
  <sequence>19</sequence>
  <level>RUN_DATA</level>
  <class>com.kms.katalon.core.logging.KeywordLogger</class>
  <method>logMessage</method>
  <thread>1</thread>
  <message>Logging run data &amp;apos;deviceOSVersion&amp;apos; with value &amp;apos;8.1.0&amp;apos;</message>
  <nestedLevel>1</nestedLevel>
  <property name="deviceOSVersion">8.1.0</property>
</record>
<record>
  <date>2018-10-11T16:39:25</date>
  <millis>1539250765580</millis>
  <sequence>20</sequence>
  <level>PASSED</level>
  <class>com.kms.katalon.core.logging.KeywordLogger</class>
  <method>logMessage</method>
  <thread>1</thread>
  <message>Started app at: &amp;apos;C:\\Users\\pramudityo.pratanto\\Desktop\\Katalon Update\\appv2-development-universal-debug (1).apk&amp;apos;</message>
  <nestedLevel>1</nestedLevel>
</record>
<record>
  <date>2018-10-11T16:39:25</date>
  <millis>1539250765583</millis>
  <sequence>21</sequence>
  <level>END</level>
  <class>com.kms.katalon.core.logging.KeywordLogger</class>
  <method>endKeyword</method>
  <thread>1</thread>
  <message>End action : startApplication</message>
  <nestedLevel>1</nestedLevel>
</record>
<record>
  <date>2018-10-11T16:39:25</date>
  <millis>1539250765583</millis>
  <sequence>22</sequence>
  <level>PASSED</level>
  <class>com.kms.katalon.core.logging.KeywordLogger</class>
  <method>logMessage</method>
  <thread>1</thread>
  <message>Test Cases/Open</message>
  <nestedLevel>1</nestedLevel>
</record>
<record>
  <date>2018-10-11T16:39:25</date>
  <millis>1539250765584</millis>
  <sequence>23</sequence>
  <level>END</level>
  <class>com.kms.katalon.core.logging.KeywordLogger</class>
  <method>endTest</method>
  <thread>1</thread>
  <message>End Test Case : Test Cases/Open</message>
  <nestedLevel>0</nestedLevel>
</record>
<record>
  <date>2018-10-11T16:39:25</date>
  <millis>1539250765589</millis>
  <sequence>24</sequence>
  <level>START</level>
  <class>com.kms.katalon.core.logging.KeywordLogger</class>
  <method>startTest</method>
  <thread>1</thread>
  <message>Start Test Case : Test Cases/DONA Telco</message>
  <nestedLevel>1</nestedLevel>
  <property name="name">Test Cases/DONA Telco</property>
  <property name="description"></property>
  <property name="id">Test Cases/DONA Telco</property>
  <property name="source">C:\\Users\\pramudityo.pratanto\\git\\MobileApp_HomeCredit_Indonesia_2.0\\Test Cases\\DONA Telco.tc</property>
  <property name="isOptional">false</property>
</record>
<record>
  <date>2018-10-11T16:39:25</date>
  <millis>1539250765611</millis>
  <sequence>25</sequence>
  <level>INFO</level>
  <class>com.kms.katalon.core.logging.KeywordLogger</class>
  <method>logMessage</method>
  <thread>1</thread>
  <message>Evaluating variables for test case</message>
  <nestedLevel>1</nestedLevel>
</record>
<record>
  <date>2018-10-11T16:39:25</date>
  <millis>1539250765821</millis>
  <sequence>26</sequence>
  <level>START</level>
  <class>com.kms.katalon.core.logging.KeywordLogger</class>
  <method>startKeyword</method>
  <thread>1</thread>
  <message>Start action : delay</message>
  <nestedLevel>1</nestedLevel>
  <property name="startLine">22</property>
  <property name="stepIndex">1</property>
</record>
<record>
  <date>2018-10-11T16:39:25</date>
  <millis>1539250765878</millis>
  <sequence>27</sequence>
  <level>INFO</level>
  <class>com.kms.katalon.core.logging.KeywordLogger</class>
  <method>logMessage</method>
  <thread>1</thread>
  <message>Delaying browser in 8 second(s)</message>
  <nestedLevel>1</nestedLevel>
</record>
<record>
  <date>2018-10-11T16:39:33</date>
  <millis>1539250773878</millis>
  <sequence>28</sequence>
  <level>PASSED</level>
  <class>com.kms.katalon.core.logging.KeywordLogger</class>
  <method>logMessage</method>
  <thread>1</thread>
  <message>Delayed 8 second(s)</message>
  <nestedLevel>1</nestedLevel>
</record>
<record>
  <date>2018-10-11T16:39:33</date>
  <millis>1539250773881</millis>
  <sequence>29</sequence>
  <level>END</level>
  <class>com.kms.katalon.core.logging.KeywordLogger</class>
  <method>endKeyword</method>
  <thread>1</thread>
  <message>End action : delay</message>
  <nestedLevel>1</nestedLevel>
</record>
<record>
  <date>2018-10-11T16:39:33</date>
  <millis>1539250773882</millis>
  <sequence>30</sequence>
  <level>START</level>
  <class>com.kms.katalon.core.logging.KeywordLogger</class>
  <method>startKeyword</method>
  <thread>1</thread>
  <message>Start action : tap</message>
  <nestedLevel>1</nestedLevel>
  <property name="startLine">24</property>
  <property name="stepIndex">2</property>
</record>
<record>
  <date>2018-10-11T16:39:33</date>
  <millis>1539250773897</millis>
  <sequence>31</sequence>
  <level>INFO</level>
  <class>com.kms.katalon.core.logging.KeywordLogger</class>
  <method>logMessage</method>
  <thread>1</thread>
  <message>Finding Test Object with id &amp;apos;Object Repository/My Home Credit Indonesia/DONA/DONA Telco/android.widget.ImageView5&amp;apos;</message>
  <nestedLevel>1</nestedLevel>
</record>
<record>
  <date>2018-10-11T16:39:33</date>
  <millis>1539250773943</millis>
  <sequence>32</sequence>
  <level>INFO</level>
  <class>com.kms.katalon.core.logging.KeywordLogger</class>
  <method>logMessage</method>
  <thread>1</thread>
  <message>Checking object</message>
  <nestedLevel>1</nestedLevel>
</record>
<record>
  <date>2018-10-11T16:39:33</date>
  <millis>1539250773944</millis>
  <sequence>33</sequence>
  <level>INFO</level>
  <class>com.kms.katalon.core.logging.KeywordLogger</class>
  <method>logMessage</method>
  <thread>1</thread>
  <message>Checking timeout</message>
  <nestedLevel>1</nestedLevel>
</record>
<record>
  <date>2018-10-11T16:39:37</date>
  <millis>1539250777629</millis>
  <sequence>34</sequence>
  <level>PASSED</level>
  <class>com.kms.katalon.core.logging.KeywordLogger</class>
  <method>logMessage</method>
  <thread>1</thread>
  <message>Tapped on element &amp;apos;Object Repository/My Home Credit Indonesia/DONA/DONA Telco/android.widget.ImageView5&amp;apos;</message>
  <nestedLevel>1</nestedLevel>
</record>
<record>
  <date>2018-10-11T16:39:37</date>
  <millis>1539250777631</millis>
  <sequence>35</sequence>
  <level>END</level>
  <class>com.kms.katalon.core.logging.KeywordLogger</class>
  <method>endKeyword</method>
  <thread>1</thread>
  <message>End action : tap</message>
  <nestedLevel>1</nestedLevel>
</record>
<record>
  <date>2018-10-11T16:39:37</date>
  <millis>1539250777632</millis>
  <sequence>36</sequence>
  <level>START</level>
  <class>com.kms.katalon.core.logging.KeywordLogger</class>
  <method>startKeyword</method>
  <thread>1</thread>
  <message>Start action : tap</message>
  <nestedLevel>1</nestedLevel>
  <property name="startLine">26</property>
  <property name="stepIndex">3</property>
</record>
<record>
  <date>2018-10-11T16:39:37</date>
  <millis>1539250777633</millis>
  <sequence>37</sequence>
  <level>INFO</level>
  <class>com.kms.katalon.core.logging.KeywordLogger</class>
  <method>logMessage</method>
  <thread>1</thread>
  <message>Finding Test Object with id &amp;apos;Object Repository/My Home Credit Indonesia/DONA/DONA Telco/android.widget.TextView8 - AJUKAN SEKARANG&amp;apos;</message>
  <nestedLevel>1</nestedLevel>
</record>
<record>
  <date>2018-10-11T16:39:37</date>
  <millis>1539250777654</millis>
  <sequence>38</sequence>
  <level>INFO</level>
  <class>com.kms.katalon.core.logging.KeywordLogger</class>
  <method>logMessage</method>
  <thread>1</thread>
  <message>Checking object</message>
  <nestedLevel>1</nestedLevel>
</record>
<record>
  <date>2018-10-11T16:39:37</date>
  <millis>1539250777655</millis>
  <sequence>39</sequence>
  <level>INFO</level>
  <class>com.kms.katalon.core.logging.KeywordLogger</class>
  <method>logMessage</method>
  <thread>1</thread>
  <message>Checking timeout</message>
  <nestedLevel>1</nestedLevel>
</record>
<record>
  <date>2018-10-11T16:39:41</date>
  <millis>1539250781244</millis>
  <sequence>40</sequence>
  <level>PASSED</level>
  <class>com.kms.katalon.core.logging.KeywordLogger</class>
  <method>logMessage</method>
  <thread>1</thread>
  <message>Tapped on element &amp;apos;Object Repository/My Home Credit Indonesia/DONA/DONA Telco/android.widget.TextView8 - AJUKAN SEKARANG&amp;apos;</message>
  <nestedLevel>1</nestedLevel>
</record>
<record>
  <date>2018-10-11T16:39:41</date>
  <millis>1539250781245</millis>
  <sequence>41</sequence>
  <level>END</level>
  <class>com.kms.katalon.core.logging.KeywordLogger</class>
  <method>endKeyword</method>
  <thread>1</thread>
  <message>End action : tap</message>
  <nestedLevel>1</nestedLevel>
</record>
<record>
  <date>2018-10-11T16:39:41</date>
  <millis>1539250781245</millis>
  <sequence>42</sequence>
  <level>START</level>
  <class>com.kms.katalon.core.logging.KeywordLogger</class>
  <method>startKeyword</method>
  <thread>1</thread>
  <message>Start action : tap</message>
  <nestedLevel>1</nestedLevel>
  <property name="startLine">28</property>
  <property name="stepIndex">4</property>
</record>
<record>
  <date>2018-10-11T16:39:41</date>
  <millis>1539250781246</millis>
  <sequence>43</sequence>
  <level>INFO</level>
  <class>com.kms.katalon.core.logging.KeywordLogger</class>
  <method>logMessage</method>
  <thread>1</thread>
  <message>Finding Test Object with id &amp;apos;Object Repository/My Home Credit Indonesia/DONA/DONA Telco/android.widget.TextView4 - LANJUTKAN&amp;apos;</message>
  <nestedLevel>1</nestedLevel>
</record>
<record>
  <date>2018-10-11T16:39:41</date>
  <millis>1539250781251</millis>
  <sequence>44</sequence>
  <level>INFO</level>
  <class>com.kms.katalon.core.logging.KeywordLogger</class>
  <method>logMessage</method>
  <thread>1</thread>
  <message>Checking object</message>
  <nestedLevel>1</nestedLevel>
</record>
<record>
  <date>2018-10-11T16:39:41</date>
  <millis>1539250781251</millis>
  <sequence>45</sequence>
  <level>INFO</level>
  <class>com.kms.katalon.core.logging.KeywordLogger</class>
  <method>logMessage</method>
  <thread>1</thread>
  <message>Checking timeout</message>
  <nestedLevel>1</nestedLevel>
</record>
<record>
  <date>2018-10-11T16:39:44</date>
  <millis>1539250784010</millis>
  <sequence>46</sequence>
  <level>PASSED</level>
  <class>com.kms.katalon.core.logging.KeywordLogger</class>
  <method>logMessage</method>
  <thread>1</thread>
  <message>Tapped on element &amp;apos;Object Repository/My Home Credit Indonesia/DONA/DONA Telco/android.widget.TextView4 - LANJUTKAN&amp;apos;</message>
  <nestedLevel>1</nestedLevel>
</record>
<record>
  <date>2018-10-11T16:39:44</date>
  <millis>1539250784011</millis>
  <sequence>47</sequence>
  <level>END</level>
  <class>com.kms.katalon.core.logging.KeywordLogger</class>
  <method>endKeyword</method>
  <thread>1</thread>
  <message>End action : tap</message>
  <nestedLevel>1</nestedLevel>
</record>
<record>
  <date>2018-10-11T16:39:44</date>
  <millis>1539250784011</millis>
  <sequence>48</sequence>
  <level>START</level>
  <class>com.kms.katalon.core.logging.KeywordLogger</class>
  <method>startKeyword</method>
  <thread>1</thread>
  <message>Start action : tap</message>
  <nestedLevel>1</nestedLevel>
  <property name="startLine">30</property>
  <property name="stepIndex">5</property>
</record>
<record>
  <date>2018-10-11T16:39:44</date>
  <millis>1539250784012</millis>
  <sequence>49</sequence>
  <level>INFO</level>
  <class>com.kms.katalon.core.logging.KeywordLogger</class>
  <method>logMessage</method>
  <thread>1</thread>
  <message>Finding Test Object with id &amp;apos;Object Repository/My Home Credit Indonesia/DONA/DONA Telco/android.widget.TextView8 - HUBUNGI SAYA LEWAT TELEPON&amp;apos;</message>
  <nestedLevel>1</nestedLevel>
</record>
<record>
  <date>2018-10-11T16:39:44</date>
  <millis>1539250784019</millis>
  <sequence>50</sequence>
  <level>INFO</level>
  <class>com.kms.katalon.core.logging.KeywordLogger</class>
  <method>logMessage</method>
  <thread>1</thread>
  <message>Checking object</message>
  <nestedLevel>1</nestedLevel>
</record>
<record>
  <date>2018-10-11T16:39:44</date>
  <millis>1539250784019</millis>
  <sequence>51</sequence>
  <level>INFO</level>
  <class>com.kms.katalon.core.logging.KeywordLogger</class>
  <method>logMessage</method>
  <thread>1</thread>
  <message>Checking timeout</message>
  <nestedLevel>1</nestedLevel>
</record>
<record>
  <date>2018-10-11T16:39:48</date>
  <millis>1539250788681</millis>
  <sequence>52</sequence>
  <level>PASSED</level>
  <class>com.kms.katalon.core.logging.KeywordLogger</class>
  <method>logMessage</method>
  <thread>1</thread>
  <message>Tapped on element &amp;apos;Object Repository/My Home Credit Indonesia/DONA/DONA Telco/android.widget.TextView8 - HUBUNGI SAYA LEWAT TELEPON&amp;apos;</message>
  <nestedLevel>1</nestedLevel>
</record>
<record>
  <date>2018-10-11T16:39:48</date>
  <millis>1539250788683</millis>
  <sequence>53</sequence>
  <level>END</level>
  <class>com.kms.katalon.core.logging.KeywordLogger</class>
  <method>endKeyword</method>
  <thread>1</thread>
  <message>End action : tap</message>
  <nestedLevel>1</nestedLevel>
</record>
<record>
  <date>2018-10-11T16:39:48</date>
  <millis>1539250788683</millis>
  <sequence>54</sequence>
  <level>START</level>
  <class>com.kms.katalon.core.logging.KeywordLogger</class>
  <method>startKeyword</method>
  <thread>1</thread>
  <message>Start action : setText</message>
  <nestedLevel>1</nestedLevel>
  <property name="startLine">33</property>
  <property name="stepIndex">6</property>
</record>
<record>
  <date>2018-10-11T16:39:48</date>
  <millis>1539250788687</millis>
  <sequence>55</sequence>
  <level>INFO</level>
  <class>com.kms.katalon.core.logging.KeywordLogger</class>
  <method>logMessage</method>
  <thread>1</thread>
  <message>Finding Test Object with id &amp;apos;Object Repository/My Home Credit Indonesia/DONA/DONA Telco/android.widget.EditText0&amp;apos;</message>
  <nestedLevel>1</nestedLevel>
</record>
<record>
  <date>2018-10-11T16:39:48</date>
  <millis>1539250788735</millis>
  <sequence>56</sequence>
  <level>INFO</level>
  <class>com.kms.katalon.core.logging.KeywordLogger</class>
  <method>logMessage</method>
  <thread>1</thread>
  <message>Checking object</message>
  <nestedLevel>1</nestedLevel>
</record>
<record>
  <date>2018-10-11T16:39:48</date>
  <millis>1539250788736</millis>
  <sequence>57</sequence>
  <level>INFO</level>
  <class>com.kms.katalon.core.logging.KeywordLogger</class>
  <method>logMessage</method>
  <thread>1</thread>
  <message>Checking timeout</message>
  <nestedLevel>1</nestedLevel>
</record>
<record>
  <date>2018-10-11T16:39:50</date>
  <millis>1539250790660</millis>
  <sequence>58</sequence>
  <level>PASSED</level>
  <class>com.kms.katalon.core.logging.KeywordLogger</class>
  <method>logMessage</method>
  <thread>1</thread>
  <message>Text &amp;apos;hcis8mobile@gmail.com&amp;apos; has been set to element &amp;apos;Object Repository/My Home Credit Indonesia/DONA/DONA Telco/android.widget.EditText0&amp;apos;</message>
  <nestedLevel>1</nestedLevel>
</record>
<record>
  <date>2018-10-11T16:39:50</date>
  <millis>1539250790661</millis>
  <sequence>59</sequence>
  <level>END</level>
  <class>com.kms.katalon.core.logging.KeywordLogger</class>
  <method>endKeyword</method>
  <thread>1</thread>
  <message>End action : setText</message>
  <nestedLevel>1</nestedLevel>
</record>
<record>
  <date>2018-10-11T16:39:50</date>
  <millis>1539250790663</millis>
  <sequence>60</sequence>
  <level>START</level>
  <class>com.kms.katalon.core.logging.KeywordLogger</class>
  <method>startKeyword</method>
  <thread>1</thread>
  <message>Start action : scrollToText</message>
  <nestedLevel>1</nestedLevel>
  <property name="startLine">36</property>
  <property name="stepIndex">7</property>
</record>
<record>
  <date>2018-10-11T16:39:50</date>
  <millis>1539250790699</millis>
  <sequence>61</sequence>
  <level>INFO</level>
  <class>com.kms.katalon.core.logging.KeywordLogger</class>
  <method>logMessage</method>
  <thread>1</thread>
  <message>Checking text</message>
  <nestedLevel>1</nestedLevel>
</record>
<record>
  <date>2018-10-11T16:39:54</date>
  <millis>1539250794431</millis>
  <sequence>62</sequence>
  <level>PASSED</level>
  <class>com.kms.katalon.core.logging.KeywordLogger</class>
  <method>logMessage</method>
  <thread>1</thread>
  <message>Scrolling to text &amp;apos;HUBUNGI SAYA&amp;apos; successfully</message>
  <nestedLevel>1</nestedLevel>
</record>
<record>
  <date>2018-10-11T16:39:54</date>
  <millis>1539250794561</millis>
  <sequence>63</sequence>
  <level>END</level>
  <class>com.kms.katalon.core.logging.KeywordLogger</class>
  <method>endKeyword</method>
  <thread>1</thread>
  <message>End action : scrollToText</message>
  <nestedLevel>1</nestedLevel>
</record>
<record>
  <date>2018-10-11T16:39:54</date>
  <millis>1539250794561</millis>
  <sequence>64</sequence>
  <level>START</level>
  <class>com.kms.katalon.core.logging.KeywordLogger</class>
  <method>startKeyword</method>
  <thread>1</thread>
  <message>Start action : tap</message>
  <nestedLevel>1</nestedLevel>
  <property name="startLine">38</property>
  <property name="stepIndex">8</property>
</record>
<record>
  <date>2018-10-11T16:39:54</date>
  <millis>1539250794563</millis>
  <sequence>65</sequence>
  <level>INFO</level>
  <class>com.kms.katalon.core.logging.KeywordLogger</class>
  <method>logMessage</method>
  <thread>1</thread>
  <message>Finding Test Object with id &amp;apos;Object Repository/My Home Credit Indonesia/DONA/DONA Telco/android.widget.TextView9 - HUBUNGI SAYA&amp;apos;</message>
  <nestedLevel>1</nestedLevel>
</record>
<record>
  <date>2018-10-11T16:39:54</date>
  <millis>1539250794567</millis>
  <sequence>66</sequence>
  <level>INFO</level>
  <class>com.kms.katalon.core.logging.KeywordLogger</class>
  <method>logMessage</method>
  <thread>1</thread>
  <message>Checking object</message>
  <nestedLevel>1</nestedLevel>
</record>
<record>
  <date>2018-10-11T16:39:54</date>
  <millis>1539250794567</millis>
  <sequence>67</sequence>
  <level>INFO</level>
  <class>com.kms.katalon.core.logging.KeywordLogger</class>
  <method>logMessage</method>
  <thread>1</thread>
  <message>Checking timeout</message>
  <nestedLevel>1</nestedLevel>
</record>
<record>
  <date>2018-10-11T16:39:56</date>
  <millis>1539250796831</millis>
  <sequence>68</sequence>
  <level>PASSED</level>
  <class>com.kms.katalon.core.logging.KeywordLogger</class>
  <method>logMessage</method>
  <thread>1</thread>
  <message>Tapped on element &amp;apos;Object Repository/My Home Credit Indonesia/DONA/DONA Telco/android.widget.TextView9 - HUBUNGI SAYA&amp;apos;</message>
  <nestedLevel>1</nestedLevel>
</record>
<record>
  <date>2018-10-11T16:39:56</date>
  <millis>1539250796833</millis>
  <sequence>69</sequence>
  <level>END</level>
  <class>com.kms.katalon.core.logging.KeywordLogger</class>
  <method>endKeyword</method>
  <thread>1</thread>
  <message>End action : tap</message>
  <nestedLevel>1</nestedLevel>
</record>
<record>
  <date>2018-10-11T16:39:56</date>
  <millis>1539250796833</millis>
  <sequence>70</sequence>
  <level>START</level>
  <class>com.kms.katalon.core.logging.KeywordLogger</class>
  <method>startKeyword</method>
  <thread>1</thread>
  <message>Start action : tap</message>
  <nestedLevel>1</nestedLevel>
  <property name="startLine">40</property>
  <property name="stepIndex">9</property>
</record>
<record>
  <date>2018-10-11T16:39:56</date>
  <millis>1539250796834</millis>
  <sequence>71</sequence>
  <level>INFO</level>
  <class>com.kms.katalon.core.logging.KeywordLogger</class>
  <method>logMessage</method>
  <thread>1</thread>
  <message>Finding Test Object with id &amp;apos;Object Repository/My Home Credit Indonesia/DONA/DONA Telco/android.widget.TextView0 - SELESAI&amp;apos;</message>
  <nestedLevel>1</nestedLevel>
</record>
<record>
  <date>2018-10-11T16:39:56</date>
  <millis>1539250796850</millis>
  <sequence>72</sequence>
  <level>INFO</level>
  <class>com.kms.katalon.core.logging.KeywordLogger</class>
  <method>logMessage</method>
  <thread>1</thread>
  <message>Checking object</message>
  <nestedLevel>1</nestedLevel>
</record>
<record>
  <date>2018-10-11T16:39:56</date>
  <millis>1539250796851</millis>
  <sequence>73</sequence>
  <level>INFO</level>
  <class>com.kms.katalon.core.logging.KeywordLogger</class>
  <method>logMessage</method>
  <thread>1</thread>
  <message>Checking timeout</message>
  <nestedLevel>1</nestedLevel>
</record>
<record>
  <date>2018-10-11T16:39:58</date>
  <millis>1539250798734</millis>
  <sequence>74</sequence>
  <level>PASSED</level>
  <class>com.kms.katalon.core.logging.KeywordLogger</class>
  <method>logMessage</method>
  <thread>1</thread>
  <message>Tapped on element &amp;apos;Object Repository/My Home Credit Indonesia/DONA/DONA Telco/android.widget.TextView0 - SELESAI&amp;apos;</message>
  <nestedLevel>1</nestedLevel>
</record>
<record>
  <date>2018-10-11T16:39:58</date>
  <millis>1539250798735</millis>
  <sequence>75</sequence>
  <level>END</level>
  <class>com.kms.katalon.core.logging.KeywordLogger</class>
  <method>endKeyword</method>
  <thread>1</thread>
  <message>End action : tap</message>
  <nestedLevel>1</nestedLevel>
</record>
<record>
  <date>2018-10-11T16:39:58</date>
  <millis>1539250798736</millis>
  <sequence>76</sequence>
  <level>START</level>
  <class>com.kms.katalon.core.logging.KeywordLogger</class>
  <method>startKeyword</method>
  <thread>1</thread>
  <message>Start action : pressBack</message>
  <nestedLevel>1</nestedLevel>
  <property name="startLine">42</property>
  <property name="stepIndex">10</property>
</record>
<record>
  <date>2018-10-11T16:39:59</date>
  <millis>1539250799321</millis>
  <sequence>77</sequence>
  <level>PASSED</level>
  <class>com.kms.katalon.core.logging.KeywordLogger</class>
  <method>logMessage</method>
  <thread>1</thread>
  <message>Press back button successfully</message>
  <nestedLevel>1</nestedLevel>
</record>
<record>
  <date>2018-10-11T16:39:59</date>
  <millis>1539250799321</millis>
  <sequence>78</sequence>
  <level>END</level>
  <class>com.kms.katalon.core.logging.KeywordLogger</class>
  <method>endKeyword</method>
  <thread>1</thread>
  <message>End action : pressBack</message>
  <nestedLevel>1</nestedLevel>
</record>
<record>
  <date>2018-10-11T16:39:59</date>
  <millis>1539250799322</millis>
  <sequence>79</sequence>
  <level>START</level>
  <class>com.kms.katalon.core.logging.KeywordLogger</class>
  <method>startKeyword</method>
  <thread>1</thread>
  <message>Start action : delay</message>
  <nestedLevel>1</nestedLevel>
  <property name="startLine">44</property>
  <property name="stepIndex">11</property>
</record>
<record>
  <date>2018-10-11T16:39:59</date>
  <millis>1539250799322</millis>
  <sequence>80</sequence>
  <level>INFO</level>
  <class>com.kms.katalon.core.logging.KeywordLogger</class>
  <method>logMessage</method>
  <thread>1</thread>
  <message>Delaying browser in 8 second(s)</message>
  <nestedLevel>1</nestedLevel>
</record>
<record>
  <date>2018-10-11T16:40:07</date>
  <millis>1539250807322</millis>
  <sequence>81</sequence>
  <level>PASSED</level>
  <class>com.kms.katalon.core.logging.KeywordLogger</class>
  <method>logMessage</method>
  <thread>1</thread>
  <message>Delayed 8 second(s)</message>
  <nestedLevel>1</nestedLevel>
</record>
<record>
  <date>2018-10-11T16:40:07</date>
  <millis>1539250807324</millis>
  <sequence>82</sequence>
  <level>END</level>
  <class>com.kms.katalon.core.logging.KeywordLogger</class>
  <method>endKeyword</method>
  <thread>1</thread>
  <message>End action : delay</message>
  <nestedLevel>1</nestedLevel>
</record>
<record>
  <date>2018-10-11T16:40:07</date>
  <millis>1539250807325</millis>
  <sequence>83</sequence>
  <level>PASSED</level>
  <class>com.kms.katalon.core.logging.KeywordLogger</class>
  <method>logMessage</method>
  <thread>1</thread>
  <message>Test Cases/DONA Telco</message>
  <nestedLevel>1</nestedLevel>
</record>
<record>
  <date>2018-10-11T16:40:07</date>
  <millis>1539250807327</millis>
  <sequence>84</sequence>
  <level>END</level>
  <class>com.kms.katalon.core.logging.KeywordLogger</class>
  <method>endTest</method>
  <thread>1</thread>
  <message>End Test Case : Test Cases/DONA Telco</message>
  <nestedLevel>0</nestedLevel>
</record>
<record>
  <date>2018-10-11T16:40:07</date>
  <millis>1539250807980</millis>
  <sequence>85</sequence>
  <level>END</level>
  <class>com.kms.katalon.core.logging.KeywordLogger</class>
  <method>endSuite</method>
  <thread>1</thread>
  <message>End Test Suite : Test Suites/DONA Telco</message>
  <nestedLevel>0</nestedLevel>
</record>
</log>