[35m[Appium][39m Welcome to Appium v1.8.1
[35m[Appium][39m Non-default server args:
[35m[Appium][39m   port: 55294
[35m[Appium][39m   loglevel: info
[35m[Appium][39m   chromeDriverPort: 55295
[35m[Appium][39m   tmpDir: C:\Users\PRAMUD~1.PRA\AppData\Local\Temp\\Katalon\Appium\Temp1541132693923
[35m[Appium][39m Appium REST http interface listener started on 0.0.0.0:55294
[35m[HTTP][39m [37m-->[39m [37mGET[39m [37m/wd/hub/status[39m
[35m[HTTP][39m [90m{}[39m
[35m[HTTP][39m [37m<-- GET /wd/hub/status [39m[32m200[39m [90m15 ms - 83[39m
[35m[HTTP][39m [90m[39m
[35m[HTTP][39m [37m-->[39m [37mPOST[39m [37m/wd/hub/session[39m
[35m[HTTP][39m [90m{"desiredCapabilities":{"app":"C:\\Users\\pramudityo.pratanto\\Desktop\\Katalon Update\\appv2-development-universal-debug (1).apk","appWaitActivity":"id.co.homecredit.*","autoGrantPermissions":true,"automationName":"uiautomator2","deviceId":"","deviceName":"asus ASUS_X00TD (Android 8.1.0)","fullReset":false,"newCommandTimeout":1800,"noReset":true,"platform":"ANDROID","platformName":"Android","udid":"J5AXGF00V036ZZZ"},"capabilities":{"desiredCapabilities":{"app":"C:\\Users\\pramudityo.pratanto\\Desktop\\Katalon Update\\appv2-development-universal-debug (1).apk","appWaitActivity":"id.co.homecredit.*","autoGrantPermissions":true,"automationName":"uiautomator2","deviceId":"","deviceName":"asus ASUS_X00TD (Android 8.1.0)","fullReset":false,"newCommandTimeout":1800,"noReset":true,"platform":"ANDROID","platformName":"Android","udid":"J5AXGF00V036ZZZ"},"firstMatch":[{"platformName":"android"}]}}[39m
[35m[Appium][39m Could not parse W3C capabilities: 'deviceName' can't be blank. Falling back to JSONWP protocol.
[35m[Appium][39m The following capabilities were provided in the JSONWP desired capabilities that are missing in W3C capabilities: ["app","appWaitActivity","autoGrantPermissions","automationName","deviceId","deviceName","fullReset","newCommandTimeout","noReset","platform","platformName","udid"]. Falling back to JSONWP protocol.
[35m[Appium][39m Creating new AndroidUiautomator2Driver (v1.12.0) session
[35m[Appium][39m Capabilities:
[35m[Appium][39m   app: C:\Users\pramudityo.pratanto\Desktop\Katalon Update\appv2-development-universal-debug (1).apk
[35m[Appium][39m   appWaitActivity: id.co.homecredit.*
[35m[Appium][39m   autoGrantPermissions: true
[35m[Appium][39m   automationName: uiautomator2
[35m[Appium][39m   deviceId: 
[35m[Appium][39m   deviceName: asus ASUS_X00TD (Android 8.1.0)
[35m[Appium][39m   fullReset: false
[35m[Appium][39m   newCommandTimeout: 1800
[35m[Appium][39m   noReset: true
[35m[Appium][39m   platform: ANDROID
[35m[Appium][39m   platformName: Android
[35m[Appium][39m   udid: J5AXGF00V036ZZZ
[35m[BaseDriver][39m The following capabilities were provided, but are not recognized by appium: deviceId, platform.
[35m[BaseDriver][39m Session created with session id: f8ee0832-965c-4157-9c5c-219392ff1db2
[35m[BaseDriver][39m Using local app 'C:\Users\pramudityo.pratanto\Desktop\Katalon Update\appv2-development-universal-debug (1).apk'
[35m[AndroidDriver][39m Java version is: 1.8.0_181
[35m[ADB][39m Checking whether adb is present
[35m[ADB][39m Found 2 'build-tools' folders under 'C:\Users\pramudityo.pratanto\.katalon\tools\android_sdk' (newest first):
[35m[ADB][39m     C:/Users/pramudityo.pratanto/.katalon/tools/android_sdk/build-tools/28.0.1
[35m[ADB][39m     C:/Users/pramudityo.pratanto/.katalon/tools/android_sdk/build-tools/25.0.3
[35m[ADB][39m Using adb.exe from C:\Users\pramudityo.pratanto\.katalon\tools\android_sdk\platform-tools\adb.exe
[35m[AndroidDriver][39m Retrieving device list
[35m[AndroidDriver][39m Using device: J5AXGF00V036ZZZ
[35m[ADB][39m Using the alternative activity name detection method because of: Could not find apkanalyzer.bat in C:\Users\pramudityo.pratanto\.katalon\tools\android_sdk\platform-tools\apkanalyzer.bat,C:\Users\pramudityo.pratanto\.katalon\tools\android_sdk\emulator\apkanalyzer.bat,C:\Users\pramudityo.pratanto\.katalon\tools\android_sdk\tools\apkanalyzer.bat,C:\Users\pramudityo.pratanto\.katalon\tools\android_sdk\tools\bin\apkanalyzer.bat,C:\Users\pramudityo.pratanto\.katalon\tools\android_sdk\build-tools\28.0.1\apkanalyzer.bat,C:\Users\pramudityo.pratanto\.katalon\tools\android_sdk\build-tools\25.0.3\apkanalyzer.bat. Do you have the Android SDK installed at 'C:\Users\pramudityo.pratanto\.katalon\tools\android_sdk'?
[35m[ADB][39m Checking whether aapt is present
[35m[ADB][39m Using aapt.exe from C:\Users\pramudityo.pratanto\.katalon\tools\android_sdk\build-tools\25.0.3\aapt.exe
[35m[ADB][39m Extracting package and launch activity from manifest
[35m[ADB][39m Package name: 'id.co.myhomecredit.dev'
[35m[ADB][39m Main activity name: 'id.co.homecredit.v2.launcherpage.LauncherActivity'
[35m[ADB][39m Getting device platform version
[35m[ADB][39m Using apksigner.bat from C:\Users\pramudityo.pratanto\.katalon\tools\android_sdk\build-tools\25.0.3\apksigner.bat
[35m[ADB][39m Checking whether zipalign is present
[35m[ADB][39m Using zipalign.exe from C:\Users\pramudityo.pratanto\.katalon\tools\android_sdk\build-tools\25.0.3\zipalign.exe
[35m[ADB][39m io.appium.uiautomator2.server was successfully uninstalled
[35m[ADB][39m io.appium.uiautomator2.server.test was successfully uninstalled
[35m[AndroidDriver][39m setDeviceLanguageCountry requires language or country.
[35m[AndroidDriver][39m Got language: 'null' and country: 'null'
[35m[ADB][39m Successfully extracted 1077 strings from 'C:\Users\pramudityo.pratanto\Desktop\Katalon Update\appv2-development-universal-debug (1).apk' resources for '(default)' configuration
[35m[UiAutomator2][39m Starting uiautomator2 server 1.12.0
[35m[UiAutomator2][39m Using UIAutomator2 server from 'C:\Users\pramudityo.pratanto\AppData\Roaming\npm\node_modules\appium\node_modules\appium-uiautomator2-server\apks\appium-uiautomator2-server-v1.12.0.apk' and test from 'C:\Users\pramudityo.pratanto\AppData\Roaming\npm\node_modules\appium\node_modules\appium-uiautomator2-server\apks\appium-uiautomator2-server-debug-androidTest.apk'
[35m[UiAutomator2][39m Running command: 'adb -s J5AXGF00V036ZZZ shell am instrument -w io.appium.uiautomator2.server.test/android.support.test.runner.AndroidJUnitRunner'
[35m[UiAutomator2][39m Waiting up to 20000ms for UiAutomator2 to be online...
[35m[AndroidDriver][39m Screen already unlocked, doing nothing
[35m[UiAutomator2][39m UiAutomator2 did not start the activity we were waiting for, 'id.co.myhomecredit.dev/id.co.homecredit.*'. Starting it ourselves
[35m[Appium][39m New AndroidUiautomator2Driver session created successfully, session f8ee0832-965c-4157-9c5c-219392ff1db2 added to master session list
[35m[HTTP][39m [37m<-- POST /wd/hub/session [39m[32m200[39m [90m25550 ms - 1359[39m
[35m[HTTP][39m [90m[39m
[35m[HTTP][39m [37m-->[39m [37mGET[39m [37m/wd/hub/status[39m
[35m[HTTP][39m [90m{}[39m
[35m[HTTP][39m [37m<-- GET /wd/hub/status [39m[32m200[39m [90m10 ms - 55[39m
[35m[HTTP][39m [90m[39m
[35m[HTTP][39m [37m-->[39m [37mPOST[39m [37m/wd/hub/session/f8ee0832-965c-4157-9c5c-219392ff1db2/timeouts[39m
[35m[HTTP][39m [90m{"type":"implicit","ms":60000}[39m
[35m[HTTP][39m [37m<-- POST /wd/hub/session/f8ee0832-965c-4157-9c5c-219392ff1db2/timeouts [39m[33m400[39m [90m20 ms - 5756[39m
[35m[HTTP][39m [90m[39m
[35m[HTTP][39m [37m-->[39m [37mGET[39m [37m/wd/hub/session/f8ee0832-965c-4157-9c5c-219392ff1db2/window/current/size[39m
[35m[HTTP][39m [90m{}[39m
[35m[W3C][39m Driver proxy active, passing request on via HTTP proxy
[35m[JSONWP Proxy][39m Replacing sessionId f1ac3d06-33cc-4d0b-9084-e725557371cc with f8ee0832-965c-4157-9c5c-219392ff1db2
[35m[HTTP][39m [37m<-- GET /wd/hub/session/f8ee0832-965c-4157-9c5c-219392ff1db2/window/current/size [39m[32m200[39m [90m79 ms - 100[39m
[35m[HTTP][39m [90m[39m
[35m[HTTP][39m [37m-->[39m [37mPOST[39m [37m/wd/hub/session/f8ee0832-965c-4157-9c5c-219392ff1db2/elements[39m
[35m[HTTP][39m [90m{"using":"-android uiautomator","value":"new UiSelector().className(\"android.widget.ImageView\").resourceId(\"id.co.myhomecredit.dev:id/promo_image\").instance(5)"}[39m
[35m[HTTP][39m [37m<-- POST /wd/hub/session/f8ee0832-965c-4157-9c5c-219392ff1db2/elements [39m[32m200[39m [90m1624 ms - 175[39m
[35m[HTTP][39m [90m[39m
[35m[HTTP][39m [37m-->[39m [37mGET[39m [37m/wd/hub/session/f8ee0832-965c-4157-9c5c-219392ff1db2[39m
[35m[HTTP][39m [90m{}[39m
[35m[HTTP][39m [37m<-- GET /wd/hub/session/f8ee0832-965c-4157-9c5c-219392ff1db2 [39m[32m200[39m [90m63 ms - 1359[39m
[35m[HTTP][39m [90m[39m
[35m[HTTP][39m [37m-->[39m [37mGET[39m [37m/wd/hub/session/f8ee0832-965c-4157-9c5c-219392ff1db2[39m
[35m[HTTP][39m [90m{}[39m
[35m[HTTP][39m [37m<-- GET /wd/hub/session/f8ee0832-965c-4157-9c5c-219392ff1db2 [39m[32m200[39m [90m35 ms - 1359[39m
[35m[HTTP][39m [90m[39m
[35m[HTTP][39m [37m-->[39m [37mGET[39m [37m/wd/hub/session/f8ee0832-965c-4157-9c5c-219392ff1db2[39m
[35m[HTTP][39m [90m{}[39m
[35m[HTTP][39m [37m<-- GET /wd/hub/session/f8ee0832-965c-4157-9c5c-219392ff1db2 [39m[32m200[39m [90m36 ms - 1359[39m
[35m[HTTP][39m [90m[39m
[35m[HTTP][39m [37m-->[39m [37mGET[39m [37m/wd/hub/session/f8ee0832-965c-4157-9c5c-219392ff1db2[39m
[35m[HTTP][39m [90m{}[39m
[35m[HTTP][39m [37m<-- GET /wd/hub/session/f8ee0832-965c-4157-9c5c-219392ff1db2 [39m[32m200[39m [90m37 ms - 1359[39m
[35m[HTTP][39m [90m[39m
[35m[HTTP][39m [37m-->[39m [37mGET[39m [37m/wd/hub/session/f8ee0832-965c-4157-9c5c-219392ff1db2[39m
[35m[HTTP][39m [90m{}[39m
[35m[HTTP][39m [37m<-- GET /wd/hub/session/f8ee0832-965c-4157-9c5c-219392ff1db2 [39m[32m200[39m [90m52 ms - 1359[39m
[35m[HTTP][39m [90m[39m
[35m[HTTP][39m [37m-->[39m [37mGET[39m [37m/wd/hub/session/f8ee0832-965c-4157-9c5c-219392ff1db2[39m
[35m[HTTP][39m [90m{}[39m
[35m[HTTP][39m [37m<-- GET /wd/hub/session/f8ee0832-965c-4157-9c5c-219392ff1db2 [39m[32m200[39m [90m31 ms - 1359[39m
[35m[HTTP][39m [90m[39m
[35m[HTTP][39m [37m-->[39m [37mGET[39m [37m/wd/hub/session/f8ee0832-965c-4157-9c5c-219392ff1db2[39m
[35m[HTTP][39m [90m{}[39m
[35m[HTTP][39m [37m<-- GET /wd/hub/session/f8ee0832-965c-4157-9c5c-219392ff1db2 [39m[32m200[39m [90m45 ms - 1359[39m
[35m[HTTP][39m [90m[39m
[35m[HTTP][39m [37m-->[39m [37mGET[39m [37m/wd/hub/session/f8ee0832-965c-4157-9c5c-219392ff1db2[39m
[35m[HTTP][39m [90m{}[39m
[35m[HTTP][39m [37m<-- GET /wd/hub/session/f8ee0832-965c-4157-9c5c-219392ff1db2 [39m[32m200[39m [90m31 ms - 1359[39m
[35m[HTTP][39m [90m[39m
[35m[HTTP][39m [37m-->[39m [37mGET[39m [37m/wd/hub/session/f8ee0832-965c-4157-9c5c-219392ff1db2/element/2584c910-adae-4b1b-90f1-b640a954d749/location[39m
[35m[HTTP][39m [90m{}[39m
[35m[W3C][39m Driver proxy active, passing request on via HTTP proxy
[35m[JSONWP Proxy][39m Replacing sessionId f1ac3d06-33cc-4d0b-9084-e725557371cc with f8ee0832-965c-4157-9c5c-219392ff1db2
[35m[HTTP][39m [37m<-- GET /wd/hub/session/f8ee0832-965c-4157-9c5c-219392ff1db2/element/2584c910-adae-4b1b-90f1-b640a954d749/location [39m[32m200[39m [90m83 ms - 87[39m
[35m[HTTP][39m [90m[39m
[35m[HTTP][39m [37m-->[39m [37mPOST[39m [37m/wd/hub/session/f8ee0832-965c-4157-9c5c-219392ff1db2/touch/perform[39m
[35m[HTTP][39m [90m{"actions":[{"action":"tap","options":{"element":"2584c910-adae-4b1b-90f1-b640a954d749","x":1,"y":1}}]}[39m
[35m[UiAutomator2][39m calling get location: 2584c910-adae-4b1b-90f1-b640a954d749
[35m[HTTP][39m [37m<-- POST /wd/hub/session/f8ee0832-965c-4157-9c5c-219392ff1db2/touch/perform [39m[32m200[39m [90m1629 ms - 76[39m
[35m[HTTP][39m [90m[39m
[35m[HTTP][39m [37m-->[39m [37mGET[39m [37m/wd/hub/session/f8ee0832-965c-4157-9c5c-219392ff1db2/window/current/size[39m
[35m[HTTP][39m [90m{}[39m
[35m[W3C][39m Driver proxy active, passing request on via HTTP proxy
[35m[JSONWP Proxy][39m Replacing sessionId f1ac3d06-33cc-4d0b-9084-e725557371cc with f8ee0832-965c-4157-9c5c-219392ff1db2
[35m[HTTP][39m [37m<-- GET /wd/hub/session/f8ee0832-965c-4157-9c5c-219392ff1db2/window/current/size [39m[32m200[39m [90m50 ms - 100[39m
[35m[HTTP][39m [90m[39m
[35m[HTTP][39m [37m-->[39m [37mPOST[39m [37m/wd/hub/session/f8ee0832-965c-4157-9c5c-219392ff1db2/elements[39m
[35m[HTTP][39m [90m{"using":"-android uiautomator","value":"new UiSelector().className(\"android.widget.TextView\").text(\"AJUKAN SEKARANG\").resourceId(\"id.co.myhomecredit.dev:id/tv_dona_start\").instance(8)"}[39m
[35m[HTTP][39m [37m<-- POST /wd/hub/session/f8ee0832-965c-4157-9c5c-219392ff1db2/elements [39m[32m200[39m [90m129 ms - 124[39m
[35m[HTTP][39m [90m[39m
[35m[HTTP][39m [37m-->[39m [37mGET[39m [37m/wd/hub/session/f8ee0832-965c-4157-9c5c-219392ff1db2[39m
[35m[HTTP][39m [90m{}[39m
[35m[HTTP][39m [37m<-- GET /wd/hub/session/f8ee0832-965c-4157-9c5c-219392ff1db2 [39m[32m200[39m [90m49 ms - 1359[39m
[35m[HTTP][39m [90m[39m
[35m[HTTP][39m [37m-->[39m [37mGET[39m [37m/wd/hub/session/f8ee0832-965c-4157-9c5c-219392ff1db2[39m
[35m[HTTP][39m [90m{}[39m
[35m[HTTP][39m [37m<-- GET /wd/hub/session/f8ee0832-965c-4157-9c5c-219392ff1db2 [39m[32m200[39m [90m34 ms - 1359[39m
[35m[HTTP][39m [90m[39m
[35m[HTTP][39m [37m-->[39m [37mGET[39m [37m/wd/hub/session/f8ee0832-965c-4157-9c5c-219392ff1db2[39m
[35m[HTTP][39m [90m{}[39m
[35m[HTTP][39m [37m<-- GET /wd/hub/session/f8ee0832-965c-4157-9c5c-219392ff1db2 [39m[32m200[39m [90m30 ms - 1359[39m
[35m[HTTP][39m [90m[39m
[35m[HTTP][39m [37m-->[39m [37mGET[39m [37m/wd/hub/session/f8ee0832-965c-4157-9c5c-219392ff1db2[39m
[35m[HTTP][39m [90m{}[39m
[35m[HTTP][39m [37m<-- GET /wd/hub/session/f8ee0832-965c-4157-9c5c-219392ff1db2 [39m[32m200[39m [90m26 ms - 1359[39m
[35m[HTTP][39m [90m[39m
[35m[HTTP][39m [37m-->[39m [37mGET[39m [37m/wd/hub/session/f8ee0832-965c-4157-9c5c-219392ff1db2/element/4fa21d8c-1e1d-4d3c-9d9b-607aa44238d4/location[39m
[35m[HTTP][39m [90m{}[39m
[35m[W3C][39m Driver proxy active, passing request on via HTTP proxy
[35m[JSONWP Proxy][39m Replacing sessionId f1ac3d06-33cc-4d0b-9084-e725557371cc with f8ee0832-965c-4157-9c5c-219392ff1db2
[35m[HTTP][39m [37m<-- GET /wd/hub/session/f8ee0832-965c-4157-9c5c-219392ff1db2/element/4fa21d8c-1e1d-4d3c-9d9b-607aa44238d4/location [39m[32m200[39m [90m58 ms - 89[39m
[35m[HTTP][39m [90m[39m
[35m[HTTP][39m [37m-->[39m [37mPOST[39m [37m/wd/hub/session/f8ee0832-965c-4157-9c5c-219392ff1db2/touch/perform[39m
[35m[HTTP][39m [90m{"actions":[{"action":"tap","options":{"element":"4fa21d8c-1e1d-4d3c-9d9b-607aa44238d4","x":1,"y":1}}]}[39m
[35m[UiAutomator2][39m calling get location: 4fa21d8c-1e1d-4d3c-9d9b-607aa44238d4
[35m[HTTP][39m [37m<-- POST /wd/hub/session/f8ee0832-965c-4157-9c5c-219392ff1db2/touch/perform [39m[32m200[39m [90m2211 ms - 76[39m
[35m[HTTP][39m [90m[39m
[35m[HTTP][39m [37m-->[39m [37mGET[39m [37m/wd/hub/session/f8ee0832-965c-4157-9c5c-219392ff1db2/window/current/size[39m
[35m[HTTP][39m [90m{}[39m
[35m[W3C][39m Driver proxy active, passing request on via HTTP proxy
[35m[JSONWP Proxy][39m Replacing sessionId f1ac3d06-33cc-4d0b-9084-e725557371cc with f8ee0832-965c-4157-9c5c-219392ff1db2
[35m[HTTP][39m [37m<-- GET /wd/hub/session/f8ee0832-965c-4157-9c5c-219392ff1db2/window/current/size [39m[32m200[39m [90m75 ms - 100[39m
[35m[HTTP][39m [90m[39m
[35m[HTTP][39m [37m-->[39m [37mPOST[39m [37m/wd/hub/session/f8ee0832-965c-4157-9c5c-219392ff1db2/elements[39m
[35m[HTTP][39m [90m{"using":"-android uiautomator","value":"new UiSelector().className(\"android.widget.TextView\").text(\"LANJUTKAN\").resourceId(\"id.co.myhomecredit.dev:id/btn_next_opf\").instance(4)"}[39m
[35m[HTTP][39m [37m<-- POST /wd/hub/session/f8ee0832-965c-4157-9c5c-219392ff1db2/elements [39m[32m200[39m [90m78 ms - 74[39m
[35m[HTTP][39m [90m[39m
[35m[HTTP][39m [37m-->[39m [37mPOST[39m [37m/wd/hub/session/f8ee0832-965c-4157-9c5c-219392ff1db2/elements[39m
[35m[HTTP][39m [90m{"using":"-android uiautomator","value":"new UiSelector().className(\"android.widget.TextView\").text(\"LANJUTKAN\").resourceId(\"id.co.myhomecredit.dev:id/btn_next_opf\").instance(4)"}[39m
[35m[HTTP][39m [37m<-- POST /wd/hub/session/f8ee0832-965c-4157-9c5c-219392ff1db2/elements [39m[32m200[39m [90m74 ms - 74[39m
[35m[HTTP][39m [90m[39m
[35m[HTTP][39m [37m-->[39m [37mPOST[39m [37m/wd/hub/session/f8ee0832-965c-4157-9c5c-219392ff1db2/elements[39m
[35m[HTTP][39m [90m{"using":"-android uiautomator","value":"new UiSelector().className(\"android.widget.TextView\").text(\"LANJUTKAN\").resourceId(\"id.co.myhomecredit.dev:id/btn_next_opf\").instance(4)"}[39m
[35m[HTTP][39m [37m<-- POST /wd/hub/session/f8ee0832-965c-4157-9c5c-219392ff1db2/elements [39m[32m200[39m [90m58 ms - 74[39m
[35m[HTTP][39m [90m[39m
[35m[HTTP][39m [37m-->[39m [37mPOST[39m [37m/wd/hub/session/f8ee0832-965c-4157-9c5c-219392ff1db2/elements[39m
[35m[HTTP][39m [90m{"using":"-android uiautomator","value":"new UiSelector().className(\"android.widget.TextView\").text(\"LANJUTKAN\").resourceId(\"id.co.myhomecredit.dev:id/btn_next_opf\").instance(4)"}[39m
[35m[HTTP][39m [37m<-- POST /wd/hub/session/f8ee0832-965c-4157-9c5c-219392ff1db2/elements [39m[32m200[39m [90m312 ms - 74[39m
[35m[HTTP][39m [90m[39m
[35m[HTTP][39m [37m-->[39m [37mPOST[39m [37m/wd/hub/session/f8ee0832-965c-4157-9c5c-219392ff1db2/elements[39m
[35m[HTTP][39m [90m{"using":"-android uiautomator","value":"new UiSelector().className(\"android.widget.TextView\").text(\"LANJUTKAN\").resourceId(\"id.co.myhomecredit.dev:id/btn_next_opf\").instance(4)"}[39m
[35m[HTTP][39m [37m<-- POST /wd/hub/session/f8ee0832-965c-4157-9c5c-219392ff1db2/elements [39m[32m200[39m [90m392 ms - 74[39m
[35m[HTTP][39m [90m[39m
[35m[HTTP][39m [37m-->[39m [37mPOST[39m [37m/wd/hub/session/f8ee0832-965c-4157-9c5c-219392ff1db2/elements[39m
[35m[HTTP][39m [90m{"using":"-android uiautomator","value":"new UiSelector().className(\"android.widget.TextView\").text(\"LANJUTKAN\").resourceId(\"id.co.myhomecredit.dev:id/btn_next_opf\").instance(4)"}[39m
[35m[HTTP][39m [37m<-- POST /wd/hub/session/f8ee0832-965c-4157-9c5c-219392ff1db2/elements [39m[32m200[39m [90m60 ms - 74[39m
[35m[HTTP][39m [90m[39m
[35m[HTTP][39m [37m-->[39m [37mPOST[39m [37m/wd/hub/session/f8ee0832-965c-4157-9c5c-219392ff1db2/elements[39m
[35m[HTTP][39m [90m{"using":"-android uiautomator","value":"new UiSelector().className(\"android.widget.TextView\").text(\"LANJUTKAN\").resourceId(\"id.co.myhomecredit.dev:id/btn_next_opf\").instance(4)"}[39m
[35m[HTTP][39m [37m<-- POST /wd/hub/session/f8ee0832-965c-4157-9c5c-219392ff1db2/elements [39m[32m200[39m [90m62 ms - 74[39m
[35m[HTTP][39m [90m[39m
[35m[HTTP][39m [37m-->[39m [37mPOST[39m [37m/wd/hub/session/f8ee0832-965c-4157-9c5c-219392ff1db2/elements[39m
[35m[HTTP][39m [90m{"using":"-android uiautomator","value":"new UiSelector().className(\"android.widget.TextView\").text(\"LANJUTKAN\").resourceId(\"id.co.myhomecredit.dev:id/btn_next_opf\").instance(4)"}[39m
[35m[HTTP][39m [37m<-- POST /wd/hub/session/f8ee0832-965c-4157-9c5c-219392ff1db2/elements [39m[32m200[39m [90m51 ms - 74[39m
[35m[HTTP][39m [90m[39m
[35m[HTTP][39m [37m-->[39m [37mPOST[39m [37m/wd/hub/session/f8ee0832-965c-4157-9c5c-219392ff1db2/elements[39m
[35m[HTTP][39m [90m{"using":"-android uiautomator","value":"new UiSelector().className(\"android.widget.TextView\").text(\"LANJUTKAN\").resourceId(\"id.co.myhomecredit.dev:id/btn_next_opf\").instance(4)"}[39m
[35m[HTTP][39m [37m<-- POST /wd/hub/session/f8ee0832-965c-4157-9c5c-219392ff1db2/elements [39m[32m200[39m [90m50 ms - 74[39m
[35m[HTTP][39m [90m[39m
[35m[HTTP][39m [37m-->[39m [37mPOST[39m [37m/wd/hub/session/f8ee0832-965c-4157-9c5c-219392ff1db2/elements[39m
[35m[HTTP][39m [90m{"using":"-android uiautomator","value":"new UiSelector().className(\"android.widget.TextView\").text(\"LANJUTKAN\").resourceId(\"id.co.myhomecredit.dev:id/btn_next_opf\").instance(4)"}[39m
[35m[HTTP][39m [37m<-- POST /wd/hub/session/f8ee0832-965c-4157-9c5c-219392ff1db2/elements [39m[32m200[39m [90m65 ms - 74[39m
[35m[HTTP][39m [90m[39m
[35m[HTTP][39m [37m-->[39m [37mPOST[39m [37m/wd/hub/session/f8ee0832-965c-4157-9c5c-219392ff1db2/elements[39m
[35m[HTTP][39m [90m{"using":"-android uiautomator","value":"new UiSelector().className(\"android.widget.TextView\").text(\"LANJUTKAN\").resourceId(\"id.co.myhomecredit.dev:id/btn_next_opf\").instance(4)"}[39m
[35m[HTTP][39m [37m<-- POST /wd/hub/session/f8ee0832-965c-4157-9c5c-219392ff1db2/elements [39m[32m200[39m [90m74 ms - 74[39m
[35m[HTTP][39m [90m[39m
[35m[HTTP][39m [37m-->[39m [37mPOST[39m [37m/wd/hub/session/f8ee0832-965c-4157-9c5c-219392ff1db2/elements[39m
[35m[HTTP][39m [90m{"using":"-android uiautomator","value":"new UiSelector().className(\"android.widget.TextView\").text(\"LANJUTKAN\").resourceId(\"id.co.myhomecredit.dev:id/btn_next_opf\").instance(4)"}[39m
[35m[HTTP][39m [37m<-- POST /wd/hub/session/f8ee0832-965c-4157-9c5c-219392ff1db2/elements [39m[32m200[39m [90m57 ms - 74[39m
[35m[HTTP][39m [90m[39m
[35m[HTTP][39m [37m-->[39m [37mPOST[39m [37m/wd/hub/session/f8ee0832-965c-4157-9c5c-219392ff1db2/elements[39m
[35m[HTTP][39m [90m{"using":"-android uiautomator","value":"new UiSelector().className(\"android.widget.TextView\").text(\"LANJUTKAN\").resourceId(\"id.co.myhomecredit.dev:id/btn_next_opf\").instance(4)"}[39m
[35m[HTTP][39m [37m<-- POST /wd/hub/session/f8ee0832-965c-4157-9c5c-219392ff1db2/elements [39m[32m200[39m [90m77 ms - 74[39m
[35m[HTTP][39m [90m[39m
[35m[HTTP][39m [37m-->[39m [37mPOST[39m [37m/wd/hub/session/f8ee0832-965c-4157-9c5c-219392ff1db2/elements[39m
[35m[HTTP][39m [90m{"using":"-android uiautomator","value":"new UiSelector().className(\"android.widget.TextView\").text(\"LANJUTKAN\").resourceId(\"id.co.myhomecredit.dev:id/btn_next_opf\").instance(4)"}[39m
[35m[HTTP][39m [37m<-- POST /wd/hub/session/f8ee0832-965c-4157-9c5c-219392ff1db2/elements [39m[32m200[39m [90m87 ms - 74[39m
[35m[HTTP][39m [90m[39m
[35m[HTTP][39m [37m-->[39m [37mPOST[39m [37m/wd/hub/session/f8ee0832-965c-4157-9c5c-219392ff1db2/elements[39m
[35m[HTTP][39m [90m{"using":"-android uiautomator","value":"new UiSelector().className(\"android.widget.TextView\").text(\"LANJUTKAN\").resourceId(\"id.co.myhomecredit.dev:id/btn_next_opf\").instance(4)"}[39m
[35m[HTTP][39m [37m<-- POST /wd/hub/session/f8ee0832-965c-4157-9c5c-219392ff1db2/elements [39m[32m200[39m [90m68 ms - 74[39m
[35m[HTTP][39m [90m[39m
[35m[HTTP][39m [37m-->[39m [37mPOST[39m [37m/wd/hub/session/f8ee0832-965c-4157-9c5c-219392ff1db2/elements[39m
[35m[HTTP][39m [90m{"using":"-android uiautomator","value":"new UiSelector().className(\"android.widget.TextView\").text(\"LANJUTKAN\").resourceId(\"id.co.myhomecredit.dev:id/btn_next_opf\").instance(4)"}[39m
[35m[HTTP][39m [37m<-- POST /wd/hub/session/f8ee0832-965c-4157-9c5c-219392ff1db2/elements [39m[32m200[39m [90m66 ms - 74[39m
[35m[HTTP][39m [90m[39m
[35m[HTTP][39m [37m-->[39m [37mPOST[39m [37m/wd/hub/session/f8ee0832-965c-4157-9c5c-219392ff1db2/elements[39m
[35m[HTTP][39m [90m{"using":"-android uiautomator","value":"new UiSelector().className(\"android.widget.TextView\").text(\"LANJUTKAN\").resourceId(\"id.co.myhomecredit.dev:id/btn_next_opf\").instance(4)"}[39m
[35m[HTTP][39m [37m<-- POST /wd/hub/session/f8ee0832-965c-4157-9c5c-219392ff1db2/elements [39m[32m200[39m [90m365 ms - 74[39m
[35m[HTTP][39m [90m[39m
[35m[HTTP][39m [37m-->[39m [37mPOST[39m [37m/wd/hub/session/f8ee0832-965c-4157-9c5c-219392ff1db2/elements[39m
[35m[HTTP][39m [90m{"using":"-android uiautomator","value":"new UiSelector().className(\"android.widget.TextView\").text(\"LANJUTKAN\").resourceId(\"id.co.myhomecredit.dev:id/btn_next_opf\").instance(4)"}[39m
[35m[HTTP][39m [37m<-- POST /wd/hub/session/f8ee0832-965c-4157-9c5c-219392ff1db2/elements [39m[32m200[39m [90m1022 ms - 124[39m
[35m[HTTP][39m [90m[39m
[35m[HTTP][39m [37m-->[39m [37mGET[39m [37m/wd/hub/session/f8ee0832-965c-4157-9c5c-219392ff1db2[39m
[35m[HTTP][39m [90m{}[39m
[35m[HTTP][39m [37m<-- GET /wd/hub/session/f8ee0832-965c-4157-9c5c-219392ff1db2 [39m[32m200[39m [90m29 ms - 1359[39m
[35m[HTTP][39m [90m[39m
[35m[HTTP][39m [37m-->[39m [37mGET[39m [37m/wd/hub/session/f8ee0832-965c-4157-9c5c-219392ff1db2[39m
[35m[HTTP][39m [90m{}[39m
[35m[HTTP][39m [37m<-- GET /wd/hub/session/f8ee0832-965c-4157-9c5c-219392ff1db2 [39m[32m200[39m [90m28 ms - 1359[39m
[35m[HTTP][39m [90m[39m
[35m[HTTP][39m [37m-->[39m [37mGET[39m [37m/wd/hub/session/f8ee0832-965c-4157-9c5c-219392ff1db2[39m
[35m[HTTP][39m [90m{}[39m
[35m[HTTP][39m [37m<-- GET /wd/hub/session/f8ee0832-965c-4157-9c5c-219392ff1db2 [39m[32m200[39m [90m27 ms - 1359[39m
[35m[HTTP][39m [90m[39m
[35m[HTTP][39m [37m-->[39m [37mGET[39m [37m/wd/hub/session/f8ee0832-965c-4157-9c5c-219392ff1db2[39m
[35m[HTTP][39m [90m{}[39m
[35m[HTTP][39m [37m<-- GET /wd/hub/session/f8ee0832-965c-4157-9c5c-219392ff1db2 [39m[32m200[39m [90m35 ms - 1359[39m
[35m[HTTP][39m [90m[39m
[35m[HTTP][39m [37m-->[39m [37mGET[39m [37m/wd/hub/session/f8ee0832-965c-4157-9c5c-219392ff1db2/element/9d896db7-4a22-41b4-9135-47b60739932a/location[39m
[35m[HTTP][39m [90m{}[39m
[35m[W3C][39m Driver proxy active, passing request on via HTTP proxy
[35m[JSONWP Proxy][39m Replacing sessionId f1ac3d06-33cc-4d0b-9084-e725557371cc with f8ee0832-965c-4157-9c5c-219392ff1db2
[35m[HTTP][39m [37m<-- GET /wd/hub/session/f8ee0832-965c-4157-9c5c-219392ff1db2/element/9d896db7-4a22-41b4-9135-47b60739932a/location [39m[32m200[39m [90m48 ms - 89[39m
[35m[HTTP][39m [90m[39m
[35m[HTTP][39m [37m-->[39m [37mPOST[39m [37m/wd/hub/session/f8ee0832-965c-4157-9c5c-219392ff1db2/touch/perform[39m
[35m[HTTP][39m [90m{"actions":[{"action":"tap","options":{"element":"9d896db7-4a22-41b4-9135-47b60739932a","x":1,"y":1}}]}[39m
[35m[UiAutomator2][39m calling get location: 9d896db7-4a22-41b4-9135-47b60739932a
[35m[HTTP][39m [37m<-- POST /wd/hub/session/f8ee0832-965c-4157-9c5c-219392ff1db2/touch/perform [39m[32m200[39m [90m2315 ms - 76[39m
[35m[HTTP][39m [90m[39m
[35m[HTTP][39m [37m-->[39m [37mGET[39m [37m/wd/hub/session/f8ee0832-965c-4157-9c5c-219392ff1db2/window/current/size[39m
[35m[HTTP][39m [90m{}[39m
[35m[W3C][39m Driver proxy active, passing request on via HTTP proxy
[35m[JSONWP Proxy][39m Replacing sessionId f1ac3d06-33cc-4d0b-9084-e725557371cc with f8ee0832-965c-4157-9c5c-219392ff1db2
[35m[HTTP][39m [37m<-- GET /wd/hub/session/f8ee0832-965c-4157-9c5c-219392ff1db2/window/current/size [39m[32m200[39m [90m57 ms - 100[39m
[35m[HTTP][39m [90m[39m
[35m[HTTP][39m [37m-->[39m [37mPOST[39m [37m/wd/hub/session/f8ee0832-965c-4157-9c5c-219392ff1db2/elements[39m
[35m[HTTP][39m [90m{"using":"-android uiautomator","value":"new UiSelector().className(\"android.widget.TextView\").text(\"HUBUNGI SAYA LEWAT TELEPON\").resourceId(\"id.co.myhomecredit.dev:id/tv_call_me\").instance(8)"}[39m
[35m[HTTP][39m [37m<-- POST /wd/hub/session/f8ee0832-965c-4157-9c5c-219392ff1db2/elements [39m[32m200[39m [90m373 ms - 124[39m
[35m[HTTP][39m [90m[39m
[35m[HTTP][39m [37m-->[39m [37mGET[39m [37m/wd/hub/session/f8ee0832-965c-4157-9c5c-219392ff1db2[39m
[35m[HTTP][39m [90m{}[39m
[35m[HTTP][39m [37m<-- GET /wd/hub/session/f8ee0832-965c-4157-9c5c-219392ff1db2 [39m[32m200[39m [90m37 ms - 1359[39m
[35m[HTTP][39m [90m[39m
[35m[HTTP][39m [37m-->[39m [37mGET[39m [37m/wd/hub/session/f8ee0832-965c-4157-9c5c-219392ff1db2[39m
[35m[HTTP][39m [90m{}[39m
[35m[HTTP][39m [37m<-- GET /wd/hub/session/f8ee0832-965c-4157-9c5c-219392ff1db2 [39m[32m200[39m [90m41 ms - 1359[39m
[35m[HTTP][39m [90m[39m
[35m[HTTP][39m [37m-->[39m [37mGET[39m [37m/wd/hub/session/f8ee0832-965c-4157-9c5c-219392ff1db2[39m
[35m[HTTP][39m [90m{}[39m
[35m[HTTP][39m [37m<-- GET /wd/hub/session/f8ee0832-965c-4157-9c5c-219392ff1db2 [39m[32m200[39m [90m28 ms - 1359[39m
[35m[HTTP][39m [90m[39m
[35m[HTTP][39m [37m-->[39m [37mGET[39m [37m/wd/hub/session/f8ee0832-965c-4157-9c5c-219392ff1db2[39m
[35m[HTTP][39m [90m{}[39m
[35m[HTTP][39m [37m<-- GET /wd/hub/session/f8ee0832-965c-4157-9c5c-219392ff1db2 [39m[32m200[39m [90m29 ms - 1359[39m
[35m[HTTP][39m [90m[39m
[35m[HTTP][39m [37m-->[39m [37mGET[39m [37m/wd/hub/session/f8ee0832-965c-4157-9c5c-219392ff1db2/element/9e0fe343-8838-41fc-bbe8-c08ee319b4dc/location[39m
[35m[HTTP][39m [90m{}[39m
[35m[W3C][39m Driver proxy active, passing request on via HTTP proxy
[35m[JSONWP Proxy][39m Replacing sessionId f1ac3d06-33cc-4d0b-9084-e725557371cc with f8ee0832-965c-4157-9c5c-219392ff1db2
[35m[HTTP][39m [37m<-- GET /wd/hub/session/f8ee0832-965c-4157-9c5c-219392ff1db2/element/9e0fe343-8838-41fc-bbe8-c08ee319b4dc/location [39m[32m200[39m [90m80 ms - 89[39m
[35m[HTTP][39m [90m[39m
[35m[HTTP][39m [37m-->[39m [37mPOST[39m [37m/wd/hub/session/f8ee0832-965c-4157-9c5c-219392ff1db2/touch/perform[39m
[35m[HTTP][39m [90m{"actions":[{"action":"tap","options":{"element":"9e0fe343-8838-41fc-bbe8-c08ee319b4dc","x":1,"y":1}}]}[39m
[35m[UiAutomator2][39m calling get location: 9e0fe343-8838-41fc-bbe8-c08ee319b4dc
[35m[HTTP][39m [37m<-- POST /wd/hub/session/f8ee0832-965c-4157-9c5c-219392ff1db2/touch/perform [39m[32m200[39m [90m1676 ms - 76[39m
[35m[HTTP][39m [90m[39m
[35m[HTTP][39m [37m-->[39m [37mGET[39m [37m/wd/hub/session/f8ee0832-965c-4157-9c5c-219392ff1db2/window/current/size[39m
[35m[HTTP][39m [90m{}[39m
[35m[W3C][39m Driver proxy active, passing request on via HTTP proxy
[35m[JSONWP Proxy][39m Replacing sessionId f1ac3d06-33cc-4d0b-9084-e725557371cc with f8ee0832-965c-4157-9c5c-219392ff1db2
[35m[HTTP][39m [37m<-- GET /wd/hub/session/f8ee0832-965c-4157-9c5c-219392ff1db2/window/current/size [39m[32m200[39m [90m54 ms - 100[39m
[35m[HTTP][39m [90m[39m
[35m[HTTP][39m [37m-->[39m [37mPOST[39m [37m/wd/hub/session/f8ee0832-965c-4157-9c5c-219392ff1db2/elements[39m
[35m[HTTP][39m [90m{"using":"-android uiautomator","value":"new UiSelector().className(\"android.widget.EditText\").resourceId(\"id.co.myhomecredit.dev:id/et_email\").instance(0)"}[39m
[35m[HTTP][39m [37m<-- POST /wd/hub/session/f8ee0832-965c-4157-9c5c-219392ff1db2/elements [39m[32m200[39m [90m141 ms - 124[39m
[35m[HTTP][39m [90m[39m
[35m[HTTP][39m [37m-->[39m [37mGET[39m [37m/wd/hub/session/f8ee0832-965c-4157-9c5c-219392ff1db2[39m
[35m[HTTP][39m [90m{}[39m
[35m[HTTP][39m [37m<-- GET /wd/hub/session/f8ee0832-965c-4157-9c5c-219392ff1db2 [39m[32m200[39m [90m40 ms - 1359[39m
[35m[HTTP][39m [90m[39m
[35m[HTTP][39m [37m-->[39m [37mGET[39m [37m/wd/hub/session/f8ee0832-965c-4157-9c5c-219392ff1db2[39m
[35m[HTTP][39m [90m{}[39m
[35m[HTTP][39m [37m<-- GET /wd/hub/session/f8ee0832-965c-4157-9c5c-219392ff1db2 [39m[32m200[39m [90m30 ms - 1359[39m
[35m[HTTP][39m [90m[39m
[35m[HTTP][39m [37m-->[39m [37mGET[39m [37m/wd/hub/session/f8ee0832-965c-4157-9c5c-219392ff1db2[39m
[35m[HTTP][39m [90m{}[39m
[35m[HTTP][39m [37m<-- GET /wd/hub/session/f8ee0832-965c-4157-9c5c-219392ff1db2 [39m[32m200[39m [90m28 ms - 1359[39m
[35m[HTTP][39m [90m[39m
[35m[HTTP][39m [37m-->[39m [37mGET[39m [37m/wd/hub/session/f8ee0832-965c-4157-9c5c-219392ff1db2[39m
[35m[HTTP][39m [90m{}[39m
[35m[HTTP][39m [37m<-- GET /wd/hub/session/f8ee0832-965c-4157-9c5c-219392ff1db2 [39m[32m200[39m [90m35 ms - 1359[39m
[35m[HTTP][39m [90m[39m
[35m[HTTP][39m [37m-->[39m [37mGET[39m [37m/wd/hub/session/f8ee0832-965c-4157-9c5c-219392ff1db2/element/9e374059-36bf-46b9-a195-4267d772ee3a/location[39m
[35m[HTTP][39m [90m{}[39m
[35m[W3C][39m Driver proxy active, passing request on via HTTP proxy
[35m[JSONWP Proxy][39m Replacing sessionId f1ac3d06-33cc-4d0b-9084-e725557371cc with f8ee0832-965c-4157-9c5c-219392ff1db2
[35m[HTTP][39m [37m<-- GET /wd/hub/session/f8ee0832-965c-4157-9c5c-219392ff1db2/element/9e374059-36bf-46b9-a195-4267d772ee3a/location [39m[32m200[39m [90m517 ms - 88[39m
[35m[HTTP][39m [90m[39m
[35m[HTTP][39m [37m-->[39m [37mPOST[39m [37m/wd/hub/session/f8ee0832-965c-4157-9c5c-219392ff1db2/element/9e374059-36bf-46b9-a195-4267d772ee3a/clear[39m
[35m[HTTP][39m [90m{"id":"9e374059-36bf-46b9-a195-4267d772ee3a"}[39m
[35m[HTTP][39m [37m<-- POST /wd/hub/session/f8ee0832-965c-4157-9c5c-219392ff1db2/element/9e374059-36bf-46b9-a195-4267d772ee3a/clear [39m[32m200[39m [90m105 ms - 89[39m
[35m[HTTP][39m [90m[39m
[35m[HTTP][39m [37m-->[39m [37mPOST[39m [37m/wd/hub/session/f8ee0832-965c-4157-9c5c-219392ff1db2/element/9e374059-36bf-46b9-a195-4267d772ee3a/value[39m
[35m[HTTP][39m [90m{"id":"9e374059-36bf-46b9-a195-4267d772ee3a","value":["hcis8mobile@gmail.com"]}[39m
[35m[HTTP][39m [37m<-- POST /wd/hub/session/f8ee0832-965c-4157-9c5c-219392ff1db2/element/9e374059-36bf-46b9-a195-4267d772ee3a/value [39m[32m200[39m [90m1150 ms - 74[39m
[35m[HTTP][39m [90m[39m
[35m[HTTP][39m [37m-->[39m [37mGET[39m [37m/wd/hub/session/f8ee0832-965c-4157-9c5c-219392ff1db2/context[39m
[35m[HTTP][39m [90m{}[39m
[35m[HTTP][39m [37m<-- GET /wd/hub/session/f8ee0832-965c-4157-9c5c-219392ff1db2/context [39m[32m200[39m [90m3 ms - 84[39m
[35m[HTTP][39m [90m[39m
[35m[HTTP][39m [37m-->[39m [37mGET[39m [37m/wd/hub/session/f8ee0832-965c-4157-9c5c-219392ff1db2/contexts[39m
[35m[HTTP][39m [90m{}[39m
[35m[HTTP][39m [37m<-- GET /wd/hub/session/f8ee0832-965c-4157-9c5c-219392ff1db2/contexts [39m[32m200[39m [90m142 ms - 86[39m
[35m[HTTP][39m [90m[39m
[35m[HTTP][39m [37m-->[39m [37mPOST[39m [37m/wd/hub/session/f8ee0832-965c-4157-9c5c-219392ff1db2/context[39m
[35m[HTTP][39m [90m{"name":"NATIVE_APP"}[39m
[35m[HTTP][39m [37m<-- POST /wd/hub/session/f8ee0832-965c-4157-9c5c-219392ff1db2/context [39m[32m200[39m [90m161 ms - 76[39m
[35m[HTTP][39m [90m[39m
[35m[HTTP][39m [37m-->[39m [37mPOST[39m [37m/wd/hub/session/f8ee0832-965c-4157-9c5c-219392ff1db2/element[39m
[35m[HTTP][39m [90m{"using":"-android uiautomator","value":"new UiScrollable(new UiSelector().scrollable(true).instance(0)).scrollIntoView(new UiSelector().textContains(\"HUBUNGI SAYA\"))"}[39m
[35m[HTTP][39m [37m<-- POST /wd/hub/session/f8ee0832-965c-4157-9c5c-219392ff1db2/element [39m[32m200[39m [90m3197 ms - 122[39m
[35m[HTTP][39m [90m[39m
[35m[HTTP][39m [37m-->[39m [37mGET[39m [37m/wd/hub/session/f8ee0832-965c-4157-9c5c-219392ff1db2[39m
[35m[HTTP][39m [90m{}[39m
[35m[HTTP][39m [37m<-- GET /wd/hub/session/f8ee0832-965c-4157-9c5c-219392ff1db2 [39m[32m200[39m [90m39 ms - 1359[39m
[35m[HTTP][39m [90m[39m
[35m[HTTP][39m [37m-->[39m [37mGET[39m [37m/wd/hub/session/f8ee0832-965c-4157-9c5c-219392ff1db2[39m
[35m[HTTP][39m [90m{}[39m
[35m[HTTP][39m [37m<-- GET /wd/hub/session/f8ee0832-965c-4157-9c5c-219392ff1db2 [39m[32m200[39m [90m36 ms - 1359[39m
[35m[HTTP][39m [90m[39m
[35m[HTTP][39m [37m-->[39m [37mGET[39m [37m/wd/hub/session/f8ee0832-965c-4157-9c5c-219392ff1db2[39m
[35m[HTTP][39m [90m{}[39m
[35m[HTTP][39m [37m<-- GET /wd/hub/session/f8ee0832-965c-4157-9c5c-219392ff1db2 [39m[32m200[39m [90m35 ms - 1359[39m
[35m[HTTP][39m [90m[39m
[35m[HTTP][39m [37m-->[39m [37mGET[39m [37m/wd/hub/session/f8ee0832-965c-4157-9c5c-219392ff1db2[39m
[35m[HTTP][39m [90m{}[39m
[35m[HTTP][39m [37m<-- GET /wd/hub/session/f8ee0832-965c-4157-9c5c-219392ff1db2 [39m[32m200[39m [90m37 ms - 1359[39m
[35m[HTTP][39m [90m[39m
[35m[HTTP][39m [37m-->[39m [37mPOST[39m [37m/wd/hub/session/f8ee0832-965c-4157-9c5c-219392ff1db2/context[39m
[35m[HTTP][39m [90m{"name":"NATIVE_APP"}[39m
[35m[HTTP][39m [37m<-- POST /wd/hub/session/f8ee0832-965c-4157-9c5c-219392ff1db2/context [39m[32m200[39m [90m154 ms - 76[39m
[35m[HTTP][39m [90m[39m
[35m[HTTP][39m [37m-->[39m [37mGET[39m [37m/wd/hub/session/f8ee0832-965c-4157-9c5c-219392ff1db2/window/current/size[39m
[35m[HTTP][39m [90m{}[39m
[35m[W3C][39m Driver proxy active, passing request on via HTTP proxy
[35m[JSONWP Proxy][39m Replacing sessionId f1ac3d06-33cc-4d0b-9084-e725557371cc with f8ee0832-965c-4157-9c5c-219392ff1db2
[35m[HTTP][39m [37m<-- GET /wd/hub/session/f8ee0832-965c-4157-9c5c-219392ff1db2/window/current/size [39m[32m200[39m [90m46 ms - 100[39m
[35m[HTTP][39m [90m[39m
[35m[HTTP][39m [37m-->[39m [37mPOST[39m [37m/wd/hub/session/f8ee0832-965c-4157-9c5c-219392ff1db2/elements[39m
[35m[HTTP][39m [90m{"using":"-android uiautomator","value":"new UiSelector().className(\"android.widget.TextView\").text(\"HUBUNGI SAYA\").resourceId(\"id.co.myhomecredit.dev:id/btn_send_request\").instance(9)"}[39m
[35m[HTTP][39m [37m<-- POST /wd/hub/session/f8ee0832-965c-4157-9c5c-219392ff1db2/elements [39m[32m200[39m [90m107 ms - 124[39m
[35m[HTTP][39m [90m[39m
[35m[HTTP][39m [37m-->[39m [37mGET[39m [37m/wd/hub/session/f8ee0832-965c-4157-9c5c-219392ff1db2[39m
[35m[HTTP][39m [90m{}[39m
[35m[HTTP][39m [37m<-- GET /wd/hub/session/f8ee0832-965c-4157-9c5c-219392ff1db2 [39m[32m200[39m [90m23 ms - 1359[39m
[35m[HTTP][39m [90m[39m
[35m[HTTP][39m [37m-->[39m [37mGET[39m [37m/wd/hub/session/f8ee0832-965c-4157-9c5c-219392ff1db2[39m
[35m[HTTP][39m [90m{}[39m
[35m[HTTP][39m [37m<-- GET /wd/hub/session/f8ee0832-965c-4157-9c5c-219392ff1db2 [39m[32m200[39m [90m25 ms - 1359[39m
[35m[HTTP][39m [90m[39m
[35m[HTTP][39m [37m-->[39m [37mGET[39m [37m/wd/hub/session/f8ee0832-965c-4157-9c5c-219392ff1db2[39m
[35m[HTTP][39m [90m{}[39m
[35m[HTTP][39m [37m<-- GET /wd/hub/session/f8ee0832-965c-4157-9c5c-219392ff1db2 [39m[32m200[39m [90m27 ms - 1359[39m
[35m[HTTP][39m [90m[39m
[35m[HTTP][39m [37m-->[39m [37mGET[39m [37m/wd/hub/session/f8ee0832-965c-4157-9c5c-219392ff1db2[39m
[35m[HTTP][39m [90m{}[39m
[35m[HTTP][39m [37m<-- GET /wd/hub/session/f8ee0832-965c-4157-9c5c-219392ff1db2 [39m[32m200[39m [90m30 ms - 1359[39m
[35m[HTTP][39m [90m[39m
[35m[HTTP][39m [37m-->[39m [37mGET[39m [37m/wd/hub/session/f8ee0832-965c-4157-9c5c-219392ff1db2/element/232c2027-af3b-49f4-a142-95eab0972f4c/location[39m
[35m[HTTP][39m [90m{}[39m
[35m[W3C][39m Driver proxy active, passing request on via HTTP proxy
[35m[JSONWP Proxy][39m Replacing sessionId f1ac3d06-33cc-4d0b-9084-e725557371cc with f8ee0832-965c-4157-9c5c-219392ff1db2
[35m[HTTP][39m [37m<-- GET /wd/hub/session/f8ee0832-965c-4157-9c5c-219392ff1db2/element/232c2027-af3b-49f4-a142-95eab0972f4c/location [39m[32m200[39m [90m46 ms - 89[39m
[35m[HTTP][39m [90m[39m
[35m[HTTP][39m [37m-->[39m [37mPOST[39m [37m/wd/hub/session/f8ee0832-965c-4157-9c5c-219392ff1db2/touch/perform[39m
[35m[HTTP][39m [90m{"actions":[{"action":"tap","options":{"element":"232c2027-af3b-49f4-a142-95eab0972f4c","x":1,"y":1}}]}[39m
[35m[UiAutomator2][39m calling get location: 232c2027-af3b-49f4-a142-95eab0972f4c
[35m[HTTP][39m [37m<-- POST /wd/hub/session/f8ee0832-965c-4157-9c5c-219392ff1db2/touch/perform [39m[32m200[39m [90m1812 ms - 76[39m
[35m[HTTP][39m [90m[39m
[35m[HTTP][39m [37m-->[39m [37mGET[39m [37m/wd/hub/session/f8ee0832-965c-4157-9c5c-219392ff1db2/window/current/size[39m
[35m[HTTP][39m [90m{}[39m
[35m[W3C][39m Driver proxy active, passing request on via HTTP proxy
[35m[JSONWP Proxy][39m Replacing sessionId f1ac3d06-33cc-4d0b-9084-e725557371cc with f8ee0832-965c-4157-9c5c-219392ff1db2
[35m[HTTP][39m [37m<-- GET /wd/hub/session/f8ee0832-965c-4157-9c5c-219392ff1db2/window/current/size [39m[32m200[39m [90m44 ms - 100[39m
[35m[HTTP][39m [90m[39m
[35m[HTTP][39m [37m-->[39m [37mPOST[39m [37m/wd/hub/session/f8ee0832-965c-4157-9c5c-219392ff1db2/elements[39m
[35m[HTTP][39m [90m{"using":"-android uiautomator","value":"new UiSelector().className(\"android.widget.TextView\").text(\"SELESAI\").resourceId(\"id.co.myhomecredit.dev:id/tv_done\").instance(0)"}[39m
[35m[HTTP][39m [37m<-- POST /wd/hub/session/f8ee0832-965c-4157-9c5c-219392ff1db2/elements [39m[32m200[39m [90m77 ms - 124[39m
[35m[HTTP][39m [90m[39m
[35m[HTTP][39m [37m-->[39m [37mGET[39m [37m/wd/hub/session/f8ee0832-965c-4157-9c5c-219392ff1db2[39m
[35m[HTTP][39m [90m{}[39m
[35m[HTTP][39m [37m<-- GET /wd/hub/session/f8ee0832-965c-4157-9c5c-219392ff1db2 [39m[32m200[39m [90m30 ms - 1359[39m
[35m[HTTP][39m [90m[39m
[35m[HTTP][39m [37m-->[39m [37mGET[39m [37m/wd/hub/session/f8ee0832-965c-4157-9c5c-219392ff1db2[39m
[35m[HTTP][39m [90m{}[39m
[35m[HTTP][39m [37m<-- GET /wd/hub/session/f8ee0832-965c-4157-9c5c-219392ff1db2 [39m[32m200[39m [90m31 ms - 1359[39m
[35m[HTTP][39m [90m[39m
[35m[HTTP][39m [37m-->[39m [37mGET[39m [37m/wd/hub/session/f8ee0832-965c-4157-9c5c-219392ff1db2[39m
[35m[HTTP][39m [90m{}[39m
[35m[HTTP][39m [37m<-- GET /wd/hub/session/f8ee0832-965c-4157-9c5c-219392ff1db2 [39m[32m200[39m [90m31 ms - 1359[39m
[35m[HTTP][39m [90m[39m
[35m[HTTP][39m [37m-->[39m [37mGET[39m [37m/wd/hub/session/f8ee0832-965c-4157-9c5c-219392ff1db2[39m
[35m[HTTP][39m [90m{}[39m
[35m[HTTP][39m [37m<-- GET /wd/hub/session/f8ee0832-965c-4157-9c5c-219392ff1db2 [39m[32m200[39m [90m30 ms - 1359[39m
[35m[HTTP][39m [90m[39m
[35m[HTTP][39m [37m-->[39m [37mGET[39m [37m/wd/hub/session/f8ee0832-965c-4157-9c5c-219392ff1db2/element/2a3886ce-827f-4711-9939-7fb435a59566/location[39m
[35m[HTTP][39m [90m{}[39m
[35m[W3C][39m Driver proxy active, passing request on via HTTP proxy
[35m[JSONWP Proxy][39m Replacing sessionId f1ac3d06-33cc-4d0b-9084-e725557371cc with f8ee0832-965c-4157-9c5c-219392ff1db2
[35m[HTTP][39m [37m<-- GET /wd/hub/session/f8ee0832-965c-4157-9c5c-219392ff1db2/element/2a3886ce-827f-4711-9939-7fb435a59566/location [39m[32m200[39m [90m44 ms - 89[39m
[35m[HTTP][39m [90m[39m
[35m[HTTP][39m [37m-->[39m [37mPOST[39m [37m/wd/hub/session/f8ee0832-965c-4157-9c5c-219392ff1db2/touch/perform[39m
[35m[HTTP][39m [90m{"actions":[{"action":"tap","options":{"element":"2a3886ce-827f-4711-9939-7fb435a59566","x":1,"y":1}}]}[39m
[35m[UiAutomator2][39m calling get location: 2a3886ce-827f-4711-9939-7fb435a59566
[35m[HTTP][39m [37m<-- POST /wd/hub/session/f8ee0832-965c-4157-9c5c-219392ff1db2/touch/perform [39m[32m200[39m [90m935 ms - 76[39m
[35m[HTTP][39m [90m[39m
[35m[HTTP][39m [37m-->[39m [37mGET[39m [37m/wd/hub/session/f8ee0832-965c-4157-9c5c-219392ff1db2/context[39m
[35m[HTTP][39m [90m{}[39m
[35m[HTTP][39m [37m<-- GET /wd/hub/session/f8ee0832-965c-4157-9c5c-219392ff1db2/context [39m[32m200[39m [90m2 ms - 84[39m
[35m[HTTP][39m [90m[39m
[35m[HTTP][39m [37m-->[39m [37mGET[39m [37m/wd/hub/session/f8ee0832-965c-4157-9c5c-219392ff1db2/contexts[39m
[35m[HTTP][39m [90m{}[39m
[35m[HTTP][39m [37m<-- GET /wd/hub/session/f8ee0832-965c-4157-9c5c-219392ff1db2/contexts [39m[32m200[39m [90m162 ms - 86[39m
[35m[HTTP][39m [90m[39m
[35m[HTTP][39m [37m-->[39m [37mPOST[39m [37m/wd/hub/session/f8ee0832-965c-4157-9c5c-219392ff1db2/context[39m
[35m[HTTP][39m [90m{"name":"NATIVE_APP"}[39m
[35m[HTTP][39m [37m<-- POST /wd/hub/session/f8ee0832-965c-4157-9c5c-219392ff1db2/context [39m[32m200[39m [90m162 ms - 76[39m
[35m[HTTP][39m [90m[39m
[35m[HTTP][39m [37m-->[39m [37mPOST[39m [37m/wd/hub/session/f8ee0832-965c-4157-9c5c-219392ff1db2/appium/device/press_keycode[39m
[35m[HTTP][39m [90m{"keycode":4}[39m
[35m[HTTP][39m [37m<-- POST /wd/hub/session/f8ee0832-965c-4157-9c5c-219392ff1db2/appium/device/press_keycode [39m[32m200[39m [90m75 ms - 76[39m
[35m[HTTP][39m [90m[39m
[35m[HTTP][39m [37m-->[39m [37mPOST[39m [37m/wd/hub/session/f8ee0832-965c-4157-9c5c-219392ff1db2/context[39m
[35m[HTTP][39m [90m{"name":"NATIVE_APP"}[39m
[35m[HTTP][39m [37m<-- POST /wd/hub/session/f8ee0832-965c-4157-9c5c-219392ff1db2/context [39m[32m200[39m [90m155 ms - 76[39m
[35m[HTTP][39m [90m[39m
[35m[HTTP][39m [37m-->[39m [37mDELETE[39m [37m/wd/hub/session/f8ee0832-965c-4157-9c5c-219392ff1db2[39m
[35m[HTTP][39m [90m{}[39m
[35m[Appium][39m Removing session f8ee0832-965c-4157-9c5c-219392ff1db2 from our master session list
[35m[HTTP][39m [37m<-- DELETE /wd/hub/session/f8ee0832-965c-4157-9c5c-219392ff1db2 [39m[32m200[39m [90m418 ms - 76[39m
[35m[HTTP][39m [90m[39m
