[35m[Appium][39m Welcome to Appium v1.8.1
[35m[Appium][39m Non-default server args:
[35m[Appium][39m   port: 52892
[35m[Appium][39m   loglevel: info
[35m[Appium][39m   chromeDriverPort: 52893
[35m[Appium][39m   tmpDir: C:\Users\PRAMUD~1.PRA\AppData\Local\Temp\\Katalon\Appium\Temp1538045742041
[35m[Appium][39m Appium REST http interface listener started on 0.0.0.0:52892
[35m[HTTP][39m [37m-->[39m [37mGET[39m [37m/wd/hub/status[39m
[35m[HTTP][39m [90m{}[39m
[35m[HTTP][39m [37m<-- GET /wd/hub/status [39m[32m200[39m [90m25 ms - 83[39m
[35m[HTTP][39m [90m[39m
[35m[HTTP][39m [37m-->[39m [37mPOST[39m [37m/wd/hub/session[39m
[35m[HTTP][39m [90m{"desiredCapabilities":{"app":"C:\\Users\\pramudityo.pratanto\\Desktop\\Katalon Update\\appv2-development-universal-debug (1).apk","appWaitActivity":"id.co.homecredit.*","autoGrantPermissions":true,"automationName":"uiautomator2","deviceId":"","deviceName":"asus ASUS_X00TD (Android 8.1.0)","fullReset":false,"newCommandTimeout":1800,"noReset":true,"platform":"ANDROID","platformName":"Android","udid":"J5AXGF00V036ZZZ"},"capabilities":{"desiredCapabilities":{"app":"C:\\Users\\pramudityo.pratanto\\Desktop\\Katalon Update\\appv2-development-universal-debug (1).apk","appWaitActivity":"id.co.homecredit.*","autoGrantPermissions":true,"automationName":"uiautomator2","deviceId":"","deviceName":"asus ASUS_X00TD (Android 8.1.0)","fullReset":false,"newCommandTimeout":1800,"noReset":true,"platform":"ANDROID","platformName":"Android","udid":"J5AXGF00V036ZZZ"},"firstMatch":[{"platformName":"android"}]}}[39m
[35m[Appium][39m Could not parse W3C capabilities: 'deviceName' can't be blank. Falling back to JSONWP protocol.
[35m[Appium][39m The following capabilities were provided in the JSONWP desired capabilities that are missing in W3C capabilities: ["app","appWaitActivity","autoGrantPermissions","automationName","deviceId","deviceName","fullReset","newCommandTimeout","noReset","platform","platformName","udid"]. Falling back to JSONWP protocol.
[35m[Appium][39m Creating new AndroidUiautomator2Driver (v1.12.0) session
[35m[Appium][39m Capabilities:
[35m[Appium][39m   app: C:\Users\pramudityo.pratanto\Desktop\Katalon Update\appv2-development-universal-debug (1).apk
[35m[Appium][39m   appWaitActivity: id.co.homecredit.*
[35m[Appium][39m   autoGrantPermissions: true
[35m[Appium][39m   automationName: uiautomator2
[35m[Appium][39m   deviceId: 
[35m[Appium][39m   deviceName: asus ASUS_X00TD (Android 8.1.0)
[35m[Appium][39m   fullReset: false
[35m[Appium][39m   newCommandTimeout: 1800
[35m[Appium][39m   noReset: true
[35m[Appium][39m   platform: ANDROID
[35m[Appium][39m   platformName: Android
[35m[Appium][39m   udid: J5AXGF00V036ZZZ
[35m[BaseDriver][39m The following capabilities were provided, but are not recognized by appium: deviceId, platform.
[35m[BaseDriver][39m Session created with session id: 94f991c7-e35c-436a-b671-8ffd27e6117a
[35m[BaseDriver][39m Using local app 'C:\Users\pramudityo.pratanto\Desktop\Katalon Update\appv2-development-universal-debug (1).apk'
[35m[AndroidDriver][39m Java version is: 1.8.0_181
[35m[ADB][39m Checking whether adb is present
[35m[ADB][39m Found 2 'build-tools' folders under 'C:\Users\pramudityo.pratanto\.katalon\tools\android_sdk' (newest first):
[35m[ADB][39m     C:/Users/pramudityo.pratanto/.katalon/tools/android_sdk/build-tools/28.0.1
[35m[ADB][39m     C:/Users/pramudityo.pratanto/.katalon/tools/android_sdk/build-tools/25.0.3
[35m[ADB][39m Using adb.exe from C:\Users\pramudityo.pratanto\.katalon\tools\android_sdk\platform-tools\adb.exe
[35m[AndroidDriver][39m Retrieving device list
[35m[AndroidDriver][39m Using device: J5AXGF00V036ZZZ
[35m[ADB][39m Using the alternative activity name detection method because of: Could not find apkanalyzer.bat in C:\Users\pramudityo.pratanto\.katalon\tools\android_sdk\platform-tools\apkanalyzer.bat,C:\Users\pramudityo.pratanto\.katalon\tools\android_sdk\emulator\apkanalyzer.bat,C:\Users\pramudityo.pratanto\.katalon\tools\android_sdk\tools\apkanalyzer.bat,C:\Users\pramudityo.pratanto\.katalon\tools\android_sdk\tools\bin\apkanalyzer.bat,C:\Users\pramudityo.pratanto\.katalon\tools\android_sdk\build-tools\28.0.1\apkanalyzer.bat,C:\Users\pramudityo.pratanto\.katalon\tools\android_sdk\build-tools\25.0.3\apkanalyzer.bat. Do you have the Android SDK installed at 'C:\Users\pramudityo.pratanto\.katalon\tools\android_sdk'?
[35m[ADB][39m Checking whether aapt is present
[35m[ADB][39m Using aapt.exe from C:\Users\pramudityo.pratanto\.katalon\tools\android_sdk\build-tools\25.0.3\aapt.exe
[35m[ADB][39m Extracting package and launch activity from manifest
[35m[ADB][39m Package name: 'id.co.myhomecredit.dev'
[35m[ADB][39m Main activity name: 'id.co.homecredit.v2.launcherpage.LauncherActivity'
[35m[ADB][39m Getting device platform version
[35m[ADB][39m Using apksigner.bat from C:\Users\pramudityo.pratanto\.katalon\tools\android_sdk\build-tools\25.0.3\apksigner.bat
[35m[ADB][39m Checking whether zipalign is present
[35m[ADB][39m Using zipalign.exe from C:\Users\pramudityo.pratanto\.katalon\tools\android_sdk\build-tools\25.0.3\zipalign.exe
[35m[ADB][39m io.appium.uiautomator2.server was successfully uninstalled
[35m[ADB][39m io.appium.uiautomator2.server.test was successfully uninstalled
[35m[AndroidDriver][39m setDeviceLanguageCountry requires language or country.
[35m[AndroidDriver][39m Got language: 'null' and country: 'null'
[35m[ADB][39m Successfully extracted 967 strings from 'C:\Users\pramudityo.pratanto\Desktop\Katalon Update\appv2-development-universal-debug (1).apk' resources for '(default)' configuration
[35m[UiAutomator2][39m Starting uiautomator2 server 1.12.0
[35m[UiAutomator2][39m Using UIAutomator2 server from 'C:\Users\pramudityo.pratanto\AppData\Roaming\npm\node_modules\appium\node_modules\appium-uiautomator2-server\apks\appium-uiautomator2-server-v1.12.0.apk' and test from 'C:\Users\pramudityo.pratanto\AppData\Roaming\npm\node_modules\appium\node_modules\appium-uiautomator2-server\apks\appium-uiautomator2-server-debug-androidTest.apk'
[35m[UiAutomator2][39m Running command: 'adb -s J5AXGF00V036ZZZ shell am instrument -w io.appium.uiautomator2.server.test/android.support.test.runner.AndroidJUnitRunner'
[35m[UiAutomator2][39m Waiting up to 20000ms for UiAutomator2 to be online...
[35m[AndroidDriver][39m Screen already unlocked, doing nothing
[35m[UiAutomator2][39m UiAutomator2 did not start the activity we were waiting for, 'id.co.myhomecredit.dev/id.co.homecredit.*'. Starting it ourselves
[35m[Appium][39m New AndroidUiautomator2Driver session created successfully, session 94f991c7-e35c-436a-b671-8ffd27e6117a added to master session list
[35m[HTTP][39m [37m<-- POST /wd/hub/session [39m[32m200[39m [90m24025 ms - 1359[39m
[35m[HTTP][39m [90m[39m
[35m[HTTP][39m [37m-->[39m [37mGET[39m [37m/wd/hub/status[39m
[35m[HTTP][39m [90m{}[39m
[35m[HTTP][39m [37m<-- GET /wd/hub/status [39m[32m200[39m [90m7 ms - 55[39m
[35m[HTTP][39m [90m[39m
[35m[HTTP][39m [37m-->[39m [37mPOST[39m [37m/wd/hub/session/94f991c7-e35c-436a-b671-8ffd27e6117a/timeouts[39m
[35m[HTTP][39m [90m{"type":"implicit","ms":60000}[39m
[35m[HTTP][39m [37m<-- POST /wd/hub/session/94f991c7-e35c-436a-b671-8ffd27e6117a/timeouts [39m[33m400[39m [90m10 ms - 5756[39m
[35m[HTTP][39m [90m[39m
[35m[HTTP][39m [37m-->[39m [37mGET[39m [37m/wd/hub/session/94f991c7-e35c-436a-b671-8ffd27e6117a/window/current/size[39m
[35m[HTTP][39m [90m{}[39m
[35m[W3C][39m Driver proxy active, passing request on via HTTP proxy
[35m[JSONWP Proxy][39m Replacing sessionId be1b751b-7a94-4e2a-aa07-835e50278047 with 94f991c7-e35c-436a-b671-8ffd27e6117a
[35m[HTTP][39m [37m<-- GET /wd/hub/session/94f991c7-e35c-436a-b671-8ffd27e6117a/window/current/size [39m[32m200[39m [90m71 ms - 100[39m
[35m[HTTP][39m [90m[39m
[35m[HTTP][39m [37m-->[39m [37mPOST[39m [37m/wd/hub/session/94f991c7-e35c-436a-b671-8ffd27e6117a/elements[39m
[35m[HTTP][39m [90m{"using":"-android uiautomator","value":"new UiSelector().className(\"android.widget.EditText\").text(\"Masukkan No. Handphone Anda\").resourceId(\"id.co.myhomecredit.dev:id/input_phone_no\").instance(0)"}[39m
[35m[HTTP][39m [37m<-- POST /wd/hub/session/94f991c7-e35c-436a-b671-8ffd27e6117a/elements [39m[32m200[39m [90m170 ms - 124[39m
[35m[HTTP][39m [90m[39m
[35m[HTTP][39m [37m-->[39m [37mGET[39m [37m/wd/hub/session/94f991c7-e35c-436a-b671-8ffd27e6117a[39m
[35m[HTTP][39m [90m{}[39m
[35m[HTTP][39m [37m<-- GET /wd/hub/session/94f991c7-e35c-436a-b671-8ffd27e6117a [39m[32m200[39m [90m22 ms - 1359[39m
[35m[HTTP][39m [90m[39m
[35m[HTTP][39m [37m-->[39m [37mGET[39m [37m/wd/hub/session/94f991c7-e35c-436a-b671-8ffd27e6117a[39m
[35m[HTTP][39m [90m{}[39m
[35m[HTTP][39m [37m<-- GET /wd/hub/session/94f991c7-e35c-436a-b671-8ffd27e6117a [39m[32m200[39m [90m56 ms - 1359[39m
[35m[HTTP][39m [90m[39m
[35m[HTTP][39m [37m-->[39m [37mGET[39m [37m/wd/hub/session/94f991c7-e35c-436a-b671-8ffd27e6117a[39m
[35m[HTTP][39m [90m{}[39m
[35m[HTTP][39m [37m<-- GET /wd/hub/session/94f991c7-e35c-436a-b671-8ffd27e6117a [39m[32m200[39m [90m31 ms - 1359[39m
[35m[HTTP][39m [90m[39m
[35m[HTTP][39m [37m-->[39m [37mGET[39m [37m/wd/hub/session/94f991c7-e35c-436a-b671-8ffd27e6117a[39m
[35m[HTTP][39m [90m{}[39m
[35m[HTTP][39m [37m<-- GET /wd/hub/session/94f991c7-e35c-436a-b671-8ffd27e6117a [39m[32m200[39m [90m57 ms - 1359[39m
[35m[HTTP][39m [90m[39m
[35m[HTTP][39m [37m-->[39m [37mGET[39m [37m/wd/hub/session/94f991c7-e35c-436a-b671-8ffd27e6117a/element/50ccbe62-1267-4a82-8fdc-7857d82cfd0f/location[39m
[35m[HTTP][39m [90m{}[39m
[35m[W3C][39m Driver proxy active, passing request on via HTTP proxy
[35m[JSONWP Proxy][39m Replacing sessionId be1b751b-7a94-4e2a-aa07-835e50278047 with 94f991c7-e35c-436a-b671-8ffd27e6117a
[35m[HTTP][39m [37m<-- GET /wd/hub/session/94f991c7-e35c-436a-b671-8ffd27e6117a/element/50ccbe62-1267-4a82-8fdc-7857d82cfd0f/location [39m[32m200[39m [90m109 ms - 89[39m
[35m[HTTP][39m [90m[39m
[35m[HTTP][39m [37m-->[39m [37mPOST[39m [37m/wd/hub/session/94f991c7-e35c-436a-b671-8ffd27e6117a/element/50ccbe62-1267-4a82-8fdc-7857d82cfd0f/clear[39m
[35m[HTTP][39m [90m{"id":"50ccbe62-1267-4a82-8fdc-7857d82cfd0f"}[39m
[35m[HTTP][39m [37m<-- POST /wd/hub/session/94f991c7-e35c-436a-b671-8ffd27e6117a/element/50ccbe62-1267-4a82-8fdc-7857d82cfd0f/clear [39m[32m200[39m [90m114 ms - 89[39m
[35m[HTTP][39m [90m[39m
[35m[HTTP][39m [37m-->[39m [37mPOST[39m [37m/wd/hub/session/94f991c7-e35c-436a-b671-8ffd27e6117a/element/50ccbe62-1267-4a82-8fdc-7857d82cfd0f/value[39m
[35m[HTTP][39m [90m{"id":"50ccbe62-1267-4a82-8fdc-7857d82cfd0f","value":["81213254451"]}[39m
[35m[HTTP][39m [37m<-- POST /wd/hub/session/94f991c7-e35c-436a-b671-8ffd27e6117a/element/50ccbe62-1267-4a82-8fdc-7857d82cfd0f/value [39m[32m200[39m [90m1917 ms - 74[39m
[35m[HTTP][39m [90m[39m
[35m[HTTP][39m [37m-->[39m [37mGET[39m [37m/wd/hub/session/94f991c7-e35c-436a-b671-8ffd27e6117a/window/current/size[39m
[35m[HTTP][39m [90m{}[39m
[35m[W3C][39m Driver proxy active, passing request on via HTTP proxy
[35m[JSONWP Proxy][39m Replacing sessionId be1b751b-7a94-4e2a-aa07-835e50278047 with 94f991c7-e35c-436a-b671-8ffd27e6117a
[35m[HTTP][39m [37m<-- GET /wd/hub/session/94f991c7-e35c-436a-b671-8ffd27e6117a/window/current/size [39m[32m200[39m [90m68 ms - 100[39m
[35m[HTTP][39m [90m[39m
[35m[HTTP][39m [37m-->[39m [37mPOST[39m [37m/wd/hub/session/94f991c7-e35c-436a-b671-8ffd27e6117a/elements[39m
[35m[HTTP][39m [90m{"using":"-android uiautomator","value":"new UiSelector().className(\"android.widget.EditText\").text(\"Masukkan Kode PIN\").resourceId(\"id.co.myhomecredit.dev:id/input_pin\").instance(1)"}[39m
[35m[HTTP][39m [37m<-- POST /wd/hub/session/94f991c7-e35c-436a-b671-8ffd27e6117a/elements [39m[32m200[39m [90m395 ms - 124[39m
[35m[HTTP][39m [90m[39m
[35m[HTTP][39m [37m-->[39m [37mGET[39m [37m/wd/hub/session/94f991c7-e35c-436a-b671-8ffd27e6117a[39m
[35m[HTTP][39m [90m{}[39m
[35m[HTTP][39m [37m<-- GET /wd/hub/session/94f991c7-e35c-436a-b671-8ffd27e6117a [39m[32m200[39m [90m38 ms - 1359[39m
[35m[HTTP][39m [90m[39m
[35m[HTTP][39m [37m-->[39m [37mGET[39m [37m/wd/hub/session/94f991c7-e35c-436a-b671-8ffd27e6117a[39m
[35m[HTTP][39m [90m{}[39m
[35m[HTTP][39m [37m<-- GET /wd/hub/session/94f991c7-e35c-436a-b671-8ffd27e6117a [39m[32m200[39m [90m26 ms - 1359[39m
[35m[HTTP][39m [90m[39m
[35m[HTTP][39m [37m-->[39m [37mGET[39m [37m/wd/hub/session/94f991c7-e35c-436a-b671-8ffd27e6117a[39m
[35m[HTTP][39m [90m{}[39m
[35m[HTTP][39m [37m<-- GET /wd/hub/session/94f991c7-e35c-436a-b671-8ffd27e6117a [39m[32m200[39m [90m26 ms - 1359[39m
[35m[HTTP][39m [90m[39m
[35m[HTTP][39m [37m-->[39m [37mGET[39m [37m/wd/hub/session/94f991c7-e35c-436a-b671-8ffd27e6117a[39m
[35m[HTTP][39m [90m{}[39m
[35m[HTTP][39m [37m<-- GET /wd/hub/session/94f991c7-e35c-436a-b671-8ffd27e6117a [39m[32m200[39m [90m45 ms - 1359[39m
[35m[HTTP][39m [90m[39m
[35m[HTTP][39m [37m-->[39m [37mGET[39m [37m/wd/hub/session/94f991c7-e35c-436a-b671-8ffd27e6117a/element/f600521d-3261-4622-a192-33a065002971/location[39m
[35m[HTTP][39m [90m{}[39m
[35m[W3C][39m Driver proxy active, passing request on via HTTP proxy
[35m[JSONWP Proxy][39m Replacing sessionId be1b751b-7a94-4e2a-aa07-835e50278047 with 94f991c7-e35c-436a-b671-8ffd27e6117a
[35m[HTTP][39m [37m<-- GET /wd/hub/session/94f991c7-e35c-436a-b671-8ffd27e6117a/element/f600521d-3261-4622-a192-33a065002971/location [39m[32m200[39m [90m64 ms - 88[39m
[35m[HTTP][39m [90m[39m
[35m[HTTP][39m [37m-->[39m [37mPOST[39m [37m/wd/hub/session/94f991c7-e35c-436a-b671-8ffd27e6117a/element/f600521d-3261-4622-a192-33a065002971/clear[39m
[35m[HTTP][39m [90m{"id":"f600521d-3261-4622-a192-33a065002971"}[39m
[35m[HTTP][39m [37m<-- POST /wd/hub/session/94f991c7-e35c-436a-b671-8ffd27e6117a/element/f600521d-3261-4622-a192-33a065002971/clear [39m[32m200[39m [90m70 ms - 89[39m
[35m[HTTP][39m [90m[39m
[35m[HTTP][39m [37m-->[39m [37mPOST[39m [37m/wd/hub/session/94f991c7-e35c-436a-b671-8ffd27e6117a/element/f600521d-3261-4622-a192-33a065002971/value[39m
[35m[HTTP][39m [90m{"id":"f600521d-3261-4622-a192-33a065002971","value":["1111"]}[39m
[35m[HTTP][39m [37m<-- POST /wd/hub/session/94f991c7-e35c-436a-b671-8ffd27e6117a/element/f600521d-3261-4622-a192-33a065002971/value [39m[32m200[39m [90m1265 ms - 74[39m
[35m[HTTP][39m [90m[39m
[35m[HTTP][39m [37m-->[39m [37mGET[39m [37m/wd/hub/session/94f991c7-e35c-436a-b671-8ffd27e6117a/window/current/size[39m
[35m[HTTP][39m [90m{}[39m
[35m[W3C][39m Driver proxy active, passing request on via HTTP proxy
[35m[JSONWP Proxy][39m Replacing sessionId be1b751b-7a94-4e2a-aa07-835e50278047 with 94f991c7-e35c-436a-b671-8ffd27e6117a
[35m[HTTP][39m [37m<-- GET /wd/hub/session/94f991c7-e35c-436a-b671-8ffd27e6117a/window/current/size [39m[32m200[39m [90m69 ms - 100[39m
[35m[HTTP][39m [90m[39m
[35m[HTTP][39m [37m-->[39m [37mPOST[39m [37m/wd/hub/session/94f991c7-e35c-436a-b671-8ffd27e6117a/elements[39m
[35m[HTTP][39m [90m{"using":"-android uiautomator","value":"new UiSelector().className(\"android.widget.Button\").text(\"LOGIN\").resourceId(\"id.co.myhomecredit.dev:id/btn_login\").instance(0)"}[39m
[35m[HTTP][39m [37m<-- POST /wd/hub/session/94f991c7-e35c-436a-b671-8ffd27e6117a/elements [39m[32m200[39m [90m448 ms - 124[39m
[35m[HTTP][39m [90m[39m
[35m[HTTP][39m [37m-->[39m [37mGET[39m [37m/wd/hub/session/94f991c7-e35c-436a-b671-8ffd27e6117a[39m
[35m[HTTP][39m [90m{}[39m
[35m[HTTP][39m [37m<-- GET /wd/hub/session/94f991c7-e35c-436a-b671-8ffd27e6117a [39m[32m200[39m [90m43 ms - 1359[39m
[35m[HTTP][39m [90m[39m
[35m[HTTP][39m [37m-->[39m [37mGET[39m [37m/wd/hub/session/94f991c7-e35c-436a-b671-8ffd27e6117a[39m
[35m[HTTP][39m [90m{}[39m
[35m[HTTP][39m [37m<-- GET /wd/hub/session/94f991c7-e35c-436a-b671-8ffd27e6117a [39m[32m200[39m [90m42 ms - 1359[39m
[35m[HTTP][39m [90m[39m
[35m[HTTP][39m [37m-->[39m [37mGET[39m [37m/wd/hub/session/94f991c7-e35c-436a-b671-8ffd27e6117a[39m
[35m[HTTP][39m [90m{}[39m
[35m[HTTP][39m [37m<-- GET /wd/hub/session/94f991c7-e35c-436a-b671-8ffd27e6117a [39m[32m200[39m [90m53 ms - 1359[39m
[35m[HTTP][39m [90m[39m
[35m[HTTP][39m [37m-->[39m [37mGET[39m [37m/wd/hub/session/94f991c7-e35c-436a-b671-8ffd27e6117a[39m
[35m[HTTP][39m [90m{}[39m
[35m[HTTP][39m [37m<-- GET /wd/hub/session/94f991c7-e35c-436a-b671-8ffd27e6117a [39m[32m200[39m [90m33 ms - 1359[39m
[35m[HTTP][39m [90m[39m
[35m[HTTP][39m [37m-->[39m [37mGET[39m [37m/wd/hub/session/94f991c7-e35c-436a-b671-8ffd27e6117a/element/db2214d0-a527-4bd9-b335-dcd20f068d6d/location[39m
[35m[HTTP][39m [90m{}[39m
[35m[W3C][39m Driver proxy active, passing request on via HTTP proxy
[35m[JSONWP Proxy][39m Replacing sessionId be1b751b-7a94-4e2a-aa07-835e50278047 with 94f991c7-e35c-436a-b671-8ffd27e6117a
[35m[HTTP][39m [37m<-- GET /wd/hub/session/94f991c7-e35c-436a-b671-8ffd27e6117a/element/db2214d0-a527-4bd9-b335-dcd20f068d6d/location [39m[32m200[39m [90m362 ms - 89[39m
[35m[HTTP][39m [90m[39m
[35m[HTTP][39m [37m-->[39m [37mPOST[39m [37m/wd/hub/session/94f991c7-e35c-436a-b671-8ffd27e6117a/touch/perform[39m
[35m[HTTP][39m [90m{"actions":[{"action":"tap","options":{"element":"db2214d0-a527-4bd9-b335-dcd20f068d6d","x":1,"y":1}}]}[39m
[35m[UiAutomator2][39m calling get location: db2214d0-a527-4bd9-b335-dcd20f068d6d
[35m[HTTP][39m [37m<-- POST /wd/hub/session/94f991c7-e35c-436a-b671-8ffd27e6117a/touch/perform [39m[32m200[39m [90m1238 ms - 76[39m
[35m[HTTP][39m [90m[39m
[35m[HTTP][39m [37m-->[39m [37mGET[39m [37m/wd/hub/session/94f991c7-e35c-436a-b671-8ffd27e6117a/window/current/size[39m
[35m[HTTP][39m [90m{}[39m
[35m[W3C][39m Driver proxy active, passing request on via HTTP proxy
[35m[JSONWP Proxy][39m Replacing sessionId be1b751b-7a94-4e2a-aa07-835e50278047 with 94f991c7-e35c-436a-b671-8ffd27e6117a
[35m[HTTP][39m [37m<-- GET /wd/hub/session/94f991c7-e35c-436a-b671-8ffd27e6117a/window/current/size [39m[32m200[39m [90m61 ms - 100[39m
[35m[HTTP][39m [90m[39m
[35m[HTTP][39m [37m-->[39m [37mPOST[39m [37m/wd/hub/session/94f991c7-e35c-436a-b671-8ffd27e6117a/elements[39m
[35m[HTTP][39m [90m{"using":"-android uiautomator","value":"new UiSelector().className(\"android.widget.TextView\").text(\"PROFILE\").resourceId(\"id.co.myhomecredit.dev:id/smallLabel\").instance(20)"}[39m
[35m[HTTP][39m [37m<-- POST /wd/hub/session/94f991c7-e35c-436a-b671-8ffd27e6117a/elements [39m[32m200[39m [90m81 ms - 74[39m
[35m[HTTP][39m [90m[39m
[35m[HTTP][39m [37m-->[39m [37mPOST[39m [37m/wd/hub/session/94f991c7-e35c-436a-b671-8ffd27e6117a/elements[39m
[35m[HTTP][39m [90m{"using":"-android uiautomator","value":"new UiSelector().className(\"android.widget.TextView\").text(\"PROFILE\").resourceId(\"id.co.myhomecredit.dev:id/smallLabel\").instance(20)"}[39m
[35m[HTTP][39m [37m<-- POST /wd/hub/session/94f991c7-e35c-436a-b671-8ffd27e6117a/elements [39m[32m200[39m [90m56 ms - 74[39m
[35m[HTTP][39m [90m[39m
[35m[HTTP][39m [37m-->[39m [37mPOST[39m [37m/wd/hub/session/94f991c7-e35c-436a-b671-8ffd27e6117a/elements[39m
[35m[HTTP][39m [90m{"using":"-android uiautomator","value":"new UiSelector().className(\"android.widget.TextView\").text(\"PROFILE\").resourceId(\"id.co.myhomecredit.dev:id/smallLabel\").instance(20)"}[39m
[35m[HTTP][39m [37m<-- POST /wd/hub/session/94f991c7-e35c-436a-b671-8ffd27e6117a/elements [39m[32m200[39m [90m60 ms - 74[39m
[35m[HTTP][39m [90m[39m
[35m[HTTP][39m [37m-->[39m [37mPOST[39m [37m/wd/hub/session/94f991c7-e35c-436a-b671-8ffd27e6117a/elements[39m
[35m[HTTP][39m [90m{"using":"-android uiautomator","value":"new UiSelector().className(\"android.widget.TextView\").text(\"PROFILE\").resourceId(\"id.co.myhomecredit.dev:id/smallLabel\").instance(20)"}[39m
[35m[HTTP][39m [37m<-- POST /wd/hub/session/94f991c7-e35c-436a-b671-8ffd27e6117a/elements [39m[32m200[39m [90m43 ms - 74[39m
[35m[HTTP][39m [90m[39m
[35m[HTTP][39m [37m-->[39m [37mPOST[39m [37m/wd/hub/session/94f991c7-e35c-436a-b671-8ffd27e6117a/elements[39m
[35m[HTTP][39m [90m{"using":"-android uiautomator","value":"new UiSelector().className(\"android.widget.TextView\").text(\"PROFILE\").resourceId(\"id.co.myhomecredit.dev:id/smallLabel\").instance(20)"}[39m
[35m[HTTP][39m [37m<-- POST /wd/hub/session/94f991c7-e35c-436a-b671-8ffd27e6117a/elements [39m[32m200[39m [90m43 ms - 74[39m
[35m[HTTP][39m [90m[39m
[35m[HTTP][39m [37m-->[39m [37mPOST[39m [37m/wd/hub/session/94f991c7-e35c-436a-b671-8ffd27e6117a/elements[39m
[35m[HTTP][39m [90m{"using":"-android uiautomator","value":"new UiSelector().className(\"android.widget.TextView\").text(\"PROFILE\").resourceId(\"id.co.myhomecredit.dev:id/smallLabel\").instance(20)"}[39m
[35m[HTTP][39m [37m<-- POST /wd/hub/session/94f991c7-e35c-436a-b671-8ffd27e6117a/elements [39m[32m200[39m [90m53 ms - 74[39m
[35m[HTTP][39m [90m[39m
[35m[HTTP][39m [37m-->[39m [37mPOST[39m [37m/wd/hub/session/94f991c7-e35c-436a-b671-8ffd27e6117a/elements[39m
[35m[HTTP][39m [90m{"using":"-android uiautomator","value":"new UiSelector().className(\"android.widget.TextView\").text(\"PROFILE\").resourceId(\"id.co.myhomecredit.dev:id/smallLabel\").instance(20)"}[39m
[35m[HTTP][39m [37m<-- POST /wd/hub/session/94f991c7-e35c-436a-b671-8ffd27e6117a/elements [39m[32m200[39m [90m670 ms - 74[39m
[35m[HTTP][39m [90m[39m
[35m[HTTP][39m [37m-->[39m [37mPOST[39m [37m/wd/hub/session/94f991c7-e35c-436a-b671-8ffd27e6117a/elements[39m
[35m[HTTP][39m [90m{"using":"-android uiautomator","value":"new UiSelector().className(\"android.widget.TextView\").text(\"PROFILE\").resourceId(\"id.co.myhomecredit.dev:id/smallLabel\").instance(20)"}[39m
[35m[HTTP][39m [37m<-- POST /wd/hub/session/94f991c7-e35c-436a-b671-8ffd27e6117a/elements [39m[32m200[39m [90m422 ms - 74[39m
[35m[HTTP][39m [90m[39m
[35m[HTTP][39m [37m-->[39m [37mPOST[39m [37m/wd/hub/session/94f991c7-e35c-436a-b671-8ffd27e6117a/elements[39m
[35m[HTTP][39m [90m{"using":"-android uiautomator","value":"new UiSelector().className(\"android.widget.TextView\").text(\"PROFILE\").resourceId(\"id.co.myhomecredit.dev:id/smallLabel\").instance(20)"}[39m
[35m[HTTP][39m [37m<-- POST /wd/hub/session/94f991c7-e35c-436a-b671-8ffd27e6117a/elements [39m[32m200[39m [90m1036 ms - 124[39m
[35m[HTTP][39m [90m[39m
[35m[HTTP][39m [37m-->[39m [37mGET[39m [37m/wd/hub/session/94f991c7-e35c-436a-b671-8ffd27e6117a[39m
[35m[HTTP][39m [90m{}[39m
[35m[HTTP][39m [37m<-- GET /wd/hub/session/94f991c7-e35c-436a-b671-8ffd27e6117a [39m[32m200[39m [90m47 ms - 1359[39m
[35m[HTTP][39m [90m[39m
[35m[HTTP][39m [37m-->[39m [37mGET[39m [37m/wd/hub/session/94f991c7-e35c-436a-b671-8ffd27e6117a[39m
[35m[HTTP][39m [90m{}[39m
[35m[HTTP][39m [37m<-- GET /wd/hub/session/94f991c7-e35c-436a-b671-8ffd27e6117a [39m[32m200[39m [90m28 ms - 1359[39m
[35m[HTTP][39m [90m[39m
[35m[HTTP][39m [37m-->[39m [37mGET[39m [37m/wd/hub/session/94f991c7-e35c-436a-b671-8ffd27e6117a[39m
[35m[HTTP][39m [90m{}[39m
[35m[HTTP][39m [37m<-- GET /wd/hub/session/94f991c7-e35c-436a-b671-8ffd27e6117a [39m[32m200[39m [90m34 ms - 1359[39m
[35m[HTTP][39m [90m[39m
[35m[HTTP][39m [37m-->[39m [37mGET[39m [37m/wd/hub/session/94f991c7-e35c-436a-b671-8ffd27e6117a[39m
[35m[HTTP][39m [90m{}[39m
[35m[HTTP][39m [37m<-- GET /wd/hub/session/94f991c7-e35c-436a-b671-8ffd27e6117a [39m[32m200[39m [90m41 ms - 1359[39m
[35m[HTTP][39m [90m[39m
[35m[HTTP][39m [37m-->[39m [37mGET[39m [37m/wd/hub/session/94f991c7-e35c-436a-b671-8ffd27e6117a/element/5d411cf3-6d6a-4422-907b-91d2eb6ca56f/location[39m
[35m[HTTP][39m [90m{}[39m
[35m[W3C][39m Driver proxy active, passing request on via HTTP proxy
[35m[JSONWP Proxy][39m Replacing sessionId be1b751b-7a94-4e2a-aa07-835e50278047 with 94f991c7-e35c-436a-b671-8ffd27e6117a
[35m[HTTP][39m [37m<-- GET /wd/hub/session/94f991c7-e35c-436a-b671-8ffd27e6117a/element/5d411cf3-6d6a-4422-907b-91d2eb6ca56f/location [39m[32m200[39m [90m63 ms - 90[39m
[35m[HTTP][39m [90m[39m
[35m[HTTP][39m [37m-->[39m [37mPOST[39m [37m/wd/hub/session/94f991c7-e35c-436a-b671-8ffd27e6117a/touch/perform[39m
[35m[HTTP][39m [90m{"actions":[{"action":"tap","options":{"element":"5d411cf3-6d6a-4422-907b-91d2eb6ca56f","x":1,"y":1}}]}[39m
[35m[UiAutomator2][39m calling get location: 5d411cf3-6d6a-4422-907b-91d2eb6ca56f
[35m[HTTP][39m [37m<-- POST /wd/hub/session/94f991c7-e35c-436a-b671-8ffd27e6117a/touch/perform [39m[32m200[39m [90m1012 ms - 76[39m
[35m[HTTP][39m [90m[39m
[35m[HTTP][39m [37m-->[39m [37mGET[39m [37m/wd/hub/session/94f991c7-e35c-436a-b671-8ffd27e6117a/context[39m
[35m[HTTP][39m [90m{}[39m
[35m[HTTP][39m [37m<-- GET /wd/hub/session/94f991c7-e35c-436a-b671-8ffd27e6117a/context [39m[32m200[39m [90m2 ms - 84[39m
[35m[HTTP][39m [90m[39m
[35m[HTTP][39m [37m-->[39m [37mGET[39m [37m/wd/hub/session/94f991c7-e35c-436a-b671-8ffd27e6117a/contexts[39m
[35m[HTTP][39m [90m{}[39m
[35m[HTTP][39m [37m<-- GET /wd/hub/session/94f991c7-e35c-436a-b671-8ffd27e6117a/contexts [39m[32m200[39m [90m157 ms - 86[39m
[35m[HTTP][39m [90m[39m
[35m[HTTP][39m [37m-->[39m [37mPOST[39m [37m/wd/hub/session/94f991c7-e35c-436a-b671-8ffd27e6117a/context[39m
[35m[HTTP][39m [90m{"name":"NATIVE_APP"}[39m
[35m[HTTP][39m [37m<-- POST /wd/hub/session/94f991c7-e35c-436a-b671-8ffd27e6117a/context [39m[32m200[39m [90m146 ms - 76[39m
[35m[HTTP][39m [90m[39m
[35m[HTTP][39m [37m-->[39m [37mPOST[39m [37m/wd/hub/session/94f991c7-e35c-436a-b671-8ffd27e6117a/element[39m
[35m[HTTP][39m [90m{"using":"-android uiautomator","value":"new UiScrollable(new UiSelector().scrollable(true).instance(0)).scrollIntoView(new UiSelector().textContains(\"LOG OUT\"))"}[39m
[35m[HTTP][39m [37m<-- POST /wd/hub/session/94f991c7-e35c-436a-b671-8ffd27e6117a/element [39m[32m200[39m [90m3081 ms - 122[39m
[35m[HTTP][39m [90m[39m
[35m[HTTP][39m [37m-->[39m [37mGET[39m [37m/wd/hub/session/94f991c7-e35c-436a-b671-8ffd27e6117a[39m
[35m[HTTP][39m [90m{}[39m
[35m[HTTP][39m [37m<-- GET /wd/hub/session/94f991c7-e35c-436a-b671-8ffd27e6117a [39m[32m200[39m [90m43 ms - 1359[39m
[35m[HTTP][39m [90m[39m
[35m[HTTP][39m [37m-->[39m [37mGET[39m [37m/wd/hub/session/94f991c7-e35c-436a-b671-8ffd27e6117a[39m
[35m[HTTP][39m [90m{}[39m
[35m[HTTP][39m [37m<-- GET /wd/hub/session/94f991c7-e35c-436a-b671-8ffd27e6117a [39m[32m200[39m [90m37 ms - 1359[39m
[35m[HTTP][39m [90m[39m
[35m[HTTP][39m [37m-->[39m [37mGET[39m [37m/wd/hub/session/94f991c7-e35c-436a-b671-8ffd27e6117a[39m
[35m[HTTP][39m [90m{}[39m
[35m[HTTP][39m [37m<-- GET /wd/hub/session/94f991c7-e35c-436a-b671-8ffd27e6117a [39m[32m200[39m [90m24 ms - 1359[39m
[35m[HTTP][39m [90m[39m
[35m[HTTP][39m [37m-->[39m [37mGET[39m [37m/wd/hub/session/94f991c7-e35c-436a-b671-8ffd27e6117a[39m
[35m[HTTP][39m [90m{}[39m
[35m[HTTP][39m [37m<-- GET /wd/hub/session/94f991c7-e35c-436a-b671-8ffd27e6117a [39m[32m200[39m [90m28 ms - 1359[39m
[35m[HTTP][39m [90m[39m
[35m[HTTP][39m [37m-->[39m [37mPOST[39m [37m/wd/hub/session/94f991c7-e35c-436a-b671-8ffd27e6117a/context[39m
[35m[HTTP][39m [90m{"name":"NATIVE_APP"}[39m
[35m[HTTP][39m [37m<-- POST /wd/hub/session/94f991c7-e35c-436a-b671-8ffd27e6117a/context [39m[32m200[39m [90m171 ms - 76[39m
[35m[HTTP][39m [90m[39m
[35m[HTTP][39m [37m-->[39m [37mGET[39m [37m/wd/hub/session/94f991c7-e35c-436a-b671-8ffd27e6117a/window/current/size[39m
[35m[HTTP][39m [90m{}[39m
[35m[W3C][39m Driver proxy active, passing request on via HTTP proxy
[35m[JSONWP Proxy][39m Replacing sessionId be1b751b-7a94-4e2a-aa07-835e50278047 with 94f991c7-e35c-436a-b671-8ffd27e6117a
[35m[HTTP][39m [37m<-- GET /wd/hub/session/94f991c7-e35c-436a-b671-8ffd27e6117a/window/current/size [39m[32m200[39m [90m57 ms - 100[39m
[35m[HTTP][39m [90m[39m
[35m[HTTP][39m [37m-->[39m [37mPOST[39m [37m/wd/hub/session/94f991c7-e35c-436a-b671-8ffd27e6117a/elements[39m
[35m[HTTP][39m [90m{"using":"-android uiautomator","value":"new UiSelector().className(\"android.widget.TextView\").text(\"LOG OUT\").resourceId(\"id.co.myhomecredit.dev:id/logout_button\").instance(11)"}[39m
[35m[HTTP][39m [37m<-- POST /wd/hub/session/94f991c7-e35c-436a-b671-8ffd27e6117a/elements [39m[32m200[39m [90m100 ms - 124[39m
[35m[HTTP][39m [90m[39m
[35m[HTTP][39m [37m-->[39m [37mGET[39m [37m/wd/hub/session/94f991c7-e35c-436a-b671-8ffd27e6117a[39m
[35m[HTTP][39m [90m{}[39m
[35m[HTTP][39m [37m<-- GET /wd/hub/session/94f991c7-e35c-436a-b671-8ffd27e6117a [39m[32m200[39m [90m33 ms - 1359[39m
[35m[HTTP][39m [90m[39m
[35m[HTTP][39m [37m-->[39m [37mGET[39m [37m/wd/hub/session/94f991c7-e35c-436a-b671-8ffd27e6117a[39m
[35m[HTTP][39m [90m{}[39m
[35m[HTTP][39m [37m<-- GET /wd/hub/session/94f991c7-e35c-436a-b671-8ffd27e6117a [39m[32m200[39m [90m25 ms - 1359[39m
[35m[HTTP][39m [90m[39m
[35m[HTTP][39m [37m-->[39m [37mGET[39m [37m/wd/hub/session/94f991c7-e35c-436a-b671-8ffd27e6117a[39m
[35m[HTTP][39m [90m{}[39m
[35m[HTTP][39m [37m<-- GET /wd/hub/session/94f991c7-e35c-436a-b671-8ffd27e6117a [39m[32m200[39m [90m37 ms - 1359[39m
[35m[HTTP][39m [90m[39m
[35m[HTTP][39m [37m-->[39m [37mGET[39m [37m/wd/hub/session/94f991c7-e35c-436a-b671-8ffd27e6117a[39m
[35m[HTTP][39m [90m{}[39m
[35m[HTTP][39m [37m<-- GET /wd/hub/session/94f991c7-e35c-436a-b671-8ffd27e6117a [39m[32m200[39m [90m28 ms - 1359[39m
[35m[HTTP][39m [90m[39m
[35m[HTTP][39m [37m-->[39m [37mGET[39m [37m/wd/hub/session/94f991c7-e35c-436a-b671-8ffd27e6117a/element/26c96cd7-1904-465a-a120-c4ec40776f4c/location[39m
[35m[HTTP][39m [90m{}[39m
[35m[W3C][39m Driver proxy active, passing request on via HTTP proxy
[35m[JSONWP Proxy][39m Replacing sessionId be1b751b-7a94-4e2a-aa07-835e50278047 with 94f991c7-e35c-436a-b671-8ffd27e6117a
[35m[HTTP][39m [37m<-- GET /wd/hub/session/94f991c7-e35c-436a-b671-8ffd27e6117a/element/26c96cd7-1904-465a-a120-c4ec40776f4c/location [39m[32m200[39m [90m65 ms - 89[39m
[35m[HTTP][39m [90m[39m
[35m[HTTP][39m [37m-->[39m [37mPOST[39m [37m/wd/hub/session/94f991c7-e35c-436a-b671-8ffd27e6117a/touch/perform[39m
[35m[HTTP][39m [90m{"actions":[{"action":"tap","options":{"element":"26c96cd7-1904-465a-a120-c4ec40776f4c","x":1,"y":1}}]}[39m
[35m[UiAutomator2][39m calling get location: 26c96cd7-1904-465a-a120-c4ec40776f4c
[35m[HTTP][39m [37m<-- POST /wd/hub/session/94f991c7-e35c-436a-b671-8ffd27e6117a/touch/perform [39m[32m200[39m [90m1898 ms - 76[39m
[35m[HTTP][39m [90m[39m
[35m[HTTP][39m [37m-->[39m [37mDELETE[39m [37m/wd/hub/session/94f991c7-e35c-436a-b671-8ffd27e6117a[39m
[35m[HTTP][39m [90m{}[39m
[35m[Appium][39m Removing session 94f991c7-e35c-436a-b671-8ffd27e6117a from our master session list
[35m[HTTP][39m [37m<-- DELETE /wd/hub/session/94f991c7-e35c-436a-b671-8ffd27e6117a [39m[32m200[39m [90m402 ms - 76[39m
[35m[HTTP][39m [90m[39m
